/home/yannick/.local/lib/python3.10/site-packages/torch/optim/lr_scheduler.py:28: UserWarning: The verbose parameter is deprecated. Please use get_last_lr() to access the learning rate.
  warnings.warn("The verbose parameter is deprecated. Please use get_last_lr() "
1612
10
Epoch 0, Loss: 8.077402114868164, Accuracy: 10.25%
Epoch 10, Loss: 2.5764217376708984, Accuracy: 13.25%
Epoch 20, Loss: 2.132741689682007, Accuracy: 17.25%
Epoch 30, Loss: 1.9974586963653564, Accuracy: 31.00%
Epoch 40, Loss: 1.8084309101104736, Accuracy: 38.00%
Epoch 50, Loss: 1.6040798425674438, Accuracy: 49.25%
Epoch 60, Loss: 1.3773069381713867, Accuracy: 55.50%
Epoch 70, Loss: 1.1438469886779785, Accuracy: 63.25%
Epoch 80, Loss: 0.9252358078956604, Accuracy: 76.50%
Epoch 90, Loss: 0.7253134250640869, Accuracy: 82.50%
Epoch 0, Loss: 0.43904751539230347, Accuracy: 9.50%
Epoch 10, Loss: 0.31326159834861755, Accuracy: 9.25%
Epoch 20, Loss: 0.28546032309532166, Accuracy: 13.50%
Epoch 30, Loss: 0.277727872133255, Accuracy: 11.50%
Epoch 40, Loss: 0.27161848545074463, Accuracy: 11.50%
Epoch 50, Loss: 0.269159734249115, Accuracy: 11.75%
Epoch 60, Loss: 0.2673438787460327, Accuracy: 12.00%
Epoch 70, Loss: 0.2660428285598755, Accuracy: 12.50%
Epoch 80, Loss: 0.26503095030784607, Accuracy: 12.50%
Epoch 90, Loss: 0.26417627930641174, Accuracy: 12.50%
Epoch 0, Loss: 5.409482479095459, Accuracy: 10.50%
Epoch 10, Loss: 4684.2783203125, Accuracy: 10.25%
Epoch 20, Loss: 3999.796875, Accuracy: 10.25%
Epoch 30, Loss: 3988.801513671875, Accuracy: 10.25%
Epoch 40, Loss: 3988.421875, Accuracy: 10.25%
Epoch 50, Loss: 3988.41552734375, Accuracy: 10.25%
Epoch 60, Loss: 3988.41552734375, Accuracy: 10.25%
Epoch 70, Loss: 3988.41552734375, Accuracy: 10.25%
Epoch 80, Loss: 3988.41552734375, Accuracy: 10.25%
Epoch 90, Loss: 3988.41552734375, Accuracy: 10.25%
/home/yannick/.local/lib/python3.10/site-packages/torch/optim/lr_scheduler.py:28: UserWarning: The verbose parameter is deprecated. Please use get_last_lr() to access the learning rate.
  warnings.warn("The verbose parameter is deprecated. Please use get_last_lr() "
1612
10
Epoch 0, Loss: 6.4060821533203125, Accuracy: 9.50%
Epoch 10, Loss: 2.4302780628204346, Accuracy: 13.00%
Epoch 20, Loss: 2.197497606277466, Accuracy: 15.50%
Epoch 30, Loss: 2.081463098526001, Accuracy: 25.50%
Epoch 40, Loss: 1.9578230381011963, Accuracy: 32.50%
Epoch 50, Loss: 1.8098130226135254, Accuracy: 35.25%
Epoch 60, Loss: 1.6278866529464722, Accuracy: 44.75%
Epoch 70, Loss: 1.4168696403503418, Accuracy: 56.00%
Epoch 80, Loss: 1.1798148155212402, Accuracy: 68.00%
Epoch 90, Loss: 0.9518988132476807, Accuracy: 75.25%
Epoch 0, Loss: 0.42437857389450073, Accuracy: 14.00%
Epoch 10, Loss: 0.30405575037002563, Accuracy: 6.75%
Epoch 20, Loss: 0.2823183238506317, Accuracy: 9.25%
Epoch 30, Loss: 0.2737630307674408, Accuracy: 9.75%
Epoch 40, Loss: 0.2690211832523346, Accuracy: 10.00%
Epoch 50, Loss: 0.26656025648117065, Accuracy: 11.25%
Epoch 60, Loss: 0.2650708854198456, Accuracy: 11.00%
Epoch 70, Loss: 0.2639014720916748, Accuracy: 10.25%
Epoch 80, Loss: 0.26320773363113403, Accuracy: 9.00%
Epoch 90, Loss: 0.26305893063545227, Accuracy: 10.00%
Epoch 0, Loss: 11.425450325012207, Accuracy: 10.50%
Epoch 10, Loss: 221.01443481445312, Accuracy: 10.00%
Epoch 20, Loss: 78.8130111694336, Accuracy: 10.00%
Epoch 30, Loss: 75.9146728515625, Accuracy: 10.00%
Epoch 40, Loss: 75.82173919677734, Accuracy: 10.00%
Epoch 50, Loss: 75.81969451904297, Accuracy: 10.00%
Epoch 60, Loss: 75.81969451904297, Accuracy: 10.00%
Epoch 70, Loss: 75.81969451904297, Accuracy: 10.00%
Epoch 80, Loss: 75.81966400146484, Accuracy: 10.00%
Epoch 90, Loss: 75.81964111328125, Accuracy: 10.00%
/home/yannick/.local/lib/python3.10/site-packages/torch/optim/lr_scheduler.py:28: UserWarning: The verbose parameter is deprecated. Please use get_last_lr() to access the learning rate.
  warnings.warn("The verbose parameter is deprecated. Please use get_last_lr() "
1612
10
Epoch 0, Loss: 16.55767822265625, Accuracy: 9.75%
Epoch 10, Loss: 2.356411933898926, Accuracy: 10.50%
Epoch 20, Loss: 2.0820741653442383, Accuracy: 22.25%
Epoch 30, Loss: 1.9028761386871338, Accuracy: 31.50%
Epoch 40, Loss: 1.6955763101577759, Accuracy: 37.25%
Epoch 50, Loss: 1.4717514514923096, Accuracy: 47.75%
Epoch 60, Loss: 1.2486753463745117, Accuracy: 58.25%
Epoch 70, Loss: 1.058377742767334, Accuracy: 66.00%
Epoch 80, Loss: 0.851178765296936, Accuracy: 75.50%
Epoch 90, Loss: 0.7149335741996765, Accuracy: 80.00%
Epoch 0, Loss: 0.4485432505607605, Accuracy: 10.50%
Epoch 10, Loss: 0.31232568621635437, Accuracy: 12.00%
Epoch 20, Loss: 0.28271692991256714, Accuracy: 10.25%
Epoch 30, Loss: 0.27260687947273254, Accuracy: 11.25%
Epoch 40, Loss: 0.26863402128219604, Accuracy: 11.25%
Epoch 50, Loss: 0.26594915986061096, Accuracy: 11.00%
Epoch 60, Loss: 0.26444512605667114, Accuracy: 10.50%
Epoch 70, Loss: 0.2651999592781067, Accuracy: 10.75%
Epoch 80, Loss: 0.2631435692310333, Accuracy: 9.50%
Epoch 90, Loss: 0.2623644769191742, Accuracy: 10.75%
Epoch 0, Loss: 11.29821491241455, Accuracy: 10.00%
Epoch 10, Loss: 399.3232421875, Accuracy: 9.75%
Epoch 20, Loss: 180.00836181640625, Accuracy: 10.00%
Epoch 30, Loss: 177.21624755859375, Accuracy: 10.00%
Epoch 40, Loss: 177.12718200683594, Accuracy: 10.00%
Epoch 50, Loss: 177.12521362304688, Accuracy: 10.00%
Epoch 60, Loss: 177.1251983642578, Accuracy: 10.00%
Epoch 70, Loss: 177.12515258789062, Accuracy: 10.00%
Epoch 80, Loss: 177.12513732910156, Accuracy: 10.00%
Epoch 90, Loss: 177.1250762939453, Accuracy: 10.00%
/home/yannick/.local/lib/python3.10/site-packages/torch/optim/lr_scheduler.py:28: UserWarning: The verbose parameter is deprecated. Please use get_last_lr() to access the learning rate.
  warnings.warn("The verbose parameter is deprecated. Please use get_last_lr() "
1612
10
Epoch 0, Loss: 7.7067975997924805, Accuracy: 6.50%
Epoch 10, Loss: 2.3626112937927246, Accuracy: 13.00%
Epoch 20, Loss: 2.1767117977142334, Accuracy: 22.25%
Epoch 30, Loss: 2.0540413856506348, Accuracy: 30.25%
Epoch 40, Loss: 1.9083935022354126, Accuracy: 39.00%
Epoch 50, Loss: 1.7311854362487793, Accuracy: 48.00%
Epoch 60, Loss: 1.498258352279663, Accuracy: 56.75%
Epoch 70, Loss: 1.2117340564727783, Accuracy: 69.50%
Epoch 80, Loss: 0.9492896199226379, Accuracy: 75.25%
Epoch 90, Loss: 0.6905759572982788, Accuracy: 83.50%
Epoch 0, Loss: 0.4507662057876587, Accuracy: 10.00%
Epoch 10, Loss: 0.3200254440307617, Accuracy: 9.25%
Epoch 20, Loss: 0.29296278953552246, Accuracy: 7.75%
Epoch 30, Loss: 0.2786051630973816, Accuracy: 8.75%
Epoch 40, Loss: 0.2727876901626587, Accuracy: 8.75%
Epoch 50, Loss: 0.26910483837127686, Accuracy: 10.50%
Epoch 60, Loss: 0.2668204605579376, Accuracy: 10.25%
Epoch 70, Loss: 0.26526182889938354, Accuracy: 9.25%
Epoch 80, Loss: 0.26396656036376953, Accuracy: 10.00%
Epoch 90, Loss: 0.26317617297172546, Accuracy: 9.50%
Epoch 0, Loss: 4.833611965179443, Accuracy: 14.50%
Epoch 10, Loss: 1145.5064697265625, Accuracy: 10.25%
Epoch 20, Loss: 3.7912509441375732, Accuracy: 10.00%
Epoch 30, Loss: 3.482069253921509, Accuracy: 10.25%
Epoch 40, Loss: 3.236088514328003, Accuracy: 10.00%
Epoch 50, Loss: 3.0859365463256836, Accuracy: 10.00%
Epoch 60, Loss: 3.0023224353790283, Accuracy: 10.00%
Epoch 70, Loss: 2.948565721511841, Accuracy: 10.00%
Epoch 80, Loss: 2.9052770137786865, Accuracy: 10.25%
Epoch 90, Loss: 2.865565538406372, Accuracy: 10.25%
/home/yannick/.local/lib/python3.10/site-packages/torch/optim/lr_scheduler.py:28: UserWarning: The verbose parameter is deprecated. Please use get_last_lr() to access the learning rate.
  warnings.warn("The verbose parameter is deprecated. Please use get_last_lr() "
1612
10
Epoch 0, Loss: 6.892407417297363, Accuracy: 11.00%
Epoch 10, Loss: 2.264050006866455, Accuracy: 17.50%
Epoch 20, Loss: 2.131810426712036, Accuracy: 25.00%
Epoch 30, Loss: 2.0108063220977783, Accuracy: 29.75%
Epoch 40, Loss: 1.8533515930175781, Accuracy: 36.75%
Epoch 50, Loss: 1.64070725440979, Accuracy: 45.50%
Epoch 60, Loss: 1.3827606439590454, Accuracy: 58.25%
Epoch 70, Loss: 1.0927937030792236, Accuracy: 67.50%
Epoch 80, Loss: 0.8661095499992371, Accuracy: 75.50%
Epoch 90, Loss: 0.6432168483734131, Accuracy: 85.00%
Epoch 0, Loss: 0.4352310597896576, Accuracy: 10.25%
Epoch 10, Loss: 0.3056877553462982, Accuracy: 9.75%
Epoch 20, Loss: 0.28073960542678833, Accuracy: 8.75%
Epoch 30, Loss: 0.2719666361808777, Accuracy: 12.50%
Epoch 40, Loss: 0.26858222484588623, Accuracy: 11.25%
Epoch 50, Loss: 0.2663685977458954, Accuracy: 11.25%
Epoch 60, Loss: 0.2649689316749573, Accuracy: 11.25%
Epoch 70, Loss: 0.2636145055294037, Accuracy: 13.00%
Epoch 80, Loss: 0.2626132667064667, Accuracy: 12.25%
Epoch 90, Loss: 0.26226088404655457, Accuracy: 12.25%
Epoch 0, Loss: 11.305497169494629, Accuracy: 9.75%
Epoch 10, Loss: 328.0909118652344, Accuracy: 10.25%
Epoch 20, Loss: 73.31816864013672, Accuracy: 10.25%
Epoch 30, Loss: 71.34504699707031, Accuracy: 10.25%
Epoch 40, Loss: 71.28765106201172, Accuracy: 10.25%
Epoch 50, Loss: 71.28643798828125, Accuracy: 10.25%
Epoch 60, Loss: 71.28640747070312, Accuracy: 10.25%
Epoch 70, Loss: 71.28640747070312, Accuracy: 10.25%
Epoch 80, Loss: 71.28640747070312, Accuracy: 10.25%
Epoch 90, Loss: 71.28641510009766, Accuracy: 10.25%
/home/yannick/.local/lib/python3.10/site-packages/torch/optim/lr_scheduler.py:28: UserWarning: The verbose parameter is deprecated. Please use get_last_lr() to access the learning rate.
  warnings.warn("The verbose parameter is deprecated. Please use get_last_lr() "
1612
10
Epoch 0, Loss: 12.407151222229004, Accuracy: 9.50%
Epoch 10, Loss: 2.484537124633789, Accuracy: 11.50%
Epoch 20, Loss: 2.242126703262329, Accuracy: 19.50%
Epoch 30, Loss: 2.098339319229126, Accuracy: 24.75%
Epoch 40, Loss: 1.9010725021362305, Accuracy: 32.25%
Epoch 50, Loss: 1.6312081813812256, Accuracy: 38.25%
Epoch 60, Loss: 1.3629364967346191, Accuracy: 51.50%
Epoch 70, Loss: 1.1366573572158813, Accuracy: 57.75%
Epoch 80, Loss: 0.9185845851898193, Accuracy: 71.25%
Epoch 90, Loss: 0.7173246145248413, Accuracy: 80.50%
Epoch 0, Loss: 0.4352600574493408, Accuracy: 9.25%
Epoch 10, Loss: 0.3133067488670349, Accuracy: 12.75%
Epoch 20, Loss: 0.28620538115501404, Accuracy: 12.50%
Epoch 30, Loss: 0.2757391631603241, Accuracy: 11.25%
Epoch 40, Loss: 0.27151358127593994, Accuracy: 9.75%
Epoch 50, Loss: 0.2686602771282196, Accuracy: 12.25%
Epoch 60, Loss: 0.26677918434143066, Accuracy: 12.00%
Epoch 70, Loss: 0.26551294326782227, Accuracy: 11.75%
Epoch 80, Loss: 0.26460132002830505, Accuracy: 12.25%
Epoch 90, Loss: 0.263793408870697, Accuracy: 13.00%
Epoch 0, Loss: 9.164397239685059, Accuracy: 9.75%
Epoch 10, Loss: 141.48544311523438, Accuracy: 10.25%
Epoch 20, Loss: 69.62922668457031, Accuracy: 10.25%
Epoch 30, Loss: 67.4072265625, Accuracy: 10.25%
Epoch 40, Loss: 67.33245086669922, Accuracy: 10.25%
Epoch 50, Loss: 67.33067321777344, Accuracy: 10.25%
Epoch 60, Loss: 67.33067321777344, Accuracy: 10.25%
Epoch 70, Loss: 67.33062744140625, Accuracy: 10.25%
Epoch 80, Loss: 67.33059692382812, Accuracy: 10.25%
Epoch 90, Loss: 67.33058166503906, Accuracy: 10.25%
/home/yannick/.local/lib/python3.10/site-packages/torch/optim/lr_scheduler.py:28: UserWarning: The verbose parameter is deprecated. Please use get_last_lr() to access the learning rate.
  warnings.warn("The verbose parameter is deprecated. Please use get_last_lr() "
1612
10
Epoch 0, Loss: 4.613623142242432, Accuracy: 10.50%
Epoch 10, Loss: 2.3955180644989014, Accuracy: 12.25%
Epoch 20, Loss: 2.1993327140808105, Accuracy: 22.75%
Epoch 30, Loss: 2.079979419708252, Accuracy: 29.00%
Epoch 40, Loss: 1.9689162969589233, Accuracy: 34.50%
Epoch 50, Loss: 1.8202804327011108, Accuracy: 44.25%
Epoch 60, Loss: 1.6234973669052124, Accuracy: 50.25%
Epoch 70, Loss: 1.380454659461975, Accuracy: 55.50%
Epoch 80, Loss: 1.1639882326126099, Accuracy: 59.00%
Epoch 90, Loss: 0.9364256262779236, Accuracy: 68.75%
Epoch 0, Loss: 0.43252256512641907, Accuracy: 10.00%
Epoch 10, Loss: 0.30175209045410156, Accuracy: 7.50%
Epoch 20, Loss: 0.282352089881897, Accuracy: 7.50%
Epoch 30, Loss: 0.275657057762146, Accuracy: 8.50%
Epoch 40, Loss: 0.2718189060688019, Accuracy: 8.75%
Epoch 50, Loss: 0.26918959617614746, Accuracy: 7.25%
Epoch 60, Loss: 0.2676343619823456, Accuracy: 7.50%
Epoch 70, Loss: 0.26654481887817383, Accuracy: 7.50%
Epoch 80, Loss: 0.2656039893627167, Accuracy: 8.00%
Epoch 90, Loss: 0.26487305760383606, Accuracy: 7.50%
Epoch 0, Loss: 5.417181968688965, Accuracy: 7.25%
Epoch 10, Loss: 8813.6728515625, Accuracy: 15.00%
Epoch 20, Loss: 4817.10986328125, Accuracy: 15.00%
Epoch 30, Loss: 4741.462890625, Accuracy: 15.00%
Epoch 40, Loss: 4738.8828125, Accuracy: 15.00%
Epoch 50, Loss: 4738.8271484375, Accuracy: 15.00%
Epoch 60, Loss: 4738.8271484375, Accuracy: 15.00%
Epoch 70, Loss: 4738.8271484375, Accuracy: 15.00%
Epoch 80, Loss: 4738.8271484375, Accuracy: 15.00%
Traceback (most recent call last):
  File "/home/yannick/Documents/Acoustic_Linguistic_GNN/gnn_model.py", line 313, in <module>
    model3 = train_with_topological_and_cross_loss(model3, dgl_G, features, edge_weights,adj_matrix, labels, int(args.epochs), float(args.lamb))
  File "/home/yannick/Documents/Acoustic_Linguistic_GNN/gnn_model.py", line 189, in train_with_topological_and_cross_loss
    loss.backward()
  File "/home/yannick/.local/lib/python3.10/site-packages/torch/_tensor.py", line 522, in backward
    torch.autograd.backward(
  File "/home/yannick/.local/lib/python3.10/site-packages/torch/autograd/__init__.py", line 266, in backward
    Variable._execution_engine.run_backward(  # Calls into the C++ engine to run the backward pass
  File "/home/yannick/.local/lib/python3.10/site-packages/torch/autograd/function.py", line 277, in apply
    def apply(self, *args):
KeyboardInterrupt
/home/yannick/.local/lib/python3.10/site-packages/torch/optim/lr_scheduler.py:28: UserWarning: The verbose parameter is deprecated. Please use get_last_lr() to access the learning rate.
  warnings.warn("The verbose parameter is deprecated. Please use get_last_lr() "
1612
10
Epoch 0, Loss: 6.026977062225342, Accuracy: 8.00%
Epoch 10, Loss: 2.3344273567199707, Accuracy: 14.75%
Epoch 20, Loss: 2.134765863418579, Accuracy: 20.75%
Epoch 30, Loss: 1.9751249551773071, Accuracy: 34.75%
Epoch 40, Loss: 1.8041154146194458, Accuracy: 41.00%
Epoch 50, Loss: 1.6106568574905396, Accuracy: 49.50%
Epoch 60, Loss: 1.4060945510864258, Accuracy: 55.75%
Epoch 70, Loss: 1.1946349143981934, Accuracy: 62.25%
Epoch 80, Loss: 0.9802930951118469, Accuracy: 69.25%
Epoch 90, Loss: 0.7731812000274658, Accuracy: 77.00%
Epoch 0, Loss: 0.4199106991291046, Accuracy: 8.50%
Epoch 10, Loss: 0.2950243055820465, Accuracy: 8.50%
Epoch 20, Loss: 0.2775813341140747, Accuracy: 9.00%
Epoch 30, Loss: 0.27050748467445374, Accuracy: 7.75%
Epoch 40, Loss: 0.26707032322883606, Accuracy: 7.50%
Epoch 50, Loss: 0.2658812999725342, Accuracy: 6.75%
Epoch 60, Loss: 0.26459088921546936, Accuracy: 8.00%
Epoch 70, Loss: 0.2634662091732025, Accuracy: 8.00%
Epoch 80, Loss: 0.2628304660320282, Accuracy: 7.75%
Epoch 90, Loss: 0.2623065412044525, Accuracy: 8.25%
Epoch 0, Loss: 8.834095001220703, Accuracy: 7.75%
Epoch 10, Loss: 308.3844299316406, Accuracy: 10.50%
Epoch 20, Loss: 239.4559783935547, Accuracy: 10.00%
Epoch 30, Loss: 237.82481384277344, Accuracy: 10.00%
Epoch 40, Loss: 237.7627410888672, Accuracy: 10.00%
Epoch 50, Loss: 237.76132202148438, Accuracy: 10.00%
Epoch 60, Loss: 237.76132202148438, Accuracy: 10.00%
Epoch 70, Loss: 237.7612762451172, Accuracy: 10.00%
Epoch 80, Loss: 237.7612762451172, Accuracy: 10.00%
Epoch 90, Loss: 237.7612762451172, Accuracy: 10.00%
/home/yannick/.local/lib/python3.10/site-packages/torch/optim/lr_scheduler.py:28: UserWarning: The verbose parameter is deprecated. Please use get_last_lr() to access the learning rate.
  warnings.warn("The verbose parameter is deprecated. Please use get_last_lr() "
1612
10
Epoch 0, Loss: 9.830304145812988, Accuracy: 10.25%
Epoch 10, Loss: 2.3138997554779053, Accuracy: 17.25%
Epoch 20, Loss: 2.121188163757324, Accuracy: 23.25%
Epoch 30, Loss: 1.9770913124084473, Accuracy: 31.00%
Epoch 40, Loss: 1.8291417360305786, Accuracy: 40.00%
Epoch 50, Loss: 1.660009741783142, Accuracy: 46.00%
Epoch 60, Loss: 1.4588541984558105, Accuracy: 52.25%
Epoch 70, Loss: 1.2759209871292114, Accuracy: 56.25%
Epoch 80, Loss: 1.0812684297561646, Accuracy: 65.00%
Epoch 90, Loss: 0.9000669121742249, Accuracy: 70.50%
Epoch 0, Loss: 0.4371369183063507, Accuracy: 11.00%
Epoch 10, Loss: 0.30422261357307434, Accuracy: 11.50%
Epoch 20, Loss: 0.28122401237487793, Accuracy: 9.50%
Epoch 30, Loss: 0.2730666995048523, Accuracy: 12.00%
Epoch 40, Loss: 0.26911798119544983, Accuracy: 9.75%
Epoch 50, Loss: 0.2668966054916382, Accuracy: 10.00%
Epoch 60, Loss: 0.2652174234390259, Accuracy: 10.75%
Epoch 70, Loss: 0.2641531229019165, Accuracy: 10.75%
Epoch 80, Loss: 0.26355502009391785, Accuracy: 10.75%
Epoch 90, Loss: 0.26312384009361267, Accuracy: 11.00%
Epoch 0, Loss: 5.930908679962158, Accuracy: 10.25%
Epoch 10, Loss: 193.5116424560547, Accuracy: 9.50%
Epoch 20, Loss: 136.00201416015625, Accuracy: 10.25%
Epoch 30, Loss: 134.42776489257812, Accuracy: 10.25%
Epoch 40, Loss: 134.37649536132812, Accuracy: 10.25%
Epoch 50, Loss: 134.37530517578125, Accuracy: 10.25%
Epoch 60, Loss: 134.3752899169922, Accuracy: 10.25%
Epoch 70, Loss: 134.3752899169922, Accuracy: 10.25%
Epoch 80, Loss: 134.3752899169922, Accuracy: 10.25%
Epoch 90, Loss: 134.3752899169922, Accuracy: 10.25%
/home/yannick/.local/lib/python3.10/site-packages/torch/optim/lr_scheduler.py:28: UserWarning: The verbose parameter is deprecated. Please use get_last_lr() to access the learning rate.
  warnings.warn("The verbose parameter is deprecated. Please use get_last_lr() "
1612
10
Epoch 0, Loss: 10.566219329833984, Accuracy: 8.00%
Epoch 10, Loss: 2.444672107696533, Accuracy: 11.50%
Epoch 20, Loss: 2.187274694442749, Accuracy: 23.00%
Epoch 30, Loss: 2.1090402603149414, Accuracy: 27.00%
Epoch 40, Loss: 1.993132472038269, Accuracy: 26.75%
Epoch 50, Loss: 1.8496716022491455, Accuracy: 36.00%
Epoch 60, Loss: 1.6514027118682861, Accuracy: 44.25%
Epoch 70, Loss: 1.384016513824463, Accuracy: 57.25%
Epoch 80, Loss: 1.120253324508667, Accuracy: 67.00%
Epoch 90, Loss: 0.7060895562171936, Accuracy: 85.00%
Epoch 0, Loss: 0.43358761072158813, Accuracy: 10.50%
Epoch 10, Loss: 0.3077796995639801, Accuracy: 10.75%
Epoch 20, Loss: 0.2853156626224518, Accuracy: 11.75%
Epoch 30, Loss: 0.2766464650630951, Accuracy: 9.75%
Epoch 40, Loss: 0.2718941271305084, Accuracy: 9.00%
Epoch 50, Loss: 0.26922333240509033, Accuracy: 9.50%
Epoch 60, Loss: 0.26738613843917847, Accuracy: 10.00%
Epoch 70, Loss: 0.26593294739723206, Accuracy: 9.25%
Epoch 80, Loss: 0.2652422785758972, Accuracy: 9.75%
Epoch 90, Loss: 0.26410767436027527, Accuracy: 9.25%
Epoch 0, Loss: 6.0560302734375, Accuracy: 10.25%
Epoch 10, Loss: 46.834110260009766, Accuracy: 4.00%
Epoch 20, Loss: 17.347476959228516, Accuracy: 10.00%
Epoch 30, Loss: 15.315045356750488, Accuracy: 10.25%
Epoch 40, Loss: 15.303741455078125, Accuracy: 10.25%
Epoch 50, Loss: 15.303533554077148, Accuracy: 10.25%
Epoch 60, Loss: 15.3035306930542, Accuracy: 10.25%
Epoch 70, Loss: 15.30352783203125, Accuracy: 10.25%
Epoch 80, Loss: 15.303529739379883, Accuracy: 10.25%
Epoch 90, Loss: 15.303526878356934, Accuracy: 10.25%
/home/yannick/.local/lib/python3.10/site-packages/torch/optim/lr_scheduler.py:28: UserWarning: The verbose parameter is deprecated. Please use get_last_lr() to access the learning rate.
  warnings.warn("The verbose parameter is deprecated. Please use get_last_lr() "
1612
10
Epoch 0, Loss: 4.166589736938477, Accuracy: 7.00%
Epoch 10, Loss: 2.2332396507263184, Accuracy: 15.50%
Epoch 20, Loss: 2.126068353652954, Accuracy: 23.50%
Epoch 30, Loss: 2.0135090351104736, Accuracy: 31.00%
Epoch 40, Loss: 1.8671479225158691, Accuracy: 37.00%
Epoch 50, Loss: 1.721747875213623, Accuracy: 38.75%
Epoch 60, Loss: 1.426916480064392, Accuracy: 48.50%
Epoch 70, Loss: 1.1356480121612549, Accuracy: 67.00%
Epoch 80, Loss: 0.8826989531517029, Accuracy: 75.00%
Epoch 90, Loss: 0.6393163204193115, Accuracy: 84.50%
Epoch 0, Loss: 0.4385865330696106, Accuracy: 12.00%
Epoch 10, Loss: 0.31024909019470215, Accuracy: 8.25%
Epoch 20, Loss: 0.2811385691165924, Accuracy: 13.75%
Epoch 30, Loss: 0.27363890409469604, Accuracy: 14.00%
Epoch 40, Loss: 0.2701096534729004, Accuracy: 12.25%
Epoch 50, Loss: 0.2677004933357239, Accuracy: 12.00%
Epoch 60, Loss: 0.2659236192703247, Accuracy: 12.25%
Epoch 70, Loss: 0.26520341634750366, Accuracy: 13.75%
Epoch 80, Loss: 0.26403942704200745, Accuracy: 13.75%
Epoch 90, Loss: 0.2631406784057617, Accuracy: 11.75%
Epoch 0, Loss: 6.551416873931885, Accuracy: 8.50%
Epoch 10, Loss: 456.0374450683594, Accuracy: 10.25%
Epoch 20, Loss: 81.46994018554688, Accuracy: 9.50%
Epoch 30, Loss: 79.706298828125, Accuracy: 9.50%
Epoch 40, Loss: 79.63835144042969, Accuracy: 9.50%
Epoch 50, Loss: 79.63661193847656, Accuracy: 9.50%
Epoch 60, Loss: 79.63662719726562, Accuracy: 9.50%
Epoch 70, Loss: 79.6365966796875, Accuracy: 9.50%
Epoch 80, Loss: 79.6365966796875, Accuracy: 9.50%
Epoch 90, Loss: 79.6365737915039, Accuracy: 9.50%
/home/yannick/.local/lib/python3.10/site-packages/torch/optim/lr_scheduler.py:28: UserWarning: The verbose parameter is deprecated. Please use get_last_lr() to access the learning rate.
  warnings.warn("The verbose parameter is deprecated. Please use get_last_lr() "
1612
10
Epoch 0, Loss: 8.484482765197754, Accuracy: 13.50%
Epoch 10, Loss: 2.269684076309204, Accuracy: 14.75%
Epoch 20, Loss: 2.231032609939575, Accuracy: 19.00%
Epoch 30, Loss: 2.159792423248291, Accuracy: 20.75%
Epoch 40, Loss: 2.0848329067230225, Accuracy: 25.75%
Epoch 50, Loss: 1.9999831914901733, Accuracy: 33.00%
Epoch 60, Loss: 1.9071050882339478, Accuracy: 34.50%
Epoch 70, Loss: 1.8213319778442383, Accuracy: 36.00%
Epoch 80, Loss: 1.7187038660049438, Accuracy: 41.00%
Epoch 90, Loss: 1.6034409999847412, Accuracy: 46.50%
Epoch 0, Loss: 0.4382536709308624, Accuracy: 10.00%
Epoch 10, Loss: 0.31163787841796875, Accuracy: 15.00%
Epoch 20, Loss: 0.285983681678772, Accuracy: 10.25%
Epoch 30, Loss: 0.2766820788383484, Accuracy: 12.25%
Epoch 40, Loss: 0.27129891514778137, Accuracy: 12.00%
Epoch 50, Loss: 0.26813623309135437, Accuracy: 13.75%
Epoch 60, Loss: 0.26609477400779724, Accuracy: 14.25%
Epoch 70, Loss: 0.2646614611148834, Accuracy: 14.50%
Epoch 80, Loss: 0.2636142075061798, Accuracy: 15.00%
Epoch 90, Loss: 0.2627539038658142, Accuracy: 15.00%
Epoch 0, Loss: 9.906576156616211, Accuracy: 11.00%
Epoch 10, Loss: 111.68571472167969, Accuracy: 10.00%
Epoch 20, Loss: 30.141578674316406, Accuracy: 10.00%
Epoch 30, Loss: 25.697195053100586, Accuracy: 10.00%
Epoch 40, Loss: 25.511873245239258, Accuracy: 10.00%
Epoch 50, Loss: 25.507402420043945, Accuracy: 10.00%
Epoch 60, Loss: 25.507389068603516, Accuracy: 10.00%
Epoch 70, Loss: 25.507362365722656, Accuracy: 10.00%
Epoch 80, Loss: 25.507349014282227, Accuracy: 10.00%
Epoch 90, Loss: 25.507333755493164, Accuracy: 10.00%
/home/yannick/.local/lib/python3.10/site-packages/torch/optim/lr_scheduler.py:28: UserWarning: The verbose parameter is deprecated. Please use get_last_lr() to access the learning rate.
  warnings.warn("The verbose parameter is deprecated. Please use get_last_lr() "
1612
10
Epoch 0, Loss: 6.3217926025390625, Accuracy: 10.25%
Epoch 10, Loss: 2.2909767627716064, Accuracy: 19.25%
Epoch 20, Loss: 2.1135008335113525, Accuracy: 22.50%
Epoch 30, Loss: 1.9319288730621338, Accuracy: 34.25%
Epoch 40, Loss: 1.7016099691390991, Accuracy: 44.75%
Epoch 50, Loss: 1.439347267150879, Accuracy: 51.50%
Epoch 60, Loss: 1.1548480987548828, Accuracy: 60.75%
Epoch 70, Loss: 0.9285009503364563, Accuracy: 72.75%
Epoch 80, Loss: 0.7061405181884766, Accuracy: 79.50%
Epoch 90, Loss: 0.5085636377334595, Accuracy: 88.00%
Epoch 0, Loss: 0.43807631731033325, Accuracy: 10.50%
Epoch 10, Loss: 0.3127788007259369, Accuracy: 10.25%
Epoch 20, Loss: 0.28878524899482727, Accuracy: 11.75%
Epoch 30, Loss: 0.2793523073196411, Accuracy: 8.50%
Epoch 40, Loss: 0.2739175260066986, Accuracy: 9.25%
Epoch 50, Loss: 0.2707725465297699, Accuracy: 9.50%
Epoch 60, Loss: 0.2683025002479553, Accuracy: 9.75%
Epoch 70, Loss: 0.26678958535194397, Accuracy: 10.25%
Epoch 80, Loss: 0.2656489908695221, Accuracy: 11.00%
Epoch 90, Loss: 0.2646656632423401, Accuracy: 10.75%
Epoch 0, Loss: 7.236750602722168, Accuracy: 10.25%
Epoch 10, Loss: 3846.237548828125, Accuracy: 10.00%
Epoch 20, Loss: 4.3743085861206055, Accuracy: 10.25%
Epoch 30, Loss: 4.3391218185424805, Accuracy: 10.25%
Epoch 40, Loss: 4.300983428955078, Accuracy: 10.25%
Epoch 50, Loss: 4.262533664703369, Accuracy: 10.25%
Epoch 60, Loss: 4.224697589874268, Accuracy: 10.25%
Epoch 70, Loss: 4.187844276428223, Accuracy: 10.25%
Epoch 80, Loss: 4.152137756347656, Accuracy: 10.25%
Epoch 90, Loss: 4.1176581382751465, Accuracy: 10.25%
/home/yannick/.local/lib/python3.10/site-packages/torch/optim/lr_scheduler.py:28: UserWarning: The verbose parameter is deprecated. Please use get_last_lr() to access the learning rate.
  warnings.warn("The verbose parameter is deprecated. Please use get_last_lr() "
1612
10
Epoch 0, Loss: 6.030043125152588, Accuracy: 10.00%
Epoch 10, Loss: 2.240694522857666, Accuracy: 14.75%
Epoch 20, Loss: 2.1446306705474854, Accuracy: 22.50%
Epoch 30, Loss: 2.0365517139434814, Accuracy: 27.75%
Epoch 40, Loss: 1.9196934700012207, Accuracy: 31.25%
Epoch 50, Loss: 1.7571014165878296, Accuracy: 38.75%
Epoch 60, Loss: 1.5247029066085815, Accuracy: 50.50%
Epoch 70, Loss: 1.3187183141708374, Accuracy: 57.75%
Epoch 80, Loss: 1.0062365531921387, Accuracy: 70.25%
Epoch 90, Loss: 0.7229673266410828, Accuracy: 79.75%
Epoch 0, Loss: 0.41686221957206726, Accuracy: 10.75%
Epoch 10, Loss: 0.304320752620697, Accuracy: 12.25%
Epoch 20, Loss: 0.28151020407676697, Accuracy: 9.75%
Epoch 30, Loss: 0.273630827665329, Accuracy: 9.50%
Epoch 40, Loss: 0.2692447304725647, Accuracy: 10.25%
Epoch 50, Loss: 0.2664368152618408, Accuracy: 10.50%
Epoch 60, Loss: 0.26485130190849304, Accuracy: 11.75%
Epoch 70, Loss: 0.26332783699035645, Accuracy: 13.25%
Epoch 80, Loss: 0.26230859756469727, Accuracy: 10.00%
Epoch 90, Loss: 0.26178666949272156, Accuracy: 9.25%
Epoch 0, Loss: 5.6336140632629395, Accuracy: 10.25%
Epoch 10, Loss: 476.5268249511719, Accuracy: 9.50%
Epoch 20, Loss: 298.7479248046875, Accuracy: 9.75%
Epoch 30, Loss: 294.6787109375, Accuracy: 9.75%
Epoch 40, Loss: 294.5416564941406, Accuracy: 9.75%
Epoch 50, Loss: 294.5384216308594, Accuracy: 9.75%
Epoch 60, Loss: 294.53839111328125, Accuracy: 9.75%
Epoch 70, Loss: 294.53839111328125, Accuracy: 9.75%
Epoch 80, Loss: 294.53839111328125, Accuracy: 9.75%
Epoch 90, Loss: 294.5383605957031, Accuracy: 9.75%
/home/yannick/.local/lib/python3.10/site-packages/torch/optim/lr_scheduler.py:28: UserWarning: The verbose parameter is deprecated. Please use get_last_lr() to access the learning rate.
  warnings.warn("The verbose parameter is deprecated. Please use get_last_lr() "
1612
10
Epoch 0, Loss: 9.1984224319458, Accuracy: 9.50%
Epoch 10, Loss: 2.267789363861084, Accuracy: 12.75%
Epoch 20, Loss: 2.1906261444091797, Accuracy: 21.75%
Epoch 30, Loss: 2.106976270675659, Accuracy: 26.00%
Epoch 40, Loss: 2.0042009353637695, Accuracy: 33.00%
Epoch 50, Loss: 1.8649613857269287, Accuracy: 37.75%
Epoch 60, Loss: 1.6717009544372559, Accuracy: 43.25%
Epoch 70, Loss: 1.407392978668213, Accuracy: 56.00%
Epoch 80, Loss: 1.142943024635315, Accuracy: 65.25%
Epoch 90, Loss: 0.8957011699676514, Accuracy: 75.00%
Epoch 0, Loss: 0.43534979224205017, Accuracy: 9.50%
Traceback (most recent call last):
  File "/home/yannick/Documents/Acoustic_Linguistic_GNN/gnn_model.py", line 309, in <module>
    model2 = train_with_topological_loss(model2, dgl_G, features, edge_weights,adj_matrix, labels, int(args.epochs))
  File "/home/yannick/Documents/Acoustic_Linguistic_GNN/gnn_model.py", line 156, in train_with_topological_loss
    loss = topological_loss(embeddings, adj_matrix)
  File "/home/yannick/Documents/Acoustic_Linguistic_GNN/gnn_model.py", line 134, in topological_loss
    cosine_sim = F.cosine_similarity(embeddings.unsqueeze(1), embeddings.unsqueeze(0), dim=2)
KeyboardInterrupt
/home/yannick/.local/lib/python3.10/site-packages/torch/optim/lr_scheduler.py:28: UserWarning: The verbose parameter is deprecated. Please use get_last_lr() to access the learning rate.
  warnings.warn("The verbose parameter is deprecated. Please use get_last_lr() "
1612
10
Epoch 0, Loss: 3.778289794921875, Accuracy: 12.00%
Epoch 10, Loss: 2.223947286605835, Accuracy: 18.50%
Epoch 20, Loss: 2.0974013805389404, Accuracy: 23.50%
Epoch 30, Loss: 1.943475365638733, Accuracy: 28.75%
Epoch 40, Loss: 1.7407350540161133, Accuracy: 40.00%
Epoch 50, Loss: 1.4840636253356934, Accuracy: 50.50%
Epoch 60, Loss: 1.206054925918579, Accuracy: 61.75%
Epoch 70, Loss: 0.9562681317329407, Accuracy: 69.75%
Epoch 80, Loss: 0.70184725522995, Accuracy: 79.25%
Epoch 90, Loss: 0.4975091814994812, Accuracy: 88.00%
Epoch 0, Loss: 0.4400704503059387, Accuracy: 10.25%
Epoch 10, Loss: 0.3165475130081177, Accuracy: 11.00%
Epoch 20, Loss: 0.28716543316841125, Accuracy: 9.50%
Epoch 30, Loss: 0.2781451642513275, Accuracy: 11.75%
Epoch 40, Loss: 0.27232569456100464, Accuracy: 10.25%
Epoch 50, Loss: 0.2687705159187317, Accuracy: 11.50%
Epoch 60, Loss: 0.26674625277519226, Accuracy: 10.25%
Epoch 70, Loss: 0.26550528407096863, Accuracy: 11.00%
Epoch 80, Loss: 0.2644007205963135, Accuracy: 12.25%
Epoch 90, Loss: 0.2636300027370453, Accuracy: 12.50%
Epoch 0, Loss: 7.582640647888184, Accuracy: 8.25%
Epoch 10, Loss: 143.45570373535156, Accuracy: 10.50%
Epoch 20, Loss: 50.98324203491211, Accuracy: 10.00%
Epoch 30, Loss: 49.02975845336914, Accuracy: 10.00%
Epoch 40, Loss: 48.9667854309082, Accuracy: 10.00%
Epoch 50, Loss: 48.965370178222656, Accuracy: 10.00%
Epoch 60, Loss: 48.96535110473633, Accuracy: 10.00%
Traceback (most recent call last):
  File "/home/yannick/Documents/Acoustic_Linguistic_GNN/gnn_model.py", line 313, in <module>
    model3 = train_with_topological_and_cross_loss(model3, dgl_G, features, edge_weights,adj_matrix, labels, int(args.epochs), float(args.lamb))
  File "/home/yannick/Documents/Acoustic_Linguistic_GNN/gnn_model.py", line 189, in train_with_topological_and_cross_loss
    loss.backward()
  File "/home/yannick/.local/lib/python3.10/site-packages/torch/_tensor.py", line 522, in backward
    torch.autograd.backward(
  File "/home/yannick/.local/lib/python3.10/site-packages/torch/autograd/__init__.py", line 266, in backward
    Variable._execution_engine.run_backward(  # Calls into the C++ engine to run the backward pass
  File "/home/yannick/.local/lib/python3.10/site-packages/torch/autograd/function.py", line 277, in apply
    def apply(self, *args):
KeyboardInterrupt
/home/yannick/.local/lib/python3.10/site-packages/torch/optim/lr_scheduler.py:28: UserWarning: The verbose parameter is deprecated. Please use get_last_lr() to access the learning rate.
  warnings.warn("The verbose parameter is deprecated. Please use get_last_lr() "
1612
10
Epoch 0, Loss: 5.088143825531006, Accuracy: 8.50%
Epoch 10, Loss: 2.433398962020874, Accuracy: 15.25%
Epoch 20, Loss: 2.125767707824707, Accuracy: 22.25%
Epoch 30, Loss: 1.9206658601760864, Accuracy: 33.00%
Epoch 40, Loss: 1.6793004274368286, Accuracy: 46.75%
Epoch 50, Loss: 1.4341723918914795, Accuracy: 56.00%
Epoch 60, Loss: 1.163386583328247, Accuracy: 66.50%
Epoch 70, Loss: 0.8958094716072083, Accuracy: 76.00%
Epoch 80, Loss: 0.7026258707046509, Accuracy: 81.50%
Epoch 90, Loss: 0.48335766792297363, Accuracy: 91.00%
Epoch 0, Loss: 0.4423832595348358, Accuracy: 9.50%
Epoch 10, Loss: 0.3145880401134491, Accuracy: 11.00%
Epoch 20, Loss: 0.2902775704860687, Accuracy: 7.25%
Epoch 30, Loss: 0.2798300087451935, Accuracy: 7.75%
Epoch 40, Loss: 0.2735578715801239, Accuracy: 5.50%
Epoch 50, Loss: 0.27015140652656555, Accuracy: 6.00%
Epoch 60, Loss: 0.26774823665618896, Accuracy: 6.00%
Epoch 70, Loss: 0.265838086605072, Accuracy: 5.00%
Epoch 80, Loss: 0.26461103558540344, Accuracy: 5.25%
Epoch 90, Loss: 0.263736754655838, Accuracy: 4.75%
Epoch 0, Loss: 14.918112754821777, Accuracy: 9.75%
Epoch 10, Loss: 54.34174346923828, Accuracy: 9.50%
Epoch 20, Loss: 39.139862060546875, Accuracy: 9.50%
Epoch 30, Loss: 38.76444625854492, Accuracy: 9.50%
Epoch 40, Loss: 38.750083923339844, Accuracy: 9.50%
Epoch 50, Loss: 38.749732971191406, Accuracy: 9.50%
Epoch 60, Loss: 38.74971008300781, Accuracy: 9.50%
Epoch 70, Loss: 38.74971008300781, Accuracy: 9.50%
Epoch 80, Loss: 38.74971008300781, Accuracy: 9.50%
Epoch 90, Loss: 38.74971008300781, Accuracy: 9.50%
/home/yannick/.local/lib/python3.10/site-packages/torch/optim/lr_scheduler.py:28: UserWarning: The verbose parameter is deprecated. Please use get_last_lr() to access the learning rate.
  warnings.warn("The verbose parameter is deprecated. Please use get_last_lr() "
1612
10
Epoch 0, Loss: 5.194983959197998, Accuracy: 11.50%
Epoch 10, Loss: 2.2016501426696777, Accuracy: 20.50%
Epoch 20, Loss: 2.028381586074829, Accuracy: 27.25%
Epoch 30, Loss: 1.8476250171661377, Accuracy: 37.75%
Epoch 40, Loss: 1.6136780977249146, Accuracy: 50.75%
Epoch 50, Loss: 1.3720386028289795, Accuracy: 57.00%
Epoch 60, Loss: 1.1065640449523926, Accuracy: 64.50%
Epoch 70, Loss: 0.8687223792076111, Accuracy: 72.75%
Epoch 80, Loss: 0.6278969049453735, Accuracy: 85.00%
Epoch 90, Loss: 0.4348585903644562, Accuracy: 91.25%
Epoch 0, Loss: 0.45184579491615295, Accuracy: 9.50%
Epoch 10, Loss: 0.32550615072250366, Accuracy: 9.25%
Epoch 20, Loss: 0.29395726323127747, Accuracy: 9.50%
Epoch 30, Loss: 0.2785305678844452, Accuracy: 10.25%
Epoch 40, Loss: 0.2726348638534546, Accuracy: 11.50%
Epoch 50, Loss: 0.2699633836746216, Accuracy: 13.25%
Epoch 60, Loss: 0.2677607834339142, Accuracy: 12.50%
Epoch 70, Loss: 0.26618492603302, Accuracy: 14.75%
Epoch 80, Loss: 0.26497524976730347, Accuracy: 15.25%
Epoch 90, Loss: 0.26405125856399536, Accuracy: 16.00%
Epoch 0, Loss: 5.724555492401123, Accuracy: 10.25%
Epoch 10, Loss: 172.36915588378906, Accuracy: 10.00%
Epoch 20, Loss: 120.36743927001953, Accuracy: 10.00%
Epoch 30, Loss: 116.74369049072266, Accuracy: 10.00%
Epoch 40, Loss: 116.6185531616211, Accuracy: 10.00%
Epoch 50, Loss: 116.61565399169922, Accuracy: 10.00%
Epoch 60, Loss: 116.61565399169922, Accuracy: 10.00%
Epoch 70, Loss: 116.61563110351562, Accuracy: 10.00%
Epoch 80, Loss: 116.61563110351562, Accuracy: 10.00%
Epoch 90, Loss: 116.61563110351562, Accuracy: 10.00%
/home/yannick/.local/lib/python3.10/site-packages/torch/optim/lr_scheduler.py:28: UserWarning: The verbose parameter is deprecated. Please use get_last_lr() to access the learning rate.
  warnings.warn("The verbose parameter is deprecated. Please use get_last_lr() "
1612
10
Epoch 0, Loss: 9.26797103881836, Accuracy: 8.25%
Epoch 10, Loss: 2.334468126296997, Accuracy: 12.50%
Epoch 20, Loss: 2.2481698989868164, Accuracy: 13.75%
Epoch 30, Loss: 2.1674718856811523, Accuracy: 21.75%
Epoch 40, Loss: 2.0805561542510986, Accuracy: 26.25%
Traceback (most recent call last):
  File "/home/yannick/Documents/Acoustic_Linguistic_GNN/gnn_model.py", line 290, in <module>
    train(model1, dgl_G, features,edge_weights, labels,int(args.epochs))
  File "/home/yannick/Documents/Acoustic_Linguistic_GNN/gnn_model.py", line 112, in train
    loss.backward()
  File "/home/yannick/.local/lib/python3.10/site-packages/torch/_tensor.py", line 522, in backward
    torch.autograd.backward(
  File "/home/yannick/.local/lib/python3.10/site-packages/torch/autograd/__init__.py", line 266, in backward
    Variable._execution_engine.run_backward(  # Calls into the C++ engine to run the backward pass
  File "/home/yannick/.local/lib/python3.10/site-packages/torch/autograd/function.py", line 289, in apply
    return user_fn(self, *args)
  File "/home/yannick/.local/lib/python3.10/site-packages/dgl/backend/pytorch/sparse.py", line 211, in backward
    dX = gspmm(g_rev, "mul", "sum", dZ, Y)
  File "/home/yannick/.local/lib/python3.10/site-packages/dgl/backend/pytorch/sparse.py", line 1032, in gspmm
    return GSpMM.apply(*args)
  File "/home/yannick/.local/lib/python3.10/site-packages/torch/autograd/function.py", line 553, in apply
    return super().apply(*args, **kwargs)  # type: ignore[misc]
  File "/home/yannick/.local/lib/python3.10/site-packages/dgl/backend/pytorch/sparse.py", line 165, in forward
    out, (argX, argY) = _gspmm(gidx, op, reduce_op, X, Y)
  File "/home/yannick/.local/lib/python3.10/site-packages/dgl/_sparse_ops.py", line 239, in _gspmm
    _CAPI_DGLKernelSpMM(
KeyboardInterrupt
/home/yannick/.local/lib/python3.10/site-packages/torch/optim/lr_scheduler.py:28: UserWarning: The verbose parameter is deprecated. Please use get_last_lr() to access the learning rate.
  warnings.warn("The verbose parameter is deprecated. Please use get_last_lr() "
1612
10
Epoch 0, Loss: 7.025425910949707, Accuracy: 9.00%
Epoch 10, Loss: 2.344326972961426, Accuracy: 14.00%
Epoch 20, Loss: 2.0948119163513184, Accuracy: 25.25%
Epoch 30, Loss: 1.9457993507385254, Accuracy: 34.25%
Epoch 40, Loss: 1.7572181224822998, Accuracy: 44.50%
Epoch 50, Loss: 1.5118577480316162, Accuracy: 53.00%
Epoch 60, Loss: 1.2289389371871948, Accuracy: 66.00%
Epoch 70, Loss: 0.9465187788009644, Accuracy: 72.75%
Epoch 80, Loss: 0.7008396983146667, Accuracy: 79.75%
Epoch 90, Loss: 0.5192825198173523, Accuracy: 88.50%
Epoch 0, Loss: 0.4391530156135559, Accuracy: 11.50%
Epoch 10, Loss: 0.321736603975296, Accuracy: 12.25%
Epoch 20, Loss: 0.28637823462486267, Accuracy: 12.00%
Epoch 30, Loss: 0.2749202251434326, Accuracy: 12.75%
Epoch 40, Loss: 0.2702164053916931, Accuracy: 14.75%
Epoch 50, Loss: 0.26750898361206055, Accuracy: 13.25%
Epoch 60, Loss: 0.26563793420791626, Accuracy: 13.25%
Epoch 70, Loss: 0.2642131745815277, Accuracy: 13.25%
Epoch 80, Loss: 0.2631838917732239, Accuracy: 12.25%
Epoch 90, Loss: 0.2624570429325104, Accuracy: 12.50%
Epoch 0, Loss: 6.983767032623291, Accuracy: 10.25%
Epoch 10, Loss: 38.77290344238281, Accuracy: 9.50%
Epoch 20, Loss: 3.821843147277832, Accuracy: 10.25%
Epoch 30, Loss: 3.7950632572174072, Accuracy: 10.25%
Epoch 40, Loss: 3.7629294395446777, Accuracy: 10.25%
Epoch 50, Loss: 3.729174852371216, Accuracy: 10.25%
Epoch 60, Loss: 3.695025682449341, Accuracy: 10.25%
Epoch 70, Loss: 3.660953998565674, Accuracy: 10.25%
Epoch 80, Loss: 3.6271677017211914, Accuracy: 10.25%
Epoch 90, Loss: 3.5937750339508057, Accuracy: 10.25%
/home/yannick/.local/lib/python3.10/site-packages/torch/optim/lr_scheduler.py:28: UserWarning: The verbose parameter is deprecated. Please use get_last_lr() to access the learning rate.
  warnings.warn("The verbose parameter is deprecated. Please use get_last_lr() "
1612
10
Epoch 0, Loss: 8.673944473266602, Accuracy: 7.50%
Epoch 10, Loss: 2.395784854888916, Accuracy: 12.00%
Epoch 20, Loss: 2.1600632667541504, Accuracy: 22.25%
Epoch 30, Loss: 2.020894765853882, Accuracy: 29.25%
Epoch 40, Loss: 1.8831474781036377, Accuracy: 34.75%
Epoch 50, Loss: 1.7115607261657715, Accuracy: 41.00%
Epoch 60, Loss: 1.5107510089874268, Accuracy: 49.50%
Epoch 70, Loss: 1.2795578241348267, Accuracy: 58.25%
Traceback (most recent call last):
  File "/home/yannick/Documents/Acoustic_Linguistic_GNN/gnn_model.py", line 290, in <module>
    train(model1, dgl_G, features,edge_weights, labels,int(args.epochs))
  File "/home/yannick/Documents/Acoustic_Linguistic_GNN/gnn_model.py", line 112, in train
    loss.backward()
  File "/home/yannick/.local/lib/python3.10/site-packages/torch/_tensor.py", line 522, in backward
    torch.autograd.backward(
  File "/home/yannick/.local/lib/python3.10/site-packages/torch/autograd/__init__.py", line 266, in backward
    Variable._execution_engine.run_backward(  # Calls into the C++ engine to run the backward pass
  File "/home/yannick/.local/lib/python3.10/site-packages/torch/autograd/function.py", line 289, in apply
    return user_fn(self, *args)
  File "/home/yannick/.local/lib/python3.10/site-packages/dgl/backend/pytorch/sparse.py", line 211, in backward
    dX = gspmm(g_rev, "mul", "sum", dZ, Y)
  File "/home/yannick/.local/lib/python3.10/site-packages/dgl/backend/pytorch/sparse.py", line 1032, in gspmm
    return GSpMM.apply(*args)
  File "/home/yannick/.local/lib/python3.10/site-packages/torch/autograd/function.py", line 553, in apply
    return super().apply(*args, **kwargs)  # type: ignore[misc]
  File "/home/yannick/.local/lib/python3.10/site-packages/dgl/backend/pytorch/sparse.py", line 165, in forward
    out, (argX, argY) = _gspmm(gidx, op, reduce_op, X, Y)
  File "/home/yannick/.local/lib/python3.10/site-packages/dgl/_sparse_ops.py", line 239, in _gspmm
    _CAPI_DGLKernelSpMM(
KeyboardInterrupt
/home/yannick/.local/lib/python3.10/site-packages/torch/optim/lr_scheduler.py:28: UserWarning: The verbose parameter is deprecated. Please use get_last_lr() to access the learning rate.
  warnings.warn("The verbose parameter is deprecated. Please use get_last_lr() "
1612
10
Epoch 0, Loss: 6.9955363273620605, Accuracy: 11.25%
Epoch 10, Loss: 2.2699027061462402, Accuracy: 14.25%
Epoch 20, Loss: 2.0764925479888916, Accuracy: 26.75%
Epoch 30, Loss: 1.8508386611938477, Accuracy: 34.25%
Epoch 40, Loss: 1.5644125938415527, Accuracy: 47.00%
Epoch 50, Loss: 1.2285606861114502, Accuracy: 62.00%
Epoch 60, Loss: 0.9415357708930969, Accuracy: 76.00%
Epoch 70, Loss: 0.6818891167640686, Accuracy: 82.25%
Epoch 80, Loss: 0.4786350727081299, Accuracy: 87.75%
Epoch 90, Loss: 0.31641003489494324, Accuracy: 95.50%
Epoch 0, Loss: 0.4358293116092682, Accuracy: 8.25%
Epoch 10, Loss: 0.3067844808101654, Accuracy: 8.75%
Epoch 20, Loss: 0.2848396897315979, Accuracy: 13.00%
Epoch 30, Loss: 0.2767036557197571, Accuracy: 11.75%
Epoch 40, Loss: 0.27172568440437317, Accuracy: 12.25%
Epoch 50, Loss: 0.2689845561981201, Accuracy: 11.25%
Epoch 60, Loss: 0.26714569330215454, Accuracy: 10.75%
Epoch 70, Loss: 0.266308069229126, Accuracy: 12.00%
Epoch 80, Loss: 0.2647436559200287, Accuracy: 11.25%
Epoch 90, Loss: 0.26376450061798096, Accuracy: 12.00%
Epoch 0, Loss: 9.203827857971191, Accuracy: 10.25%
Epoch 10, Loss: 4.020247936248779, Accuracy: 10.25%
Epoch 20, Loss: 3.847196340560913, Accuracy: 10.25%
Epoch 30, Loss: 3.821017265319824, Accuracy: 10.25%
Epoch 40, Loss: 3.791466236114502, Accuracy: 10.25%
Epoch 50, Loss: 3.7604336738586426, Accuracy: 10.25%
Epoch 60, Loss: 3.7288990020751953, Accuracy: 10.25%
Epoch 70, Loss: 3.6973519325256348, Accuracy: 10.25%
Epoch 80, Loss: 3.666067600250244, Accuracy: 10.25%
Epoch 90, Loss: 3.6352217197418213, Accuracy: 10.25%
/home/yannick/.local/lib/python3.10/site-packages/torch/optim/lr_scheduler.py:28: UserWarning: The verbose parameter is deprecated. Please use get_last_lr() to access the learning rate.
  warnings.warn("The verbose parameter is deprecated. Please use get_last_lr() "
1612
10
Epoch 0, Loss: 8.280506134033203, Accuracy: 8.25%
Epoch 10, Loss: 2.288994073867798, Accuracy: 17.00%
Epoch 20, Loss: 2.1256232261657715, Accuracy: 20.00%
Epoch 30, Loss: 2.017867088317871, Accuracy: 26.50%
Epoch 40, Loss: 1.8874833583831787, Accuracy: 37.00%
Epoch 50, Loss: 1.7264161109924316, Accuracy: 43.00%
Epoch 60, Loss: 1.5348089933395386, Accuracy: 53.75%
Epoch 70, Loss: 1.3227442502975464, Accuracy: 61.50%
Epoch 80, Loss: 1.159900426864624, Accuracy: 64.50%
Epoch 90, Loss: 0.918881356716156, Accuracy: 73.75%
Epoch 0, Loss: 0.4358222782611847, Accuracy: 7.50%
Epoch 10, Loss: 0.31231629848480225, Accuracy: 8.75%
Epoch 20, Loss: 0.28527411818504333, Accuracy: 10.00%
Epoch 30, Loss: 0.2741852402687073, Accuracy: 10.00%
Epoch 40, Loss: 0.2700653672218323, Accuracy: 10.75%
Epoch 50, Loss: 0.26786792278289795, Accuracy: 10.75%
Epoch 60, Loss: 0.26645928621292114, Accuracy: 10.75%
Epoch 70, Loss: 0.2654450535774231, Accuracy: 11.00%
Epoch 80, Loss: 0.26428619027137756, Accuracy: 10.75%
Epoch 90, Loss: 0.26337042450904846, Accuracy: 11.25%
Epoch 0, Loss: 7.462727069854736, Accuracy: 9.75%
Epoch 10, Loss: 361.1721496582031, Accuracy: 9.75%
Epoch 20, Loss: 15.547603607177734, Accuracy: 9.75%
Epoch 30, Loss: 11.685296058654785, Accuracy: 9.75%
Epoch 40, Loss: 11.617276191711426, Accuracy: 9.75%
Epoch 50, Loss: 11.615863800048828, Accuracy: 9.75%
Epoch 60, Loss: 11.615853309631348, Accuracy: 9.75%
Epoch 70, Loss: 11.615848541259766, Accuracy: 9.75%
Epoch 80, Loss: 11.615848541259766, Accuracy: 9.75%
Epoch 90, Loss: 11.615848541259766, Accuracy: 9.75%
/home/yannick/.local/lib/python3.10/site-packages/torch/optim/lr_scheduler.py:28: UserWarning: The verbose parameter is deprecated. Please use get_last_lr() to access the learning rate.
  warnings.warn("The verbose parameter is deprecated. Please use get_last_lr() "
1612
10
Epoch 0, Loss: 7.047994613647461, Accuracy: 8.75%
Epoch 10, Loss: 2.306941270828247, Accuracy: 14.00%
Epoch 20, Loss: 2.1017918586730957, Accuracy: 28.00%
Epoch 30, Loss: 1.9339210987091064, Accuracy: 34.25%
Epoch 40, Loss: 1.7299859523773193, Accuracy: 44.25%
Epoch 50, Loss: 1.4773280620574951, Accuracy: 55.75%
Epoch 60, Loss: 1.1938869953155518, Accuracy: 68.25%
Epoch 70, Loss: 0.9084868431091309, Accuracy: 75.25%
Epoch 80, Loss: 0.622023344039917, Accuracy: 84.75%
Epoch 90, Loss: 0.3902105689048767, Accuracy: 92.00%
Epoch 0, Loss: 0.4490143656730652, Accuracy: 9.75%
Epoch 10, Loss: 0.3156810402870178, Accuracy: 12.25%
Epoch 20, Loss: 0.29096826910972595, Accuracy: 9.25%
Epoch 30, Loss: 0.27760761976242065, Accuracy: 9.50%
Epoch 40, Loss: 0.27253642678260803, Accuracy: 10.75%
Epoch 50, Loss: 0.2695644497871399, Accuracy: 10.00%
Epoch 60, Loss: 0.2676786482334137, Accuracy: 9.75%
Epoch 70, Loss: 0.26634708046913147, Accuracy: 9.25%
Epoch 80, Loss: 0.26509276032447815, Accuracy: 9.25%
Epoch 90, Loss: 0.2642044425010681, Accuracy: 8.75%
Epoch 0, Loss: 6.701204299926758, Accuracy: 11.75%
Epoch 10, Loss: 272.1841125488281, Accuracy: 9.50%
Epoch 20, Loss: 86.1632080078125, Accuracy: 9.50%
Epoch 30, Loss: 83.2509536743164, Accuracy: 9.50%
Epoch 40, Loss: 83.15638732910156, Accuracy: 9.50%
Epoch 50, Loss: 83.15443420410156, Accuracy: 9.50%
Epoch 60, Loss: 83.15441131591797, Accuracy: 9.50%
Epoch 70, Loss: 83.15440368652344, Accuracy: 9.50%
Epoch 80, Loss: 83.15438079833984, Accuracy: 9.50%
Epoch 90, Loss: 83.15438079833984, Accuracy: 9.50%
/home/yannick/.local/lib/python3.10/site-packages/torch/optim/lr_scheduler.py:28: UserWarning: The verbose parameter is deprecated. Please use get_last_lr() to access the learning rate.
  warnings.warn("The verbose parameter is deprecated. Please use get_last_lr() "
1612
10
Epoch 0, Loss: 7.7444658279418945, Accuracy: 11.25%
Epoch 10, Loss: 2.3588478565216064, Accuracy: 9.50%
Epoch 20, Loss: 2.2535855770111084, Accuracy: 13.50%
Epoch 30, Loss: 2.1897964477539062, Accuracy: 16.75%
Epoch 40, Loss: 2.1205484867095947, Accuracy: 17.75%
Epoch 50, Loss: 2.033686876296997, Accuracy: 26.25%
Epoch 60, Loss: 1.9157658815383911, Accuracy: 35.00%
Epoch 70, Loss: 1.741194725036621, Accuracy: 43.50%
Epoch 80, Loss: 1.5157685279846191, Accuracy: 57.50%
Epoch 90, Loss: 1.2888658046722412, Accuracy: 65.75%
Epoch 0, Loss: 0.4289616346359253, Accuracy: 11.00%
Epoch 10, Loss: 0.31639447808265686, Accuracy: 10.75%
Epoch 20, Loss: 0.284130334854126, Accuracy: 13.00%
Epoch 30, Loss: 0.27612176537513733, Accuracy: 12.00%
Epoch 40, Loss: 0.272257536649704, Accuracy: 13.00%
Epoch 50, Loss: 0.2695114314556122, Accuracy: 12.00%
Epoch 60, Loss: 0.26753705739974976, Accuracy: 13.00%
Epoch 70, Loss: 0.26631617546081543, Accuracy: 13.75%
Epoch 80, Loss: 0.2653891146183014, Accuracy: 12.75%
Epoch 90, Loss: 0.2646596431732178, Accuracy: 12.50%
Epoch 0, Loss: 10.352270126342773, Accuracy: 10.25%
Epoch 10, Loss: 671203.1875, Accuracy: 11.00%
Epoch 20, Loss: 282770.96875, Accuracy: 11.75%
Epoch 30, Loss: 275301.1875, Accuracy: 12.00%
Epoch 40, Loss: 275056.59375, Accuracy: 12.00%
Epoch 50, Loss: 275051.1875, Accuracy: 12.00%
Epoch 60, Loss: 275051.1875, Accuracy: 12.00%
Epoch 70, Loss: 275051.15625, Accuracy: 12.00%
Epoch 80, Loss: 275051.15625, Accuracy: 12.00%
Epoch 90, Loss: 275051.125, Accuracy: 12.00%
/home/yannick/.local/lib/python3.10/site-packages/torch/optim/lr_scheduler.py:28: UserWarning: The verbose parameter is deprecated. Please use get_last_lr() to access the learning rate.
  warnings.warn("The verbose parameter is deprecated. Please use get_last_lr() "
1612
10
Epoch 0, Loss: 8.026874542236328, Accuracy: 10.50%
Epoch 10, Loss: 2.293708086013794, Accuracy: 17.00%
Epoch 20, Loss: 2.0853629112243652, Accuracy: 28.25%
Epoch 30, Loss: 1.9269049167633057, Accuracy: 36.25%
Epoch 40, Loss: 1.7377766370773315, Accuracy: 47.50%
Epoch 50, Loss: 1.495806097984314, Accuracy: 56.00%
Epoch 60, Loss: 1.2638728618621826, Accuracy: 67.00%
Epoch 70, Loss: 0.9905550479888916, Accuracy: 74.25%
Epoch 80, Loss: 0.7375752925872803, Accuracy: 84.00%
Epoch 90, Loss: 0.5308843851089478, Accuracy: 88.00%
Epoch 0, Loss: 0.42188534140586853, Accuracy: 8.75%
Epoch 10, Loss: 0.3011571168899536, Accuracy: 9.00%
Epoch 20, Loss: 0.2817527949810028, Accuracy: 6.75%
Epoch 30, Loss: 0.2739824652671814, Accuracy: 6.25%
Epoch 40, Loss: 0.26928919553756714, Accuracy: 7.75%
Epoch 50, Loss: 0.26689350605010986, Accuracy: 8.75%
Epoch 60, Loss: 0.2654179334640503, Accuracy: 7.00%
Epoch 70, Loss: 0.26438409090042114, Accuracy: 7.25%
Epoch 80, Loss: 0.26336756348609924, Accuracy: 6.75%
Epoch 90, Loss: 0.26270368695259094, Accuracy: 6.75%
Epoch 0, Loss: 8.201678276062012, Accuracy: 9.75%
Epoch 10, Loss: 704.8482666015625, Accuracy: 10.25%
Epoch 20, Loss: 492.0079650878906, Accuracy: 10.25%
Epoch 30, Loss: 487.3436279296875, Accuracy: 10.25%
Epoch 40, Loss: 487.187255859375, Accuracy: 10.25%
Epoch 50, Loss: 487.18408203125, Accuracy: 10.25%
Epoch 60, Loss: 487.18408203125, Accuracy: 10.25%
Epoch 70, Loss: 487.1839904785156, Accuracy: 10.25%
Epoch 80, Loss: 487.1839904785156, Accuracy: 10.25%
Epoch 90, Loss: 487.18389892578125, Accuracy: 10.25%
/home/yannick/.local/lib/python3.10/site-packages/torch/optim/lr_scheduler.py:28: UserWarning: The verbose parameter is deprecated. Please use get_last_lr() to access the learning rate.
  warnings.warn("The verbose parameter is deprecated. Please use get_last_lr() "
1612
10
Epoch 0, Loss: 7.194035053253174, Accuracy: 10.25%
Epoch 10, Loss: 2.252568006515503, Accuracy: 17.50%
Epoch 20, Loss: 2.053924322128296, Accuracy: 28.50%
Epoch 30, Loss: 1.9141639471054077, Accuracy: 37.50%
Epoch 40, Loss: 1.6858034133911133, Accuracy: 48.50%
Epoch 50, Loss: 1.385574221611023, Accuracy: 60.50%
Epoch 60, Loss: 1.045029878616333, Accuracy: 73.75%
Epoch 70, Loss: 0.7595950365066528, Accuracy: 82.25%
Epoch 80, Loss: 0.556574821472168, Accuracy: 88.50%
Epoch 90, Loss: 0.38719215989112854, Accuracy: 94.00%
Epoch 0, Loss: 0.44381681084632874, Accuracy: 11.75%
Traceback (most recent call last):
  File "/home/yannick/Documents/Acoustic_Linguistic_GNN/gnn_model.py", line 309, in <module>
    model2 = train_with_topological_loss(model2, dgl_G, features, edge_weights,adj_matrix, labels, int(args.epochs))
  File "/home/yannick/Documents/Acoustic_Linguistic_GNN/gnn_model.py", line 159, in train_with_topological_loss
    loss.backward()
  File "/home/yannick/.local/lib/python3.10/site-packages/torch/_tensor.py", line 522, in backward
    torch.autograd.backward(
  File "/home/yannick/.local/lib/python3.10/site-packages/torch/autograd/__init__.py", line 266, in backward
    Variable._execution_engine.run_backward(  # Calls into the C++ engine to run the backward pass
  File "/home/yannick/.local/lib/python3.10/site-packages/torch/autograd/function.py", line 277, in apply
    def apply(self, *args):
KeyboardInterrupt
/home/yannick/.local/lib/python3.10/site-packages/torch/optim/lr_scheduler.py:28: UserWarning: The verbose parameter is deprecated. Please use get_last_lr() to access the learning rate.
  warnings.warn("The verbose parameter is deprecated. Please use get_last_lr() "
1612
10
Epoch 0, Loss: 7.587338447570801, Accuracy: 7.00%
Epoch 10, Loss: 2.4020512104034424, Accuracy: 15.75%
Epoch 20, Loss: 2.0836005210876465, Accuracy: 27.75%
Epoch 30, Loss: 1.8800712823867798, Accuracy: 38.25%
Epoch 40, Loss: 1.6471154689788818, Accuracy: 48.75%
Epoch 50, Loss: 1.3700544834136963, Accuracy: 62.00%
Epoch 60, Loss: 1.0698597431182861, Accuracy: 68.25%
Epoch 70, Loss: 0.7992158532142639, Accuracy: 79.00%
Epoch 80, Loss: 0.5823369026184082, Accuracy: 85.00%
Epoch 90, Loss: 0.42927247285842896, Accuracy: 89.75%
Epoch 0, Loss: 0.43979936838150024, Accuracy: 10.25%
Epoch 10, Loss: 0.31902286410331726, Accuracy: 9.00%
Epoch 20, Loss: 0.28930243849754333, Accuracy: 8.00%
Epoch 30, Loss: 0.2786981463432312, Accuracy: 7.00%
Epoch 40, Loss: 0.2739010751247406, Accuracy: 9.50%
Epoch 50, Loss: 0.2715439796447754, Accuracy: 9.75%
Epoch 60, Loss: 0.26965636014938354, Accuracy: 9.25%
Epoch 70, Loss: 0.26830819249153137, Accuracy: 10.00%
Epoch 80, Loss: 0.26764950156211853, Accuracy: 10.25%
Epoch 90, Loss: 0.26669633388519287, Accuracy: 10.00%
Epoch 0, Loss: 9.040335655212402, Accuracy: 10.25%
Epoch 10, Loss: 23659.515625, Accuracy: 13.75%
Epoch 20, Loss: 16755.875, Accuracy: 8.75%
Epoch 30, Loss: 16535.9375, Accuracy: 9.25%
Epoch 40, Loss: 16527.87109375, Accuracy: 9.25%
Epoch 50, Loss: 16527.734375, Accuracy: 9.25%
Epoch 60, Loss: 16527.732421875, Accuracy: 9.25%
Epoch 70, Loss: 16527.732421875, Accuracy: 9.25%
Epoch 80, Loss: 16527.732421875, Accuracy: 9.25%
Epoch 90, Loss: 16527.732421875, Accuracy: 9.25%
/home/yannick/.local/lib/python3.10/site-packages/torch/optim/lr_scheduler.py:28: UserWarning: The verbose parameter is deprecated. Please use get_last_lr() to access the learning rate.
  warnings.warn("The verbose parameter is deprecated. Please use get_last_lr() "
1612
10
Epoch 0, Loss: 7.898276329040527, Accuracy: 10.00%
Epoch 10, Loss: 2.2562406063079834, Accuracy: 16.00%
Epoch 20, Loss: 2.103215456008911, Accuracy: 24.50%
Epoch 30, Loss: 1.9725921154022217, Accuracy: 29.50%
Epoch 40, Loss: 1.820064902305603, Accuracy: 41.00%
Epoch 50, Loss: 1.6216272115707397, Accuracy: 45.75%
Epoch 60, Loss: 1.3834995031356812, Accuracy: 57.00%
Epoch 70, Loss: 1.1371331214904785, Accuracy: 66.00%
Epoch 80, Loss: 0.93959641456604, Accuracy: 72.75%
Epoch 90, Loss: 0.730100691318512, Accuracy: 79.75%
Epoch 0, Loss: 0.4340395927429199, Accuracy: 10.00%
Epoch 10, Loss: 0.31531909108161926, Accuracy: 10.00%
Epoch 20, Loss: 0.2819376587867737, Accuracy: 9.25%
Epoch 30, Loss: 0.2728261351585388, Accuracy: 10.00%
Epoch 40, Loss: 0.26935189962387085, Accuracy: 10.25%
Epoch 50, Loss: 0.26643702387809753, Accuracy: 10.00%
Epoch 60, Loss: 0.2660382390022278, Accuracy: 10.00%
Epoch 70, Loss: 0.263976514339447, Accuracy: 9.75%
Epoch 80, Loss: 0.26269546151161194, Accuracy: 10.50%
Epoch 90, Loss: 0.2619934380054474, Accuracy: 10.25%
Epoch 0, Loss: 8.049946784973145, Accuracy: 10.25%
Epoch 10, Loss: 78.53304290771484, Accuracy: 10.25%
Epoch 20, Loss: 26.258039474487305, Accuracy: 10.25%
Epoch 30, Loss: 24.967544555664062, Accuracy: 10.25%
Epoch 40, Loss: 24.9470272064209, Accuracy: 10.25%
Epoch 50, Loss: 24.94659996032715, Accuracy: 10.25%
Epoch 60, Loss: 24.946598052978516, Accuracy: 10.25%
Epoch 70, Loss: 24.946598052978516, Accuracy: 10.25%
Epoch 80, Loss: 24.94659423828125, Accuracy: 10.25%
Epoch 90, Loss: 24.946590423583984, Accuracy: 10.25%
/home/yannick/.local/lib/python3.10/site-packages/torch/optim/lr_scheduler.py:28: UserWarning: The verbose parameter is deprecated. Please use get_last_lr() to access the learning rate.
  warnings.warn("The verbose parameter is deprecated. Please use get_last_lr() "
1612
10
Epoch 0, Loss: 8.278762817382812, Accuracy: 9.25%
Epoch 10, Loss: 2.2881572246551514, Accuracy: 16.75%
Epoch 20, Loss: 2.13197660446167, Accuracy: 25.50%
Epoch 30, Loss: 1.978712558746338, Accuracy: 31.75%
Epoch 40, Loss: 1.8012287616729736, Accuracy: 40.00%
Epoch 50, Loss: 1.5892198085784912, Accuracy: 49.00%
Epoch 60, Loss: 1.3395291566848755, Accuracy: 56.50%
Epoch 70, Loss: 1.1205477714538574, Accuracy: 66.25%
Epoch 80, Loss: 0.8731239438056946, Accuracy: 74.75%
Epoch 90, Loss: 0.6559088230133057, Accuracy: 84.75%
Epoch 0, Loss: 0.43448013067245483, Accuracy: 9.50%
Epoch 10, Loss: 0.3011791408061981, Accuracy: 9.00%
Epoch 20, Loss: 0.2831413149833679, Accuracy: 7.00%
Epoch 30, Loss: 0.2740197777748108, Accuracy: 10.75%
Epoch 40, Loss: 0.2697190046310425, Accuracy: 10.00%
Epoch 50, Loss: 0.26733458042144775, Accuracy: 9.75%
Epoch 60, Loss: 0.26560550928115845, Accuracy: 9.00%
Epoch 70, Loss: 0.2645692825317383, Accuracy: 9.75%
Epoch 80, Loss: 0.2642492651939392, Accuracy: 10.25%
Epoch 90, Loss: 0.2633776366710663, Accuracy: 10.50%
Epoch 0, Loss: 7.954915523529053, Accuracy: 10.00%
Epoch 10, Loss: 3215.604736328125, Accuracy: 10.25%
Epoch 20, Loss: 202.1874237060547, Accuracy: 10.00%
Epoch 30, Loss: 200.19602966308594, Accuracy: 10.00%
Epoch 40, Loss: 200.11441040039062, Accuracy: 10.00%
Epoch 50, Loss: 200.11233520507812, Accuracy: 10.00%
Epoch 60, Loss: 200.11231994628906, Accuracy: 10.00%
Epoch 70, Loss: 200.1123046875, Accuracy: 10.00%
Epoch 80, Loss: 200.1123046875, Accuracy: 10.00%
Epoch 90, Loss: 200.1122589111328, Accuracy: 10.00%
/home/yannick/.local/lib/python3.10/site-packages/torch/optim/lr_scheduler.py:28: UserWarning: The verbose parameter is deprecated. Please use get_last_lr() to access the learning rate.
  warnings.warn("The verbose parameter is deprecated. Please use get_last_lr() "
1612
10
Epoch 0, Loss: 4.480505466461182, Accuracy: 12.00%
Epoch 10, Loss: 2.1857094764709473, Accuracy: 18.75%
Epoch 20, Loss: 2.020956039428711, Accuracy: 30.50%
Epoch 30, Loss: 1.8225817680358887, Accuracy: 37.75%
Epoch 40, Loss: 1.525442361831665, Accuracy: 51.00%
Epoch 50, Loss: 1.6711724996566772, Accuracy: 37.50%
Epoch 60, Loss: 1.0250402688980103, Accuracy: 65.00%
Epoch 70, Loss: 0.8094794750213623, Accuracy: 73.50%
Epoch 80, Loss: 0.6158673167228699, Accuracy: 84.00%
Epoch 90, Loss: 0.446645587682724, Accuracy: 90.25%
Epoch 0, Loss: 0.4299558699131012, Accuracy: 9.75%
Epoch 10, Loss: 0.29797646403312683, Accuracy: 11.00%
Epoch 20, Loss: 0.2795608639717102, Accuracy: 10.50%
Epoch 30, Loss: 0.27334967255592346, Accuracy: 10.00%
Epoch 40, Loss: 0.27047041058540344, Accuracy: 8.00%
Epoch 50, Loss: 0.2684563398361206, Accuracy: 8.75%
Epoch 60, Loss: 0.2692049443721771, Accuracy: 9.00%
Epoch 70, Loss: 0.2666019797325134, Accuracy: 7.50%
Epoch 80, Loss: 0.26531434059143066, Accuracy: 7.75%
Epoch 90, Loss: 0.2644577622413635, Accuracy: 7.00%
Epoch 0, Loss: 12.754361152648926, Accuracy: 9.75%
Epoch 10, Loss: 205.4965057373047, Accuracy: 10.25%
Epoch 20, Loss: 58.49118423461914, Accuracy: 10.25%
Epoch 30, Loss: 56.23649215698242, Accuracy: 10.25%
Epoch 40, Loss: 56.166629791259766, Accuracy: 10.25%
Epoch 50, Loss: 56.16505813598633, Accuracy: 10.25%
Epoch 60, Loss: 56.16501998901367, Accuracy: 10.25%
Epoch 70, Loss: 56.16501235961914, Accuracy: 10.25%
Epoch 80, Loss: 56.16499328613281, Accuracy: 10.25%
Epoch 90, Loss: 56.164974212646484, Accuracy: 10.25%
/home/yannick/.local/lib/python3.10/site-packages/torch/optim/lr_scheduler.py:28: UserWarning: The verbose parameter is deprecated. Please use get_last_lr() to access the learning rate.
  warnings.warn("The verbose parameter is deprecated. Please use get_last_lr() "
1612
10
Epoch 0, Loss: 5.581234931945801, Accuracy: 11.25%
Epoch 10, Loss: 2.2752208709716797, Accuracy: 14.25%
Traceback (most recent call last):
  File "/home/yannick/Documents/Acoustic_Linguistic_GNN/gnn_model.py", line 290, in <module>
    train(model1, dgl_G, features,edge_weights, labels,int(args.epochs))
  File "/home/yannick/Documents/Acoustic_Linguistic_GNN/gnn_model.py", line 105, in train
    logits,_ = model(g, features, edge_weights)
  File "/home/yannick/.local/lib/python3.10/site-packages/torch/nn/modules/module.py", line 1511, in _wrapped_call_impl
    return self._call_impl(*args, **kwargs)
  File "/home/yannick/.local/lib/python3.10/site-packages/torch/nn/modules/module.py", line 1520, in _call_impl
    return forward_call(*args, **kwargs)
  File "/home/yannick/Documents/Acoustic_Linguistic_GNN/gnn_model.py", line 85, in forward
    x = F.relu(self.conv1(g, x, edge_weights))
  File "/home/yannick/.local/lib/python3.10/site-packages/torch/nn/modules/module.py", line 1511, in _wrapped_call_impl
    return self._call_impl(*args, **kwargs)
  File "/home/yannick/.local/lib/python3.10/site-packages/torch/nn/modules/module.py", line 1520, in _call_impl
    return forward_call(*args, **kwargs)
  File "/home/yannick/.local/lib/python3.10/site-packages/dgl/nn/pytorch/conv/sageconv.py", line 224, in forward
    if graph.num_edges() == 0:
  File "/home/yannick/.local/lib/python3.10/site-packages/dgl/heterograph.py", line 2683, in num_edges
    def num_edges(self, etype=None):
KeyboardInterrupt
/home/yannick/.local/lib/python3.10/site-packages/torch/optim/lr_scheduler.py:28: UserWarning: The verbose parameter is deprecated. Please use get_last_lr() to access the learning rate.
  warnings.warn("The verbose parameter is deprecated. Please use get_last_lr() "
1612
10
Epoch 0, Loss: 6.607715606689453, Accuracy: 9.00%
Epoch 10, Loss: 2.2296712398529053, Accuracy: 17.25%
Epoch 20, Loss: 2.1375856399536133, Accuracy: 17.75%
Epoch 30, Loss: 1.9778252840042114, Accuracy: 29.00%
Epoch 40, Loss: 1.8019081354141235, Accuracy: 43.00%
Epoch 50, Loss: 1.5730957984924316, Accuracy: 56.50%
Epoch 60, Loss: 1.2913131713867188, Accuracy: 65.00%
Epoch 70, Loss: 1.0511189699172974, Accuracy: 69.75%
Epoch 80, Loss: 0.759265124797821, Accuracy: 79.50%
Epoch 90, Loss: 0.5382428765296936, Accuracy: 87.50%
Epoch 0, Loss: 0.4345536530017853, Accuracy: 10.25%
Epoch 10, Loss: 0.3081206679344177, Accuracy: 10.25%
Epoch 20, Loss: 0.2864808142185211, Accuracy: 9.00%
Epoch 30, Loss: 0.27568289637565613, Accuracy: 8.25%
Epoch 40, Loss: 0.27125707268714905, Accuracy: 7.75%
Epoch 50, Loss: 0.26826176047325134, Accuracy: 8.75%
Epoch 60, Loss: 0.26637786626815796, Accuracy: 8.00%
Epoch 70, Loss: 0.2650880813598633, Accuracy: 8.50%
Epoch 80, Loss: 0.26416847109794617, Accuracy: 9.00%
Epoch 90, Loss: 0.2635383903980255, Accuracy: 8.75%
Epoch 0, Loss: 10.507274627685547, Accuracy: 9.00%
Epoch 10, Loss: 2531.082763671875, Accuracy: 6.00%
Epoch 20, Loss: 3.583714246749878, Accuracy: 10.25%
Epoch 30, Loss: 3.560178756713867, Accuracy: 10.25%
Epoch 40, Loss: 3.5315237045288086, Accuracy: 10.25%
Epoch 50, Loss: 3.5016579627990723, Accuracy: 10.25%
Epoch 60, Loss: 3.4718401432037354, Accuracy: 10.25%
Epoch 70, Loss: 3.4425010681152344, Accuracy: 10.25%
Epoch 80, Loss: 3.413785219192505, Accuracy: 10.25%
Epoch 90, Loss: 3.3857293128967285, Accuracy: 10.25%
/home/yannick/.local/lib/python3.10/site-packages/torch/optim/lr_scheduler.py:28: UserWarning: The verbose parameter is deprecated. Please use get_last_lr() to access the learning rate.
  warnings.warn("The verbose parameter is deprecated. Please use get_last_lr() "
1612
10
Epoch 0, Loss: 9.195138931274414, Accuracy: 10.50%
Epoch 10, Loss: 2.3861477375030518, Accuracy: 14.00%
Epoch 20, Loss: 2.1923270225524902, Accuracy: 16.75%
Epoch 30, Loss: 2.0436675548553467, Accuracy: 31.25%
Epoch 40, Loss: 1.9094195365905762, Accuracy: 39.50%
Epoch 50, Loss: 1.7553597688674927, Accuracy: 45.75%
Epoch 60, Loss: 1.5813597440719604, Accuracy: 50.00%
Epoch 70, Loss: 1.3933676481246948, Accuracy: 59.00%
Epoch 80, Loss: 1.1633089780807495, Accuracy: 66.00%
Epoch 90, Loss: 0.926604688167572, Accuracy: 74.75%
Epoch 0, Loss: 0.43383827805519104, Accuracy: 10.50%
Epoch 10, Loss: 0.3204537034034729, Accuracy: 9.50%
Epoch 20, Loss: 0.28662049770355225, Accuracy: 5.00%
Epoch 30, Loss: 0.2741926908493042, Accuracy: 7.75%
Epoch 40, Loss: 0.2694394588470459, Accuracy: 8.75%
Epoch 50, Loss: 0.2664209008216858, Accuracy: 8.50%
Epoch 60, Loss: 0.2644994854927063, Accuracy: 9.50%
Epoch 70, Loss: 0.26315736770629883, Accuracy: 9.25%
Epoch 80, Loss: 0.26239562034606934, Accuracy: 9.50%
Epoch 90, Loss: 0.26161083579063416, Accuracy: 9.50%
Epoch 0, Loss: 5.373885154724121, Accuracy: 9.75%
Epoch 10, Loss: 3.9685235023498535, Accuracy: 10.25%
Epoch 20, Loss: 3.7874996662139893, Accuracy: 10.25%
Epoch 30, Loss: 3.4850258827209473, Accuracy: 10.25%
Epoch 40, Loss: 3.215810775756836, Accuracy: 10.25%
Epoch 50, Loss: 3.022472620010376, Accuracy: 10.25%
Epoch 60, Loss: 2.9040002822875977, Accuracy: 10.25%
Epoch 70, Loss: 2.8415868282318115, Accuracy: 9.50%
Epoch 80, Loss: 2.8144094944000244, Accuracy: 10.25%
Epoch 90, Loss: 2.804628849029541, Accuracy: 10.25%
/home/yannick/.local/lib/python3.10/site-packages/torch/optim/lr_scheduler.py:28: UserWarning: The verbose parameter is deprecated. Please use get_last_lr() to access the learning rate.
  warnings.warn("The verbose parameter is deprecated. Please use get_last_lr() "
1612
10
Epoch 0, Loss: 6.0000433921813965, Accuracy: 8.50%
Epoch 10, Loss: 2.355942487716675, Accuracy: 18.00%
Epoch 20, Loss: 2.1530165672302246, Accuracy: 19.50%
Epoch 30, Loss: 2.0174410343170166, Accuracy: 33.00%
Epoch 40, Loss: 1.8516572713851929, Accuracy: 33.00%
Epoch 50, Loss: 1.664991855621338, Accuracy: 40.25%
Epoch 60, Loss: 1.4405120611190796, Accuracy: 53.25%
Epoch 70, Loss: 1.1752886772155762, Accuracy: 63.25%
Epoch 80, Loss: 0.9213941693305969, Accuracy: 74.50%
Epoch 90, Loss: 0.6962101459503174, Accuracy: 81.75%
Traceback (most recent call last):
  File "/home/yannick/Documents/Acoustic_Linguistic_GNN/gnn_model.py", line 305, in <module>
    adj_matrix = torch.tensor(nx.to_numpy_array(dgl.to_networkx(dgl_G)))
  File "/home/yannick/.local/lib/python3.10/site-packages/networkx/utils/decorators.py", line 789, in func
    return argmap._lazy_compile(__wrapper)(*args, **kwargs)
  File "<class 'networkx.utils.decorators.argmap'> compilation 4", line 3, in argmap_to_numpy_array_1
  File "/home/yannick/.local/lib/python3.10/site-packages/networkx/utils/backends.py", line 633, in __call__
    return self.orig_func(*args, **kwargs)
  File "/home/yannick/.local/lib/python3.10/site-packages/networkx/convert_matrix.py", line 991, in to_numpy_array
    wts = [multigraph_weight(ws) for ws in d.values()]  # reduced weights
  File "/home/yannick/.local/lib/python3.10/site-packages/networkx/convert_matrix.py", line 991, in <listcomp>
    wts = [multigraph_weight(ws) for ws in d.values()]  # reduced weights
KeyboardInterrupt
/home/yannick/.local/lib/python3.10/site-packages/torch/optim/lr_scheduler.py:28: UserWarning: The verbose parameter is deprecated. Please use get_last_lr() to access the learning rate.
  warnings.warn("The verbose parameter is deprecated. Please use get_last_lr() "
1612
10
Epoch 0, Loss: 6.747483730316162, Accuracy: 10.50%
Epoch 10, Loss: 2.286273241043091, Accuracy: 17.50%
Epoch 20, Loss: 2.089430809020996, Accuracy: 25.25%
Epoch 30, Loss: 1.9199050664901733, Accuracy: 32.50%
Epoch 40, Loss: 1.7665828466415405, Accuracy: 41.00%
Epoch 50, Loss: 1.5978671312332153, Accuracy: 47.00%
Epoch 60, Loss: 1.4118489027023315, Accuracy: 56.25%
Epoch 70, Loss: 1.2079678773880005, Accuracy: 67.25%
Epoch 80, Loss: 0.9894673824310303, Accuracy: 72.25%
Epoch 90, Loss: 0.774319052696228, Accuracy: 82.50%
Epoch 0, Loss: 0.4445105493068695, Accuracy: 10.25%
Epoch 10, Loss: 0.31460028886795044, Accuracy: 10.75%
Epoch 20, Loss: 0.28683120012283325, Accuracy: 10.50%
Epoch 30, Loss: 0.27626392245292664, Accuracy: 13.50%
Epoch 40, Loss: 0.27176356315612793, Accuracy: 11.75%
Epoch 50, Loss: 0.269135981798172, Accuracy: 11.25%
Epoch 60, Loss: 0.26698389649391174, Accuracy: 11.25%
Epoch 70, Loss: 0.2654319703578949, Accuracy: 10.50%
Epoch 80, Loss: 0.26446136832237244, Accuracy: 10.50%
Epoch 90, Loss: 0.2637292444705963, Accuracy: 10.25%
Epoch 0, Loss: 7.470059871673584, Accuracy: 10.00%
Epoch 10, Loss: 736.6218872070312, Accuracy: 9.75%
Epoch 20, Loss: 682.26220703125, Accuracy: 9.75%
Epoch 30, Loss: 678.6927490234375, Accuracy: 9.75%
Epoch 40, Loss: 678.5616455078125, Accuracy: 9.75%
Epoch 50, Loss: 678.55859375, Accuracy: 9.75%
Epoch 60, Loss: 678.5585327148438, Accuracy: 9.75%
Epoch 70, Loss: 678.5585327148438, Accuracy: 9.75%
Epoch 80, Loss: 678.5585327148438, Accuracy: 9.75%
Epoch 90, Loss: 678.5584716796875, Accuracy: 9.75%
/home/yannick/.local/lib/python3.10/site-packages/torch/optim/lr_scheduler.py:28: UserWarning: The verbose parameter is deprecated. Please use get_last_lr() to access the learning rate.
  warnings.warn("The verbose parameter is deprecated. Please use get_last_lr() "
1612
10
Epoch 0, Loss: 7.763906955718994, Accuracy: 9.50%
Epoch 10, Loss: 2.2770895957946777, Accuracy: 18.25%
Epoch 20, Loss: 2.1389260292053223, Accuracy: 23.50%
Epoch 30, Loss: 2.026432991027832, Accuracy: 25.75%
Traceback (most recent call last):
  File "/home/yannick/Documents/Acoustic_Linguistic_GNN/gnn_model.py", line 290, in <module>
    train(model1, dgl_G, features,edge_weights, labels,int(args.epochs))
  File "/home/yannick/Documents/Acoustic_Linguistic_GNN/gnn_model.py", line 105, in train
    logits,_ = model(g, features, edge_weights)
  File "/home/yannick/.local/lib/python3.10/site-packages/torch/nn/modules/module.py", line 1511, in _wrapped_call_impl
    return self._call_impl(*args, **kwargs)
  File "/home/yannick/.local/lib/python3.10/site-packages/torch/nn/modules/module.py", line 1520, in _call_impl
    return forward_call(*args, **kwargs)
  File "/home/yannick/Documents/Acoustic_Linguistic_GNN/gnn_model.py", line 85, in forward
    x = F.relu(self.conv1(g, x, edge_weights))
  File "/home/yannick/.local/lib/python3.10/site-packages/torch/nn/modules/module.py", line 1511, in _wrapped_call_impl
    return self._call_impl(*args, **kwargs)
  File "/home/yannick/.local/lib/python3.10/site-packages/torch/nn/modules/module.py", line 1520, in _call_impl
    return forward_call(*args, **kwargs)
  File "/home/yannick/.local/lib/python3.10/site-packages/dgl/nn/pytorch/conv/sageconv.py", line 218, in forward
    graph.edata["_edge_weight"] = edge_weight
  File "/home/yannick/.local/lib/python3.10/site-packages/dgl/view.py", line 227, in __setitem__
    self._graph._set_e_repr(self._etid, self._edges, {key: val})
  File "/home/yannick/.local/lib/python3.10/site-packages/dgl/heterograph.py", line 4483, in _set_e_repr
    self._edge_frames[etid].update(data)
  File "/usr/lib/python3.10/_collections_abc.py", line 1006, in update
    for key, value in kwds.items():
KeyboardInterrupt
/home/yannick/.local/lib/python3.10/site-packages/torch/optim/lr_scheduler.py:28: UserWarning: The verbose parameter is deprecated. Please use get_last_lr() to access the learning rate.
  warnings.warn("The verbose parameter is deprecated. Please use get_last_lr() "
1612
10
Epoch 0, Loss: 8.520669937133789, Accuracy: 9.25%
Epoch 10, Loss: 2.280677080154419, Accuracy: 14.75%
Epoch 20, Loss: 2.1715402603149414, Accuracy: 21.75%
Epoch 30, Loss: 2.0397591590881348, Accuracy: 29.50%
Epoch 40, Loss: 1.8936190605163574, Accuracy: 38.25%
Epoch 50, Loss: 1.7030493021011353, Accuracy: 47.25%
Epoch 60, Loss: 1.4747356176376343, Accuracy: 55.25%
Epoch 70, Loss: 1.2305880784988403, Accuracy: 63.75%
Epoch 80, Loss: 0.9933992028236389, Accuracy: 71.75%
Epoch 90, Loss: 0.7771440148353577, Accuracy: 78.00%
Epoch 0, Loss: 0.4262782633304596, Accuracy: 10.00%
Epoch 10, Loss: 0.30839473009109497, Accuracy: 10.25%
Epoch 20, Loss: 0.284403920173645, Accuracy: 11.25%
Epoch 30, Loss: 0.2741815149784088, Accuracy: 11.75%
Epoch 40, Loss: 0.2708197832107544, Accuracy: 12.25%
Epoch 50, Loss: 0.2682320177555084, Accuracy: 13.00%
Epoch 60, Loss: 0.266510933637619, Accuracy: 11.25%
Epoch 70, Loss: 0.26544803380966187, Accuracy: 10.25%
Epoch 80, Loss: 0.2648395299911499, Accuracy: 11.25%
Epoch 90, Loss: 0.2639378011226654, Accuracy: 10.75%
Epoch 0, Loss: 6.888002395629883, Accuracy: 10.25%
Epoch 10, Loss: 3.3236870765686035, Accuracy: 9.50%
Epoch 20, Loss: 2.829705238342285, Accuracy: 10.25%
Epoch 30, Loss: 2.8729441165924072, Accuracy: 10.25%
Epoch 40, Loss: 2.8581597805023193, Accuracy: 10.25%
Epoch 50, Loss: 2.8578269481658936, Accuracy: 10.25%
Epoch 60, Loss: 2.857811450958252, Accuracy: 10.25%
Epoch 70, Loss: 2.8578109741210938, Accuracy: 10.25%
Epoch 80, Loss: 2.8578109741210938, Accuracy: 10.25%
Epoch 90, Loss: 2.8578109741210938, Accuracy: 10.25%
/home/yannick/.local/lib/python3.10/site-packages/torch/optim/lr_scheduler.py:28: UserWarning: The verbose parameter is deprecated. Please use get_last_lr() to access the learning rate.
  warnings.warn("The verbose parameter is deprecated. Please use get_last_lr() "
1612
10
Epoch 0, Loss: 6.2052836418151855, Accuracy: 10.50%
Epoch 10, Loss: 2.2991766929626465, Accuracy: 14.50%
Epoch 20, Loss: 2.127499580383301, Accuracy: 22.75%
Epoch 30, Loss: 2.006246566772461, Accuracy: 36.00%
Epoch 40, Loss: 1.856257438659668, Accuracy: 41.75%
Epoch 50, Loss: 1.641358494758606, Accuracy: 48.00%
Epoch 60, Loss: 1.3555779457092285, Accuracy: 58.00%
Epoch 70, Loss: 1.050402283668518, Accuracy: 65.50%
Epoch 80, Loss: 0.7913634777069092, Accuracy: 74.75%
Epoch 90, Loss: 0.5783207416534424, Accuracy: 83.75%
Epoch 0, Loss: 0.43374863266944885, Accuracy: 10.00%
Epoch 10, Loss: 0.3022615611553192, Accuracy: 10.25%
Epoch 20, Loss: 0.2806345820426941, Accuracy: 10.00%
Epoch 30, Loss: 0.2728250026702881, Accuracy: 9.50%
Epoch 40, Loss: 0.26935410499572754, Accuracy: 10.50%
Epoch 50, Loss: 0.26719456911087036, Accuracy: 10.50%
Epoch 60, Loss: 0.26567143201828003, Accuracy: 10.25%
Epoch 70, Loss: 0.267452210187912, Accuracy: 10.00%
Epoch 80, Loss: 0.26470571756362915, Accuracy: 9.75%
Epoch 90, Loss: 0.2631658911705017, Accuracy: 10.25%
Epoch 0, Loss: 9.455806732177734, Accuracy: 8.75%
Epoch 10, Loss: 550.7923583984375, Accuracy: 9.75%
Epoch 20, Loss: 405.6485595703125, Accuracy: 9.75%
Epoch 30, Loss: 401.3594055175781, Accuracy: 9.75%
Epoch 40, Loss: 401.2139892578125, Accuracy: 9.75%
Epoch 50, Loss: 401.2104797363281, Accuracy: 9.75%
Epoch 60, Loss: 401.2104797363281, Accuracy: 9.75%
Epoch 70, Loss: 401.21038818359375, Accuracy: 9.75%
Epoch 80, Loss: 401.2102966308594, Accuracy: 9.75%
Epoch 90, Loss: 401.2102966308594, Accuracy: 9.75%
