/home/yannick/anaconda3/envs/gnn_acoustic/lib/python3.8/site-packages/torch/optim/lr_scheduler.py:60: UserWarning: The verbose parameter is deprecated. Please use get_last_lr() to access the learning rate.
  warnings.warn(
1612
10
Epoch 0, Loss: 7.145800590515137, Accuracy: 10.25%
Epoch 10, Loss: 2.4370033740997314, Accuracy: 13.25%
Epoch 20, Loss: 2.20615816116333, Accuracy: 15.75%
Epoch 30, Loss: 2.089146375656128, Accuracy: 31.50%
Epoch 40, Loss: 1.9657520055770874, Accuracy: 39.50%
Epoch 50, Loss: 1.8014039993286133, Accuracy: 47.00%
Epoch 60, Loss: 1.595147728919983, Accuracy: 54.50%
Epoch 70, Loss: 1.3525457382202148, Accuracy: 61.75%
Epoch 80, Loss: 1.136471152305603, Accuracy: 62.25%
Epoch 90, Loss: 0.8838739991188049, Accuracy: 73.75%
Epoch 0, Loss: 0.47849220037460327, Accuracy: 10.00%
Epoch 10, Loss: 0.3192765712738037, Accuracy: 10.50%
Epoch 20, Loss: 0.29056358337402344, Accuracy: 11.75%
Epoch 30, Loss: 0.28019043803215027, Accuracy: 9.00%
Epoch 40, Loss: 0.27457478642463684, Accuracy: 10.75%
Epoch 50, Loss: 0.2718474268913269, Accuracy: 8.00%
Epoch 60, Loss: 0.2699529230594635, Accuracy: 9.00%
Epoch 70, Loss: 0.268390029668808, Accuracy: 9.25%
Epoch 80, Loss: 0.2671736180782318, Accuracy: 9.25%
Epoch 90, Loss: 0.26614928245544434, Accuracy: 8.50%
Traceback (most recent call last):
  File "gnn_model.py", line 313, in <module>
    model3 = train_with_topological_and_cross_loss(model3, dgl_G, features, edge_weights,adj_matrix, labels, int(args.epochs), int(args.lamb))
ValueError: invalid literal for int() with base 10: '1.0'
