Traceback (most recent call last):
  File "/home/yannick/Documents/Acoustic_Linguistic_GNN/gnn_model.py", line 256, in <module>
    glist, label_dict = load_graphs(os.path.join(input_folder,graph_file))
  File "/home/yannick/.local/lib/python3.10/site-packages/dgl/data/graph_serialize.py", line 186, in load_graphs
    check_local_file_exists(filename)
  File "/home/yannick/.local/lib/python3.10/site-packages/dgl/data/graph_serialize.py", line 40, in check_local_file_exists
    raise DGLError("File {} does not exist.".format(filename))
dgl._ffi.base.DGLError: File saved_graphs/timit/clique/filter/kws_graph_-1_1_1000.dgl does not exist.
Traceback (most recent call last):
  File "/home/yannick/Documents/Acoustic_Linguistic_GNN/gnn_model.py", line 256, in <module>
    glist, label_dict = load_graphs(os.path.join(input_folder,graph_file))
  File "/home/yannick/.local/lib/python3.10/site-packages/dgl/data/graph_serialize.py", line 186, in load_graphs
    check_local_file_exists(filename)
  File "/home/yannick/.local/lib/python3.10/site-packages/dgl/data/graph_serialize.py", line 40, in check_local_file_exists
    raise DGLError("File {} does not exist.".format(filename))
dgl._ffi.base.DGLError: File saved_graphs/timit/clique/filter/kws_graph_-1_1_1000.dgl does not exist.
Traceback (most recent call last):
  File "/home/yannick/Documents/Acoustic_Linguistic_GNN/gnn_model.py", line 256, in <module>
    glist, label_dict = load_graphs(os.path.join(input_folder,graph_file))
  File "/home/yannick/.local/lib/python3.10/site-packages/dgl/data/graph_serialize.py", line 186, in load_graphs
    check_local_file_exists(filename)
  File "/home/yannick/.local/lib/python3.10/site-packages/dgl/data/graph_serialize.py", line 40, in check_local_file_exists
    raise DGLError("File {} does not exist.".format(filename))
dgl._ffi.base.DGLError: File saved_graphs/timit/clique/filter/kws_graph_-1_1_1000.dgl does not exist.
128
344
Epoch 0, Loss: 5.850826263427734, Accuracy: 0.12%
Epoch 10, Loss: 5.8227972984313965, Accuracy: 0.25%
Epoch 20, Loss: 5.758111000061035, Accuracy: 1.12%
Epoch 30, Loss: 5.6170268058776855, Accuracy: 1.75%
Epoch 40, Loss: 5.386727809906006, Accuracy: 2.50%
Epoch 0, Loss: 0.6932761669158936, Accuracy: 0.00%
Epoch 10, Loss: 0.18587997555732727, Accuracy: 0.25%
Epoch 20, Loss: 0.14693307876586914, Accuracy: 0.25%
Epoch 30, Loss: 0.12847734987735748, Accuracy: 0.25%
Epoch 40, Loss: 0.1144193634390831, Accuracy: 0.50%
Epoch 0, Loss: 6.5048441886901855, Accuracy: 0.25%
Epoch 10, Loss: 1875.764404296875, Accuracy: 0.50%
Epoch 20, Loss: 81.1832504272461, Accuracy: 0.25%
Epoch 30, Loss: 41.172157287597656, Accuracy: 0.25%
Epoch 40, Loss: 39.74061965942383, Accuracy: 0.25%
128
344
Epoch 0, Loss: 5.850285053253174, Accuracy: 0.12%
Epoch 10, Loss: 5.817295551300049, Accuracy: 0.75%
Epoch 20, Loss: 5.755139350891113, Accuracy: 0.75%
Epoch 30, Loss: 5.633117198944092, Accuracy: 1.12%
Epoch 40, Loss: 5.4411301612854, Accuracy: 2.25%
Epoch 0, Loss: 0.7505865097045898, Accuracy: 0.62%
Epoch 10, Loss: 0.27701282501220703, Accuracy: 0.62%
Epoch 20, Loss: 0.16060134768486023, Accuracy: 0.38%
Epoch 30, Loss: 0.1391362100839615, Accuracy: 0.38%
Epoch 40, Loss: 0.12336243689060211, Accuracy: 0.38%
Epoch 0, Loss: 6.555689334869385, Accuracy: 0.00%
Epoch 10, Loss: 1441.1103515625, Accuracy: 0.38%
Epoch 20, Loss: 415.73968505859375, Accuracy: 0.25%
Epoch 30, Loss: 417.1519470214844, Accuracy: 0.38%
Epoch 40, Loss: 416.6910095214844, Accuracy: 0.38%
