/home/yannick/anaconda3/envs/gnn_acoustic/lib/python3.8/site-packages/torch/optim/lr_scheduler.py:60: UserWarning: The verbose parameter is deprecated. Please use get_last_lr() to access the learning rate.
  warnings.warn(
1612
10
Epoch 0, Loss: 13.709979057312012, Accuracy: 10.00%
Epoch 10, Loss: 2.3353328704833984, Accuracy: 12.25%
Epoch 20, Loss: 2.1593527793884277, Accuracy: 20.00%
Epoch 30, Loss: 2.020951986312866, Accuracy: 29.50%
Epoch 40, Loss: 1.8215550184249878, Accuracy: 39.50%
Epoch 50, Loss: 1.5681461095809937, Accuracy: 52.75%
Epoch 60, Loss: 1.2859938144683838, Accuracy: 60.50%
Epoch 70, Loss: 1.021531343460083, Accuracy: 70.75%
Epoch 80, Loss: 0.7716638445854187, Accuracy: 77.00%
Epoch 90, Loss: 0.5857530832290649, Accuracy: 83.75%
Epoch 0, Loss: 0.4666651785373688, Accuracy: 10.00%
Epoch 10, Loss: 0.3276323676109314, Accuracy: 15.00%
Epoch 20, Loss: 0.2918279469013214, Accuracy: 10.00%
Epoch 30, Loss: 0.2815236747264862, Accuracy: 9.50%
Epoch 40, Loss: 0.27485883235931396, Accuracy: 11.00%
Epoch 50, Loss: 0.27120742201805115, Accuracy: 10.75%
Epoch 60, Loss: 0.2688082158565521, Accuracy: 11.25%
Epoch 70, Loss: 0.267804890871048, Accuracy: 11.25%
Epoch 80, Loss: 0.2662979066371918, Accuracy: 11.50%
Epoch 90, Loss: 0.2652675211429596, Accuracy: 11.50%
Traceback (most recent call last):
  File "gnn_model.py", line 313, in <module>
    model3 = train_with_topological_and_cross_loss(model3, dgl_G, features, edge_weights,adj_matrix, labels, int(args.epochs), int(args.lamb))
ValueError: invalid literal for int() with base 10: '1.0'
