1612
10
Epoch 0, Loss: 7.778452396392822, Accuracy: 13.33%
Epoch 10, Loss: 2.5071775913238525, Accuracy: 9.58%
Epoch 20, Loss: 2.1878926753997803, Accuracy: 22.50%
Epoch 30, Loss: 2.0560967922210693, Accuracy: 31.67%
Epoch 40, Loss: 1.8941484689712524, Accuracy: 30.00%
Epoch 50, Loss: 1.7070528268814087, Accuracy: 42.50%
Epoch 60, Loss: 1.545401692390442, Accuracy: 52.50%
Epoch 70, Loss: 1.3410675525665283, Accuracy: 53.75%
Epoch 80, Loss: 1.1680923700332642, Accuracy: 62.50%
Epoch 90, Loss: 1.0054724216461182, Accuracy: 70.00%
Epoch 0, Loss: 0.4849987030029297, Accuracy: 10.83%
Epoch 10, Loss: 0.32061758637428284, Accuracy: 8.75%
Epoch 20, Loss: 0.2919720709323883, Accuracy: 8.33%
Epoch 30, Loss: 0.28166699409484863, Accuracy: 5.42%
Epoch 40, Loss: 0.27481570839881897, Accuracy: 7.50%
Epoch 50, Loss: 0.27140817046165466, Accuracy: 8.75%
Epoch 60, Loss: 0.2691221535205841, Accuracy: 9.17%
Epoch 70, Loss: 0.2674315273761749, Accuracy: 11.25%
Epoch 80, Loss: 0.26631689071655273, Accuracy: 12.08%
Epoch 90, Loss: 0.26544255018234253, Accuracy: 12.92%
Epoch 0, Loss: 9.099150657653809, Accuracy: 10.42%
Epoch 10, Loss: 3720.947998046875, Accuracy: 10.42%
Traceback (most recent call last):
  File "/home/yannick/Documents/Acoustic_Linguistic_GNN/gnn_model.py", line 313, in <module>
    model3 = train_with_topological_and_cross_loss(model3, dgl_G, features, edge_weights,adj_matrix, labels, int(args.epochs), float(args.lamb))
  File "/home/yannick/Documents/Acoustic_Linguistic_GNN/gnn_model.py", line 189, in train_with_topological_and_cross_loss
    loss.backward()
  File "/home/yannick/.local/lib/python3.10/site-packages/torch/_tensor.py", line 522, in backward
    torch.autograd.backward(
  File "/home/yannick/.local/lib/python3.10/site-packages/torch/autograd/__init__.py", line 266, in backward
    Variable._execution_engine.run_backward(  # Calls into the C++ engine to run the backward pass
  File "/home/yannick/.local/lib/python3.10/site-packages/torch/autograd/function.py", line 277, in apply
    def apply(self, *args):
KeyboardInterrupt
1612
10
Epoch 0, Loss: 11.440364837646484, Accuracy: 10.00%
Epoch 10, Loss: 2.4798967838287354, Accuracy: 17.92%
Epoch 20, Loss: 2.218384027481079, Accuracy: 12.92%
Epoch 30, Loss: 2.0807180404663086, Accuracy: 24.17%
Epoch 40, Loss: 1.9987404346466064, Accuracy: 26.25%
Epoch 50, Loss: 1.8944042921066284, Accuracy: 40.42%
Epoch 60, Loss: 1.765259861946106, Accuracy: 41.67%
Epoch 70, Loss: 1.622310996055603, Accuracy: 46.25%
Epoch 80, Loss: 1.4563100337982178, Accuracy: 56.25%
Epoch 90, Loss: 1.279969334602356, Accuracy: 61.67%
Epoch 0, Loss: 0.47584670782089233, Accuracy: 10.42%
Epoch 10, Loss: 0.302956759929657, Accuracy: 5.83%
Epoch 20, Loss: 0.2884271442890167, Accuracy: 8.75%
Epoch 30, Loss: 0.2819940745830536, Accuracy: 10.83%
Epoch 40, Loss: 0.2771105170249939, Accuracy: 10.00%
Epoch 50, Loss: 0.27395734190940857, Accuracy: 11.25%
Epoch 60, Loss: 0.2722715735435486, Accuracy: 10.42%
Epoch 70, Loss: 0.27116525173187256, Accuracy: 11.25%
Epoch 80, Loss: 0.27020278573036194, Accuracy: 9.17%
Epoch 90, Loss: 0.2694767117500305, Accuracy: 10.00%
Traceback (most recent call last):
  File "/home/yannick/Documents/Acoustic_Linguistic_GNN/gnn_model.py", line 309, in <module>
    model2 = train_with_topological_loss(model2, dgl_G, features, edge_weights,adj_matrix, labels, int(args.epochs))
  File "/home/yannick/Documents/Acoustic_Linguistic_GNN/gnn_model.py", line 159, in train_with_topological_loss
    loss.backward()
  File "/home/yannick/.local/lib/python3.10/site-packages/torch/_tensor.py", line 522, in backward
    torch.autograd.backward(
  File "/home/yannick/.local/lib/python3.10/site-packages/torch/autograd/__init__.py", line 266, in backward
    Variable._execution_engine.run_backward(  # Calls into the C++ engine to run the backward pass
  File "/home/yannick/.local/lib/python3.10/site-packages/torch/autograd/function.py", line 277, in apply
    def apply(self, *args):
KeyboardInterrupt
1612
10
Epoch 0, Loss: 7.375855922698975, Accuracy: 9.58%
Epoch 10, Loss: 2.3070366382598877, Accuracy: 10.00%
Epoch 20, Loss: 2.2920234203338623, Accuracy: 12.08%
Epoch 30, Loss: 2.276015520095825, Accuracy: 13.75%
Epoch 40, Loss: 2.2615230083465576, Accuracy: 15.83%
Epoch 50, Loss: 2.2309694290161133, Accuracy: 16.25%
Epoch 60, Loss: 2.1959643363952637, Accuracy: 16.25%
Epoch 70, Loss: 2.1469175815582275, Accuracy: 16.67%
Epoch 80, Loss: 2.1335411071777344, Accuracy: 15.83%
Epoch 90, Loss: 2.0538506507873535, Accuracy: 22.92%
Epoch 0, Loss: 0.481950044631958, Accuracy: 9.58%
Epoch 10, Loss: 0.31975895166397095, Accuracy: 12.92%
Epoch 20, Loss: 0.2865593731403351, Accuracy: 3.33%
Epoch 30, Loss: 0.2792151868343353, Accuracy: 5.83%
Epoch 40, Loss: 0.2749735713005066, Accuracy: 8.75%
Epoch 50, Loss: 0.2723659873008728, Accuracy: 9.17%
Epoch 60, Loss: 0.27007654309272766, Accuracy: 9.17%
Epoch 70, Loss: 0.26829373836517334, Accuracy: 9.17%
Epoch 80, Loss: 0.26706960797309875, Accuracy: 7.92%
Epoch 90, Loss: 0.26640579104423523, Accuracy: 9.17%
Epoch 0, Loss: 13.586384773254395, Accuracy: 11.67%
Epoch 10, Loss: 3430.7490234375, Accuracy: 10.42%
Epoch 20, Loss: 2921.916259765625, Accuracy: 9.58%
Epoch 30, Loss: 2909.7275390625, Accuracy: 9.58%
Epoch 40, Loss: 2909.29248046875, Accuracy: 9.58%
Epoch 50, Loss: 2909.28271484375, Accuracy: 9.58%
Epoch 60, Loss: 2909.28271484375, Accuracy: 9.58%
Epoch 70, Loss: 2909.28271484375, Accuracy: 9.58%
Epoch 80, Loss: 2909.28271484375, Accuracy: 9.58%
Epoch 90, Loss: 2909.282470703125, Accuracy: 9.58%
1612
10
Epoch 0, Loss: 11.783448219299316, Accuracy: 10.42%
Epoch 10, Loss: 2.412933826446533, Accuracy: 14.58%
Epoch 20, Loss: 2.183100700378418, Accuracy: 17.92%
Epoch 30, Loss: 2.071868658065796, Accuracy: 26.25%
Epoch 40, Loss: 1.975975513458252, Accuracy: 28.75%
Epoch 50, Loss: 1.8452999591827393, Accuracy: 37.92%
Epoch 60, Loss: 1.6807305812835693, Accuracy: 48.33%
Epoch 70, Loss: 1.455546498298645, Accuracy: 56.67%
Epoch 80, Loss: 1.1923998594284058, Accuracy: 62.08%
Epoch 90, Loss: 0.9748991131782532, Accuracy: 71.25%
Epoch 0, Loss: 0.4795224368572235, Accuracy: 10.00%
Epoch 10, Loss: 0.3018181622028351, Accuracy: 9.58%
Epoch 20, Loss: 0.28932446241378784, Accuracy: 9.58%
Epoch 30, Loss: 0.27930015325546265, Accuracy: 10.00%
Epoch 40, Loss: 0.2752377390861511, Accuracy: 7.50%
Epoch 50, Loss: 0.2724505066871643, Accuracy: 7.08%
Epoch 60, Loss: 0.2705064117908478, Accuracy: 7.50%
Epoch 70, Loss: 0.26911461353302, Accuracy: 7.50%
Epoch 80, Loss: 0.26809757947921753, Accuracy: 7.50%
Epoch 90, Loss: 0.26732224225997925, Accuracy: 7.92%
Epoch 0, Loss: 8.214475631713867, Accuracy: 9.58%
Epoch 10, Loss: 8497.3173828125, Accuracy: 10.00%
Epoch 20, Loss: 1247.2054443359375, Accuracy: 9.58%
Epoch 30, Loss: 1112.0072021484375, Accuracy: 9.58%
Epoch 40, Loss: 1107.784423828125, Accuracy: 9.58%
Epoch 50, Loss: 1107.6888427734375, Accuracy: 9.58%
Epoch 60, Loss: 1107.688232421875, Accuracy: 9.58%
Epoch 70, Loss: 1107.6881103515625, Accuracy: 9.58%
Epoch 80, Loss: 1107.6875, Accuracy: 9.58%
Epoch 90, Loss: 1107.687255859375, Accuracy: 9.58%
1612
10
Epoch 0, Loss: 18.027738571166992, Accuracy: 10.00%
Epoch 10, Loss: 3.0353121757507324, Accuracy: 10.42%
Epoch 20, Loss: 2.3689417839050293, Accuracy: 12.50%
Epoch 30, Loss: 2.2628114223480225, Accuracy: 15.83%
Epoch 40, Loss: 2.2068839073181152, Accuracy: 13.33%
Epoch 50, Loss: 2.1376023292541504, Accuracy: 15.00%
Epoch 60, Loss: 2.054952383041382, Accuracy: 20.83%
Epoch 70, Loss: 1.958298921585083, Accuracy: 22.92%
Epoch 80, Loss: 1.8420493602752686, Accuracy: 33.75%
Epoch 90, Loss: 1.6976826190948486, Accuracy: 38.33%
Epoch 0, Loss: 0.48679986596107483, Accuracy: 10.00%
Epoch 10, Loss: 0.3049982488155365, Accuracy: 9.58%
Epoch 20, Loss: 0.2853112816810608, Accuracy: 10.00%
Epoch 30, Loss: 0.279621958732605, Accuracy: 10.00%
Epoch 40, Loss: 0.2755206823348999, Accuracy: 9.58%
Epoch 50, Loss: 0.2721739709377289, Accuracy: 9.58%
Epoch 60, Loss: 0.269846111536026, Accuracy: 10.00%
Epoch 70, Loss: 0.2682376205921173, Accuracy: 10.00%
Epoch 80, Loss: 0.26700466871261597, Accuracy: 10.00%
Epoch 90, Loss: 0.26607951521873474, Accuracy: 10.00%
Epoch 0, Loss: 5.91762113571167, Accuracy: 10.83%
Epoch 10, Loss: 3513.815673828125, Accuracy: 9.58%
Epoch 20, Loss: 3170.124267578125, Accuracy: 9.58%
Epoch 30, Loss: 3142.329833984375, Accuracy: 9.58%
Epoch 40, Loss: 3141.343994140625, Accuracy: 9.58%
Epoch 50, Loss: 3141.320556640625, Accuracy: 9.58%
Epoch 60, Loss: 3141.3203125, Accuracy: 9.58%
Epoch 70, Loss: 3141.31982421875, Accuracy: 9.58%
Epoch 80, Loss: 3141.319580078125, Accuracy: 9.58%
Epoch 90, Loss: 3141.319091796875, Accuracy: 9.58%
1612
10
Epoch 0, Loss: 15.928911209106445, Accuracy: 11.67%
Epoch 10, Loss: 2.7756893634796143, Accuracy: 15.83%
Epoch 20, Loss: 2.2255475521087646, Accuracy: 20.83%
Epoch 30, Loss: 2.1011645793914795, Accuracy: 25.00%
Epoch 40, Loss: 1.9855215549468994, Accuracy: 31.25%
Epoch 50, Loss: 1.840569257736206, Accuracy: 42.08%
Epoch 60, Loss: 1.6996898651123047, Accuracy: 46.25%
Epoch 70, Loss: 1.5368053913116455, Accuracy: 51.25%
Epoch 80, Loss: 1.3506747484207153, Accuracy: 57.92%
Epoch 90, Loss: 1.1289335489273071, Accuracy: 65.83%
Epoch 0, Loss: 0.48082220554351807, Accuracy: 9.58%
Epoch 10, Loss: 0.3245640695095062, Accuracy: 12.08%
Epoch 20, Loss: 0.2987414300441742, Accuracy: 7.92%
Epoch 30, Loss: 0.29017123579978943, Accuracy: 9.17%
Epoch 40, Loss: 0.27938172221183777, Accuracy: 9.58%
Epoch 50, Loss: 0.2749507427215576, Accuracy: 10.00%
Epoch 60, Loss: 0.2722698748111725, Accuracy: 9.17%
Epoch 70, Loss: 0.2702721357345581, Accuracy: 9.58%
Epoch 80, Loss: 0.26896727085113525, Accuracy: 10.42%
Epoch 90, Loss: 0.26790449023246765, Accuracy: 10.83%
Epoch 0, Loss: 5.049823760986328, Accuracy: 10.83%
Epoch 10, Loss: 4.924629211425781, Accuracy: 10.00%
Epoch 20, Loss: 4.195487022399902, Accuracy: 10.00%
Epoch 30, Loss: 3.603322744369507, Accuracy: 10.00%
Epoch 40, Loss: 3.1836538314819336, Accuracy: 10.42%
Epoch 50, Loss: 2.973849058151245, Accuracy: 10.42%
Epoch 60, Loss: 2.870631217956543, Accuracy: 10.42%
Epoch 70, Loss: 2.8254570960998535, Accuracy: 10.00%
Epoch 80, Loss: 2.8050730228424072, Accuracy: 10.00%
Epoch 90, Loss: 2.8009142875671387, Accuracy: 10.00%
1612
10
Epoch 0, Loss: 19.15904426574707, Accuracy: 10.42%
Epoch 10, Loss: 2.3218674659729004, Accuracy: 8.33%
Epoch 20, Loss: 2.2454469203948975, Accuracy: 12.92%
Epoch 30, Loss: 2.1746184825897217, Accuracy: 20.42%
Epoch 40, Loss: 2.113081932067871, Accuracy: 22.92%
Epoch 50, Loss: 2.029405355453491, Accuracy: 22.92%
Epoch 60, Loss: 1.9021155834197998, Accuracy: 35.00%
Epoch 70, Loss: 1.7758973836898804, Accuracy: 37.08%
Epoch 80, Loss: 1.6299768686294556, Accuracy: 45.83%
Epoch 90, Loss: 1.464636206626892, Accuracy: 55.00%
Epoch 0, Loss: 0.48425066471099854, Accuracy: 10.42%
Epoch 10, Loss: 0.3143194615840912, Accuracy: 12.92%
Epoch 20, Loss: 0.29062503576278687, Accuracy: 15.00%
Epoch 30, Loss: 0.27692392468452454, Accuracy: 12.50%
Epoch 40, Loss: 0.27144119143486023, Accuracy: 11.67%
Epoch 50, Loss: 0.26873308420181274, Accuracy: 13.33%
Epoch 60, Loss: 0.26688697934150696, Accuracy: 14.17%
Epoch 70, Loss: 0.2652078866958618, Accuracy: 13.75%
Epoch 80, Loss: 0.26417621970176697, Accuracy: 12.08%
Epoch 90, Loss: 0.2641081213951111, Accuracy: 12.92%
Epoch 0, Loss: 11.30136489868164, Accuracy: 10.00%
Epoch 10, Loss: 5520.13037109375, Accuracy: 10.42%
Epoch 20, Loss: 3126.84130859375, Accuracy: 10.42%
Epoch 30, Loss: 3078.743408203125, Accuracy: 10.42%
Epoch 40, Loss: 3077.184326171875, Accuracy: 10.42%
Epoch 50, Loss: 3077.149658203125, Accuracy: 10.42%
Epoch 60, Loss: 3077.147705078125, Accuracy: 10.42%
Epoch 70, Loss: 3077.14794921875, Accuracy: 10.42%
Epoch 80, Loss: 3077.1484375, Accuracy: 10.42%
Epoch 90, Loss: 3077.1474609375, Accuracy: 10.42%
1612
10
Epoch 0, Loss: 12.43789291381836, Accuracy: 10.00%
Epoch 10, Loss: 2.6365742683410645, Accuracy: 14.17%
Epoch 20, Loss: 2.1665639877319336, Accuracy: 16.67%
Epoch 30, Loss: 2.0062944889068604, Accuracy: 26.67%
Epoch 40, Loss: 1.8880562782287598, Accuracy: 37.92%
Epoch 50, Loss: 1.7766163349151611, Accuracy: 37.08%
Epoch 60, Loss: 1.6597613096237183, Accuracy: 46.67%
Epoch 70, Loss: 1.5312482118606567, Accuracy: 52.92%
Epoch 80, Loss: 1.423751711845398, Accuracy: 56.67%
Epoch 90, Loss: 1.2702200412750244, Accuracy: 64.17%
Epoch 0, Loss: 0.48771804571151733, Accuracy: 8.33%
Epoch 10, Loss: 0.3105834424495697, Accuracy: 10.42%
Epoch 20, Loss: 0.28835612535476685, Accuracy: 9.17%
Epoch 30, Loss: 0.2804853022098541, Accuracy: 10.83%
Epoch 40, Loss: 0.27682510018348694, Accuracy: 10.00%
Epoch 50, Loss: 0.2726556658744812, Accuracy: 10.00%
Epoch 60, Loss: 0.27021995186805725, Accuracy: 10.00%
Epoch 70, Loss: 0.2684897482395172, Accuracy: 10.00%
Epoch 80, Loss: 0.2672879099845886, Accuracy: 8.33%
Epoch 90, Loss: 0.26667520403862, Accuracy: 9.17%
Epoch 0, Loss: 17.277551651000977, Accuracy: 9.58%
Epoch 10, Loss: 5.681962013244629, Accuracy: 10.42%
Epoch 20, Loss: 5.3542985916137695, Accuracy: 10.42%
Epoch 30, Loss: 4.572164058685303, Accuracy: 10.42%
Epoch 40, Loss: 3.94020938873291, Accuracy: 10.42%
Epoch 50, Loss: 3.5856027603149414, Accuracy: 10.00%
Epoch 60, Loss: 3.357034683227539, Accuracy: 10.42%
Epoch 70, Loss: 3.1886301040649414, Accuracy: 10.42%
Epoch 80, Loss: 3.0708048343658447, Accuracy: 10.42%
Epoch 90, Loss: 2.990124225616455, Accuracy: 10.00%
1612
10
Epoch 0, Loss: 13.432758331298828, Accuracy: 11.25%
Epoch 10, Loss: 2.3212547302246094, Accuracy: 12.50%
Epoch 20, Loss: 2.279343605041504, Accuracy: 11.25%
Epoch 30, Loss: 2.2711031436920166, Accuracy: 14.58%
Epoch 40, Loss: 2.2671515941619873, Accuracy: 15.42%
Epoch 50, Loss: 2.2664201259613037, Accuracy: 15.83%
Epoch 60, Loss: 2.26584792137146, Accuracy: 16.67%
Epoch 70, Loss: 2.265324115753174, Accuracy: 16.67%
Epoch 80, Loss: 2.2648043632507324, Accuracy: 16.25%
Epoch 90, Loss: 2.264268636703491, Accuracy: 16.67%
Epoch 0, Loss: 0.48797503113746643, Accuracy: 9.58%
Epoch 10, Loss: 0.3088802695274353, Accuracy: 11.67%
Epoch 20, Loss: 0.28804829716682434, Accuracy: 10.00%
Epoch 30, Loss: 0.28903502225875854, Accuracy: 9.58%
Epoch 40, Loss: 0.28630995750427246, Accuracy: 9.17%
Epoch 50, Loss: 0.28622710704803467, Accuracy: 9.17%
Epoch 60, Loss: 0.2862251102924347, Accuracy: 9.17%
Epoch 70, Loss: 0.286222904920578, Accuracy: 9.17%
Epoch 80, Loss: 0.28622061014175415, Accuracy: 9.17%
Epoch 90, Loss: 0.28621819615364075, Accuracy: 9.17%
Epoch 0, Loss: 14.016472816467285, Accuracy: 8.75%
Epoch 10, Loss: 880.6422119140625, Accuracy: 10.00%
Epoch 20, Loss: 789.2651977539062, Accuracy: 10.00%
Epoch 30, Loss: 785.4815673828125, Accuracy: 10.00%
Epoch 40, Loss: 785.31640625, Accuracy: 10.00%
Epoch 50, Loss: 785.3121337890625, Accuracy: 10.00%
Epoch 60, Loss: 785.3121337890625, Accuracy: 10.00%
Epoch 70, Loss: 785.3121337890625, Accuracy: 10.00%
Epoch 80, Loss: 785.3120727539062, Accuracy: 10.00%
Epoch 90, Loss: 785.3120727539062, Accuracy: 10.00%
1612
10
Epoch 0, Loss: 8.130772590637207, Accuracy: 10.00%
Epoch 10, Loss: 2.7456283569335938, Accuracy: 10.83%
Epoch 20, Loss: 2.235854148864746, Accuracy: 15.42%
Epoch 30, Loss: 2.1581368446350098, Accuracy: 22.08%
Epoch 40, Loss: 2.066035032272339, Accuracy: 29.17%
Epoch 50, Loss: 1.9534058570861816, Accuracy: 35.00%
Epoch 60, Loss: 1.821961760520935, Accuracy: 40.42%
Epoch 70, Loss: 1.687587857246399, Accuracy: 43.33%
Epoch 80, Loss: 1.5267759561538696, Accuracy: 50.00%
Epoch 90, Loss: 1.3386210203170776, Accuracy: 54.58%
Epoch 0, Loss: 0.4855498969554901, Accuracy: 10.00%
Epoch 10, Loss: 0.30543196201324463, Accuracy: 9.58%
Epoch 20, Loss: 0.28490275144577026, Accuracy: 7.92%
Epoch 30, Loss: 0.27949419617652893, Accuracy: 6.25%
Epoch 40, Loss: 0.27357417345046997, Accuracy: 7.92%
Epoch 50, Loss: 0.27065297961235046, Accuracy: 9.58%
Epoch 60, Loss: 0.26940420269966125, Accuracy: 9.17%
Epoch 70, Loss: 0.2679212987422943, Accuracy: 8.75%
Epoch 80, Loss: 0.26758816838264465, Accuracy: 6.67%
Epoch 90, Loss: 0.2673569321632385, Accuracy: 7.92%
Epoch 0, Loss: 7.127526760101318, Accuracy: 10.42%
Epoch 10, Loss: 3450.62451171875, Accuracy: 10.00%
Epoch 20, Loss: 963.23828125, Accuracy: 10.00%
Epoch 30, Loss: 874.069580078125, Accuracy: 10.00%
Epoch 40, Loss: 871.5175170898438, Accuracy: 10.00%
Epoch 50, Loss: 871.46533203125, Accuracy: 10.00%
Epoch 60, Loss: 871.4647216796875, Accuracy: 10.00%
Epoch 70, Loss: 871.4647216796875, Accuracy: 10.00%
Epoch 80, Loss: 871.4644165039062, Accuracy: 10.00%
Epoch 90, Loss: 871.4634399414062, Accuracy: 10.00%
1612
10
Epoch 0, Loss: 3.569525718688965, Accuracy: 7.92%
Epoch 10, Loss: 2.2993338108062744, Accuracy: 12.50%
Epoch 20, Loss: 2.285885810852051, Accuracy: 11.67%
Epoch 30, Loss: 2.2511398792266846, Accuracy: 18.33%
Epoch 40, Loss: 2.1875264644622803, Accuracy: 19.58%
Epoch 50, Loss: 2.131351947784424, Accuracy: 19.17%
Epoch 60, Loss: 2.0679352283477783, Accuracy: 22.08%
Epoch 70, Loss: 1.9842795133590698, Accuracy: 27.92%
Epoch 80, Loss: 1.888049840927124, Accuracy: 34.17%
Epoch 90, Loss: 1.7929151058197021, Accuracy: 39.17%
Epoch 0, Loss: 0.4795149862766266, Accuracy: 8.75%
Epoch 10, Loss: 0.3274647295475006, Accuracy: 12.08%
Epoch 20, Loss: 0.2882089614868164, Accuracy: 7.92%
Epoch 30, Loss: 0.280576229095459, Accuracy: 9.17%
Epoch 40, Loss: 0.27626609802246094, Accuracy: 8.33%
Epoch 50, Loss: 0.27289313077926636, Accuracy: 9.17%
Epoch 60, Loss: 0.2706115245819092, Accuracy: 7.08%
Epoch 70, Loss: 0.26890137791633606, Accuracy: 6.25%
Epoch 80, Loss: 0.26757776737213135, Accuracy: 5.42%
Epoch 90, Loss: 0.2666170001029968, Accuracy: 5.00%
Epoch 0, Loss: 11.5410795211792, Accuracy: 10.00%
Epoch 10, Loss: 5083.5751953125, Accuracy: 10.42%
Epoch 20, Loss: 6188.53173828125, Accuracy: 9.58%
Epoch 30, Loss: 5931.93798828125, Accuracy: 9.58%
Epoch 40, Loss: 5922.5107421875, Accuracy: 9.58%
Epoch 50, Loss: 5922.29443359375, Accuracy: 9.58%
Epoch 60, Loss: 5922.29443359375, Accuracy: 9.58%
Epoch 70, Loss: 5922.29443359375, Accuracy: 9.58%
Epoch 80, Loss: 5922.29443359375, Accuracy: 9.58%
Epoch 90, Loss: 5922.29443359375, Accuracy: 9.58%
1612
10
Epoch 0, Loss: 20.402807235717773, Accuracy: 10.00%
Epoch 10, Loss: 2.3557536602020264, Accuracy: 9.17%
Epoch 20, Loss: 2.239508867263794, Accuracy: 12.50%
Epoch 30, Loss: 2.189298391342163, Accuracy: 17.92%
Epoch 40, Loss: 2.121711492538452, Accuracy: 21.67%
Epoch 50, Loss: 2.0566744804382324, Accuracy: 26.25%
Epoch 60, Loss: 1.9623099565505981, Accuracy: 29.58%
Epoch 70, Loss: 1.9178580045700073, Accuracy: 31.67%
Epoch 80, Loss: 1.8201348781585693, Accuracy: 30.42%
Epoch 90, Loss: 1.5578564405441284, Accuracy: 45.83%
Epoch 0, Loss: 0.48221513628959656, Accuracy: 10.42%
Epoch 10, Loss: 0.29125452041625977, Accuracy: 12.50%
Epoch 20, Loss: 0.2878234088420868, Accuracy: 12.08%
Epoch 30, Loss: 0.28237271308898926, Accuracy: 10.83%
Epoch 40, Loss: 0.2799028754234314, Accuracy: 11.25%
Epoch 50, Loss: 0.27825212478637695, Accuracy: 12.50%
Epoch 60, Loss: 0.2768692076206207, Accuracy: 12.08%
Epoch 70, Loss: 0.27592018246650696, Accuracy: 10.42%
Epoch 80, Loss: 0.2751363217830658, Accuracy: 11.25%
Epoch 90, Loss: 0.2744128108024597, Accuracy: 10.83%
Epoch 0, Loss: 16.91373062133789, Accuracy: 10.42%
Epoch 10, Loss: 10093.6552734375, Accuracy: 10.00%
Epoch 20, Loss: 6026.740234375, Accuracy: 10.00%
Epoch 30, Loss: 5985.8798828125, Accuracy: 10.00%
Epoch 40, Loss: 5984.41357421875, Accuracy: 10.00%
Epoch 50, Loss: 5984.38134765625, Accuracy: 10.00%
Epoch 60, Loss: 5984.38037109375, Accuracy: 10.00%
Epoch 70, Loss: 5984.38037109375, Accuracy: 10.00%
Epoch 80, Loss: 5984.37939453125, Accuracy: 10.00%
Epoch 90, Loss: 5984.38134765625, Accuracy: 10.00%
1612
10
Epoch 0, Loss: 14.564117431640625, Accuracy: 10.42%
Epoch 10, Loss: 2.370828866958618, Accuracy: 9.17%
Epoch 20, Loss: 2.3096399307250977, Accuracy: 9.58%
Epoch 30, Loss: 2.2889506816864014, Accuracy: 11.25%
Epoch 40, Loss: 2.2690348625183105, Accuracy: 15.00%
Epoch 50, Loss: 2.237380266189575, Accuracy: 17.08%
Epoch 60, Loss: 2.2155487537384033, Accuracy: 17.92%
Epoch 70, Loss: 2.1961097717285156, Accuracy: 19.17%
Epoch 80, Loss: 2.178321123123169, Accuracy: 19.58%
Epoch 90, Loss: 2.160416603088379, Accuracy: 21.25%
Epoch 0, Loss: 0.4892843961715698, Accuracy: 9.58%
Epoch 10, Loss: 0.31457221508026123, Accuracy: 12.92%
Epoch 20, Loss: 0.2974388599395752, Accuracy: 10.83%
Epoch 30, Loss: 0.28531572222709656, Accuracy: 10.00%
Epoch 40, Loss: 0.28150704503059387, Accuracy: 10.42%
Epoch 50, Loss: 0.27980437874794006, Accuracy: 10.83%
Epoch 60, Loss: 0.2784877121448517, Accuracy: 12.50%
Epoch 70, Loss: 0.2773984372615814, Accuracy: 10.83%
Epoch 80, Loss: 0.27654096484184265, Accuracy: 11.25%
Epoch 90, Loss: 0.27576231956481934, Accuracy: 11.67%
Epoch 0, Loss: 17.710750579833984, Accuracy: 10.00%
Epoch 10, Loss: 2932.50537109375, Accuracy: 10.42%
Epoch 20, Loss: 2887.50146484375, Accuracy: 9.58%
Epoch 30, Loss: 2879.982177734375, Accuracy: 9.58%
Epoch 40, Loss: 2879.686279296875, Accuracy: 9.58%
Epoch 50, Loss: 2879.67822265625, Accuracy: 9.58%
Epoch 60, Loss: 2879.67822265625, Accuracy: 9.58%
Epoch 70, Loss: 2879.67822265625, Accuracy: 9.58%
Epoch 80, Loss: 2879.67822265625, Accuracy: 9.58%
Epoch 90, Loss: 2879.67822265625, Accuracy: 9.58%
