/home/yannick/anaconda3/envs/gnn_acoustic/lib/python3.8/site-packages/torch/optim/lr_scheduler.py:60: UserWarning: The verbose parameter is deprecated. Please use get_last_lr() to access the learning rate.
  warnings.warn(
1612
10
Epoch 0, Loss: 4.708174228668213, Accuracy: 9.50%
Epoch 10, Loss: 2.3569188117980957, Accuracy: 16.00%
Epoch 20, Loss: 2.1379151344299316, Accuracy: 24.25%
Epoch 30, Loss: 1.9903584718704224, Accuracy: 27.75%
Epoch 40, Loss: 1.837072730064392, Accuracy: 38.75%
Epoch 50, Loss: 1.663069725036621, Accuracy: 51.00%
Epoch 60, Loss: 1.444969892501831, Accuracy: 58.25%
Epoch 70, Loss: 1.2109458446502686, Accuracy: 67.50%
Epoch 80, Loss: 0.9602587223052979, Accuracy: 75.00%
Epoch 90, Loss: 0.7292753458023071, Accuracy: 80.75%
Epoch 0, Loss: 0.46771326661109924, Accuracy: 10.25%
Epoch 10, Loss: 0.3171723484992981, Accuracy: 12.50%
Epoch 20, Loss: 0.28399658203125, Accuracy: 10.00%
Epoch 30, Loss: 0.2765909731388092, Accuracy: 9.75%
Epoch 40, Loss: 0.2722269594669342, Accuracy: 10.00%
Epoch 50, Loss: 0.2689296007156372, Accuracy: 9.75%
Epoch 60, Loss: 0.2666228115558624, Accuracy: 10.00%
Epoch 70, Loss: 0.26508212089538574, Accuracy: 10.25%
Epoch 80, Loss: 0.2644495964050293, Accuracy: 11.00%
Epoch 90, Loss: 0.2633751332759857, Accuracy: 10.25%
Traceback (most recent call last):
  File "gnn_model.py", line 313, in <module>
    model3 = train_with_topological_and_cross_loss(model3, dgl_G, features, edge_weights,adj_matrix, labels, int(args.epochs), int(args.lamb))
ValueError: invalid literal for int() with base 10: '1.0'
