1612
8
Epoch 0, Loss: 4.217906951904297, Accuracy: 14.44%
Epoch 10, Loss: 2.040832757949829, Accuracy: 16.75%
Epoch 20, Loss: 1.9629385471343994, Accuracy: 21.38%
Epoch 30, Loss: 1.8368659019470215, Accuracy: 28.25%
Epoch 40, Loss: 1.7437764406204224, Accuracy: 35.94%
Epoch 0, Loss: 0.6471987366676331, Accuracy: 11.44%
Epoch 10, Loss: 0.26229339838027954, Accuracy: 12.62%
Epoch 20, Loss: 0.23519442975521088, Accuracy: 10.88%
Epoch 30, Loss: 0.22336503863334656, Accuracy: 9.81%
Epoch 40, Loss: 0.21601244807243347, Accuracy: 10.56%
Epoch 0, Loss: 3.6553711891174316, Accuracy: 14.50%
Epoch 10, Loss: 4398.10888671875, Accuracy: 12.75%
Epoch 20, Loss: 3983.52783203125, Accuracy: 12.75%
Epoch 30, Loss: 3960.678955078125, Accuracy: 12.75%
Epoch 40, Loss: 3959.66064453125, Accuracy: 12.75%
1612
8
Epoch 0, Loss: 5.085254192352295, Accuracy: 9.50%
Epoch 10, Loss: 2.0391933917999268, Accuracy: 17.88%
Epoch 20, Loss: 1.801003098487854, Accuracy: 37.00%
Epoch 30, Loss: 1.4163724184036255, Accuracy: 51.75%
Epoch 40, Loss: 1.067522644996643, Accuracy: 66.31%
Epoch 0, Loss: 0.6162428855895996, Accuracy: 11.94%
Epoch 10, Loss: 0.24518615007400513, Accuracy: 11.31%
Epoch 20, Loss: 0.23236052691936493, Accuracy: 11.00%
Epoch 30, Loss: 0.22228938341140747, Accuracy: 10.25%
Epoch 40, Loss: 0.21502795815467834, Accuracy: 11.19%
Epoch 0, Loss: 4.1842780113220215, Accuracy: 10.44%
Epoch 10, Loss: 5034.20263671875, Accuracy: 12.56%
Epoch 20, Loss: 2944.22900390625, Accuracy: 12.75%
Epoch 30, Loss: 2908.532470703125, Accuracy: 12.75%
Traceback (most recent call last):
  File "/home/yannick/Documents/Acoustic_Linguistic_GNN/gnn_model.py", line 313, in <module>
    model3 = train_with_topological_and_cross_loss(model3, dgl_G, features, edge_weights,adj_matrix, labels, int(args.epochs), float(args.lamb))
  File "/home/yannick/Documents/Acoustic_Linguistic_GNN/gnn_model.py", line 189, in train_with_topological_and_cross_loss
    loss.backward()
  File "/home/yannick/.local/lib/python3.10/site-packages/torch/_tensor.py", line 522, in backward
    torch.autograd.backward(
  File "/home/yannick/.local/lib/python3.10/site-packages/torch/autograd/__init__.py", line 266, in backward
    Variable._execution_engine.run_backward(  # Calls into the C++ engine to run the backward pass
  File "/home/yannick/.local/lib/python3.10/site-packages/torch/autograd/function.py", line 277, in apply
    def apply(self, *args):
KeyboardInterrupt
