1612
8
Epoch 0, Loss: 3.5026044845581055, Accuracy: 10.83%
Epoch 10, Loss: 1.98911452293396, Accuracy: 21.67%
Epoch 20, Loss: 1.6550997495651245, Accuracy: 43.33%
Epoch 30, Loss: 1.1379377841949463, Accuracy: 71.67%
Epoch 40, Loss: 0.6282780170440674, Accuracy: 83.33%
Epoch 50, Loss: 0.26411694288253784, Accuracy: 97.08%
Epoch 60, Loss: 0.08738961070775986, Accuracy: 99.17%
Epoch 70, Loss: 0.026340076699852943, Accuracy: 100.00%
Epoch 80, Loss: 0.010377480648458004, Accuracy: 100.00%
Epoch 90, Loss: 0.005308634601533413, Accuracy: 100.00%
Epoch 0, Loss: 0.4454488158226013, Accuracy: 13.33%
Epoch 10, Loss: 0.288754403591156, Accuracy: 14.58%
Epoch 20, Loss: 0.27306851744651794, Accuracy: 13.75%
Epoch 30, Loss: 0.2655462920665741, Accuracy: 14.58%
Epoch 40, Loss: 0.261116087436676, Accuracy: 16.67%
Epoch 50, Loss: 0.25881287455558777, Accuracy: 17.08%
Epoch 60, Loss: 0.2574286162853241, Accuracy: 18.75%
Epoch 70, Loss: 0.25730523467063904, Accuracy: 18.33%
Epoch 80, Loss: 0.25621336698532104, Accuracy: 17.50%
Epoch 90, Loss: 0.2556333839893341, Accuracy: 16.25%
Epoch 0, Loss: 3.4980735778808594, Accuracy: 13.33%
Epoch 10, Loss: 4685.9619140625, Accuracy: 12.50%
Epoch 20, Loss: 2674.272216796875, Accuracy: 12.50%
Epoch 30, Loss: 2523.052734375, Accuracy: 12.08%
Epoch 40, Loss: 2522.1748046875, Accuracy: 12.08%
Epoch 50, Loss: 2522.14404296875, Accuracy: 12.08%
Epoch 60, Loss: 2522.143798828125, Accuracy: 12.08%
Epoch 70, Loss: 2522.143798828125, Accuracy: 12.08%
Epoch 80, Loss: 2522.143798828125, Accuracy: 12.08%
Epoch 90, Loss: 2522.143798828125, Accuracy: 12.08%
1612
8
Epoch 0, Loss: 3.0411062240600586, Accuracy: 12.08%
Epoch 10, Loss: 1.7851637601852417, Accuracy: 34.17%
Epoch 20, Loss: 1.1843688488006592, Accuracy: 69.17%
Epoch 30, Loss: 0.550917387008667, Accuracy: 85.00%
Epoch 40, Loss: 0.16248244047164917, Accuracy: 97.50%
Epoch 50, Loss: 0.03792085498571396, Accuracy: 100.00%
Epoch 60, Loss: 0.0117331026121974, Accuracy: 100.00%
Epoch 70, Loss: 0.005600171163678169, Accuracy: 100.00%
Epoch 80, Loss: 0.0035280510783195496, Accuracy: 100.00%
Epoch 90, Loss: 0.0026332971174269915, Accuracy: 100.00%
Epoch 0, Loss: 0.428179532289505, Accuracy: 12.92%
Epoch 10, Loss: 0.28620558977127075, Accuracy: 11.25%
Traceback (most recent call last):
  File "/home/yannick/Documents/Acoustic_Linguistic_GNN/gnn_model.py", line 309, in <module>
    model2 = train_with_topological_loss(model2, dgl_G, features, edge_weights,adj_matrix, labels, int(args.epochs))
  File "/home/yannick/Documents/Acoustic_Linguistic_GNN/gnn_model.py", line 159, in train_with_topological_loss
    loss.backward()
  File "/home/yannick/.local/lib/python3.10/site-packages/torch/_tensor.py", line 522, in backward
    torch.autograd.backward(
  File "/home/yannick/.local/lib/python3.10/site-packages/torch/autograd/__init__.py", line 266, in backward
    Variable._execution_engine.run_backward(  # Calls into the C++ engine to run the backward pass
  File "/home/yannick/.local/lib/python3.10/site-packages/torch/autograd/function.py", line 277, in apply
    def apply(self, *args):
KeyboardInterrupt
