2025-05-28 00:28:00,273 - INFO - Model saved to models/hetero_gnn_model.pth
Epoch 0, Loss: 2.437283515930176, Accuracy: 12.50%
Epoch 10, Loss: 1.5058997869491577, Accuracy: 48.25%
Epoch 20, Loss: 0.8059056997299194, Accuracy: 78.75%
Epoch 30, Loss: 0.35218456387519836, Accuracy: 94.50%
Epoch 40, Loss: 0.11242622137069702, Accuracy: 99.75%
Epoch 50, Loss: 0.03456247225403786, Accuracy: 100.00%
Epoch 60, Loss: 0.014086085371673107, Accuracy: 100.00%
Epoch 70, Loss: 0.007654262240976095, Accuracy: 100.00%
Epoch 80, Loss: 0.005019136238843203, Accuracy: 100.00%
Epoch 90, Loss: 0.003694487502798438, Accuracy: 100.00%
2025-05-28 00:55:54,249 - INFO - Model saved to models/hetero_gnn_edge_regressor.pth
Epoch 0, Loss: 0.9076, BCE Loss: 0.9076
Epoch 10, Loss: 0.8264, BCE Loss: 0.8264
Epoch 20, Loss: 0.6976, BCE Loss: 0.6976
Epoch 30, Loss: 0.6417, BCE Loss: 0.6417
Epoch 40, Loss: 0.5934, BCE Loss: 0.5934
Epoch 50, Loss: 0.5599, BCE Loss: 0.5599
Epoch 60, Loss: 0.5352, BCE Loss: 0.5352
Epoch 70, Loss: 0.5135, BCE Loss: 0.5135
Epoch 80, Loss: 0.4908, BCE Loss: 0.4908
Epoch 90, Loss: 0.4691, BCE Loss: 0.4691
Epoch 100, Loss: 0.4473, BCE Loss: 0.4473
Epoch 110, Loss: 0.4259, BCE Loss: 0.4259
Epoch 120, Loss: 0.4044, BCE Loss: 0.4044
Epoch 130, Loss: 0.3821, BCE Loss: 0.3821
Epoch 140, Loss: 0.3602, BCE Loss: 0.3602
Epoch 150, Loss: 0.3379, BCE Loss: 0.3379
Epoch 160, Loss: 0.3162, BCE Loss: 0.3162
Epoch 170, Loss: 0.2943, BCE Loss: 0.2943
Epoch 180, Loss: 0.2732, BCE Loss: 0.2732
Epoch 190, Loss: 0.2515, BCE Loss: 0.2515
2025-05-28 00:56:58,213 - INFO - Model saved to models/hetero_gnn_model.pth
Epoch 0, Loss: 2.827589750289917, Accuracy: 11.50%
Epoch 10, Loss: 1.8824584484100342, Accuracy: 28.00%
Epoch 20, Loss: 1.4456349611282349, Accuracy: 52.50%
Epoch 30, Loss: 0.966768741607666, Accuracy: 72.00%
Epoch 40, Loss: 0.5921494364738464, Accuracy: 84.75%
Epoch 50, Loss: 0.3130857050418854, Accuracy: 95.50%
Epoch 60, Loss: 0.14312751591205597, Accuracy: 98.75%
Epoch 70, Loss: 0.061818718910217285, Accuracy: 99.75%
Epoch 80, Loss: 0.026502132415771484, Accuracy: 100.00%
Epoch 90, Loss: 0.013444580137729645, Accuracy: 100.00%
Epoch 0, Loss: 1.5600, BCE Loss: 1.5600
Epoch 10, Loss: 0.6932, BCE Loss: 0.6932
Epoch 20, Loss: 0.6932, BCE Loss: 0.6932
Epoch 30, Loss: 0.6932, BCE Loss: 0.6932
Epoch 40, Loss: 0.6932, BCE Loss: 0.6932
Epoch 50, Loss: 0.6932, BCE Loss: 0.6932
Epoch 60, Loss: 0.6932, BCE Loss: 0.6932
Epoch 70, Loss: 0.6932, BCE Loss: 0.6932
Epoch 80, Loss: 0.6932, BCE Loss: 0.6932
Epoch 90, Loss: 0.6932, BCE Loss: 0.6932
Epoch 100, Loss: 0.6932, BCE Loss: 0.6932
Epoch 110, Loss: 0.6932, BCE Loss: 0.6932
Epoch 120, Loss: 0.6932, BCE Loss: 0.6932
Epoch 130, Loss: 0.6932, BCE Loss: 0.6932
Epoch 140, Loss: 0.6932, BCE Loss: 0.6932
Epoch 150, Loss: 0.6932, BCE Loss: 0.6932
Epoch 160, Loss: 0.6932, BCE Loss: 0.6932
Epoch 170, Loss: 0.6932, BCE Loss: 0.6932
Traceback (most recent call last):
  File "/home/yannick/Documents/Acoustic_Linguistic_GNN/gnn_heto_link_pred_model.py", line 208, in <module>
    main(args.input_folder, args.graph_file, int(args.epochs), float(args.lamb), args.dataset)
  File "/home/yannick/Documents/Acoustic_Linguistic_GNN/gnn_heto_link_pred_model.py", line 187, in main
    model = train_link_prediction(
  File "/home/yannick/Documents/Acoustic_Linguistic_GNN/gnn_heto_link_pred_model.py", line 76, in train_link_prediction
    loss.backward()
  File "/home/yannick/.local/lib/python3.10/site-packages/torch/_tensor.py", line 522, in backward
    torch.autograd.backward(
  File "/home/yannick/.local/lib/python3.10/site-packages/torch/autograd/__init__.py", line 266, in backward
    Variable._execution_engine.run_backward(  # Calls into the C++ engine to run the backward pass
KeyboardInterrupt
2025-05-28 01:25:25,719 - INFO - Model saved to models/hetero_gnn_model.pth
Epoch 0, Loss: 2.8575339317321777, Accuracy: 13.50%
Epoch 10, Loss: 1.655256986618042, Accuracy: 41.25%
Epoch 20, Loss: 1.0416454076766968, Accuracy: 71.00%
Epoch 30, Loss: 0.5714907646179199, Accuracy: 86.00%
Epoch 40, Loss: 0.22661563754081726, Accuracy: 98.25%
Epoch 50, Loss: 0.0693485289812088, Accuracy: 100.00%
Epoch 60, Loss: 0.022906294092535973, Accuracy: 100.00%
Epoch 70, Loss: 0.009972639381885529, Accuracy: 100.00%
Epoch 80, Loss: 0.005668989382684231, Accuracy: 100.00%
Epoch 90, Loss: 0.0038810432888567448, Accuracy: 100.00%
Traceback (most recent call last):
  File "/home/yannick/Documents/Acoustic_Linguistic_GNN/gnn_heto_link_pred_model.py", line 208, in <module>
    main(args.input_folder, args.graph_file, int(args.epochs), float(args.lamb), args.dataset)
  File "/home/yannick/Documents/Acoustic_Linguistic_GNN/gnn_heto_link_pred_model.py", line 187, in main
    model = train_link_prediction(
  File "/home/yannick/Documents/Acoustic_Linguistic_GNN/gnn_heto_link_pred_model.py", line 68, in train_link_prediction
    embeddings = model(g, features)
  File "/home/yannick/.local/lib/python3.10/site-packages/torch/nn/modules/module.py", line 1511, in _wrapped_call_impl
    return self._call_impl(*args, **kwargs)
  File "/home/yannick/.local/lib/python3.10/site-packages/torch/nn/modules/module.py", line 1520, in _call_impl
    return forward_call(*args, **kwargs)
  File "/home/yannick/Documents/Acoustic_Linguistic_GNN/gnn_heto_link_pred_model.py", line 55, in forward
    h = self.conv2(g, h, mod_kwargs={k: {'edge_weight': v} for k, v in edge_weights.items()})
  File "/home/yannick/.local/lib/python3.10/site-packages/torch/nn/modules/module.py", line 1511, in _wrapped_call_impl
    return self._call_impl(*args, **kwargs)
  File "/home/yannick/.local/lib/python3.10/site-packages/torch/nn/modules/module.py", line 1520, in _call_impl
    return forward_call(*args, **kwargs)
  File "/home/yannick/.local/lib/python3.10/site-packages/dgl/nn/pytorch/hetero.py", line 210, in forward
    dstdata = self._get_module((stype, etype, dtype))(
  File "/home/yannick/.local/lib/python3.10/site-packages/torch/nn/modules/module.py", line 1511, in _wrapped_call_impl
    return self._call_impl(*args, **kwargs)
  File "/home/yannick/.local/lib/python3.10/site-packages/torch/nn/modules/module.py", line 1520, in _call_impl
    return forward_call(*args, **kwargs)
  File "/home/yannick/.local/lib/python3.10/site-packages/dgl/nn/pytorch/conv/sageconv.py", line 240, in forward
    h_neigh = self.fc_neigh(h_neigh)
  File "/home/yannick/.local/lib/python3.10/site-packages/torch/nn/modules/module.py", line 1511, in _wrapped_call_impl
    return self._call_impl(*args, **kwargs)
  File "/home/yannick/.local/lib/python3.10/site-packages/torch/nn/modules/module.py", line 1520, in _call_impl
    return forward_call(*args, **kwargs)
  File "/home/yannick/.local/lib/python3.10/site-packages/torch/nn/modules/linear.py", line 116, in forward
    return F.linear(input, self.weight, self.bias)
RuntimeError: mat1 and mat2 shapes cannot be multiplied (400x1612 and 512x1612)
2025-05-28 01:26:09,842 - INFO - Model saved to models/hetero_gnn_model.pth
Epoch 0, Loss: 2.954934597015381, Accuracy: 12.75%
Epoch 10, Loss: 1.7620080709457397, Accuracy: 34.75%
Epoch 20, Loss: 1.3098324537277222, Accuracy: 58.75%
Epoch 30, Loss: 0.9483686685562134, Accuracy: 74.50%
Epoch 40, Loss: 0.6151227355003357, Accuracy: 86.75%
Epoch 50, Loss: 0.3543321490287781, Accuracy: 95.50%
Epoch 60, Loss: 0.18263055384159088, Accuracy: 99.50%
Epoch 70, Loss: 0.08618054538965225, Accuracy: 99.75%
Epoch 80, Loss: 0.040946125984191895, Accuracy: 100.00%
Epoch 90, Loss: 0.021824229508638382, Accuracy: 100.00%
Traceback (most recent call last):
  File "/home/yannick/Documents/Acoustic_Linguistic_GNN/gnn_heto_link_pred_model.py", line 208, in <module>
    main(args.input_folder, args.graph_file, int(args.epochs), float(args.lamb), args.dataset)
  File "/home/yannick/Documents/Acoustic_Linguistic_GNN/gnn_heto_link_pred_model.py", line 187, in main
    model = train_link_prediction(
  File "/home/yannick/Documents/Acoustic_Linguistic_GNN/gnn_heto_link_pred_model.py", line 68, in train_link_prediction
    embeddings = model(g, features)
  File "/home/yannick/.local/lib/python3.10/site-packages/torch/nn/modules/module.py", line 1511, in _wrapped_call_impl
    return self._call_impl(*args, **kwargs)
  File "/home/yannick/.local/lib/python3.10/site-packages/torch/nn/modules/module.py", line 1520, in _call_impl
    return forward_call(*args, **kwargs)
  File "/home/yannick/Documents/Acoustic_Linguistic_GNN/gnn_heto_link_pred_model.py", line 55, in forward
    h = self.conv2(g, h, mod_kwargs={k: {'edge_weight': v} for k, v in edge_weights.items()})
  File "/home/yannick/.local/lib/python3.10/site-packages/torch/nn/modules/module.py", line 1511, in _wrapped_call_impl
    return self._call_impl(*args, **kwargs)
  File "/home/yannick/.local/lib/python3.10/site-packages/torch/nn/modules/module.py", line 1520, in _call_impl
    return forward_call(*args, **kwargs)
  File "/home/yannick/.local/lib/python3.10/site-packages/dgl/nn/pytorch/hetero.py", line 210, in forward
    dstdata = self._get_module((stype, etype, dtype))(
  File "/home/yannick/.local/lib/python3.10/site-packages/torch/nn/modules/module.py", line 1511, in _wrapped_call_impl
    return self._call_impl(*args, **kwargs)
  File "/home/yannick/.local/lib/python3.10/site-packages/torch/nn/modules/module.py", line 1520, in _call_impl
    return forward_call(*args, **kwargs)
  File "/home/yannick/.local/lib/python3.10/site-packages/dgl/nn/pytorch/conv/sageconv.py", line 240, in forward
    h_neigh = self.fc_neigh(h_neigh)
  File "/home/yannick/.local/lib/python3.10/site-packages/torch/nn/modules/module.py", line 1511, in _wrapped_call_impl
    return self._call_impl(*args, **kwargs)
  File "/home/yannick/.local/lib/python3.10/site-packages/torch/nn/modules/module.py", line 1520, in _call_impl
    return forward_call(*args, **kwargs)
  File "/home/yannick/.local/lib/python3.10/site-packages/torch/nn/modules/linear.py", line 116, in forward
    return F.linear(input, self.weight, self.bias)
RuntimeError: mat1 and mat2 shapes cannot be multiplied (400x1612 and 512x1612)
2025-05-28 01:27:11,592 - INFO - Model saved to models/hetero_gnn_model.pth
Epoch 0, Loss: 2.9260289669036865, Accuracy: 12.50%
Epoch 10, Loss: 1.6115198135375977, Accuracy: 41.25%
Epoch 20, Loss: 1.0706140995025635, Accuracy: 66.25%
Epoch 30, Loss: 0.5959832668304443, Accuracy: 87.25%
Epoch 40, Loss: 0.2788046598434448, Accuracy: 97.00%
Epoch 50, Loss: 0.11619677394628525, Accuracy: 99.25%
Epoch 60, Loss: 0.04877403378486633, Accuracy: 100.00%
Epoch 70, Loss: 0.023346517235040665, Accuracy: 100.00%
Epoch 80, Loss: 0.013549667783081532, Accuracy: 100.00%
Epoch 90, Loss: 0.009070225059986115, Accuracy: 100.00%
Traceback (most recent call last):
  File "/home/yannick/Documents/Acoustic_Linguistic_GNN/gnn_heto_link_pred_model.py", line 208, in <module>
    main(args.input_folder, args.graph_file, int(args.epochs), float(args.lamb), args.dataset)
  File "/home/yannick/Documents/Acoustic_Linguistic_GNN/gnn_heto_link_pred_model.py", line 187, in main
    model = train_link_prediction(
  File "/home/yannick/Documents/Acoustic_Linguistic_GNN/gnn_heto_link_pred_model.py", line 68, in train_link_prediction
    embeddings = model(g, features)
  File "/home/yannick/.local/lib/python3.10/site-packages/torch/nn/modules/module.py", line 1511, in _wrapped_call_impl
    return self._call_impl(*args, **kwargs)
  File "/home/yannick/.local/lib/python3.10/site-packages/torch/nn/modules/module.py", line 1520, in _call_impl
    return forward_call(*args, **kwargs)
  File "/home/yannick/Documents/Acoustic_Linguistic_GNN/gnn_heto_link_pred_model.py", line 55, in forward
    h = self.conv2(g, h, mod_kwargs={k: {'edge_weight': v} for k, v in edge_weights.items()})
  File "/home/yannick/.local/lib/python3.10/site-packages/torch/nn/modules/module.py", line 1511, in _wrapped_call_impl
    return self._call_impl(*args, **kwargs)
  File "/home/yannick/.local/lib/python3.10/site-packages/torch/nn/modules/module.py", line 1520, in _call_impl
    return forward_call(*args, **kwargs)
  File "/home/yannick/.local/lib/python3.10/site-packages/dgl/nn/pytorch/hetero.py", line 210, in forward
    dstdata = self._get_module((stype, etype, dtype))(
  File "/home/yannick/.local/lib/python3.10/site-packages/torch/nn/modules/module.py", line 1511, in _wrapped_call_impl
    return self._call_impl(*args, **kwargs)
  File "/home/yannick/.local/lib/python3.10/site-packages/torch/nn/modules/module.py", line 1520, in _call_impl
    return forward_call(*args, **kwargs)
  File "/home/yannick/.local/lib/python3.10/site-packages/dgl/nn/pytorch/conv/sageconv.py", line 240, in forward
    h_neigh = self.fc_neigh(h_neigh)
  File "/home/yannick/.local/lib/python3.10/site-packages/torch/nn/modules/module.py", line 1511, in _wrapped_call_impl
    return self._call_impl(*args, **kwargs)
  File "/home/yannick/.local/lib/python3.10/site-packages/torch/nn/modules/module.py", line 1520, in _call_impl
    return forward_call(*args, **kwargs)
  File "/home/yannick/.local/lib/python3.10/site-packages/torch/nn/modules/linear.py", line 116, in forward
    return F.linear(input, self.weight, self.bias)
RuntimeError: mat1 and mat2 shapes cannot be multiplied (400x1612 and 512x1612)
2025-05-28 01:28:11,673 - INFO - Model saved to models/hetero_gnn_model.pth
Epoch 0, Loss: 2.9172255992889404, Accuracy: 12.00%
Epoch 10, Loss: 1.9044702053070068, Accuracy: 27.25%
Epoch 20, Loss: 1.471754789352417, Accuracy: 48.75%
Epoch 30, Loss: 0.9900498390197754, Accuracy: 69.25%
Epoch 40, Loss: 0.6183332800865173, Accuracy: 84.75%
Epoch 50, Loss: 0.34357312321662903, Accuracy: 93.50%
Epoch 60, Loss: 0.16303592920303345, Accuracy: 99.50%
Epoch 70, Loss: 0.0717572346329689, Accuracy: 99.75%
Epoch 80, Loss: 0.03405959531664848, Accuracy: 100.00%
Epoch 90, Loss: 0.018883343786001205, Accuracy: 100.00%
Traceback (most recent call last):
  File "/home/yannick/Documents/Acoustic_Linguistic_GNN/gnn_heto_link_pred_model.py", line 208, in <module>
    main(args.input_folder, args.graph_file, int(args.epochs), float(args.lamb), args.dataset)
  File "/home/yannick/Documents/Acoustic_Linguistic_GNN/gnn_heto_link_pred_model.py", line 187, in main
    model = train_link_prediction(
  File "/home/yannick/Documents/Acoustic_Linguistic_GNN/gnn_heto_link_pred_model.py", line 68, in train_link_prediction
    embeddings = model(g, features)
  File "/home/yannick/.local/lib/python3.10/site-packages/torch/nn/modules/module.py", line 1511, in _wrapped_call_impl
    return self._call_impl(*args, **kwargs)
  File "/home/yannick/.local/lib/python3.10/site-packages/torch/nn/modules/module.py", line 1520, in _call_impl
    return forward_call(*args, **kwargs)
  File "/home/yannick/Documents/Acoustic_Linguistic_GNN/gnn_heto_link_pred_model.py", line 55, in forward
    h = self.conv2(g, h, mod_kwargs={k: {'edge_weight': v} for k, v in edge_weights.items()})
  File "/home/yannick/.local/lib/python3.10/site-packages/torch/nn/modules/module.py", line 1511, in _wrapped_call_impl
    return self._call_impl(*args, **kwargs)
  File "/home/yannick/.local/lib/python3.10/site-packages/torch/nn/modules/module.py", line 1520, in _call_impl
    return forward_call(*args, **kwargs)
  File "/home/yannick/.local/lib/python3.10/site-packages/dgl/nn/pytorch/hetero.py", line 210, in forward
    dstdata = self._get_module((stype, etype, dtype))(
  File "/home/yannick/.local/lib/python3.10/site-packages/torch/nn/modules/module.py", line 1511, in _wrapped_call_impl
    return self._call_impl(*args, **kwargs)
  File "/home/yannick/.local/lib/python3.10/site-packages/torch/nn/modules/module.py", line 1520, in _call_impl
    return forward_call(*args, **kwargs)
  File "/home/yannick/.local/lib/python3.10/site-packages/dgl/nn/pytorch/conv/sageconv.py", line 240, in forward
    h_neigh = self.fc_neigh(h_neigh)
  File "/home/yannick/.local/lib/python3.10/site-packages/torch/nn/modules/module.py", line 1511, in _wrapped_call_impl
    return self._call_impl(*args, **kwargs)
  File "/home/yannick/.local/lib/python3.10/site-packages/torch/nn/modules/module.py", line 1520, in _call_impl
    return forward_call(*args, **kwargs)
  File "/home/yannick/.local/lib/python3.10/site-packages/torch/nn/modules/linear.py", line 116, in forward
    return F.linear(input, self.weight, self.bias)
RuntimeError: mat1 and mat2 shapes cannot be multiplied (400x1612 and 512x1612)
2025-05-28 01:33:36,408 - INFO - Model saved to models/hetero_gnn_model.pth
Epoch 0, Loss: 2.9187068939208984, Accuracy: 13.50%
Epoch 10, Loss: 1.9507852792739868, Accuracy: 34.00%
Epoch 20, Loss: 1.4166884422302246, Accuracy: 60.00%
Epoch 30, Loss: 0.9567222595214844, Accuracy: 79.00%
Epoch 40, Loss: 0.5932952761650085, Accuracy: 91.75%
Epoch 50, Loss: 0.35249781608581543, Accuracy: 98.50%
Epoch 60, Loss: 0.23371899127960205, Accuracy: 99.75%
Epoch 70, Loss: 0.18568548560142517, Accuracy: 100.00%
Epoch 80, Loss: 0.16814157366752625, Accuracy: 100.00%
Epoch 90, Loss: 0.1608039140701294, Accuracy: 100.00%
Traceback (most recent call last):
  File "/home/yannick/Documents/Acoustic_Linguistic_GNN/gnn_heto_link_pred_model.py", line 208, in <module>
    main(args.input_folder, args.graph_file, int(args.epochs), float(args.lamb), args.dataset)
  File "/home/yannick/Documents/Acoustic_Linguistic_GNN/gnn_heto_link_pred_model.py", line 187, in main
    model = train_link_prediction(
  File "/home/yannick/Documents/Acoustic_Linguistic_GNN/gnn_heto_link_pred_model.py", line 68, in train_link_prediction
    embeddings = model(g, features)
  File "/home/yannick/.local/lib/python3.10/site-packages/torch/nn/modules/module.py", line 1511, in _wrapped_call_impl
    return self._call_impl(*args, **kwargs)
  File "/home/yannick/.local/lib/python3.10/site-packages/torch/nn/modules/module.py", line 1520, in _call_impl
    return forward_call(*args, **kwargs)
  File "/home/yannick/Documents/Acoustic_Linguistic_GNN/gnn_heto_link_pred_model.py", line 55, in forward
    h = self.conv2(g, h, mod_kwargs={k: {'edge_weight': v} for k, v in edge_weights.items()})
  File "/home/yannick/.local/lib/python3.10/site-packages/torch/nn/modules/module.py", line 1511, in _wrapped_call_impl
    return self._call_impl(*args, **kwargs)
  File "/home/yannick/.local/lib/python3.10/site-packages/torch/nn/modules/module.py", line 1520, in _call_impl
    return forward_call(*args, **kwargs)
  File "/home/yannick/.local/lib/python3.10/site-packages/dgl/nn/pytorch/hetero.py", line 210, in forward
    dstdata = self._get_module((stype, etype, dtype))(
  File "/home/yannick/.local/lib/python3.10/site-packages/torch/nn/modules/module.py", line 1511, in _wrapped_call_impl
    return self._call_impl(*args, **kwargs)
  File "/home/yannick/.local/lib/python3.10/site-packages/torch/nn/modules/module.py", line 1520, in _call_impl
    return forward_call(*args, **kwargs)
  File "/home/yannick/.local/lib/python3.10/site-packages/dgl/nn/pytorch/conv/sageconv.py", line 240, in forward
    h_neigh = self.fc_neigh(h_neigh)
  File "/home/yannick/.local/lib/python3.10/site-packages/torch/nn/modules/module.py", line 1511, in _wrapped_call_impl
    return self._call_impl(*args, **kwargs)
  File "/home/yannick/.local/lib/python3.10/site-packages/torch/nn/modules/module.py", line 1520, in _call_impl
    return forward_call(*args, **kwargs)
  File "/home/yannick/.local/lib/python3.10/site-packages/torch/nn/modules/linear.py", line 116, in forward
    return F.linear(input, self.weight, self.bias)
RuntimeError: mat1 and mat2 shapes cannot be multiplied (400x1612 and 512x1612)
2025-05-28 01:34:20,675 - INFO - Model saved to models/hetero_gnn_model.pth
Epoch 0, Loss: 3.210510492324829, Accuracy: 10.50%
Epoch 10, Loss: 1.7100164890289307, Accuracy: 47.50%
Epoch 20, Loss: 1.154317021369934, Accuracy: 70.25%
Epoch 30, Loss: 0.7342422008514404, Accuracy: 86.50%
Epoch 40, Loss: 0.446478009223938, Accuracy: 97.00%
Epoch 50, Loss: 0.2878352403640747, Accuracy: 99.25%
Epoch 60, Loss: 0.21439948678016663, Accuracy: 100.00%
Epoch 70, Loss: 0.184057354927063, Accuracy: 100.00%
Epoch 80, Loss: 0.1706654280424118, Accuracy: 100.00%
Epoch 90, Loss: 0.16402782499790192, Accuracy: 100.00%
Traceback (most recent call last):
  File "/home/yannick/Documents/Acoustic_Linguistic_GNN/gnn_heto_link_pred_model.py", line 208, in <module>
    main(args.input_folder, args.graph_file, int(args.epochs), float(args.lamb), args.dataset)
  File "/home/yannick/Documents/Acoustic_Linguistic_GNN/gnn_heto_link_pred_model.py", line 187, in main
    model = train_link_prediction(
  File "/home/yannick/Documents/Acoustic_Linguistic_GNN/gnn_heto_link_pred_model.py", line 68, in train_link_prediction
    embeddings = model(g, features)
  File "/home/yannick/.local/lib/python3.10/site-packages/torch/nn/modules/module.py", line 1511, in _wrapped_call_impl
    return self._call_impl(*args, **kwargs)
  File "/home/yannick/.local/lib/python3.10/site-packages/torch/nn/modules/module.py", line 1520, in _call_impl
    return forward_call(*args, **kwargs)
  File "/home/yannick/Documents/Acoustic_Linguistic_GNN/gnn_heto_link_pred_model.py", line 55, in forward
    h = self.conv2(g, h, mod_kwargs={k: {'edge_weight': v} for k, v in edge_weights.items()})
  File "/home/yannick/.local/lib/python3.10/site-packages/torch/nn/modules/module.py", line 1511, in _wrapped_call_impl
    return self._call_impl(*args, **kwargs)
  File "/home/yannick/.local/lib/python3.10/site-packages/torch/nn/modules/module.py", line 1520, in _call_impl
    return forward_call(*args, **kwargs)
  File "/home/yannick/.local/lib/python3.10/site-packages/dgl/nn/pytorch/hetero.py", line 210, in forward
    dstdata = self._get_module((stype, etype, dtype))(
  File "/home/yannick/.local/lib/python3.10/site-packages/torch/nn/modules/module.py", line 1511, in _wrapped_call_impl
    return self._call_impl(*args, **kwargs)
  File "/home/yannick/.local/lib/python3.10/site-packages/torch/nn/modules/module.py", line 1520, in _call_impl
    return forward_call(*args, **kwargs)
  File "/home/yannick/.local/lib/python3.10/site-packages/dgl/nn/pytorch/conv/sageconv.py", line 240, in forward
    h_neigh = self.fc_neigh(h_neigh)
  File "/home/yannick/.local/lib/python3.10/site-packages/torch/nn/modules/module.py", line 1511, in _wrapped_call_impl
    return self._call_impl(*args, **kwargs)
  File "/home/yannick/.local/lib/python3.10/site-packages/torch/nn/modules/module.py", line 1520, in _call_impl
    return forward_call(*args, **kwargs)
  File "/home/yannick/.local/lib/python3.10/site-packages/torch/nn/modules/linear.py", line 116, in forward
    return F.linear(input, self.weight, self.bias)
RuntimeError: mat1 and mat2 shapes cannot be multiplied (400x1612 and 512x1612)
2025-05-28 01:35:05,972 - INFO - Model saved to models/hetero_gnn_model.pth
Epoch 0, Loss: 2.833482265472412, Accuracy: 13.50%
Epoch 10, Loss: 1.9859607219696045, Accuracy: 34.25%
Epoch 20, Loss: 1.294531226158142, Accuracy: 67.00%
Epoch 30, Loss: 0.7895259857177734, Accuracy: 83.00%
Epoch 40, Loss: 0.44423896074295044, Accuracy: 95.75%
Epoch 50, Loss: 0.2659725546836853, Accuracy: 99.25%
Epoch 60, Loss: 0.19634456932544708, Accuracy: 100.00%
Epoch 70, Loss: 0.17200247943401337, Accuracy: 100.00%
Epoch 80, Loss: 0.1621071845293045, Accuracy: 100.00%
Epoch 90, Loss: 0.1572709083557129, Accuracy: 100.00%
Traceback (most recent call last):
  File "/home/yannick/Documents/Acoustic_Linguistic_GNN/gnn_heto_link_pred_model.py", line 208, in <module>
    main(args.input_folder, args.graph_file, int(args.epochs), float(args.lamb), args.dataset)
  File "/home/yannick/Documents/Acoustic_Linguistic_GNN/gnn_heto_link_pred_model.py", line 187, in main
    model = train_link_prediction(
  File "/home/yannick/Documents/Acoustic_Linguistic_GNN/gnn_heto_link_pred_model.py", line 68, in train_link_prediction
    embeddings = model(g, features)
  File "/home/yannick/.local/lib/python3.10/site-packages/torch/nn/modules/module.py", line 1511, in _wrapped_call_impl
    return self._call_impl(*args, **kwargs)
  File "/home/yannick/.local/lib/python3.10/site-packages/torch/nn/modules/module.py", line 1520, in _call_impl
    return forward_call(*args, **kwargs)
  File "/home/yannick/Documents/Acoustic_Linguistic_GNN/gnn_heto_link_pred_model.py", line 55, in forward
    h = self.conv2(g, h, mod_kwargs={k: {'edge_weight': v} for k, v in edge_weights.items()})
  File "/home/yannick/.local/lib/python3.10/site-packages/torch/nn/modules/module.py", line 1511, in _wrapped_call_impl
    return self._call_impl(*args, **kwargs)
  File "/home/yannick/.local/lib/python3.10/site-packages/torch/nn/modules/module.py", line 1520, in _call_impl
    return forward_call(*args, **kwargs)
  File "/home/yannick/.local/lib/python3.10/site-packages/dgl/nn/pytorch/hetero.py", line 210, in forward
    dstdata = self._get_module((stype, etype, dtype))(
  File "/home/yannick/.local/lib/python3.10/site-packages/torch/nn/modules/module.py", line 1511, in _wrapped_call_impl
    return self._call_impl(*args, **kwargs)
  File "/home/yannick/.local/lib/python3.10/site-packages/torch/nn/modules/module.py", line 1520, in _call_impl
    return forward_call(*args, **kwargs)
  File "/home/yannick/.local/lib/python3.10/site-packages/dgl/nn/pytorch/conv/sageconv.py", line 240, in forward
    h_neigh = self.fc_neigh(h_neigh)
  File "/home/yannick/.local/lib/python3.10/site-packages/torch/nn/modules/module.py", line 1511, in _wrapped_call_impl
    return self._call_impl(*args, **kwargs)
  File "/home/yannick/.local/lib/python3.10/site-packages/torch/nn/modules/module.py", line 1520, in _call_impl
    return forward_call(*args, **kwargs)
  File "/home/yannick/.local/lib/python3.10/site-packages/torch/nn/modules/linear.py", line 116, in forward
    return F.linear(input, self.weight, self.bias)
RuntimeError: mat1 and mat2 shapes cannot be multiplied (400x1612 and 512x1612)
2025-05-28 01:35:50,261 - INFO - Model saved to models/hetero_gnn_model.pth
Epoch 0, Loss: 3.5385212898254395, Accuracy: 11.75%
Epoch 10, Loss: 1.8021376132965088, Accuracy: 41.75%
Epoch 20, Loss: 1.2058931589126587, Accuracy: 67.25%
Epoch 30, Loss: 0.7145394682884216, Accuracy: 87.50%
Epoch 40, Loss: 0.4220249652862549, Accuracy: 96.75%
Epoch 50, Loss: 0.27163946628570557, Accuracy: 99.75%
Epoch 60, Loss: 0.2068994641304016, Accuracy: 100.00%
Epoch 70, Loss: 0.1807863414287567, Accuracy: 100.00%
Epoch 80, Loss: 0.1696101874113083, Accuracy: 100.00%
Epoch 90, Loss: 0.163847878575325, Accuracy: 100.00%
Traceback (most recent call last):
  File "/home/yannick/Documents/Acoustic_Linguistic_GNN/gnn_heto_link_pred_model.py", line 208, in <module>
    main(args.input_folder, args.graph_file, int(args.epochs), float(args.lamb), args.dataset)
  File "/home/yannick/Documents/Acoustic_Linguistic_GNN/gnn_heto_link_pred_model.py", line 187, in main
    model = train_link_prediction(
  File "/home/yannick/Documents/Acoustic_Linguistic_GNN/gnn_heto_link_pred_model.py", line 68, in train_link_prediction
    embeddings = model(g, features)
  File "/home/yannick/.local/lib/python3.10/site-packages/torch/nn/modules/module.py", line 1511, in _wrapped_call_impl
    return self._call_impl(*args, **kwargs)
  File "/home/yannick/.local/lib/python3.10/site-packages/torch/nn/modules/module.py", line 1520, in _call_impl
    return forward_call(*args, **kwargs)
  File "/home/yannick/Documents/Acoustic_Linguistic_GNN/gnn_heto_link_pred_model.py", line 55, in forward
    h = self.conv2(g, h, mod_kwargs={k: {'edge_weight': v} for k, v in edge_weights.items()})
  File "/home/yannick/.local/lib/python3.10/site-packages/torch/nn/modules/module.py", line 1511, in _wrapped_call_impl
    return self._call_impl(*args, **kwargs)
  File "/home/yannick/.local/lib/python3.10/site-packages/torch/nn/modules/module.py", line 1520, in _call_impl
    return forward_call(*args, **kwargs)
  File "/home/yannick/.local/lib/python3.10/site-packages/dgl/nn/pytorch/hetero.py", line 210, in forward
    dstdata = self._get_module((stype, etype, dtype))(
  File "/home/yannick/.local/lib/python3.10/site-packages/torch/nn/modules/module.py", line 1511, in _wrapped_call_impl
    return self._call_impl(*args, **kwargs)
  File "/home/yannick/.local/lib/python3.10/site-packages/torch/nn/modules/module.py", line 1520, in _call_impl
    return forward_call(*args, **kwargs)
  File "/home/yannick/.local/lib/python3.10/site-packages/dgl/nn/pytorch/conv/sageconv.py", line 240, in forward
    h_neigh = self.fc_neigh(h_neigh)
  File "/home/yannick/.local/lib/python3.10/site-packages/torch/nn/modules/module.py", line 1511, in _wrapped_call_impl
    return self._call_impl(*args, **kwargs)
  File "/home/yannick/.local/lib/python3.10/site-packages/torch/nn/modules/module.py", line 1520, in _call_impl
    return forward_call(*args, **kwargs)
  File "/home/yannick/.local/lib/python3.10/site-packages/torch/nn/modules/linear.py", line 116, in forward
    return F.linear(input, self.weight, self.bias)
RuntimeError: mat1 and mat2 shapes cannot be multiplied (400x1612 and 512x1612)
2025-05-28 01:48:38,658 - INFO - Model saved to models/hetero_gnn_model.pth
Epoch 0, Loss: 2.7767581939697266, Accuracy: 13.75%
Epoch 10, Loss: 1.6512700319290161, Accuracy: 39.25%
Epoch 20, Loss: 1.056188702583313, Accuracy: 68.50%
Epoch 30, Loss: 0.5398692488670349, Accuracy: 88.50%
Epoch 40, Loss: 0.2178788036108017, Accuracy: 98.25%
Epoch 50, Loss: 0.07155624032020569, Accuracy: 99.75%
Epoch 60, Loss: 0.024040836840867996, Accuracy: 100.00%
Epoch 70, Loss: 0.010450083762407303, Accuracy: 100.00%
Epoch 80, Loss: 0.005968614015728235, Accuracy: 100.00%
Epoch 90, Loss: 0.004061689600348473, Accuracy: 100.00%
2025-05-28 02:14:44,471 - INFO - Model saved to models/hetero_gnn_edge_regressor.pth
Epoch 0, Loss: 1.4023, BCE Loss: 1.4023
Epoch 10, Loss: 0.7748, BCE Loss: 0.7748
Epoch 20, Loss: 0.7032, BCE Loss: 0.7032
Epoch 30, Loss: 0.6926, BCE Loss: 0.6926
Epoch 40, Loss: 0.6873, BCE Loss: 0.6873
Epoch 50, Loss: 0.6816, BCE Loss: 0.6816
Epoch 60, Loss: 0.6731, BCE Loss: 0.6731
Epoch 70, Loss: 0.6590, BCE Loss: 0.6590
Epoch 80, Loss: 0.6364, BCE Loss: 0.6364
Epoch 90, Loss: 0.6001, BCE Loss: 0.6001
Epoch 100, Loss: 0.5450, BCE Loss: 0.5450
Epoch 110, Loss: 0.4839, BCE Loss: 0.4839
Epoch 120, Loss: 0.4351, BCE Loss: 0.4351
Epoch 130, Loss: 0.3995, BCE Loss: 0.3995
Epoch 140, Loss: 0.3829, BCE Loss: 0.3829
Epoch 150, Loss: 0.3693, BCE Loss: 0.3693
Epoch 160, Loss: 0.3583, BCE Loss: 0.3583
Epoch 170, Loss: 0.3529, BCE Loss: 0.3529
Epoch 180, Loss: 0.3475, BCE Loss: 0.3475
Epoch 190, Loss: 0.3410, BCE Loss: 0.3410
2025-05-28 02:15:26,888 - INFO - Model saved to models/hetero_gnn_model.pth
Epoch 0, Loss: 2.724435329437256, Accuracy: 13.00%
Epoch 10, Loss: 1.7357323169708252, Accuracy: 39.25%
Epoch 20, Loss: 1.154854655265808, Accuracy: 70.50%
Epoch 30, Loss: 0.6879264116287231, Accuracy: 83.25%
Epoch 40, Loss: 0.35669219493865967, Accuracy: 94.50%
Epoch 50, Loss: 0.14712195098400116, Accuracy: 98.75%
Epoch 60, Loss: 0.04902905970811844, Accuracy: 99.75%
Epoch 70, Loss: 0.019670506939291954, Accuracy: 100.00%
Epoch 80, Loss: 0.009756461717188358, Accuracy: 100.00%
Epoch 90, Loss: 0.005570399109274149, Accuracy: 100.00%
2025-05-28 02:41:50,168 - INFO - Model saved to models/hetero_gnn_edge_regressor.pth
Epoch 0, Loss: 0.8174, BCE Loss: 0.8174
Epoch 10, Loss: 0.6915, BCE Loss: 0.6915
Epoch 20, Loss: 0.6869, BCE Loss: 0.6869
Epoch 30, Loss: 0.6805, BCE Loss: 0.6805
Epoch 40, Loss: 0.6708, BCE Loss: 0.6708
Epoch 50, Loss: 0.6572, BCE Loss: 0.6572
Epoch 60, Loss: 0.6402, BCE Loss: 0.6402
Epoch 70, Loss: 0.6218, BCE Loss: 0.6218
Epoch 80, Loss: 0.5998, BCE Loss: 0.5998
Epoch 90, Loss: 0.5827, BCE Loss: 0.5827
Epoch 100, Loss: 0.5629, BCE Loss: 0.5629
Epoch 110, Loss: 0.4979, BCE Loss: 0.4979
Epoch 120, Loss: 0.4606, BCE Loss: 0.4606
Epoch 130, Loss: 0.4326, BCE Loss: 0.4326
Epoch 140, Loss: 0.3878, BCE Loss: 0.3878
Epoch 150, Loss: 0.3650, BCE Loss: 0.3650
Epoch 160, Loss: 0.3572, BCE Loss: 0.3572
Epoch 170, Loss: 0.3485, BCE Loss: 0.3485
Epoch 180, Loss: 0.3421, BCE Loss: 0.3421
Epoch 190, Loss: 0.3343, BCE Loss: 0.3343
2025-05-28 02:42:33,738 - INFO - Model saved to models/hetero_gnn_model.pth
Epoch 0, Loss: 2.548929214477539, Accuracy: 12.50%
Epoch 10, Loss: 1.743255615234375, Accuracy: 38.25%
Epoch 20, Loss: 1.135607123374939, Accuracy: 64.50%
Epoch 30, Loss: 0.6407421231269836, Accuracy: 86.00%
Epoch 40, Loss: 0.282574862241745, Accuracy: 96.75%
Epoch 50, Loss: 0.09910058230161667, Accuracy: 99.00%
Epoch 60, Loss: 0.031010746955871582, Accuracy: 100.00%
Epoch 70, Loss: 0.012337603606283665, Accuracy: 100.00%
Epoch 80, Loss: 0.0065175616182386875, Accuracy: 100.00%
Epoch 90, Loss: 0.004306735470890999, Accuracy: 100.00%
2025-05-28 03:08:54,311 - INFO - Model saved to models/hetero_gnn_edge_regressor.pth
Epoch 0, Loss: 0.7909, BCE Loss: 0.7909
Epoch 10, Loss: 0.6980, BCE Loss: 0.6980
Epoch 20, Loss: 0.6932, BCE Loss: 0.6932
Epoch 30, Loss: 0.6931, BCE Loss: 0.6931
Epoch 40, Loss: 0.6930, BCE Loss: 0.6930
Epoch 50, Loss: 0.6904, BCE Loss: 0.6904
Epoch 60, Loss: 0.6831, BCE Loss: 0.6831
Epoch 70, Loss: 0.6704, BCE Loss: 0.6704
Epoch 80, Loss: 0.6517, BCE Loss: 0.6517
Epoch 90, Loss: 0.6268, BCE Loss: 0.6268
Epoch 100, Loss: 0.6114, BCE Loss: 0.6114
Epoch 110, Loss: 0.5883, BCE Loss: 0.5883
Epoch 120, Loss: 0.5723, BCE Loss: 0.5723
Epoch 130, Loss: 0.5618, BCE Loss: 0.5618
Epoch 140, Loss: 0.5558, BCE Loss: 0.5558
Epoch 150, Loss: 0.5492, BCE Loss: 0.5492
Epoch 160, Loss: 0.5512, BCE Loss: 0.5512
Epoch 170, Loss: 0.5493, BCE Loss: 0.5493
Epoch 180, Loss: 0.5399, BCE Loss: 0.5399
Epoch 190, Loss: 0.5342, BCE Loss: 0.5342
2025-05-28 03:09:36,705 - INFO - Model saved to models/hetero_gnn_model.pth
Epoch 0, Loss: 2.3746254444122314, Accuracy: 11.50%
Epoch 10, Loss: 1.7272484302520752, Accuracy: 37.00%
Epoch 20, Loss: 1.1604266166687012, Accuracy: 61.00%
Epoch 30, Loss: 0.6827850341796875, Accuracy: 83.75%
Epoch 40, Loss: 0.3190631568431854, Accuracy: 95.75%
Epoch 50, Loss: 0.10842850059270859, Accuracy: 99.75%
Epoch 60, Loss: 0.03441213071346283, Accuracy: 100.00%
Epoch 70, Loss: 0.014055095613002777, Accuracy: 100.00%
Epoch 80, Loss: 0.007606214378029108, Accuracy: 100.00%
Epoch 90, Loss: 0.004999958444386721, Accuracy: 100.00%
2025-05-28 03:35:42,278 - INFO - Model saved to models/hetero_gnn_edge_regressor.pth
Epoch 0, Loss: 0.8939, BCE Loss: 0.8939
Epoch 10, Loss: 0.6924, BCE Loss: 0.6924
Epoch 20, Loss: 0.6890, BCE Loss: 0.6890
Epoch 30, Loss: 0.6759, BCE Loss: 0.6759
Epoch 40, Loss: 0.6533, BCE Loss: 0.6533
Epoch 50, Loss: 0.6141, BCE Loss: 0.6141
Epoch 60, Loss: 0.5551, BCE Loss: 0.5551
Epoch 70, Loss: 0.4891, BCE Loss: 0.4891
Epoch 80, Loss: 0.4439, BCE Loss: 0.4439
Epoch 90, Loss: 0.4201, BCE Loss: 0.4201
Epoch 100, Loss: 0.3968, BCE Loss: 0.3968
Epoch 110, Loss: 0.3857, BCE Loss: 0.3857
Epoch 120, Loss: 0.3845, BCE Loss: 0.3845
Epoch 130, Loss: 0.3725, BCE Loss: 0.3725
Epoch 140, Loss: 0.3684, BCE Loss: 0.3684
Epoch 150, Loss: 0.3641, BCE Loss: 0.3641
Epoch 160, Loss: 0.3563, BCE Loss: 0.3563
Epoch 170, Loss: 0.3682, BCE Loss: 0.3682
Epoch 180, Loss: 0.3626, BCE Loss: 0.3626
Epoch 190, Loss: 0.3400, BCE Loss: 0.3400
2025-05-28 03:40:47,203 - INFO - Model saved to models/hetero_gnn_model.pth
Epoch 0, Loss: 2.500195026397705, Accuracy: 12.25%
Epoch 10, Loss: 1.6670953035354614, Accuracy: 42.75%
Epoch 20, Loss: 1.0465776920318604, Accuracy: 70.50%
Epoch 30, Loss: 0.597897469997406, Accuracy: 93.75%
Epoch 40, Loss: 0.3238621652126312, Accuracy: 98.50%
Epoch 50, Loss: 0.21366098523139954, Accuracy: 99.75%
Epoch 60, Loss: 0.1756650060415268, Accuracy: 100.00%
Epoch 70, Loss: 0.16242331266403198, Accuracy: 100.00%
Epoch 80, Loss: 0.15724094212055206, Accuracy: 100.00%
Epoch 90, Loss: 0.15468361973762512, Accuracy: 100.00%
2025-05-28 04:06:56,008 - INFO - Model saved to models/hetero_gnn_edge_regressor.pth
Epoch 0, Loss: 0.8931, BCE Loss: 0.7129
Epoch 10, Loss: 0.8705, BCE Loss: 0.6814
Epoch 20, Loss: 0.8413, BCE Loss: 0.6449
Epoch 30, Loss: 0.7799, BCE Loss: 0.5883
Epoch 40, Loss: 0.7098, BCE Loss: 0.5279
Epoch 50, Loss: 0.6416, BCE Loss: 0.4715
Epoch 60, Loss: 0.5777, BCE Loss: 0.4193
Epoch 70, Loss: 0.5340, BCE Loss: 0.3838
Epoch 80, Loss: 0.5097, BCE Loss: 0.3638
Epoch 90, Loss: 0.4950, BCE Loss: 0.3514
Epoch 100, Loss: 0.4794, BCE Loss: 0.3376
Epoch 110, Loss: 0.4705, BCE Loss: 0.3301
Epoch 120, Loss: 0.4465, BCE Loss: 0.3072
Epoch 130, Loss: 0.4262, BCE Loss: 0.2879
Epoch 140, Loss: 0.4031, BCE Loss: 0.2657
Epoch 150, Loss: 0.3707, BCE Loss: 0.2340
Epoch 160, Loss: 0.3530, BCE Loss: 0.2169
Epoch 170, Loss: 0.3204, BCE Loss: 0.1849
Epoch 180, Loss: 0.2837, BCE Loss: 0.1486
Epoch 190, Loss: 0.2605, BCE Loss: 0.1258
2025-05-28 04:20:55,859 - INFO - Model saved to models/hetero_gnn_model.pth
Epoch 0, Loss: 2.4833712577819824, Accuracy: 12.50%
Epoch 10, Loss: 2.0063347816467285, Accuracy: 30.00%
Epoch 20, Loss: 1.453789234161377, Accuracy: 59.50%
Epoch 30, Loss: 1.0371943712234497, Accuracy: 75.75%
Epoch 40, Loss: 0.691135585308075, Accuracy: 89.50%
Epoch 50, Loss: 0.4341219663619995, Accuracy: 96.00%
Epoch 60, Loss: 0.27493080496788025, Accuracy: 99.75%
Epoch 70, Loss: 0.20176245272159576, Accuracy: 100.00%
Epoch 80, Loss: 0.17483478784561157, Accuracy: 100.00%
Epoch 90, Loss: 0.16455411911010742, Accuracy: 100.00%
2025-05-28 04:46:58,818 - INFO - Model saved to models/hetero_gnn_edge_regressor.pth
Epoch 0, Loss: 1.1429, BCE Loss: 0.9621
Epoch 10, Loss: 0.9030, BCE Loss: 0.7096
Epoch 20, Loss: 0.8964, BCE Loss: 0.6933
Epoch 30, Loss: 0.8910, BCE Loss: 0.6917
Epoch 40, Loss: 0.8704, BCE Loss: 0.6880
Epoch 50, Loss: 0.8288, BCE Loss: 0.6732
Epoch 60, Loss: 0.7995, BCE Loss: 0.6507
Epoch 70, Loss: 0.7713, BCE Loss: 0.6260
Epoch 80, Loss: 0.7479, BCE Loss: 0.6045
Epoch 90, Loss: 0.7273, BCE Loss: 0.5854
Epoch 100, Loss: 0.7104, BCE Loss: 0.5698
Epoch 110, Loss: 0.6788, BCE Loss: 0.5391
Epoch 120, Loss: 0.6367, BCE Loss: 0.4978
Epoch 130, Loss: 0.6132, BCE Loss: 0.4749
Epoch 140, Loss: 0.5891, BCE Loss: 0.4507
Epoch 150, Loss: 0.5688, BCE Loss: 0.4308
Epoch 160, Loss: 0.5487, BCE Loss: 0.4108
Epoch 170, Loss: 0.5337, BCE Loss: 0.3961
Epoch 180, Loss: 0.5212, BCE Loss: 0.3839
Epoch 190, Loss: 0.5047, BCE Loss: 0.3679
2025-05-28 05:01:05,964 - INFO - Model saved to models/hetero_gnn_model.pth
Epoch 0, Loss: 3.1047308444976807, Accuracy: 15.00%
Epoch 10, Loss: 2.015315532684326, Accuracy: 35.00%
Epoch 20, Loss: 1.5608891248703003, Accuracy: 55.00%
Epoch 30, Loss: 1.0356825590133667, Accuracy: 76.50%
Epoch 40, Loss: 0.6404603719711304, Accuracy: 91.25%
Epoch 50, Loss: 0.38114216923713684, Accuracy: 98.50%
Epoch 60, Loss: 0.24899941682815552, Accuracy: 99.75%
Epoch 70, Loss: 0.19509518146514893, Accuracy: 100.00%
Epoch 80, Loss: 0.1744411587715149, Accuracy: 100.00%
Epoch 90, Loss: 0.16566143929958344, Accuracy: 100.00%
2025-05-28 05:27:15,161 - INFO - Model saved to models/hetero_gnn_edge_regressor.pth
Epoch 0, Loss: 0.9570, BCE Loss: 0.7700
Epoch 10, Loss: 0.8946, BCE Loss: 0.6985
Epoch 20, Loss: 0.8973, BCE Loss: 0.6924
Epoch 30, Loss: 0.8901, BCE Loss: 0.6884
Epoch 40, Loss: 0.8693, BCE Loss: 0.6804
Epoch 50, Loss: 0.8324, BCE Loss: 0.6662
Epoch 60, Loss: 0.7945, BCE Loss: 0.6426
Epoch 70, Loss: 0.7423, BCE Loss: 0.5942
Epoch 80, Loss: 0.6752, BCE Loss: 0.5295
Epoch 90, Loss: 0.6121, BCE Loss: 0.4681
Epoch 100, Loss: 0.6191, BCE Loss: 0.4763
Epoch 110, Loss: 0.5447, BCE Loss: 0.4030
Epoch 120, Loss: 0.5257, BCE Loss: 0.3847
Epoch 130, Loss: 0.5048, BCE Loss: 0.3644
Epoch 140, Loss: 0.4916, BCE Loss: 0.3518
Epoch 150, Loss: 0.4793, BCE Loss: 0.3402
Epoch 160, Loss: 0.4735, BCE Loss: 0.3351
Epoch 170, Loss: 0.4700, BCE Loss: 0.3321
Epoch 180, Loss: 0.4469, BCE Loss: 0.3096
Epoch 190, Loss: 0.4279, BCE Loss: 0.2910
2025-05-28 05:41:14,571 - INFO - Model saved to models/hetero_gnn_model.pth
Epoch 0, Loss: 2.8174026012420654, Accuracy: 11.25%
Epoch 10, Loss: 1.854781150817871, Accuracy: 38.00%
Epoch 20, Loss: 1.3110308647155762, Accuracy: 63.00%
Epoch 30, Loss: 0.8793531656265259, Accuracy: 83.25%
Epoch 40, Loss: 0.5496665239334106, Accuracy: 93.00%
Epoch 50, Loss: 0.3317739963531494, Accuracy: 99.25%
Epoch 60, Loss: 0.22631630301475525, Accuracy: 99.75%
Epoch 70, Loss: 0.1856914460659027, Accuracy: 100.00%
Epoch 80, Loss: 0.16940243542194366, Accuracy: 100.00%
Epoch 90, Loss: 0.16182838380336761, Accuracy: 100.00%
2025-05-28 06:07:24,909 - INFO - Model saved to models/hetero_gnn_edge_regressor.pth
Epoch 0, Loss: 1.1163, BCE Loss: 0.9356
Epoch 10, Loss: 0.9412, BCE Loss: 0.7491
Epoch 20, Loss: 0.8472, BCE Loss: 0.6533
Epoch 30, Loss: 0.8046, BCE Loss: 0.6167
Epoch 40, Loss: 0.7612, BCE Loss: 0.5832
Epoch 50, Loss: 0.7007, BCE Loss: 0.5345
Epoch 60, Loss: 0.6412, BCE Loss: 0.4860
Epoch 70, Loss: 0.5849, BCE Loss: 0.4371
Epoch 80, Loss: 0.5312, BCE Loss: 0.3873
Epoch 90, Loss: 0.4961, BCE Loss: 0.3542
Epoch 100, Loss: 0.4822, BCE Loss: 0.3417
Epoch 110, Loss: 0.4671, BCE Loss: 0.3278
Epoch 120, Loss: 0.4605, BCE Loss: 0.3222
Epoch 130, Loss: 0.4519, BCE Loss: 0.3144
Epoch 140, Loss: 0.4376, BCE Loss: 0.3007
Epoch 150, Loss: 0.4291, BCE Loss: 0.2926
Epoch 160, Loss: 0.4136, BCE Loss: 0.2775
Epoch 170, Loss: 0.4007, BCE Loss: 0.2649
Epoch 180, Loss: 0.3829, BCE Loss: 0.2473
Epoch 190, Loss: 0.3621, BCE Loss: 0.2268
2025-05-28 06:25:49,470 - INFO - Model saved to models/hetero_gnn_model.pth
Epoch 0, Loss: 3.5262036323547363, Accuracy: 12.75%
Epoch 10, Loss: 2.187936544418335, Accuracy: 31.50%
Epoch 20, Loss: 1.617095947265625, Accuracy: 58.25%
Epoch 30, Loss: 1.100575566291809, Accuracy: 79.75%
Epoch 40, Loss: 0.7094390392303467, Accuracy: 92.50%
Epoch 50, Loss: 0.4853495657444, Accuracy: 98.50%
Epoch 60, Loss: 0.38034069538116455, Accuracy: 100.00%
Epoch 70, Loss: 0.33640676736831665, Accuracy: 100.00%
Epoch 80, Loss: 0.3188381791114807, Accuracy: 100.00%
Epoch 90, Loss: 0.3105063736438751, Accuracy: 100.00%
2025-05-28 06:52:06,503 - INFO - Model saved to models/hetero_gnn_edge_regressor.pth
Epoch 0, Loss: 1.3041, BCE Loss: 0.9423
Epoch 10, Loss: 1.0820, BCE Loss: 0.6927
Epoch 20, Loss: 1.0891, BCE Loss: 0.6922
Epoch 30, Loss: 1.0511, BCE Loss: 0.6858
Epoch 40, Loss: 0.9841, BCE Loss: 0.6811
Epoch 50, Loss: 0.9576, BCE Loss: 0.6659
Epoch 60, Loss: 0.9260, BCE Loss: 0.6420
Epoch 70, Loss: 0.8881, BCE Loss: 0.6089
Epoch 80, Loss: 0.8462, BCE Loss: 0.5698
Epoch 90, Loss: 0.7876, BCE Loss: 0.5128
Epoch 100, Loss: 0.7301, BCE Loss: 0.4568
Epoch 110, Loss: 0.6817, BCE Loss: 0.4094
Epoch 120, Loss: 0.6530, BCE Loss: 0.3820
Epoch 130, Loss: 0.6233, BCE Loss: 0.3534
Epoch 140, Loss: 0.6070, BCE Loss: 0.3379
Epoch 150, Loss: 0.6028, BCE Loss: 0.3346
Epoch 160, Loss: 0.5815, BCE Loss: 0.3137
Epoch 170, Loss: 0.5648, BCE Loss: 0.2975
Epoch 180, Loss: 0.5465, BCE Loss: 0.2797
Epoch 190, Loss: 0.5409, BCE Loss: 0.2746
2025-05-28 07:03:47,846 - INFO - Model saved to models/hetero_gnn_model.pth
Epoch 0, Loss: 2.8022847175598145, Accuracy: 11.00%
Epoch 10, Loss: 2.0773813724517822, Accuracy: 38.75%
Epoch 20, Loss: 1.5272915363311768, Accuracy: 58.50%
Epoch 30, Loss: 1.052339792251587, Accuracy: 81.00%
Epoch 40, Loss: 0.7062867879867554, Accuracy: 94.00%
Epoch 50, Loss: 0.48003917932510376, Accuracy: 99.25%
Epoch 60, Loss: 0.37633925676345825, Accuracy: 100.00%
Epoch 70, Loss: 0.33472493290901184, Accuracy: 100.00%
Epoch 80, Loss: 0.31772997975349426, Accuracy: 100.00%
Epoch 90, Loss: 0.3099803328514099, Accuracy: 100.00%
2025-05-28 07:29:54,595 - INFO - Model saved to models/hetero_gnn_edge_regressor.pth
Epoch 0, Loss: 1.0899, BCE Loss: 0.7268
Epoch 10, Loss: 1.0244, BCE Loss: 0.6779
Epoch 20, Loss: 0.9648, BCE Loss: 0.6365
Epoch 30, Loss: 0.8810, BCE Loss: 0.5817
Epoch 40, Loss: 0.8094, BCE Loss: 0.5215
Epoch 50, Loss: 0.7414, BCE Loss: 0.4597
Epoch 60, Loss: 0.6874, BCE Loss: 0.4101
Epoch 70, Loss: 0.6544, BCE Loss: 0.3807
Epoch 80, Loss: 0.6331, BCE Loss: 0.3620
Epoch 90, Loss: 0.6254, BCE Loss: 0.3564
Epoch 100, Loss: 0.6041, BCE Loss: 0.3367
Epoch 110, Loss: 0.5931, BCE Loss: 0.3270
Epoch 120, Loss: 0.5845, BCE Loss: 0.3195
Epoch 130, Loss: 0.5584, BCE Loss: 0.2943
Epoch 140, Loss: 0.5443, BCE Loss: 0.2811
Epoch 150, Loss: 0.5223, BCE Loss: 0.2598
Epoch 160, Loss: 0.4934, BCE Loss: 0.2315
Epoch 170, Loss: 0.4788, BCE Loss: 0.2173
Epoch 180, Loss: 0.4490, BCE Loss: 0.1880
Epoch 190, Loss: 0.4221, BCE Loss: 0.1613
2025-05-28 07:41:37,488 - INFO - Model saved to models/hetero_gnn_model.pth
Epoch 0, Loss: 2.702763080596924, Accuracy: 11.50%
Epoch 10, Loss: 2.140836477279663, Accuracy: 35.00%
Epoch 20, Loss: 1.5518925189971924, Accuracy: 59.00%
Epoch 30, Loss: 0.9707712531089783, Accuracy: 85.50%
Epoch 40, Loss: 0.5866380929946899, Accuracy: 98.50%
Epoch 50, Loss: 0.4054306149482727, Accuracy: 99.75%
Epoch 60, Loss: 0.33997300267219543, Accuracy: 100.00%
Epoch 70, Loss: 0.3168143928050995, Accuracy: 100.00%
Epoch 80, Loss: 0.3070097863674164, Accuracy: 100.00%
Epoch 90, Loss: 0.30170711874961853, Accuracy: 100.00%
2025-05-28 08:08:03,387 - INFO - Model saved to models/hetero_gnn_edge_regressor.pth
Epoch 0, Loss: 1.1344, BCE Loss: 0.7658
Epoch 10, Loss: 1.2325, BCE Loss: 0.8810
Epoch 20, Loss: 1.0270, BCE Loss: 0.6897
Epoch 30, Loss: 0.9912, BCE Loss: 0.6756
Epoch 40, Loss: 0.9398, BCE Loss: 0.6496
Epoch 50, Loss: 0.8940, BCE Loss: 0.6110
Epoch 60, Loss: 0.8383, BCE Loss: 0.5605
Epoch 70, Loss: 0.7758, BCE Loss: 0.5014
Epoch 80, Loss: 0.7168, BCE Loss: 0.4453
Epoch 90, Loss: 0.6719, BCE Loss: 0.4022
Epoch 100, Loss: 0.6457, BCE Loss: 0.3775
Epoch 110, Loss: 0.6278, BCE Loss: 0.3606
Epoch 120, Loss: 0.6202, BCE Loss: 0.3536
Epoch 130, Loss: 0.6119, BCE Loss: 0.3460
Epoch 140, Loss: 0.6044, BCE Loss: 0.3389
Epoch 150, Loss: 0.5975, BCE Loss: 0.3326
Epoch 160, Loss: 0.5896, BCE Loss: 0.3250
Epoch 170, Loss: 0.5838, BCE Loss: 0.3196
Epoch 180, Loss: 0.5698, BCE Loss: 0.3059
Epoch 190, Loss: 0.5563, BCE Loss: 0.2927
