Traceback (most recent call last):
  File "/home/yannick/Documents/Acoustic_Linguistic_GNN/gnn_heto_model.py", line 126, in <module>
    main(args.input_folder, args.graph_file, int(args.epochs), float(args.lamb))
  File "/home/yannick/Documents/Acoustic_Linguistic_GNN/gnn_heto_model.py", line 80, in main
    glist, _ = dgl.load_graphs(os.path.join(input_folder, graph_file))
  File "/home/yannick/.local/lib/python3.10/site-packages/dgl/data/graph_serialize.py", line 186, in load_graphs
    check_local_file_exists(filename)
  File "/home/yannick/.local/lib/python3.10/site-packages/dgl/data/graph_serialize.py", line 40, in check_local_file_exists
    raise DGLError("File {} does not exist.".format(filename))
dgl._ffi.base.DGLError: File saved_graphs/google_command/clique/filter/full_weighted/phon_art/hetero_graph_24_1_24_200.dgl does not exist.
Traceback (most recent call last):
  File "/home/yannick/Documents/Acoustic_Linguistic_GNN/gnn_heto_link_pred_model.py", line 232, in <module>
    main(args.input_folder, args.graph_file, int(args.epochs), float(args.lamb), args.dataset)
  File "/home/yannick/Documents/Acoustic_Linguistic_GNN/gnn_heto_link_pred_model.py", line 164, in main
    glist, _ = dgl.load_graphs(os.path.join(input_folder, graph_file))
  File "/home/yannick/.local/lib/python3.10/site-packages/dgl/data/graph_serialize.py", line 186, in load_graphs
    check_local_file_exists(filename)
  File "/home/yannick/.local/lib/python3.10/site-packages/dgl/data/graph_serialize.py", line 40, in check_local_file_exists
    raise DGLError("File {} does not exist.".format(filename))
dgl._ffi.base.DGLError: File saved_graphs/google_command/clique/filter/full_weighted/phon_art/hetero_graph_24_1_24_200.dgl does not exist.
Traceback (most recent call last):
  File "/home/yannick/Documents/Acoustic_Linguistic_GNN/gnn_heto_model.py", line 126, in <module>
    main(args.input_folder, args.graph_file, int(args.epochs), float(args.lamb))
  File "/home/yannick/Documents/Acoustic_Linguistic_GNN/gnn_heto_model.py", line 80, in main
    glist, _ = dgl.load_graphs(os.path.join(input_folder, graph_file))
  File "/home/yannick/.local/lib/python3.10/site-packages/dgl/data/graph_serialize.py", line 186, in load_graphs
    check_local_file_exists(filename)
  File "/home/yannick/.local/lib/python3.10/site-packages/dgl/data/graph_serialize.py", line 40, in check_local_file_exists
    raise DGLError("File {} does not exist.".format(filename))
dgl._ffi.base.DGLError: File saved_graphs/google_command/clique/filter/fixed/phon_art/hetero_graph_24_1_24_200.dgl does not exist.
Traceback (most recent call last):
  File "/home/yannick/Documents/Acoustic_Linguistic_GNN/gnn_heto_link_pred_model.py", line 232, in <module>
    main(args.input_folder, args.graph_file, int(args.epochs), float(args.lamb), args.dataset)
  File "/home/yannick/Documents/Acoustic_Linguistic_GNN/gnn_heto_link_pred_model.py", line 164, in main
    glist, _ = dgl.load_graphs(os.path.join(input_folder, graph_file))
  File "/home/yannick/.local/lib/python3.10/site-packages/dgl/data/graph_serialize.py", line 186, in load_graphs
    check_local_file_exists(filename)
  File "/home/yannick/.local/lib/python3.10/site-packages/dgl/data/graph_serialize.py", line 40, in check_local_file_exists
    raise DGLError("File {} does not exist.".format(filename))
dgl._ffi.base.DGLError: File saved_graphs/google_command/clique/filter/fixed/phon_art/hetero_graph_24_1_24_200.dgl does not exist.
Traceback (most recent call last):
  File "/home/yannick/Documents/Acoustic_Linguistic_GNN/gnn_heto_model.py", line 126, in <module>
    main(args.input_folder, args.graph_file, int(args.epochs), float(args.lamb))
  File "/home/yannick/Documents/Acoustic_Linguistic_GNN/gnn_heto_model.py", line 80, in main
    glist, _ = dgl.load_graphs(os.path.join(input_folder, graph_file))
  File "/home/yannick/.local/lib/python3.10/site-packages/dgl/data/graph_serialize.py", line 186, in load_graphs
    check_local_file_exists(filename)
  File "/home/yannick/.local/lib/python3.10/site-packages/dgl/data/graph_serialize.py", line 40, in check_local_file_exists
    raise DGLError("File {} does not exist.".format(filename))
dgl._ffi.base.DGLError: File saved_graphs/google_command/clique/filter/dnn/phon_art/hetero_graph_24_1_24_200.dgl does not exist.
Traceback (most recent call last):
  File "/home/yannick/Documents/Acoustic_Linguistic_GNN/gnn_heto_link_pred_model.py", line 232, in <module>
    main(args.input_folder, args.graph_file, int(args.epochs), float(args.lamb), args.dataset)
  File "/home/yannick/Documents/Acoustic_Linguistic_GNN/gnn_heto_link_pred_model.py", line 164, in main
    glist, _ = dgl.load_graphs(os.path.join(input_folder, graph_file))
  File "/home/yannick/.local/lib/python3.10/site-packages/dgl/data/graph_serialize.py", line 186, in load_graphs
    check_local_file_exists(filename)
  File "/home/yannick/.local/lib/python3.10/site-packages/dgl/data/graph_serialize.py", line 40, in check_local_file_exists
    raise DGLError("File {} does not exist.".format(filename))
dgl._ffi.base.DGLError: File saved_graphs/google_command/clique/filter/dnn/phon_art/hetero_graph_24_1_24_200.dgl does not exist.
2025-05-28 18:11:19,355 - INFO - Model saved to models/hetero_gnn_model.pth
Epoch 0, Loss: 2.9377851486206055, Accuracy: 10.62%
Epoch 10, Loss: 1.692819356918335, Accuracy: 33.75%
Epoch 20, Loss: 0.9125469326972961, Accuracy: 73.12%
Epoch 30, Loss: 0.39103031158447266, Accuracy: 93.75%
Epoch 40, Loss: 0.13168196380138397, Accuracy: 99.38%
Epoch 50, Loss: 0.03912525251507759, Accuracy: 100.00%
Epoch 60, Loss: 0.014702916145324707, Accuracy: 100.00%
Epoch 70, Loss: 0.007357234600931406, Accuracy: 100.00%
Epoch 80, Loss: 0.004711741581559181, Accuracy: 100.00%
Epoch 90, Loss: 0.003499721409752965, Accuracy: 100.00%
2025-05-28 18:16:07,222 - INFO - Model saved to models/hetero_gnn_edge_regressor.pth
Epoch 0, Loss: 0.2930, Regularisation: 0.3467542231082916, MSE: 0.2930
Epoch 10, Loss: 0.5000, Regularisation: 0.4899771511554718, MSE: 0.5000
Epoch 20, Loss: 0.5000, Regularisation: 0.49015602469444275, MSE: 0.5000
Epoch 30, Loss: 0.5000, Regularisation: 0.49015697836875916, MSE: 0.5000
Epoch 40, Loss: 0.5000, Regularisation: 0.49015700817108154, MSE: 0.5000
Epoch 50, Loss: 0.5000, Regularisation: 0.49015700817108154, MSE: 0.5000
Epoch 60, Loss: 0.5000, Regularisation: 0.49015700817108154, MSE: 0.5000
Epoch 70, Loss: 0.5000, Regularisation: 0.49015700817108154, MSE: 0.5000
Epoch 80, Loss: 0.5000, Regularisation: 0.49015700817108154, MSE: 0.5000
Epoch 90, Loss: 0.5000, Regularisation: 0.49015700817108154, MSE: 0.5000
Epoch 100, Loss: 0.5000, Regularisation: 0.49015700817108154, MSE: 0.5000
Epoch 110, Loss: 0.5000, Regularisation: 0.49015700817108154, MSE: 0.5000
Epoch 120, Loss: 0.5000, Regularisation: 0.49015700817108154, MSE: 0.5000
Epoch 130, Loss: 0.5000, Regularisation: 0.49015700817108154, MSE: 0.5000
Epoch 140, Loss: 0.5000, Regularisation: 0.49015700817108154, MSE: 0.5000
Epoch 150, Loss: 0.5000, Regularisation: 0.49015700817108154, MSE: 0.5000
Epoch 160, Loss: 0.5000, Regularisation: 0.49015700817108154, MSE: 0.5000
Epoch 170, Loss: 0.5000, Regularisation: 0.49015700817108154, MSE: 0.5000
Epoch 180, Loss: 0.5000, Regularisation: 0.49015700817108154, MSE: 0.5000
Epoch 190, Loss: 0.5000, Regularisation: 0.49015700817108154, MSE: 0.5000
2025-05-28 18:16:38,014 - INFO - Model saved to models/hetero_gnn_model.pth
Epoch 0, Loss: 2.5794060230255127, Accuracy: 10.62%
Epoch 10, Loss: 0.8590911626815796, Accuracy: 71.25%
Epoch 20, Loss: 0.27100086212158203, Accuracy: 96.88%
Epoch 30, Loss: 0.07597929984331131, Accuracy: 100.00%
Epoch 40, Loss: 0.024173740297555923, Accuracy: 100.00%
Epoch 50, Loss: 0.01027668360620737, Accuracy: 100.00%
Epoch 60, Loss: 0.005651768762618303, Accuracy: 100.00%
Epoch 70, Loss: 0.003716548439115286, Accuracy: 100.00%
Epoch 80, Loss: 0.0027512439992278814, Accuracy: 100.00%
Epoch 90, Loss: 0.002170754596590996, Accuracy: 100.00%
2025-05-28 18:21:21,103 - INFO - Model saved to models/hetero_gnn_edge_regressor.pth
Epoch 0, Loss: 0.4237, Regularisation: 0.3490801751613617, MSE: 0.4237
Epoch 10, Loss: 0.5000, Regularisation: 0.48972374200820923, MSE: 0.5000
Epoch 20, Loss: 0.5000, Regularisation: 0.48991262912750244, MSE: 0.5000
Epoch 30, Loss: 0.5000, Regularisation: 0.4899136424064636, MSE: 0.5000
Epoch 40, Loss: 0.5000, Regularisation: 0.4899136424064636, MSE: 0.5000
Epoch 50, Loss: 0.5000, Regularisation: 0.4899136424064636, MSE: 0.5000
Epoch 60, Loss: 0.5000, Regularisation: 0.4899136424064636, MSE: 0.5000
Epoch 70, Loss: 0.5000, Regularisation: 0.4899136424064636, MSE: 0.5000
Epoch 80, Loss: 0.5000, Regularisation: 0.4899136424064636, MSE: 0.5000
Epoch 90, Loss: 0.5000, Regularisation: 0.4899136424064636, MSE: 0.5000
Epoch 100, Loss: 0.5000, Regularisation: 0.4899136424064636, MSE: 0.5000
Epoch 110, Loss: 0.5000, Regularisation: 0.4899136424064636, MSE: 0.5000
Epoch 120, Loss: 0.5000, Regularisation: 0.4899136424064636, MSE: 0.5000
Epoch 130, Loss: 0.5000, Regularisation: 0.4899136424064636, MSE: 0.5000
Epoch 140, Loss: 0.5000, Regularisation: 0.4899136424064636, MSE: 0.5000
Epoch 150, Loss: 0.5000, Regularisation: 0.4899136424064636, MSE: 0.5000
Epoch 160, Loss: 0.5000, Regularisation: 0.4899136424064636, MSE: 0.5000
Epoch 170, Loss: 0.5000, Regularisation: 0.4899136424064636, MSE: 0.5000
Epoch 180, Loss: 0.5000, Regularisation: 0.4899136424064636, MSE: 0.5000
Epoch 190, Loss: 0.5000, Regularisation: 0.4899136424064636, MSE: 0.5000
2025-05-28 18:21:50,958 - INFO - Model saved to models/hetero_gnn_model.pth
Epoch 0, Loss: 2.8934485912323, Accuracy: 15.62%
Epoch 10, Loss: 1.4601829051971436, Accuracy: 38.75%
Epoch 20, Loss: 0.651713490486145, Accuracy: 81.25%
Epoch 30, Loss: 0.19788292050361633, Accuracy: 97.50%
Epoch 40, Loss: 0.05459482595324516, Accuracy: 100.00%
Epoch 50, Loss: 0.01890498772263527, Accuracy: 100.00%
Epoch 60, Loss: 0.00908439140766859, Accuracy: 100.00%
Epoch 70, Loss: 0.0055177477188408375, Accuracy: 100.00%
Epoch 80, Loss: 0.003931520972400904, Accuracy: 100.00%
Epoch 90, Loss: 0.003091175574809313, Accuracy: 100.00%
2025-05-28 18:26:42,382 - INFO - Model saved to models/hetero_gnn_edge_regressor.pth
Epoch 0, Loss: 0.2722, Regularisation: 0.34874632954597473, MSE: 0.2722
Epoch 10, Loss: 0.5000, Regularisation: 0.4852728247642517, MSE: 0.5000
Epoch 20, Loss: 0.5000, Regularisation: 0.48551708459854126, MSE: 0.5000
Epoch 30, Loss: 0.5000, Regularisation: 0.48551833629608154, MSE: 0.5000
Epoch 40, Loss: 0.5000, Regularisation: 0.48551836609840393, MSE: 0.5000
Epoch 50, Loss: 0.5000, Regularisation: 0.48551836609840393, MSE: 0.5000
Epoch 60, Loss: 0.5000, Regularisation: 0.48551836609840393, MSE: 0.5000
Epoch 70, Loss: 0.5000, Regularisation: 0.48551836609840393, MSE: 0.5000
Epoch 80, Loss: 0.5000, Regularisation: 0.48551836609840393, MSE: 0.5000
Epoch 90, Loss: 0.5000, Regularisation: 0.48551836609840393, MSE: 0.5000
Epoch 100, Loss: 0.5000, Regularisation: 0.48551836609840393, MSE: 0.5000
Epoch 110, Loss: 0.5000, Regularisation: 0.48551836609840393, MSE: 0.5000
Epoch 120, Loss: 0.5000, Regularisation: 0.48551836609840393, MSE: 0.5000
Epoch 130, Loss: 0.5000, Regularisation: 0.48551836609840393, MSE: 0.5000
Epoch 140, Loss: 0.5000, Regularisation: 0.48551836609840393, MSE: 0.5000
Epoch 150, Loss: 0.5000, Regularisation: 0.48551836609840393, MSE: 0.5000
Epoch 160, Loss: 0.5000, Regularisation: 0.48551836609840393, MSE: 0.5000
Epoch 170, Loss: 0.5000, Regularisation: 0.48551836609840393, MSE: 0.5000
Epoch 180, Loss: 0.5000, Regularisation: 0.48551836609840393, MSE: 0.5000
Epoch 190, Loss: 0.5000, Regularisation: 0.48551836609840393, MSE: 0.5000
2025-05-28 18:27:44,310 - INFO - Model saved to models/hetero_gnn_model.pth
Epoch 0, Loss: 2.6368424892425537, Accuracy: 16.88%
Epoch 10, Loss: 1.1386786699295044, Accuracy: 70.00%
Epoch 20, Loss: 0.47789818048477173, Accuracy: 95.00%
Epoch 30, Loss: 0.2595081329345703, Accuracy: 99.38%
Epoch 40, Loss: 0.19363340735435486, Accuracy: 100.00%
Epoch 50, Loss: 0.17252293229103088, Accuracy: 100.00%
Epoch 60, Loss: 0.16408933699131012, Accuracy: 100.00%
Epoch 70, Loss: 0.1595955491065979, Accuracy: 100.00%
Epoch 80, Loss: 0.15679651498794556, Accuracy: 100.00%
Epoch 90, Loss: 0.1548231542110443, Accuracy: 100.00%
2025-05-28 18:32:39,065 - INFO - Model saved to models/hetero_gnn_edge_regressor.pth
Epoch 0, Loss: 0.4367, Regularisation: 0.3519526720046997, MSE: 0.2607
Epoch 10, Loss: 0.6698, Regularisation: 0.3395211100578308, MSE: 0.5000
Epoch 20, Loss: 0.6665, Regularisation: 0.33304986357688904, MSE: 0.5000
Epoch 30, Loss: 0.6665, Regularisation: 0.3329552114009857, MSE: 0.5000
Epoch 40, Loss: 0.6665, Regularisation: 0.3329516351222992, MSE: 0.5000
Epoch 50, Loss: 0.6665, Regularisation: 0.33294951915740967, MSE: 0.5000
Epoch 60, Loss: 0.6665, Regularisation: 0.33294737339019775, MSE: 0.5000
Epoch 70, Loss: 0.6665, Regularisation: 0.3329450488090515, MSE: 0.5000
Epoch 80, Loss: 0.6665, Regularisation: 0.33294278383255005, MSE: 0.5000
Epoch 90, Loss: 0.6665, Regularisation: 0.33294034004211426, MSE: 0.5000
Epoch 100, Loss: 0.6665, Regularisation: 0.3329378068447113, MSE: 0.5000
Epoch 110, Loss: 0.6665, Regularisation: 0.33293524384498596, MSE: 0.5000
Epoch 120, Loss: 0.6665, Regularisation: 0.33293265104293823, MSE: 0.5000
Epoch 130, Loss: 0.6665, Regularisation: 0.3329299986362457, MSE: 0.5000
Epoch 140, Loss: 0.6665, Regularisation: 0.33292731642723083, MSE: 0.5000
Epoch 150, Loss: 0.6665, Regularisation: 0.3329245448112488, MSE: 0.5000
Epoch 160, Loss: 0.6665, Regularisation: 0.3329218029975891, MSE: 0.5000
Epoch 170, Loss: 0.6665, Regularisation: 0.3329189717769623, MSE: 0.5000
Epoch 180, Loss: 0.6665, Regularisation: 0.33291611075401306, MSE: 0.5000
Epoch 190, Loss: 0.6665, Regularisation: 0.33291321992874146, MSE: 0.5000
2025-05-28 18:33:03,742 - INFO - Model saved to models/hetero_gnn_model.pth
Epoch 0, Loss: 3.4858336448669434, Accuracy: 11.25%
Epoch 10, Loss: 1.5725051164627075, Accuracy: 46.25%
Epoch 20, Loss: 0.824944794178009, Accuracy: 83.75%
Epoch 30, Loss: 0.4477718770503998, Accuracy: 94.38%
Epoch 40, Loss: 0.2835681438446045, Accuracy: 99.38%
Epoch 50, Loss: 0.21642303466796875, Accuracy: 100.00%
Epoch 60, Loss: 0.1875884234905243, Accuracy: 100.00%
Epoch 70, Loss: 0.1747380793094635, Accuracy: 100.00%
Epoch 80, Loss: 0.16759085655212402, Accuracy: 100.00%
Epoch 90, Loss: 0.16261418163776398, Accuracy: 100.00%
2025-05-28 18:37:51,063 - INFO - Model saved to models/hetero_gnn_edge_regressor.pth
Epoch 0, Loss: 0.4468, Regularisation: 0.3482680022716522, MSE: 0.2727
Epoch 10, Loss: 0.7045, Regularisation: 0.40895724296569824, MSE: 0.5000
Epoch 20, Loss: 0.6976, Regularisation: 0.3951249420642853, MSE: 0.5000
Epoch 30, Loss: 0.6974, Regularisation: 0.394815593957901, MSE: 0.5000
Epoch 40, Loss: 0.6974, Regularisation: 0.3948037326335907, MSE: 0.5000
Epoch 50, Loss: 0.6974, Regularisation: 0.39479705691337585, MSE: 0.5000
Epoch 60, Loss: 0.6974, Regularisation: 0.3947901427745819, MSE: 0.5000
Epoch 70, Loss: 0.6974, Regularisation: 0.39478302001953125, MSE: 0.5000
Epoch 80, Loss: 0.6974, Regularisation: 0.39477577805519104, MSE: 0.5000
Epoch 90, Loss: 0.6974, Regularisation: 0.3947684168815613, MSE: 0.5000
Epoch 100, Loss: 0.6974, Regularisation: 0.39476093649864197, MSE: 0.5000
Epoch 110, Loss: 0.6974, Regularisation: 0.3947533369064331, MSE: 0.5000
Epoch 120, Loss: 0.6974, Regularisation: 0.3947456479072571, MSE: 0.5000
Epoch 130, Loss: 0.6974, Regularisation: 0.3947378396987915, MSE: 0.5000
Epoch 140, Loss: 0.6974, Regularisation: 0.39473000168800354, MSE: 0.5000
Epoch 150, Loss: 0.6974, Regularisation: 0.3947220742702484, MSE: 0.5000
Epoch 160, Loss: 0.6974, Regularisation: 0.3947140574455261, MSE: 0.5000
Epoch 170, Loss: 0.6974, Regularisation: 0.39470595121383667, MSE: 0.5000
Epoch 180, Loss: 0.6973, Regularisation: 0.3946978747844696, MSE: 0.5000
Epoch 190, Loss: 0.6973, Regularisation: 0.394689679145813, MSE: 0.5000
2025-05-28 18:38:15,584 - INFO - Model saved to models/hetero_gnn_model.pth
Epoch 0, Loss: 4.936124801635742, Accuracy: 12.50%
Epoch 10, Loss: 1.8491547107696533, Accuracy: 37.50%
Epoch 20, Loss: 1.1958731412887573, Accuracy: 66.88%
Epoch 30, Loss: 0.7042762637138367, Accuracy: 90.00%
Epoch 40, Loss: 0.41709408164024353, Accuracy: 98.12%
Epoch 50, Loss: 0.27634426951408386, Accuracy: 100.00%
Epoch 60, Loss: 0.21264521777629852, Accuracy: 100.00%
Epoch 70, Loss: 0.18568585813045502, Accuracy: 100.00%
Epoch 80, Loss: 0.1740299016237259, Accuracy: 100.00%
Epoch 90, Loss: 0.16798338294029236, Accuracy: 100.00%
Epoch 0, Loss: 0.4591, Regularisation: 0.34233149886131287, MSE: 0.2879
Epoch 10, Loss: 0.7176, Regularisation: 0.43518614768981934, MSE: 0.5000
Epoch 20, Loss: 0.7132, Regularisation: 0.4264337122440338, MSE: 0.5000
Epoch 30, Loss: 0.7131, Regularisation: 0.42622658610343933, MSE: 0.5000
Epoch 40, Loss: 0.7131, Regularisation: 0.42621856927871704, MSE: 0.5000
Epoch 50, Loss: 0.7131, Regularisation: 0.4262140393257141, MSE: 0.5000
Epoch 60, Loss: 0.7131, Regularisation: 0.42620933055877686, MSE: 0.5000
Epoch 70, Loss: 0.7131, Regularisation: 0.4262044429779053, MSE: 0.5000
Epoch 80, Loss: 0.7131, Regularisation: 0.42619946599006653, MSE: 0.5000
Epoch 90, Loss: 0.7131, Regularisation: 0.426194429397583, MSE: 0.5000
Epoch 100, Loss: 0.7131, Regularisation: 0.42618924379348755, MSE: 0.5000
Epoch 110, Loss: 0.7131, Regularisation: 0.4261839687824249, MSE: 0.5000
Epoch 120, Loss: 0.7131, Regularisation: 0.42617863416671753, MSE: 0.5000
Traceback (most recent call last):
  File "/home/yannick/Documents/Acoustic_Linguistic_GNN/gnn_heto_link_pred_model.py", line 232, in <module>
    main(args.input_folder, args.graph_file, int(args.epochs), float(args.lamb), args.dataset)
  File "/home/yannick/Documents/Acoustic_Linguistic_GNN/gnn_heto_link_pred_model.py", line 211, in main
    model = train_edge_regression(
  File "/home/yannick/Documents/Acoustic_Linguistic_GNN/gnn_heto_link_pred_model.py", line 99, in train_edge_regression
    loss.backward()
  File "/home/yannick/.local/lib/python3.10/site-packages/torch/_tensor.py", line 522, in backward
    torch.autograd.backward(
  File "/home/yannick/.local/lib/python3.10/site-packages/torch/autograd/__init__.py", line 266, in backward
    Variable._execution_engine.run_backward(  # Calls into the C++ engine to run the backward pass
  File "/home/yannick/.local/lib/python3.10/site-packages/torch/autograd/function.py", line 277, in apply
    def apply(self, *args):
KeyboardInterrupt
