2025-06-13 05:39:04,625 - INFO - Model saved to models/hetero_gnn_model.pth
Epoch 0, Loss: 3.301470994949341, Accuracy: 20.00%
Epoch 10, Loss: 2.99737548828125, Accuracy: 17.08%
Epoch 20, Loss: 2.9115896224975586, Accuracy: 16.25%
Epoch 30, Loss: 2.9091882705688477, Accuracy: 16.25%
Epoch 40, Loss: 2.909086227416992, Accuracy: 16.25%
Epoch 50, Loss: 2.9090259075164795, Accuracy: 16.25%
Epoch 60, Loss: 2.908961772918701, Accuracy: 16.25%
Epoch 70, Loss: 2.90889573097229, Accuracy: 16.25%
Epoch 80, Loss: 2.908827781677246, Accuracy: 16.25%
Epoch 90, Loss: 2.9087579250335693, Accuracy: 16.25%
Epoch 100, Loss: 2.908687114715576, Accuracy: 16.25%
Epoch 110, Loss: 2.908614158630371, Accuracy: 16.25%
Epoch 120, Loss: 2.908541202545166, Accuracy: 16.25%
Epoch 130, Loss: 2.90846586227417, Accuracy: 16.25%
Epoch 140, Loss: 2.908390998840332, Accuracy: 16.25%
2025-06-13 05:43:28,336 - INFO - Model saved to models/hetero_gnn_edge_regressor.pth
Epoch 0, Loss: 1.8107, Regularisation: 1.3203421831130981, MSE: 0.4903
Epoch 10, Loss: 1.4238, Regularisation: 0.923835277557373, MSE: 0.5000
Epoch 20, Loss: 1.4043, Regularisation: 0.9043188095092773, MSE: 0.5000
Epoch 30, Loss: 1.3236, Regularisation: 0.8236396312713623, MSE: 0.5000
Epoch 40, Loss: 1.2238, Regularisation: 0.7237797379493713, MSE: 0.5000
Epoch 50, Loss: 1.2079, Regularisation: 0.7079148292541504, MSE: 0.5000
Epoch 60, Loss: 1.2007, Regularisation: 0.7007054686546326, MSE: 0.5000
Epoch 70, Loss: 1.1938, Regularisation: 0.6938286423683167, MSE: 0.5000
Epoch 80, Loss: 1.1842, Regularisation: 0.6842041015625, MSE: 0.5000
Epoch 90, Loss: 1.1670, Regularisation: 0.6669749617576599, MSE: 0.5000
Epoch 100, Loss: 1.1306, Regularisation: 0.6305557489395142, MSE: 0.5000
Epoch 110, Loss: 1.0831, Regularisation: 0.5830712914466858, MSE: 0.5000
Epoch 120, Loss: 1.0795, Regularisation: 0.5794712901115417, MSE: 0.5000
Epoch 130, Loss: 1.0590, Regularisation: 0.559024453163147, MSE: 0.5000
Epoch 140, Loss: 1.0487, Regularisation: 0.5486771464347839, MSE: 0.5000
Epoch 150, Loss: 1.0454, Regularisation: 0.5454376935958862, MSE: 0.5000
Epoch 160, Loss: 1.0819, Regularisation: 0.5819365978240967, MSE: 0.5000
Epoch 170, Loss: 1.0418, Regularisation: 0.5417801141738892, MSE: 0.5000
Epoch 180, Loss: 1.0412, Regularisation: 0.5412366390228271, MSE: 0.5000
Epoch 190, Loss: 1.0412, Regularisation: 0.5412288904190063, MSE: 0.5000
2025-06-13 05:44:42,264 - INFO - Model saved to models/hetero_gnn_model.pth
Epoch 0, Loss: 4.93067741394043, Accuracy: 17.08%
Epoch 10, Loss: 2.838132858276367, Accuracy: 16.67%
Epoch 20, Loss: 2.3901560306549072, Accuracy: 17.08%
Epoch 30, Loss: 2.2921814918518066, Accuracy: 22.92%
Epoch 40, Loss: 2.282498836517334, Accuracy: 21.25%
Epoch 50, Loss: 2.2774696350097656, Accuracy: 21.67%
Epoch 60, Loss: 2.27173113822937, Accuracy: 22.08%
Epoch 70, Loss: 2.2641963958740234, Accuracy: 22.08%
Epoch 80, Loss: 2.255253314971924, Accuracy: 21.67%
Epoch 90, Loss: 2.2439823150634766, Accuracy: 20.42%
Epoch 100, Loss: 2.229853868484497, Accuracy: 20.42%
Epoch 110, Loss: 2.2161006927490234, Accuracy: 20.42%
Epoch 120, Loss: 2.2077178955078125, Accuracy: 20.42%
Epoch 130, Loss: 2.200132369995117, Accuracy: 20.42%
Epoch 140, Loss: 2.1925957202911377, Accuracy: 21.67%
2025-06-13 05:46:56,710 - INFO - Model saved to models/hetero_gnn_edge_regressor.pth
Epoch 0, Loss: 1.5668, Regularisation: 1.273573875427246, MSE: 0.2933
Epoch 10, Loss: 1.4390, Regularisation: 0.9389565587043762, MSE: 0.5000
Epoch 20, Loss: 1.4268, Regularisation: 0.9268225431442261, MSE: 0.5000
Epoch 30, Loss: 1.4154, Regularisation: 0.9154243469238281, MSE: 0.5000
Epoch 40, Loss: 1.3885, Regularisation: 0.8885082006454468, MSE: 0.5000
Epoch 50, Loss: 1.2619, Regularisation: 0.76190185546875, MSE: 0.5000
Epoch 60, Loss: 1.2243, Regularisation: 0.7243499159812927, MSE: 0.5000
Epoch 70, Loss: 1.2148, Regularisation: 0.7147977352142334, MSE: 0.5000
Epoch 80, Loss: 1.2097, Regularisation: 0.7097495198249817, MSE: 0.5000
Epoch 90, Loss: 1.2066, Regularisation: 0.7066433429718018, MSE: 0.5000
Epoch 100, Loss: 1.2034, Regularisation: 0.7033663392066956, MSE: 0.5000
Epoch 110, Loss: 1.1994, Regularisation: 0.6994263529777527, MSE: 0.5000
Epoch 120, Loss: 1.1936, Regularisation: 0.6936115026473999, MSE: 0.5000
Epoch 130, Loss: 1.1842, Regularisation: 0.684241771697998, MSE: 0.5000
Epoch 140, Loss: 1.1673, Regularisation: 0.6673363447189331, MSE: 0.5000
Epoch 150, Loss: 1.1313, Regularisation: 0.6312574744224548, MSE: 0.5000
Epoch 160, Loss: 1.1057, Regularisation: 0.6056995987892151, MSE: 0.5000
Epoch 170, Loss: 1.0761, Regularisation: 0.5760719180107117, MSE: 0.5000
Epoch 180, Loss: 1.0658, Regularisation: 0.5657750964164734, MSE: 0.5000
Epoch 190, Loss: 1.0587, Regularisation: 0.5587338805198669, MSE: 0.5000
2025-06-13 05:48:09,464 - INFO - Model saved to models/hetero_gnn_model.pth
Epoch 0, Loss: 7.119935512542725, Accuracy: 16.67%
Epoch 10, Loss: 2.5439202785491943, Accuracy: 19.17%
Epoch 20, Loss: 2.3520712852478027, Accuracy: 18.75%
Epoch 30, Loss: 2.256269693374634, Accuracy: 22.50%
Epoch 40, Loss: 2.3148751258850098, Accuracy: 18.33%
Epoch 50, Loss: 2.1955034732818604, Accuracy: 20.42%
Epoch 60, Loss: 2.1935524940490723, Accuracy: 19.58%
Epoch 70, Loss: 2.1933529376983643, Accuracy: 19.58%
Epoch 80, Loss: 2.1933395862579346, Accuracy: 19.58%
Epoch 90, Loss: 2.193324327468872, Accuracy: 19.58%
Epoch 100, Loss: 2.193307876586914, Accuracy: 19.58%
Epoch 110, Loss: 2.193291187286377, Accuracy: 19.58%
Epoch 120, Loss: 2.1932737827301025, Accuracy: 19.58%
Epoch 130, Loss: 2.1932554244995117, Accuracy: 19.58%
Epoch 140, Loss: 2.193236827850342, Accuracy: 19.58%
2025-06-13 05:48:33,444 - INFO - Model saved to models/hetero_gnn_edge_regressor.pth
Epoch 0, Loss: 1.9434, Regularisation: 1.4433937072753906, MSE: 0.5000
Epoch 10, Loss: 1.3872, Regularisation: 0.8871898651123047, MSE: 0.5000
Epoch 20, Loss: 1.2254, Regularisation: 0.7253986597061157, MSE: 0.5000
Epoch 30, Loss: 1.2177, Regularisation: 0.7176632285118103, MSE: 0.5000
Epoch 40, Loss: 1.2139, Regularisation: 0.7139087915420532, MSE: 0.5000
Epoch 50, Loss: 1.2121, Regularisation: 0.7120771408081055, MSE: 0.5000
Epoch 60, Loss: 1.2108, Regularisation: 0.7108256816864014, MSE: 0.5000
Epoch 70, Loss: 1.2094, Regularisation: 0.7094478607177734, MSE: 0.5000
Epoch 80, Loss: 1.2079, Regularisation: 0.7079457640647888, MSE: 0.5000
Epoch 90, Loss: 1.2066, Regularisation: 0.7065935134887695, MSE: 0.5000
Epoch 100, Loss: 1.2051, Regularisation: 0.7051113843917847, MSE: 0.5000
Epoch 110, Loss: 1.2035, Regularisation: 0.703533411026001, MSE: 0.5000
Epoch 120, Loss: 1.2016, Regularisation: 0.7016425728797913, MSE: 0.5000
Epoch 130, Loss: 1.1999, Regularisation: 0.6998923420906067, MSE: 0.5000
Epoch 140, Loss: 1.1983, Regularisation: 0.698277473449707, MSE: 0.5000
Epoch 150, Loss: 1.1965, Regularisation: 0.6964669823646545, MSE: 0.5000
Epoch 160, Loss: 1.1944, Regularisation: 0.6943957209587097, MSE: 0.5000
Epoch 170, Loss: 1.1920, Regularisation: 0.6919572353363037, MSE: 0.5000
Epoch 180, Loss: 1.1890, Regularisation: 0.6890027523040771, MSE: 0.5000
Epoch 190, Loss: 1.1853, Regularisation: 0.6852675676345825, MSE: 0.5000
2025-06-13 05:49:44,107 - INFO - Model saved to models/hetero_gnn_model.pth
Epoch 0, Loss: 5.171563625335693, Accuracy: 16.67%
Epoch 10, Loss: 2.6106789112091064, Accuracy: 17.92%
Epoch 20, Loss: 2.3037807941436768, Accuracy: 19.58%
Epoch 30, Loss: 2.2881364822387695, Accuracy: 21.67%
Epoch 40, Loss: 2.2867627143859863, Accuracy: 21.67%
Epoch 50, Loss: 2.286733627319336, Accuracy: 21.67%
Epoch 60, Loss: 2.286728858947754, Accuracy: 21.67%
Epoch 70, Loss: 2.2867233753204346, Accuracy: 21.67%
Epoch 80, Loss: 2.286717176437378, Accuracy: 21.67%
Epoch 90, Loss: 2.286710739135742, Accuracy: 21.67%
Epoch 100, Loss: 2.2867043018341064, Accuracy: 21.67%
Epoch 110, Loss: 2.2866978645324707, Accuracy: 21.67%
Epoch 120, Loss: 2.2866904735565186, Accuracy: 21.67%
Epoch 130, Loss: 2.286682367324829, Accuracy: 21.67%
Epoch 140, Loss: 2.2866740226745605, Accuracy: 21.67%
2025-06-13 05:49:58,057 - INFO - Model saved to models/hetero_gnn_edge_regressor.pth
Epoch 0, Loss: 1.6273, Regularisation: 1.1298632621765137, MSE: 0.4974
Epoch 10, Loss: 1.1651, Regularisation: 0.6650561094284058, MSE: 0.5000
Epoch 20, Loss: 1.1672, Regularisation: 0.6671937108039856, MSE: 0.5000
Epoch 30, Loss: 1.1644, Regularisation: 0.6644378900527954, MSE: 0.5000
Epoch 40, Loss: 1.1635, Regularisation: 0.6635177135467529, MSE: 0.5000
Epoch 50, Loss: 1.1626, Regularisation: 0.6626060009002686, MSE: 0.5000
Epoch 60, Loss: 1.1617, Regularisation: 0.6617335677146912, MSE: 0.5000
Epoch 70, Loss: 1.1609, Regularisation: 0.6609078049659729, MSE: 0.5000
Epoch 80, Loss: 1.1601, Regularisation: 0.6601206660270691, MSE: 0.5000
Epoch 90, Loss: 1.1594, Regularisation: 0.6593704223632812, MSE: 0.5000
Epoch 100, Loss: 1.1587, Regularisation: 0.6586587429046631, MSE: 0.5000
Epoch 110, Loss: 1.1580, Regularisation: 0.6579834222793579, MSE: 0.5000
Epoch 120, Loss: 1.1573, Regularisation: 0.6573346853256226, MSE: 0.5000
Epoch 130, Loss: 1.1567, Regularisation: 0.6567122340202332, MSE: 0.5000
Epoch 140, Loss: 1.1561, Regularisation: 0.6561169624328613, MSE: 0.5000
Epoch 150, Loss: 1.1556, Regularisation: 0.6555612087249756, MSE: 0.5000
Epoch 160, Loss: 1.1550, Regularisation: 0.655046284198761, MSE: 0.5000
Epoch 170, Loss: 1.1546, Regularisation: 0.6545640230178833, MSE: 0.5000
Epoch 180, Loss: 1.1541, Regularisation: 0.6541125774383545, MSE: 0.5000
Epoch 190, Loss: 1.1537, Regularisation: 0.6536837816238403, MSE: 0.5000
2025-06-13 05:51:25,372 - INFO - Model saved to models/hetero_gnn_model.pth
Epoch 0, Loss: 4.8575897216796875, Accuracy: 18.33%
Epoch 10, Loss: 2.619260787963867, Accuracy: 21.25%
Epoch 20, Loss: 2.5721676349639893, Accuracy: 20.00%
Epoch 30, Loss: 2.571437358856201, Accuracy: 19.58%
Epoch 40, Loss: 2.5714027881622314, Accuracy: 20.00%
Epoch 50, Loss: 2.57138991355896, Accuracy: 20.00%
Epoch 60, Loss: 2.571376085281372, Accuracy: 20.00%
Epoch 70, Loss: 2.571361780166626, Accuracy: 20.00%
Epoch 80, Loss: 2.57134747505188, Accuracy: 20.00%
Epoch 90, Loss: 2.5713319778442383, Accuracy: 20.00%
Epoch 100, Loss: 2.5713160037994385, Accuracy: 20.00%
Epoch 110, Loss: 2.5712997913360596, Accuracy: 20.00%
Epoch 120, Loss: 2.5712835788726807, Accuracy: 20.00%
Epoch 130, Loss: 2.5712671279907227, Accuracy: 20.00%
Epoch 140, Loss: 2.571249485015869, Accuracy: 20.00%
2025-06-13 05:51:42,440 - INFO - Model saved to models/hetero_gnn_edge_regressor.pth
Epoch 0, Loss: 1.7878, Regularisation: 1.3268227577209473, MSE: 0.4609
Epoch 10, Loss: 1.4273, Regularisation: 0.9272715449333191, MSE: 0.5000
Epoch 20, Loss: 1.4039, Regularisation: 0.9038820862770081, MSE: 0.5000
Epoch 30, Loss: 1.3313, Regularisation: 0.8312541842460632, MSE: 0.5000
Epoch 40, Loss: 1.2258, Regularisation: 0.7257665395736694, MSE: 0.5000
Epoch 50, Loss: 1.2211, Regularisation: 0.7211379408836365, MSE: 0.5000
Epoch 60, Loss: 1.2205, Regularisation: 0.7204649448394775, MSE: 0.5000
Epoch 70, Loss: 1.2204, Regularisation: 0.7204301357269287, MSE: 0.5000
Epoch 80, Loss: 1.2204, Regularisation: 0.7204294800758362, MSE: 0.5000
Epoch 90, Loss: 1.2204, Regularisation: 0.7204294204711914, MSE: 0.5000
Epoch 100, Loss: 1.2204, Regularisation: 0.7204292416572571, MSE: 0.5000
Epoch 110, Loss: 1.2204, Regularisation: 0.7204291820526123, MSE: 0.5000
Epoch 120, Loss: 1.2204, Regularisation: 0.7204290628433228, MSE: 0.5000
Epoch 130, Loss: 1.2204, Regularisation: 0.7204289436340332, MSE: 0.5000
Epoch 140, Loss: 1.2204, Regularisation: 0.7204288244247437, MSE: 0.5000
Epoch 150, Loss: 1.2204, Regularisation: 0.7204286456108093, MSE: 0.5000
Epoch 160, Loss: 1.2204, Regularisation: 0.7204285264015198, MSE: 0.5000
Epoch 170, Loss: 1.2204, Regularisation: 0.720428466796875, MSE: 0.5000
Epoch 180, Loss: 1.2204, Regularisation: 0.7204282283782959, MSE: 0.5000
Epoch 190, Loss: 1.2204, Regularisation: 0.7204281687736511, MSE: 0.5000
2025-06-13 05:52:54,625 - INFO - Model saved to models/hetero_gnn_model.pth
Epoch 0, Loss: 3.202402114868164, Accuracy: 16.67%
Epoch 10, Loss: 2.5521445274353027, Accuracy: 17.92%
Epoch 20, Loss: 2.3574821949005127, Accuracy: 22.08%
Epoch 30, Loss: 2.277716875076294, Accuracy: 15.42%
Epoch 40, Loss: 2.271357297897339, Accuracy: 19.17%
Epoch 50, Loss: 2.251448631286621, Accuracy: 18.75%
Epoch 60, Loss: 2.2252838611602783, Accuracy: 18.75%
Epoch 70, Loss: 2.196564197540283, Accuracy: 19.58%
Epoch 80, Loss: 2.174607992172241, Accuracy: 21.25%
Epoch 90, Loss: 2.1599931716918945, Accuracy: 22.50%
Epoch 100, Loss: 2.170966148376465, Accuracy: 23.33%
Epoch 110, Loss: 2.152402877807617, Accuracy: 22.08%
Epoch 120, Loss: 2.151475667953491, Accuracy: 22.08%
Epoch 130, Loss: 2.151318073272705, Accuracy: 22.08%
Epoch 140, Loss: 2.151247024536133, Accuracy: 22.08%
2025-06-13 05:57:19,425 - INFO - Model saved to models/hetero_gnn_edge_regressor.pth
Epoch 0, Loss: 1.6731, Regularisation: 1.2507548332214355, MSE: 0.4224
Epoch 10, Loss: 1.4538, Regularisation: 0.9538081288337708, MSE: 0.5000
Epoch 20, Loss: 1.4305, Regularisation: 0.9305427074432373, MSE: 0.5000
Epoch 30, Loss: 1.4245, Regularisation: 0.9244921803474426, MSE: 0.5000
Epoch 40, Loss: 1.4178, Regularisation: 0.9177513122558594, MSE: 0.5000
Epoch 50, Loss: 1.4081, Regularisation: 0.9081394076347351, MSE: 0.5000
Epoch 60, Loss: 1.3840, Regularisation: 0.8839817047119141, MSE: 0.5000
Epoch 70, Loss: 1.2865, Regularisation: 0.7864773273468018, MSE: 0.5000
Epoch 80, Loss: 1.2293, Regularisation: 0.7292544841766357, MSE: 0.5000
Epoch 90, Loss: 1.2165, Regularisation: 0.716492772102356, MSE: 0.5000
Epoch 100, Loss: 1.2127, Regularisation: 0.7126927375793457, MSE: 0.5000
Epoch 110, Loss: 1.2106, Regularisation: 0.7106062173843384, MSE: 0.5000
Epoch 120, Loss: 1.2096, Regularisation: 0.709601640701294, MSE: 0.5000
Epoch 130, Loss: 1.2091, Regularisation: 0.7090946435928345, MSE: 0.5000
Epoch 140, Loss: 1.2088, Regularisation: 0.7087634801864624, MSE: 0.5000
Epoch 150, Loss: 1.2085, Regularisation: 0.7084643840789795, MSE: 0.5000
Epoch 160, Loss: 1.2082, Regularisation: 0.7081846594810486, MSE: 0.5000
Epoch 170, Loss: 1.2079, Regularisation: 0.7079484462738037, MSE: 0.5000
Epoch 180, Loss: 1.2077, Regularisation: 0.7077397108078003, MSE: 0.5000
Epoch 190, Loss: 1.2075, Regularisation: 0.7075290679931641, MSE: 0.5000
2025-06-13 05:58:30,970 - INFO - Model saved to models/hetero_gnn_model.pth
Epoch 0, Loss: 4.386992454528809, Accuracy: 16.67%
Epoch 10, Loss: 2.4147555828094482, Accuracy: 18.75%
Epoch 20, Loss: 2.364241600036621, Accuracy: 15.83%
Epoch 30, Loss: 2.3082375526428223, Accuracy: 20.00%
Epoch 40, Loss: 2.272557258605957, Accuracy: 19.17%
Epoch 50, Loss: 2.2710835933685303, Accuracy: 19.17%
Epoch 60, Loss: 2.271054744720459, Accuracy: 19.17%
Epoch 70, Loss: 2.2710483074188232, Accuracy: 19.17%
Epoch 80, Loss: 2.2710413932800293, Accuracy: 19.17%
Epoch 90, Loss: 2.2710342407226562, Accuracy: 19.17%
Epoch 100, Loss: 2.271026611328125, Accuracy: 19.17%
Epoch 110, Loss: 2.2710187435150146, Accuracy: 19.17%
Epoch 120, Loss: 2.271010398864746, Accuracy: 19.17%
Epoch 130, Loss: 2.2710018157958984, Accuracy: 19.17%
Epoch 140, Loss: 2.270993232727051, Accuracy: 19.17%
2025-06-13 06:00:45,172 - INFO - Model saved to models/hetero_gnn_edge_regressor.pth
Epoch 0, Loss: 1.6127, Regularisation: 1.2969452142715454, MSE: 0.3158
Epoch 10, Loss: 1.4486, Regularisation: 0.9486376047134399, MSE: 0.5000
Epoch 20, Loss: 1.4329, Regularisation: 0.9328978061676025, MSE: 0.5000
Epoch 30, Loss: 1.4254, Regularisation: 0.9253638982772827, MSE: 0.5000
Epoch 40, Loss: 1.4176, Regularisation: 0.9175696969032288, MSE: 0.5000
Epoch 50, Loss: 1.3985, Regularisation: 0.8985058069229126, MSE: 0.5000
Epoch 60, Loss: 1.3191, Regularisation: 0.8191387057304382, MSE: 0.5000
Epoch 70, Loss: 1.2326, Regularisation: 0.7326493263244629, MSE: 0.5000
Epoch 80, Loss: 1.2185, Regularisation: 0.718496561050415, MSE: 0.5000
Epoch 90, Loss: 1.2136, Regularisation: 0.713644802570343, MSE: 0.5000
Epoch 100, Loss: 1.2111, Regularisation: 0.7111037969589233, MSE: 0.5000
Epoch 110, Loss: 1.2093, Regularisation: 0.7093003392219543, MSE: 0.5000
Epoch 120, Loss: 1.2076, Regularisation: 0.7076340913772583, MSE: 0.5000
Epoch 130, Loss: 1.2056, Regularisation: 0.7055622339248657, MSE: 0.5000
Epoch 140, Loss: 1.2023, Regularisation: 0.7022940516471863, MSE: 0.5000
Epoch 150, Loss: 1.1976, Regularisation: 0.6975895166397095, MSE: 0.5000
Epoch 160, Loss: 1.1904, Regularisation: 0.6903871297836304, MSE: 0.5000
Epoch 170, Loss: 1.1791, Regularisation: 0.6791057586669922, MSE: 0.5000
Epoch 180, Loss: 1.1595, Regularisation: 0.6594555974006653, MSE: 0.5000
Epoch 190, Loss: 1.1296, Regularisation: 0.6295568943023682, MSE: 0.5000
2025-06-13 06:01:52,240 - INFO - Model saved to models/hetero_gnn_model.pth
Epoch 0, Loss: 4.949811935424805, Accuracy: 16.25%
Epoch 10, Loss: 2.369520902633667, Accuracy: 20.83%
Epoch 20, Loss: 2.1939237117767334, Accuracy: 27.92%
Epoch 30, Loss: 2.415342330932617, Accuracy: 18.33%
Epoch 40, Loss: 2.107893228530884, Accuracy: 31.67%
Epoch 50, Loss: 2.09938907623291, Accuracy: 32.50%
Epoch 60, Loss: 2.0990264415740967, Accuracy: 32.50%
Epoch 70, Loss: 2.099001169204712, Accuracy: 32.50%
Epoch 80, Loss: 2.0989742279052734, Accuracy: 32.50%
Epoch 90, Loss: 2.0989463329315186, Accuracy: 32.50%
Epoch 100, Loss: 2.0989174842834473, Accuracy: 32.50%
Epoch 110, Loss: 2.0988876819610596, Accuracy: 32.50%
Epoch 120, Loss: 2.0988571643829346, Accuracy: 32.50%
Epoch 130, Loss: 2.098825454711914, Accuracy: 32.50%
Epoch 140, Loss: 2.0987935066223145, Accuracy: 32.50%
2025-06-13 06:02:15,930 - INFO - Model saved to models/hetero_gnn_edge_regressor.pth
Epoch 0, Loss: 1.6251, Regularisation: 1.1959521770477295, MSE: 0.4292
Epoch 10, Loss: 1.4256, Regularisation: 0.9255991578102112, MSE: 0.5000
Epoch 20, Loss: 1.3934, Regularisation: 0.8933607339859009, MSE: 0.5000
Epoch 30, Loss: 1.2447, Regularisation: 0.7447102665901184, MSE: 0.5000
Epoch 40, Loss: 1.2263, Regularisation: 0.7263317108154297, MSE: 0.5000
Epoch 50, Loss: 1.2113, Regularisation: 0.7112534046173096, MSE: 0.5000
Epoch 60, Loss: 1.2049, Regularisation: 0.704853355884552, MSE: 0.5000
Epoch 70, Loss: 1.1971, Regularisation: 0.697057843208313, MSE: 0.5000
Epoch 80, Loss: 1.1884, Regularisation: 0.6883934140205383, MSE: 0.5000
Epoch 90, Loss: 1.1686, Regularisation: 0.6686296463012695, MSE: 0.5000
Epoch 100, Loss: 1.1131, Regularisation: 0.6131200194358826, MSE: 0.5000
Epoch 110, Loss: 1.0758, Regularisation: 0.5758345723152161, MSE: 0.5000
Epoch 120, Loss: 1.0569, Regularisation: 0.5569119453430176, MSE: 0.5000
Epoch 130, Loss: 1.0803, Regularisation: 0.5802888870239258, MSE: 0.5000
Epoch 140, Loss: 1.0188, Regularisation: 0.5187538266181946, MSE: 0.5000
Epoch 150, Loss: 1.0154, Regularisation: 0.5154229402542114, MSE: 0.5000
Epoch 160, Loss: 0.9768, Regularisation: 0.47681739926338196, MSE: 0.5000
Epoch 170, Loss: 0.9684, Regularisation: 0.46841931343078613, MSE: 0.5000
Epoch 180, Loss: 0.9643, Regularisation: 0.46433281898498535, MSE: 0.5000
Epoch 190, Loss: 0.9615, Regularisation: 0.46145349740982056, MSE: 0.5000
2025-06-13 06:03:22,592 - INFO - Model saved to models/hetero_gnn_model.pth
Epoch 0, Loss: 6.125877380371094, Accuracy: 17.08%
Epoch 10, Loss: 2.4338905811309814, Accuracy: 18.33%
Epoch 20, Loss: 2.2828826904296875, Accuracy: 16.67%
Epoch 30, Loss: 2.258695363998413, Accuracy: 19.17%
Epoch 40, Loss: 2.155611276626587, Accuracy: 21.67%
Epoch 50, Loss: 2.1286325454711914, Accuracy: 22.92%
Epoch 60, Loss: 2.111560106277466, Accuracy: 26.67%
Epoch 70, Loss: 2.105001926422119, Accuracy: 25.00%
Epoch 80, Loss: 2.1021995544433594, Accuracy: 26.67%
Epoch 90, Loss: 2.099663019180298, Accuracy: 27.92%
Epoch 100, Loss: 2.0972635746002197, Accuracy: 27.08%
Epoch 110, Loss: 2.0936191082000732, Accuracy: 27.50%
Epoch 120, Loss: 2.0873966217041016, Accuracy: 27.08%
Epoch 130, Loss: 2.0768344402313232, Accuracy: 25.00%
Epoch 140, Loss: 2.0651655197143555, Accuracy: 23.75%
2025-06-13 06:03:39,421 - INFO - Model saved to models/hetero_gnn_edge_regressor.pth
Epoch 0, Loss: 1.4796, Regularisation: 0.9885993003845215, MSE: 0.4910
Epoch 10, Loss: 1.1760, Regularisation: 0.6760497093200684, MSE: 0.5000
Epoch 20, Loss: 1.1655, Regularisation: 0.6655381917953491, MSE: 0.5000
Epoch 30, Loss: 1.1621, Regularisation: 0.6620615720748901, MSE: 0.5000
Epoch 40, Loss: 1.1620, Regularisation: 0.6619969606399536, MSE: 0.5000
Epoch 50, Loss: 1.1620, Regularisation: 0.6619940400123596, MSE: 0.5000
Epoch 60, Loss: 1.1620, Regularisation: 0.6619939804077148, MSE: 0.5000
Epoch 70, Loss: 1.1620, Regularisation: 0.6619938611984253, MSE: 0.5000
Epoch 80, Loss: 1.1620, Regularisation: 0.6619937419891357, MSE: 0.5000
Epoch 90, Loss: 1.1620, Regularisation: 0.6619936227798462, MSE: 0.5000
Epoch 100, Loss: 1.1620, Regularisation: 0.6619935631752014, MSE: 0.5000
Epoch 110, Loss: 1.1620, Regularisation: 0.6619934439659119, MSE: 0.5000
Epoch 120, Loss: 1.1620, Regularisation: 0.6619932651519775, MSE: 0.5000
Epoch 130, Loss: 1.1620, Regularisation: 0.661993145942688, MSE: 0.5000
Epoch 140, Loss: 1.1620, Regularisation: 0.6619930267333984, MSE: 0.5000
Epoch 150, Loss: 1.1620, Regularisation: 0.6619929075241089, MSE: 0.5000
Epoch 160, Loss: 1.1620, Regularisation: 0.6619927287101746, MSE: 0.5000
Epoch 170, Loss: 1.1620, Regularisation: 0.661992609500885, MSE: 0.5000
Epoch 180, Loss: 1.1620, Regularisation: 0.6619924902915955, MSE: 0.5000
Epoch 190, Loss: 1.1620, Regularisation: 0.6619923114776611, MSE: 0.5000
2025-06-13 06:05:06,694 - INFO - Model saved to models/hetero_gnn_model.pth
Epoch 0, Loss: 10.63596248626709, Accuracy: 17.08%
Epoch 10, Loss: 3.184525728225708, Accuracy: 15.00%
Epoch 20, Loss: 2.935044765472412, Accuracy: 15.42%
Epoch 30, Loss: 2.8778669834136963, Accuracy: 15.42%
Epoch 40, Loss: 2.823868751525879, Accuracy: 15.00%
Epoch 50, Loss: 2.7740559577941895, Accuracy: 14.58%
Epoch 60, Loss: 2.7283785343170166, Accuracy: 14.58%
Epoch 70, Loss: 2.6874148845672607, Accuracy: 15.00%
Epoch 80, Loss: 2.649489402770996, Accuracy: 15.00%
Epoch 90, Loss: 2.6144707202911377, Accuracy: 17.08%
Epoch 100, Loss: 2.582064151763916, Accuracy: 16.67%
Epoch 110, Loss: 2.5519657135009766, Accuracy: 16.67%
Epoch 120, Loss: 2.5243186950683594, Accuracy: 16.67%
Epoch 130, Loss: 2.4987409114837646, Accuracy: 16.25%
Epoch 140, Loss: 2.4748575687408447, Accuracy: 16.67%
2025-06-13 06:05:24,650 - INFO - Model saved to models/hetero_gnn_edge_regressor.pth
Epoch 0, Loss: 1.9002, Regularisation: 1.4104411602020264, MSE: 0.4898
Epoch 10, Loss: 1.4192, Regularisation: 0.9192193150520325, MSE: 0.5000
Epoch 20, Loss: 1.3711, Regularisation: 0.8711315989494324, MSE: 0.5000
Epoch 30, Loss: 1.2233, Regularisation: 0.7233314514160156, MSE: 0.5000
Epoch 40, Loss: 1.2283, Regularisation: 0.7283004522323608, MSE: 0.5000
Epoch 50, Loss: 1.2262, Regularisation: 0.7262316346168518, MSE: 0.5000
Epoch 60, Loss: 1.2262, Regularisation: 0.7261791825294495, MSE: 0.5000
Epoch 70, Loss: 1.2262, Regularisation: 0.726177453994751, MSE: 0.5000
Epoch 80, Loss: 1.2262, Regularisation: 0.726177453994751, MSE: 0.5000
Epoch 90, Loss: 1.2262, Regularisation: 0.7261773347854614, MSE: 0.5000
Epoch 100, Loss: 1.2262, Regularisation: 0.7261772751808167, MSE: 0.5000
Epoch 110, Loss: 1.2262, Regularisation: 0.7261772155761719, MSE: 0.5000
Epoch 120, Loss: 1.2262, Regularisation: 0.7261770367622375, MSE: 0.5000
Epoch 130, Loss: 1.2262, Regularisation: 0.7261769771575928, MSE: 0.5000
Epoch 140, Loss: 1.2262, Regularisation: 0.7261767983436584, MSE: 0.5000
Epoch 150, Loss: 1.2262, Regularisation: 0.7261767983436584, MSE: 0.5000
Epoch 160, Loss: 1.2262, Regularisation: 0.7261766791343689, MSE: 0.5000
Epoch 170, Loss: 1.2262, Regularisation: 0.7261765599250793, MSE: 0.5000
Epoch 180, Loss: 1.2262, Regularisation: 0.7261765003204346, MSE: 0.5000
Epoch 190, Loss: 1.2262, Regularisation: 0.726176381111145, MSE: 0.5000
2025-06-13 06:06:36,867 - INFO - Model saved to models/hetero_gnn_model.pth
Epoch 0, Loss: 3.8561043739318848, Accuracy: 17.08%
Epoch 10, Loss: 2.6626033782958984, Accuracy: 16.67%
Epoch 20, Loss: 2.520108222961426, Accuracy: 18.75%
Epoch 30, Loss: 2.356666326522827, Accuracy: 19.58%
Epoch 40, Loss: 2.2889208793640137, Accuracy: 18.33%
Epoch 50, Loss: 2.281320333480835, Accuracy: 19.17%
Epoch 60, Loss: 2.2805891036987305, Accuracy: 19.17%
Epoch 70, Loss: 2.280576467514038, Accuracy: 19.17%
Epoch 80, Loss: 2.280573844909668, Accuracy: 19.17%
Epoch 90, Loss: 2.280571460723877, Accuracy: 19.17%
Epoch 100, Loss: 2.2805681228637695, Accuracy: 19.17%
Epoch 110, Loss: 2.2805655002593994, Accuracy: 19.17%
Epoch 120, Loss: 2.280562400817871, Accuracy: 19.17%
Epoch 130, Loss: 2.2805593013763428, Accuracy: 19.17%
Epoch 140, Loss: 2.2805559635162354, Accuracy: 19.17%
2025-06-13 06:11:02,459 - INFO - Model saved to models/hetero_gnn_edge_regressor.pth
Epoch 0, Loss: 1.5138, Regularisation: 1.2486436367034912, MSE: 0.2651
Epoch 10, Loss: 1.4308, Regularisation: 0.9307714700698853, MSE: 0.5000
Epoch 20, Loss: 1.4206, Regularisation: 0.9206452369689941, MSE: 0.5000
Epoch 30, Loss: 1.4097, Regularisation: 0.9096598625183105, MSE: 0.5000
Epoch 40, Loss: 1.3790, Regularisation: 0.8790343999862671, MSE: 0.5000
Epoch 50, Loss: 1.2392, Regularisation: 0.73921799659729, MSE: 0.5000
Epoch 60, Loss: 1.2206, Regularisation: 0.7206257581710815, MSE: 0.5000
Epoch 70, Loss: 1.2162, Regularisation: 0.7162482738494873, MSE: 0.5000
Epoch 80, Loss: 1.2128, Regularisation: 0.7128357291221619, MSE: 0.5000
Epoch 90, Loss: 1.2107, Regularisation: 0.7107042074203491, MSE: 0.5000
Epoch 100, Loss: 1.2097, Regularisation: 0.7096526026725769, MSE: 0.5000
Epoch 110, Loss: 1.2091, Regularisation: 0.7090889811515808, MSE: 0.5000
Epoch 120, Loss: 1.2087, Regularisation: 0.7087094187736511, MSE: 0.5000
Epoch 130, Loss: 1.2084, Regularisation: 0.7083612680435181, MSE: 0.5000
Epoch 140, Loss: 1.2081, Regularisation: 0.7080517411231995, MSE: 0.5000
Epoch 150, Loss: 1.2078, Regularisation: 0.7077983021736145, MSE: 0.5000
Epoch 160, Loss: 1.2075, Regularisation: 0.7075331211090088, MSE: 0.5000
Epoch 170, Loss: 1.2072, Regularisation: 0.7072370052337646, MSE: 0.5000
Epoch 180, Loss: 1.2069, Regularisation: 0.7069362998008728, MSE: 0.5000
Epoch 190, Loss: 1.2066, Regularisation: 0.70660001039505, MSE: 0.5000
2025-06-13 06:12:14,730 - INFO - Model saved to models/hetero_gnn_model.pth
Epoch 0, Loss: 5.386537551879883, Accuracy: 16.67%
Epoch 10, Loss: 2.5177807807922363, Accuracy: 17.50%
Epoch 20, Loss: 2.3801376819610596, Accuracy: 18.33%
Epoch 30, Loss: 2.352334499359131, Accuracy: 19.17%
Epoch 40, Loss: 2.341221570968628, Accuracy: 19.17%
Epoch 50, Loss: 2.326484203338623, Accuracy: 19.17%
Epoch 60, Loss: 2.3093559741973877, Accuracy: 20.83%
Epoch 70, Loss: 2.298856019973755, Accuracy: 21.25%
Epoch 80, Loss: 2.297856569290161, Accuracy: 21.25%
Epoch 90, Loss: 2.2978360652923584, Accuracy: 21.25%
Epoch 100, Loss: 2.2978310585021973, Accuracy: 21.25%
Epoch 110, Loss: 2.297825574874878, Accuracy: 21.25%
Epoch 120, Loss: 2.2978200912475586, Accuracy: 21.25%
Epoch 130, Loss: 2.29781436920166, Accuracy: 21.25%
Epoch 140, Loss: 2.2978084087371826, Accuracy: 21.25%
2025-06-13 06:14:29,413 - INFO - Model saved to models/hetero_gnn_edge_regressor.pth
Epoch 0, Loss: 1.5760, Regularisation: 1.3126282691955566, MSE: 0.2634
Epoch 10, Loss: 1.4397, Regularisation: 0.9396564960479736, MSE: 0.5000
Epoch 20, Loss: 1.4291, Regularisation: 0.9290938377380371, MSE: 0.5000
Epoch 30, Loss: 1.4204, Regularisation: 0.920444130897522, MSE: 0.5000
Epoch 40, Loss: 1.4058, Regularisation: 0.9058232307434082, MSE: 0.5000
Epoch 50, Loss: 1.3458, Regularisation: 0.8457516431808472, MSE: 0.5000
Epoch 60, Loss: 1.2368, Regularisation: 0.7367851734161377, MSE: 0.5000
Epoch 70, Loss: 1.2196, Regularisation: 0.7196120023727417, MSE: 0.5000
Epoch 80, Loss: 1.2138, Regularisation: 0.7138227224349976, MSE: 0.5000
Epoch 90, Loss: 1.2100, Regularisation: 0.7100353837013245, MSE: 0.5000
Epoch 100, Loss: 1.2071, Regularisation: 0.7070765495300293, MSE: 0.5000
Epoch 110, Loss: 1.2036, Regularisation: 0.7036035656929016, MSE: 0.5000
Epoch 120, Loss: 1.1992, Regularisation: 0.6992076635360718, MSE: 0.5000
Epoch 130, Loss: 1.1932, Regularisation: 0.693202555179596, MSE: 0.5000
Epoch 140, Loss: 1.1836, Regularisation: 0.6836184859275818, MSE: 0.5000
Epoch 150, Loss: 1.1637, Regularisation: 0.6637358665466309, MSE: 0.5000
Epoch 160, Loss: 1.1191, Regularisation: 0.619114875793457, MSE: 0.5000
Epoch 170, Loss: 1.1242, Regularisation: 0.6242053508758545, MSE: 0.5000
Epoch 180, Loss: 1.0824, Regularisation: 0.5824455618858337, MSE: 0.5000
Epoch 190, Loss: 1.0794, Regularisation: 0.579401433467865, MSE: 0.5000
2025-06-13 06:15:37,773 - INFO - Model saved to models/hetero_gnn_model.pth
Epoch 0, Loss: 4.388702392578125, Accuracy: 16.67%
Epoch 10, Loss: 2.438474655151367, Accuracy: 15.83%
Epoch 20, Loss: 2.2965304851531982, Accuracy: 16.67%
Epoch 30, Loss: 2.2477164268493652, Accuracy: 20.00%
Epoch 40, Loss: 2.1890265941619873, Accuracy: 17.50%
Epoch 50, Loss: 2.165628433227539, Accuracy: 19.17%
Epoch 60, Loss: 2.1364903450012207, Accuracy: 20.83%
Epoch 70, Loss: 2.1186165809631348, Accuracy: 24.17%
Epoch 80, Loss: 2.1058123111724854, Accuracy: 26.67%
Epoch 90, Loss: 2.101886510848999, Accuracy: 27.50%
Epoch 100, Loss: 2.092639446258545, Accuracy: 26.25%
Epoch 110, Loss: 2.089465379714966, Accuracy: 26.67%
Epoch 120, Loss: 2.08799147605896, Accuracy: 28.33%
Epoch 130, Loss: 2.0871970653533936, Accuracy: 28.75%
Epoch 140, Loss: 2.086346387863159, Accuracy: 27.92%
2025-06-13 06:16:00,488 - INFO - Model saved to models/hetero_gnn_edge_regressor.pth
Epoch 0, Loss: 1.8400, Regularisation: 1.4060618877410889, MSE: 0.4339
Epoch 10, Loss: 1.4310, Regularisation: 0.9310288429260254, MSE: 0.5000
Epoch 20, Loss: 1.4086, Regularisation: 0.9086359143257141, MSE: 0.5000
Epoch 30, Loss: 1.3283, Regularisation: 0.8282654285430908, MSE: 0.5000
Epoch 40, Loss: 1.2396, Regularisation: 0.7395579218864441, MSE: 0.5000
Epoch 50, Loss: 1.2180, Regularisation: 0.7179659008979797, MSE: 0.5000
Epoch 60, Loss: 1.2132, Regularisation: 0.7132382392883301, MSE: 0.5000
Epoch 70, Loss: 1.2112, Regularisation: 0.7112225890159607, MSE: 0.5000
Epoch 80, Loss: 1.2100, Regularisation: 0.7100481390953064, MSE: 0.5000
Epoch 90, Loss: 1.2091, Regularisation: 0.7090753316879272, MSE: 0.5000
Epoch 100, Loss: 1.2081, Regularisation: 0.7081030607223511, MSE: 0.5000
Epoch 110, Loss: 1.2071, Regularisation: 0.7070597410202026, MSE: 0.5000
Epoch 120, Loss: 1.2061, Regularisation: 0.7061309814453125, MSE: 0.5000
Epoch 130, Loss: 1.2053, Regularisation: 0.705284595489502, MSE: 0.5000
Epoch 140, Loss: 1.2044, Regularisation: 0.7044331431388855, MSE: 0.5000
Epoch 150, Loss: 1.2036, Regularisation: 0.7036068439483643, MSE: 0.5000
Epoch 160, Loss: 1.2028, Regularisation: 0.7027658224105835, MSE: 0.5000
Epoch 170, Loss: 1.2019, Regularisation: 0.7018555402755737, MSE: 0.5000
Epoch 180, Loss: 1.2008, Regularisation: 0.7008451223373413, MSE: 0.5000
Epoch 190, Loss: 1.1997, Regularisation: 0.6997470855712891, MSE: 0.5000
2025-06-13 06:17:06,973 - INFO - Model saved to models/hetero_gnn_model.pth
Epoch 0, Loss: 12.10474967956543, Accuracy: 16.67%
Epoch 10, Loss: 2.7770795822143555, Accuracy: 16.67%
Epoch 20, Loss: 2.324098587036133, Accuracy: 20.42%
Epoch 30, Loss: 2.3069605827331543, Accuracy: 22.08%
Epoch 40, Loss: 2.300130844116211, Accuracy: 22.92%
Epoch 50, Loss: 2.299981117248535, Accuracy: 22.92%
Epoch 60, Loss: 2.299978494644165, Accuracy: 22.92%
Epoch 70, Loss: 2.299975633621216, Accuracy: 22.92%
Epoch 80, Loss: 2.2999722957611084, Accuracy: 22.92%
Epoch 90, Loss: 2.29996919631958, Accuracy: 22.92%
Epoch 100, Loss: 2.2999653816223145, Accuracy: 22.92%
Epoch 110, Loss: 2.299961566925049, Accuracy: 22.92%
Epoch 120, Loss: 2.299957513809204, Accuracy: 22.92%
Epoch 130, Loss: 2.2999536991119385, Accuracy: 22.92%
Epoch 140, Loss: 2.2999494075775146, Accuracy: 22.92%
2025-06-13 06:17:23,522 - INFO - Model saved to models/hetero_gnn_edge_regressor.pth
Epoch 0, Loss: 1.5002, Regularisation: 1.036955714225769, MSE: 0.4633
Epoch 10, Loss: 1.3594, Regularisation: 0.8594061732292175, MSE: 0.5000
Epoch 20, Loss: 1.1608, Regularisation: 0.6607651710510254, MSE: 0.5000
Epoch 30, Loss: 1.1680, Regularisation: 0.6680256128311157, MSE: 0.5000
Epoch 40, Loss: 1.1655, Regularisation: 0.6655325293540955, MSE: 0.5000
Epoch 50, Loss: 1.1655, Regularisation: 0.6654806137084961, MSE: 0.5000
Epoch 60, Loss: 1.1655, Regularisation: 0.6654788255691528, MSE: 0.5000
Epoch 70, Loss: 1.1655, Regularisation: 0.6654788255691528, MSE: 0.5000
Epoch 80, Loss: 1.1655, Regularisation: 0.6654786467552185, MSE: 0.5000
Epoch 90, Loss: 1.1655, Regularisation: 0.6654786467552185, MSE: 0.5000
Epoch 100, Loss: 1.1655, Regularisation: 0.6654785871505737, MSE: 0.5000
Epoch 110, Loss: 1.1655, Regularisation: 0.6654784679412842, MSE: 0.5000
Epoch 120, Loss: 1.1655, Regularisation: 0.6654783487319946, MSE: 0.5000
Epoch 130, Loss: 1.1655, Regularisation: 0.6654783487319946, MSE: 0.5000
Epoch 140, Loss: 1.1655, Regularisation: 0.6654781699180603, MSE: 0.5000
Epoch 150, Loss: 1.1655, Regularisation: 0.6654780507087708, MSE: 0.5000
Epoch 160, Loss: 1.1655, Regularisation: 0.665477991104126, MSE: 0.5000
Epoch 170, Loss: 1.1655, Regularisation: 0.6654778718948364, MSE: 0.5000
Epoch 180, Loss: 1.1655, Regularisation: 0.6654778122901917, MSE: 0.5000
Epoch 190, Loss: 1.1655, Regularisation: 0.6654776334762573, MSE: 0.5000
2025-06-13 06:18:51,856 - INFO - Model saved to models/hetero_gnn_model.pth
Epoch 0, Loss: 13.481009483337402, Accuracy: 16.25%
Epoch 10, Loss: 2.695474147796631, Accuracy: 17.08%
Epoch 20, Loss: 2.6423373222351074, Accuracy: 17.08%
Epoch 30, Loss: 2.63728928565979, Accuracy: 17.08%
Epoch 40, Loss: 2.637164354324341, Accuracy: 17.08%
Epoch 50, Loss: 2.6371374130249023, Accuracy: 17.08%
Epoch 60, Loss: 2.6371078491210938, Accuracy: 17.08%
Epoch 70, Loss: 2.6370768547058105, Accuracy: 17.08%
Epoch 80, Loss: 2.6370439529418945, Accuracy: 17.08%
Epoch 90, Loss: 2.637009620666504, Accuracy: 17.08%
Epoch 100, Loss: 2.636974334716797, Accuracy: 17.08%
Epoch 110, Loss: 2.636936902999878, Accuracy: 17.08%
Epoch 120, Loss: 2.63689923286438, Accuracy: 17.08%
Epoch 130, Loss: 2.6368606090545654, Accuracy: 17.08%
Epoch 140, Loss: 2.6368205547332764, Accuracy: 17.08%
2025-06-13 06:19:09,386 - INFO - Model saved to models/hetero_gnn_edge_regressor.pth
Epoch 0, Loss: 1.7542, Regularisation: 1.2579774856567383, MSE: 0.4962
Epoch 10, Loss: 1.2791, Regularisation: 0.7791287899017334, MSE: 0.5000
Epoch 20, Loss: 1.2117, Regularisation: 0.7117364406585693, MSE: 0.5000
Epoch 30, Loss: 1.1977, Regularisation: 0.6977241635322571, MSE: 0.5000
Epoch 40, Loss: 1.1820, Regularisation: 0.6820114850997925, MSE: 0.5000
Epoch 50, Loss: 1.1406, Regularisation: 0.6405624747276306, MSE: 0.5000
Epoch 60, Loss: 1.0775, Regularisation: 0.5775206685066223, MSE: 0.5000
Epoch 70, Loss: 1.0537, Regularisation: 0.5536702871322632, MSE: 0.5000
Epoch 80, Loss: 1.0393, Regularisation: 0.5393079519271851, MSE: 0.5000
Epoch 90, Loss: 1.0172, Regularisation: 0.5172222852706909, MSE: 0.5000
Epoch 100, Loss: 1.0088, Regularisation: 0.5088483691215515, MSE: 0.5000
Epoch 110, Loss: 0.9900, Regularisation: 0.49003615975379944, MSE: 0.5000
Epoch 120, Loss: 0.9725, Regularisation: 0.47252845764160156, MSE: 0.5000
Epoch 130, Loss: 0.9534, Regularisation: 0.4534290134906769, MSE: 0.5000
Epoch 140, Loss: 0.9307, Regularisation: 0.4306618571281433, MSE: 0.5000
Epoch 150, Loss: 0.9194, Regularisation: 0.4193776547908783, MSE: 0.5000
Epoch 160, Loss: 0.9175, Regularisation: 0.41749608516693115, MSE: 0.5000
Epoch 170, Loss: 0.9149, Regularisation: 0.41491949558258057, MSE: 0.5000
Epoch 180, Loss: 0.9129, Regularisation: 0.4129095673561096, MSE: 0.5000
Epoch 190, Loss: 0.9111, Regularisation: 0.41113296151161194, MSE: 0.5000
2025-06-13 06:20:21,565 - INFO - Model saved to models/hetero_gnn_model.pth
Epoch 0, Loss: 2.343587636947632, Accuracy: 14.17%
Epoch 10, Loss: 2.435884714126587, Accuracy: 22.08%
Epoch 20, Loss: 2.3236327171325684, Accuracy: 17.92%
Epoch 30, Loss: 2.3216779232025146, Accuracy: 17.92%
Epoch 40, Loss: 2.321556806564331, Accuracy: 17.92%
Epoch 50, Loss: 2.3215041160583496, Accuracy: 17.92%
Epoch 60, Loss: 2.3214473724365234, Accuracy: 17.92%
Epoch 70, Loss: 2.321387529373169, Accuracy: 17.50%
Epoch 80, Loss: 2.32132625579834, Accuracy: 17.50%
Epoch 90, Loss: 2.321263313293457, Accuracy: 17.50%
Epoch 100, Loss: 2.321199655532837, Accuracy: 17.50%
Epoch 110, Loss: 2.321134090423584, Accuracy: 17.50%
Epoch 120, Loss: 2.321068048477173, Accuracy: 17.50%
Epoch 130, Loss: 2.321000814437866, Accuracy: 17.50%
Epoch 140, Loss: 2.3209331035614014, Accuracy: 17.50%
2025-06-13 06:24:52,544 - INFO - Model saved to models/hetero_gnn_edge_regressor.pth
Epoch 0, Loss: 1.5929, Regularisation: 1.3313870429992676, MSE: 0.2616
Epoch 10, Loss: 1.5265, Regularisation: 1.0264794826507568, MSE: 0.5000
Epoch 20, Loss: 1.5244, Regularisation: 1.0243830680847168, MSE: 0.5000
Epoch 30, Loss: 1.5243, Regularisation: 1.0243314504623413, MSE: 0.5000
Epoch 40, Loss: 1.5243, Regularisation: 1.0243289470672607, MSE: 0.5000
Epoch 50, Loss: 1.5243, Regularisation: 1.0243288278579712, MSE: 0.5000
Epoch 60, Loss: 1.5243, Regularisation: 1.0243287086486816, MSE: 0.5000
Epoch 70, Loss: 1.5243, Regularisation: 1.024328589439392, MSE: 0.5000
Epoch 80, Loss: 1.5243, Regularisation: 1.0243284702301025, MSE: 0.5000
Epoch 90, Loss: 1.5243, Regularisation: 1.0243284702301025, MSE: 0.5000
Epoch 100, Loss: 1.5243, Regularisation: 1.0243282318115234, MSE: 0.5000
Epoch 110, Loss: 1.5243, Regularisation: 1.0243282318115234, MSE: 0.5000
Epoch 120, Loss: 1.5243, Regularisation: 1.0243279933929443, MSE: 0.5000
Epoch 130, Loss: 1.5243, Regularisation: 1.0243278741836548, MSE: 0.5000
Epoch 140, Loss: 1.5243, Regularisation: 1.0243276357650757, MSE: 0.5000
Epoch 150, Loss: 1.5243, Regularisation: 1.0243276357650757, MSE: 0.5000
Epoch 160, Loss: 1.5243, Regularisation: 1.024327278137207, MSE: 0.5000
Epoch 170, Loss: 1.5243, Regularisation: 1.024327278137207, MSE: 0.5000
Epoch 180, Loss: 1.5243, Regularisation: 1.024327039718628, MSE: 0.5000
Epoch 190, Loss: 1.5243, Regularisation: 1.0243269205093384, MSE: 0.5000
2025-06-13 06:26:04,088 - INFO - Model saved to models/hetero_gnn_model.pth
Epoch 0, Loss: 2.597219944000244, Accuracy: 18.75%
Epoch 10, Loss: 2.29784893989563, Accuracy: 17.92%
Epoch 20, Loss: 2.481876850128174, Accuracy: 19.58%
Epoch 30, Loss: 2.452228307723999, Accuracy: 20.42%
Epoch 40, Loss: 2.451442241668701, Accuracy: 20.42%
Epoch 50, Loss: 2.4514167308807373, Accuracy: 20.42%
Epoch 60, Loss: 2.4513893127441406, Accuracy: 20.42%
Epoch 70, Loss: 2.4513604640960693, Accuracy: 20.42%
Epoch 80, Loss: 2.4513306617736816, Accuracy: 20.42%
Epoch 90, Loss: 2.4513003826141357, Accuracy: 20.42%
Epoch 100, Loss: 2.4512693881988525, Accuracy: 20.42%
Epoch 110, Loss: 2.451237678527832, Accuracy: 20.42%
Epoch 120, Loss: 2.4512054920196533, Accuracy: 20.42%
Epoch 130, Loss: 2.4511733055114746, Accuracy: 20.42%
Epoch 140, Loss: 2.4511399269104004, Accuracy: 20.42%
2025-06-13 06:28:19,754 - INFO - Model saved to models/hetero_gnn_edge_regressor.pth
Epoch 0, Loss: 1.6446, Regularisation: 1.2991834878921509, MSE: 0.3454
Epoch 10, Loss: 1.4585, Regularisation: 0.9585365056991577, MSE: 0.5000
Epoch 20, Loss: 1.4358, Regularisation: 0.9358142614364624, MSE: 0.5000
Epoch 30, Loss: 1.4284, Regularisation: 0.9283771514892578, MSE: 0.5000
Epoch 40, Loss: 1.4200, Regularisation: 0.9199845790863037, MSE: 0.5000
Epoch 50, Loss: 1.4054, Regularisation: 0.9053502678871155, MSE: 0.5000
Epoch 60, Loss: 1.3531, Regularisation: 0.8531381487846375, MSE: 0.5000
Epoch 70, Loss: 1.2329, Regularisation: 0.7329345941543579, MSE: 0.5000
Epoch 80, Loss: 1.2231, Regularisation: 0.723086953163147, MSE: 0.5000
Epoch 90, Loss: 1.2154, Regularisation: 0.7154082655906677, MSE: 0.5000
Epoch 100, Loss: 1.2115, Regularisation: 0.7114768624305725, MSE: 0.5000
Epoch 110, Loss: 1.2091, Regularisation: 0.7090951204299927, MSE: 0.5000
Epoch 120, Loss: 1.2068, Regularisation: 0.706777811050415, MSE: 0.5000
Epoch 130, Loss: 1.2041, Regularisation: 0.7041282653808594, MSE: 0.5000
Epoch 140, Loss: 1.2001, Regularisation: 0.7001183032989502, MSE: 0.5000
Epoch 150, Loss: 1.1954, Regularisation: 0.6954497694969177, MSE: 0.5000
Epoch 160, Loss: 1.1888, Regularisation: 0.6888338327407837, MSE: 0.5000
Epoch 170, Loss: 1.1770, Regularisation: 0.6769680976867676, MSE: 0.5000
Epoch 180, Loss: 1.1516, Regularisation: 0.6516404151916504, MSE: 0.5000
Epoch 190, Loss: 1.0933, Regularisation: 0.5933287143707275, MSE: 0.5000
2025-06-13 06:29:28,981 - INFO - Model saved to models/hetero_gnn_model.pth
Epoch 0, Loss: 6.090376853942871, Accuracy: 17.08%
Epoch 10, Loss: 2.4237756729125977, Accuracy: 17.08%
Epoch 20, Loss: 2.2012977600097656, Accuracy: 18.75%
Epoch 30, Loss: 2.1748099327087402, Accuracy: 28.75%
Epoch 40, Loss: 2.151994228363037, Accuracy: 27.08%
Epoch 50, Loss: 2.1379761695861816, Accuracy: 28.75%
Epoch 60, Loss: 2.1272165775299072, Accuracy: 28.33%
Epoch 70, Loss: 2.1208910942077637, Accuracy: 27.50%
Epoch 80, Loss: 2.1166672706604004, Accuracy: 27.50%
Epoch 90, Loss: 2.112642288208008, Accuracy: 29.17%
Epoch 100, Loss: 2.108821153640747, Accuracy: 30.42%
Epoch 110, Loss: 2.1054983139038086, Accuracy: 30.00%
Epoch 120, Loss: 2.1024718284606934, Accuracy: 29.58%
Epoch 130, Loss: 2.0993845462799072, Accuracy: 28.75%
Epoch 140, Loss: 2.0956082344055176, Accuracy: 25.83%
2025-06-13 06:29:52,832 - INFO - Model saved to models/hetero_gnn_edge_regressor.pth
Epoch 0, Loss: 1.7221, Regularisation: 1.2858725786209106, MSE: 0.4362
Epoch 10, Loss: 1.4299, Regularisation: 0.9299483299255371, MSE: 0.5000
Epoch 20, Loss: 1.4123, Regularisation: 0.9122699499130249, MSE: 0.5000
Epoch 30, Loss: 1.3685, Regularisation: 0.8684910535812378, MSE: 0.5000
Epoch 40, Loss: 1.2307, Regularisation: 0.7307296395301819, MSE: 0.5000
Epoch 50, Loss: 1.2298, Regularisation: 0.7298312187194824, MSE: 0.5000
Epoch 60, Loss: 1.2232, Regularisation: 0.7232332229614258, MSE: 0.5000
Epoch 70, Loss: 1.2199, Regularisation: 0.7199279069900513, MSE: 0.5000
Epoch 80, Loss: 1.2182, Regularisation: 0.7181640267372131, MSE: 0.5000
Epoch 90, Loss: 1.2172, Regularisation: 0.7172223329544067, MSE: 0.5000
Epoch 100, Loss: 1.2165, Regularisation: 0.7165350914001465, MSE: 0.5000
Epoch 110, Loss: 1.2160, Regularisation: 0.7159913778305054, MSE: 0.5000
Epoch 120, Loss: 1.2155, Regularisation: 0.715458333492279, MSE: 0.5000
Epoch 130, Loss: 1.2149, Regularisation: 0.7149389386177063, MSE: 0.5000
Epoch 140, Loss: 1.2144, Regularisation: 0.7144067287445068, MSE: 0.5000
Epoch 150, Loss: 1.2139, Regularisation: 0.713857114315033, MSE: 0.5000
Epoch 160, Loss: 1.2133, Regularisation: 0.7132885456085205, MSE: 0.5000
Epoch 170, Loss: 1.2127, Regularisation: 0.712683916091919, MSE: 0.5000
Epoch 180, Loss: 1.2120, Regularisation: 0.7119930982589722, MSE: 0.5000
Epoch 190, Loss: 1.2111, Regularisation: 0.711063802242279, MSE: 0.5000
2025-06-13 06:31:01,062 - INFO - Model saved to models/hetero_gnn_model.pth
Epoch 0, Loss: 8.214937210083008, Accuracy: 16.67%
Epoch 10, Loss: 2.8158745765686035, Accuracy: 20.83%
Epoch 20, Loss: 2.538151741027832, Accuracy: 20.00%
Epoch 30, Loss: 2.305281639099121, Accuracy: 20.42%
Epoch 40, Loss: 2.278027057647705, Accuracy: 18.75%
Epoch 50, Loss: 2.267244338989258, Accuracy: 20.00%
Epoch 60, Loss: 2.264085292816162, Accuracy: 20.42%
Epoch 70, Loss: 2.261176824569702, Accuracy: 20.42%
Epoch 80, Loss: 2.261007070541382, Accuracy: 20.42%
Epoch 90, Loss: 2.2610023021698, Accuracy: 20.42%
Epoch 100, Loss: 2.261000394821167, Accuracy: 20.42%
Epoch 110, Loss: 2.2609987258911133, Accuracy: 20.42%
Epoch 120, Loss: 2.2609968185424805, Accuracy: 20.42%
Epoch 130, Loss: 2.2609944343566895, Accuracy: 20.42%
Epoch 140, Loss: 2.2609925270080566, Accuracy: 20.42%
2025-06-13 06:31:18,149 - INFO - Model saved to models/hetero_gnn_edge_regressor.pth
Epoch 0, Loss: 1.6445, Regularisation: 1.1572059392929077, MSE: 0.4873
Epoch 10, Loss: 1.1961, Regularisation: 0.6960761547088623, MSE: 0.5000
Epoch 20, Loss: 1.1656, Regularisation: 0.6655977964401245, MSE: 0.5000
Epoch 30, Loss: 1.1617, Regularisation: 0.6617293953895569, MSE: 0.5000
Epoch 40, Loss: 1.1615, Regularisation: 0.6615434885025024, MSE: 0.5000
Epoch 50, Loss: 1.1615, Regularisation: 0.6615385413169861, MSE: 0.5000
Epoch 60, Loss: 1.1615, Regularisation: 0.6615383625030518, MSE: 0.5000
Epoch 70, Loss: 1.1615, Regularisation: 0.661538302898407, MSE: 0.5000
Epoch 80, Loss: 1.1615, Regularisation: 0.6615381836891174, MSE: 0.5000
Epoch 90, Loss: 1.1615, Regularisation: 0.6615381240844727, MSE: 0.5000
Epoch 100, Loss: 1.1615, Regularisation: 0.6615379452705383, MSE: 0.5000
Epoch 110, Loss: 1.1615, Regularisation: 0.6615378856658936, MSE: 0.5000
Epoch 120, Loss: 1.1615, Regularisation: 0.6615377068519592, MSE: 0.5000
Epoch 130, Loss: 1.1615, Regularisation: 0.6615375280380249, MSE: 0.5000
Epoch 140, Loss: 1.1615, Regularisation: 0.6615374088287354, MSE: 0.5000
Epoch 150, Loss: 1.1615, Regularisation: 0.6615372896194458, MSE: 0.5000
Epoch 160, Loss: 1.1615, Regularisation: 0.6615371108055115, MSE: 0.5000
Epoch 170, Loss: 1.1615, Regularisation: 0.6615369319915771, MSE: 0.5000
Epoch 180, Loss: 1.1615, Regularisation: 0.661536693572998, MSE: 0.5000
Epoch 190, Loss: 1.1615, Regularisation: 0.6615366339683533, MSE: 0.5000
2025-06-13 06:32:44,597 - INFO - Model saved to models/hetero_gnn_model.pth
Epoch 0, Loss: 7.524332046508789, Accuracy: 16.67%
Epoch 10, Loss: 2.6109654903411865, Accuracy: 16.25%
Epoch 20, Loss: 2.601311445236206, Accuracy: 15.00%
Epoch 30, Loss: 2.599693775177002, Accuracy: 15.00%
Epoch 40, Loss: 2.599642276763916, Accuracy: 15.00%
Epoch 50, Loss: 2.59962797164917, Accuracy: 15.00%
Epoch 60, Loss: 2.5996127128601074, Accuracy: 15.00%
Epoch 70, Loss: 2.599595785140991, Accuracy: 15.00%
Epoch 80, Loss: 2.5995779037475586, Accuracy: 15.00%
Epoch 90, Loss: 2.5995595455169678, Accuracy: 15.00%
Epoch 100, Loss: 2.5995402336120605, Accuracy: 15.00%
Epoch 110, Loss: 2.599520444869995, Accuracy: 15.00%
Epoch 120, Loss: 2.5995004177093506, Accuracy: 15.00%
Epoch 130, Loss: 2.5994796752929688, Accuracy: 15.00%
Epoch 140, Loss: 2.5994579792022705, Accuracy: 15.00%
2025-06-13 06:33:02,348 - INFO - Model saved to models/hetero_gnn_edge_regressor.pth
Epoch 0, Loss: 1.6093, Regularisation: 1.1652631759643555, MSE: 0.4441
Epoch 10, Loss: 1.4453, Regularisation: 0.9452952146530151, MSE: 0.5000
Epoch 20, Loss: 1.4256, Regularisation: 0.9256194829940796, MSE: 0.5000
Epoch 30, Loss: 1.4104, Regularisation: 0.9104430675506592, MSE: 0.5000
Epoch 40, Loss: 1.3800, Regularisation: 0.8800138235092163, MSE: 0.5000
Epoch 50, Loss: 1.2444, Regularisation: 0.7443538904190063, MSE: 0.5000
Epoch 60, Loss: 1.2322, Regularisation: 0.7322213649749756, MSE: 0.5000
Epoch 70, Loss: 1.2283, Regularisation: 0.7282741069793701, MSE: 0.5000
Epoch 80, Loss: 1.2281, Regularisation: 0.7280896306037903, MSE: 0.5000
Epoch 90, Loss: 1.2281, Regularisation: 0.7280850410461426, MSE: 0.5000
Epoch 100, Loss: 1.2281, Regularisation: 0.728084921836853, MSE: 0.5000
Epoch 110, Loss: 1.2281, Regularisation: 0.728084921836853, MSE: 0.5000
Epoch 120, Loss: 1.2281, Regularisation: 0.7280847430229187, MSE: 0.5000
Epoch 130, Loss: 1.2281, Regularisation: 0.7280846834182739, MSE: 0.5000
Epoch 140, Loss: 1.2281, Regularisation: 0.7280845046043396, MSE: 0.5000
Epoch 150, Loss: 1.2281, Regularisation: 0.7280845046043396, MSE: 0.5000
Epoch 160, Loss: 1.2281, Regularisation: 0.72808438539505, MSE: 0.5000
Epoch 170, Loss: 1.2281, Regularisation: 0.7280843257904053, MSE: 0.5000
Epoch 180, Loss: 1.2281, Regularisation: 0.7280842065811157, MSE: 0.5000
Epoch 190, Loss: 1.2281, Regularisation: 0.7280840873718262, MSE: 0.5000
2025-06-13 06:34:17,635 - INFO - Model saved to models/hetero_gnn_model.pth
Epoch 0, Loss: 3.275953769683838, Accuracy: 16.67%
Epoch 10, Loss: 2.6190342903137207, Accuracy: 16.67%
Epoch 20, Loss: 2.536558151245117, Accuracy: 20.00%
Epoch 30, Loss: 2.4760093688964844, Accuracy: 17.92%
Epoch 40, Loss: 2.3787288665771484, Accuracy: 18.75%
Epoch 50, Loss: 2.309706211090088, Accuracy: 16.67%
Epoch 60, Loss: 2.3050875663757324, Accuracy: 16.67%
Epoch 70, Loss: 2.304230213165283, Accuracy: 16.67%
Epoch 80, Loss: 2.304194688796997, Accuracy: 16.67%
Epoch 90, Loss: 2.3041739463806152, Accuracy: 16.67%
Epoch 100, Loss: 2.304152488708496, Accuracy: 16.67%
Epoch 110, Loss: 2.3041300773620605, Accuracy: 16.67%
Epoch 120, Loss: 2.3041067123413086, Accuracy: 16.67%
Epoch 130, Loss: 2.3040828704833984, Accuracy: 16.67%
Epoch 140, Loss: 2.304058790206909, Accuracy: 16.67%
2025-06-13 06:38:40,543 - INFO - Model saved to models/hetero_gnn_edge_regressor.pth
Epoch 0, Loss: 1.5427, Regularisation: 1.2825117111206055, MSE: 0.2602
Epoch 10, Loss: 1.4258, Regularisation: 0.9257987141609192, MSE: 0.5000
Epoch 20, Loss: 1.4117, Regularisation: 0.9116961359977722, MSE: 0.5000
Epoch 30, Loss: 1.3824, Regularisation: 0.8823769092559814, MSE: 0.5000
Epoch 40, Loss: 1.2350, Regularisation: 0.734998881816864, MSE: 0.5000
Epoch 50, Loss: 1.2176, Regularisation: 0.7175776958465576, MSE: 0.5000
Epoch 60, Loss: 1.2046, Regularisation: 0.7045700550079346, MSE: 0.5000
Epoch 70, Loss: 1.1978, Regularisation: 0.6978015899658203, MSE: 0.5000
Epoch 80, Loss: 1.1902, Regularisation: 0.6902319192886353, MSE: 0.5000
Epoch 90, Loss: 1.1794, Regularisation: 0.6793836355209351, MSE: 0.5000
Epoch 100, Loss: 1.1602, Regularisation: 0.6601740717887878, MSE: 0.5000
Epoch 110, Loss: 1.1203, Regularisation: 0.6202967762947083, MSE: 0.5000
Epoch 120, Loss: 1.0814, Regularisation: 0.5814104080200195, MSE: 0.5000
Epoch 130, Loss: 1.0788, Regularisation: 0.5787903070449829, MSE: 0.5000
Epoch 140, Loss: 1.0578, Regularisation: 0.5577759146690369, MSE: 0.5000
Epoch 150, Loss: 1.0485, Regularisation: 0.5484698414802551, MSE: 0.5000
Epoch 160, Loss: 1.0560, Regularisation: 0.5559592247009277, MSE: 0.5000
Epoch 170, Loss: 1.0484, Regularisation: 0.5484018921852112, MSE: 0.5000
Epoch 180, Loss: 1.0429, Regularisation: 0.5429078340530396, MSE: 0.5000
Epoch 190, Loss: 1.0402, Regularisation: 0.5402416586875916, MSE: 0.5000
2025-06-13 06:39:49,604 - INFO - Model saved to models/hetero_gnn_model.pth
Epoch 0, Loss: 2.9183363914489746, Accuracy: 16.67%
Epoch 10, Loss: 2.5743589401245117, Accuracy: 17.08%
Epoch 20, Loss: 2.524596691131592, Accuracy: 13.75%
Epoch 30, Loss: 2.5200233459472656, Accuracy: 15.00%
Epoch 40, Loss: 2.5199146270751953, Accuracy: 15.00%
Epoch 50, Loss: 2.519887924194336, Accuracy: 15.00%
Epoch 60, Loss: 2.5198588371276855, Accuracy: 15.00%
Epoch 70, Loss: 2.519829034805298, Accuracy: 15.00%
Epoch 80, Loss: 2.5197982788085938, Accuracy: 15.00%
Epoch 90, Loss: 2.5197665691375732, Accuracy: 15.00%
Epoch 100, Loss: 2.5197343826293945, Accuracy: 15.00%
Epoch 110, Loss: 2.5197014808654785, Accuracy: 15.00%
Epoch 120, Loss: 2.5196683406829834, Accuracy: 15.00%
Epoch 130, Loss: 2.519634485244751, Accuracy: 14.58%
Epoch 140, Loss: 2.5196003913879395, Accuracy: 14.58%
2025-06-13 06:42:03,845 - INFO - Model saved to models/hetero_gnn_edge_regressor.pth
Epoch 0, Loss: 1.6457, Regularisation: 1.3486328125, MSE: 0.2971
Epoch 10, Loss: 1.4582, Regularisation: 0.9581866264343262, MSE: 0.5000
Epoch 20, Loss: 1.4354, Regularisation: 0.9353708624839783, MSE: 0.5000
Epoch 30, Loss: 1.4287, Regularisation: 0.9287208914756775, MSE: 0.5000
Epoch 40, Loss: 1.4220, Regularisation: 0.9219790697097778, MSE: 0.5000
Epoch 50, Loss: 1.4127, Regularisation: 0.9126806259155273, MSE: 0.5000
Epoch 60, Loss: 1.3876, Regularisation: 0.8875701427459717, MSE: 0.5000
Epoch 70, Loss: 1.2751, Regularisation: 0.7751237154006958, MSE: 0.5000
Epoch 80, Loss: 1.2274, Regularisation: 0.727433979511261, MSE: 0.5000
Epoch 90, Loss: 1.2182, Regularisation: 0.7182019352912903, MSE: 0.5000
Epoch 100, Loss: 1.2135, Regularisation: 0.7134695053100586, MSE: 0.5000
Epoch 110, Loss: 1.2107, Regularisation: 0.710664689540863, MSE: 0.5000
Epoch 120, Loss: 1.2084, Regularisation: 0.7083727717399597, MSE: 0.5000
Epoch 130, Loss: 1.2060, Regularisation: 0.7059594988822937, MSE: 0.5000
Epoch 140, Loss: 1.2030, Regularisation: 0.7029940485954285, MSE: 0.5000
Epoch 150, Loss: 1.1986, Regularisation: 0.6986393928527832, MSE: 0.5000
Epoch 160, Loss: 1.1928, Regularisation: 0.6927711963653564, MSE: 0.5000
Epoch 170, Loss: 1.1843, Regularisation: 0.6843170523643494, MSE: 0.5000
Epoch 180, Loss: 1.1706, Regularisation: 0.6705947518348694, MSE: 0.5000
Epoch 190, Loss: 1.1526, Regularisation: 0.6525582075119019, MSE: 0.5000
2025-06-13 06:43:11,494 - INFO - Model saved to models/hetero_gnn_model.pth
Epoch 0, Loss: 8.376197814941406, Accuracy: 16.67%
Epoch 10, Loss: 2.501107692718506, Accuracy: 12.92%
Epoch 20, Loss: 2.2606353759765625, Accuracy: 17.50%
Epoch 30, Loss: 2.348335027694702, Accuracy: 22.08%
Epoch 40, Loss: 2.3047420978546143, Accuracy: 23.33%
Epoch 50, Loss: 2.300916910171509, Accuracy: 23.75%
Epoch 60, Loss: 2.3008084297180176, Accuracy: 23.75%
Epoch 70, Loss: 2.300779104232788, Accuracy: 23.75%
Epoch 80, Loss: 2.300747871398926, Accuracy: 23.75%
Epoch 90, Loss: 2.300715684890747, Accuracy: 23.75%
Epoch 100, Loss: 2.300682544708252, Accuracy: 23.75%
Epoch 110, Loss: 2.300647735595703, Accuracy: 23.75%
Epoch 120, Loss: 2.3006112575531006, Accuracy: 23.75%
Epoch 130, Loss: 2.3005740642547607, Accuracy: 23.75%
Epoch 140, Loss: 2.3005356788635254, Accuracy: 23.75%
2025-06-13 06:43:34,879 - INFO - Model saved to models/hetero_gnn_edge_regressor.pth
Epoch 0, Loss: 1.8281, Regularisation: 1.3287174701690674, MSE: 0.4994
Epoch 10, Loss: 1.3344, Regularisation: 0.8343615531921387, MSE: 0.5000
Epoch 20, Loss: 1.2276, Regularisation: 0.7275670766830444, MSE: 0.5000
Epoch 30, Loss: 1.2089, Regularisation: 0.7088997960090637, MSE: 0.5000
Epoch 40, Loss: 1.2000, Regularisation: 0.7000177502632141, MSE: 0.5000
Epoch 50, Loss: 1.1855, Regularisation: 0.6854910850524902, MSE: 0.5000
Epoch 60, Loss: 1.1579, Regularisation: 0.6579452157020569, MSE: 0.5000
Epoch 70, Loss: 1.0954, Regularisation: 0.5954425930976868, MSE: 0.5000
Epoch 80, Loss: 1.1181, Regularisation: 0.618091881275177, MSE: 0.5000
Epoch 90, Loss: 1.0888, Regularisation: 0.5887969136238098, MSE: 0.5000
Epoch 100, Loss: 1.0884, Regularisation: 0.588424563407898, MSE: 0.5000
Epoch 110, Loss: 1.0884, Regularisation: 0.5884079337120056, MSE: 0.5000
Epoch 120, Loss: 1.0884, Regularisation: 0.5884073972702026, MSE: 0.5000
Epoch 130, Loss: 1.0884, Regularisation: 0.5884067416191101, MSE: 0.5000
Epoch 140, Loss: 1.0884, Regularisation: 0.5884062051773071, MSE: 0.5000
Epoch 150, Loss: 1.0884, Regularisation: 0.5884056091308594, MSE: 0.5000
Epoch 160, Loss: 1.0884, Regularisation: 0.5884050130844116, MSE: 0.5000
Epoch 170, Loss: 1.0884, Regularisation: 0.5884044170379639, MSE: 0.5000
Epoch 180, Loss: 1.0884, Regularisation: 0.5884037613868713, MSE: 0.5000
Epoch 190, Loss: 1.0884, Regularisation: 0.5884031057357788, MSE: 0.5000
2025-06-13 06:44:41,217 - INFO - Model saved to models/hetero_gnn_model.pth
Epoch 0, Loss: 5.146665573120117, Accuracy: 17.08%
Epoch 10, Loss: 2.5280075073242188, Accuracy: 17.08%
Epoch 20, Loss: 2.4004933834075928, Accuracy: 19.58%
Epoch 30, Loss: 2.3176071643829346, Accuracy: 21.67%
Epoch 40, Loss: 2.3150057792663574, Accuracy: 21.67%
Epoch 50, Loss: 2.314883232116699, Accuracy: 21.67%
Epoch 60, Loss: 2.314879894256592, Accuracy: 21.67%
Epoch 70, Loss: 2.314876079559326, Accuracy: 21.67%
Epoch 80, Loss: 2.3148717880249023, Accuracy: 21.67%
Epoch 90, Loss: 2.3148672580718994, Accuracy: 21.67%
Epoch 100, Loss: 2.3148622512817383, Accuracy: 21.67%
Epoch 110, Loss: 2.314857244491577, Accuracy: 21.67%
Epoch 120, Loss: 2.314851760864258, Accuracy: 21.67%
Epoch 130, Loss: 2.3148462772369385, Accuracy: 21.67%
Epoch 140, Loss: 2.314840316772461, Accuracy: 21.67%
2025-06-13 06:44:57,717 - INFO - Model saved to models/hetero_gnn_edge_regressor.pth
Epoch 0, Loss: 1.6446, Regularisation: 1.145198106765747, MSE: 0.4994
Epoch 10, Loss: 1.1769, Regularisation: 0.6768652200698853, MSE: 0.5000
Epoch 20, Loss: 1.1656, Regularisation: 0.6655949354171753, MSE: 0.5000
Epoch 30, Loss: 1.1617, Regularisation: 0.6616600155830383, MSE: 0.5000
Epoch 40, Loss: 1.1616, Regularisation: 0.6615920066833496, MSE: 0.5000
Epoch 50, Loss: 1.1616, Regularisation: 0.6615889668464661, MSE: 0.5000
Epoch 60, Loss: 1.1616, Regularisation: 0.6615889072418213, MSE: 0.5000
Epoch 70, Loss: 1.1616, Regularisation: 0.6615887880325317, MSE: 0.5000
Epoch 80, Loss: 1.1616, Regularisation: 0.6615886688232422, MSE: 0.5000
Epoch 90, Loss: 1.1616, Regularisation: 0.6615886092185974, MSE: 0.5000
Epoch 100, Loss: 1.1616, Regularisation: 0.6615884304046631, MSE: 0.5000
Epoch 110, Loss: 1.1616, Regularisation: 0.6615883708000183, MSE: 0.5000
Epoch 120, Loss: 1.1616, Regularisation: 0.6615882515907288, MSE: 0.5000
Epoch 130, Loss: 1.1616, Regularisation: 0.6615881323814392, MSE: 0.5000
Epoch 140, Loss: 1.1616, Regularisation: 0.6615879535675049, MSE: 0.5000
Epoch 150, Loss: 1.1616, Regularisation: 0.6615878343582153, MSE: 0.5000
Epoch 160, Loss: 1.1616, Regularisation: 0.6615877747535706, MSE: 0.5000
Epoch 170, Loss: 1.1616, Regularisation: 0.661587655544281, MSE: 0.5000
Epoch 180, Loss: 1.1616, Regularisation: 0.6615874767303467, MSE: 0.5000
Epoch 190, Loss: 1.1616, Regularisation: 0.6615873575210571, MSE: 0.5000
2025-06-13 06:46:24,771 - INFO - Model saved to models/hetero_gnn_model.pth
Epoch 0, Loss: 7.025888442993164, Accuracy: 17.08%
Epoch 10, Loss: 2.5755600929260254, Accuracy: 16.67%
Epoch 20, Loss: 2.3599696159362793, Accuracy: 19.17%
Epoch 30, Loss: 2.259279251098633, Accuracy: 19.17%
Epoch 40, Loss: 2.2280783653259277, Accuracy: 18.75%
Epoch 50, Loss: 2.20137357711792, Accuracy: 19.58%
Epoch 60, Loss: 2.1772778034210205, Accuracy: 18.75%
Epoch 70, Loss: 2.158127546310425, Accuracy: 19.58%
Epoch 80, Loss: 2.1468939781188965, Accuracy: 19.58%
Epoch 90, Loss: 2.1383419036865234, Accuracy: 19.17%
Epoch 100, Loss: 2.129485607147217, Accuracy: 18.33%
Epoch 110, Loss: 2.11664080619812, Accuracy: 19.17%
Epoch 120, Loss: 2.1057491302490234, Accuracy: 18.75%
Epoch 130, Loss: 2.09700083732605, Accuracy: 18.75%
Epoch 140, Loss: 2.0982038974761963, Accuracy: 22.50%
2025-06-13 06:46:41,194 - INFO - Model saved to models/hetero_gnn_edge_regressor.pth
Epoch 0, Loss: 1.8189, Regularisation: 1.3262386322021484, MSE: 0.4927
Epoch 10, Loss: 1.3790, Regularisation: 0.8790459632873535, MSE: 0.5000
Epoch 20, Loss: 1.2253, Regularisation: 0.7252745032310486, MSE: 0.5000
Epoch 30, Loss: 1.2199, Regularisation: 0.7199239134788513, MSE: 0.5000
Epoch 40, Loss: 1.2185, Regularisation: 0.7185404896736145, MSE: 0.5000
Epoch 50, Loss: 1.2185, Regularisation: 0.7184985280036926, MSE: 0.5000
Epoch 60, Loss: 1.2185, Regularisation: 0.7184978723526001, MSE: 0.5000
Epoch 70, Loss: 1.2185, Regularisation: 0.7184978723526001, MSE: 0.5000
Epoch 80, Loss: 1.2185, Regularisation: 0.7184977531433105, MSE: 0.5000
Epoch 90, Loss: 1.2185, Regularisation: 0.718497633934021, MSE: 0.5000
Epoch 100, Loss: 1.2185, Regularisation: 0.718497633934021, MSE: 0.5000
Epoch 110, Loss: 1.2185, Regularisation: 0.7184975147247314, MSE: 0.5000
Epoch 120, Loss: 1.2185, Regularisation: 0.7184973955154419, MSE: 0.5000
Epoch 130, Loss: 1.2185, Regularisation: 0.7184972763061523, MSE: 0.5000
Epoch 140, Loss: 1.2185, Regularisation: 0.7184971570968628, MSE: 0.5000
Epoch 150, Loss: 1.2185, Regularisation: 0.7184970378875732, MSE: 0.5000
Epoch 160, Loss: 1.2185, Regularisation: 0.7184969186782837, MSE: 0.5000
Epoch 170, Loss: 1.2185, Regularisation: 0.7184967994689941, MSE: 0.5000
Epoch 180, Loss: 1.2185, Regularisation: 0.7184966802597046, MSE: 0.5000
Epoch 190, Loss: 1.2185, Regularisation: 0.7184966206550598, MSE: 0.5000
2025-06-13 06:47:54,676 - INFO - Model saved to models/hetero_gnn_model.pth
Epoch 0, Loss: 2.9600930213928223, Accuracy: 16.67%
Epoch 10, Loss: 2.601531982421875, Accuracy: 17.92%
Epoch 20, Loss: 2.4001917839050293, Accuracy: 20.42%
Epoch 30, Loss: 2.2884888648986816, Accuracy: 20.00%
Epoch 40, Loss: 2.277404308319092, Accuracy: 23.33%
Epoch 50, Loss: 2.27705979347229, Accuracy: 26.25%
Epoch 60, Loss: 2.2770040035247803, Accuracy: 25.83%
Epoch 70, Loss: 2.2769997119903564, Accuracy: 25.83%
Epoch 80, Loss: 2.2769947052001953, Accuracy: 25.83%
Epoch 90, Loss: 2.276989221572876, Accuracy: 25.83%
Epoch 100, Loss: 2.2769832611083984, Accuracy: 25.83%
Epoch 110, Loss: 2.276977062225342, Accuracy: 25.83%
Epoch 120, Loss: 2.276970386505127, Accuracy: 25.42%
Epoch 130, Loss: 2.276963949203491, Accuracy: 25.42%
Epoch 140, Loss: 2.2769570350646973, Accuracy: 25.42%
2025-06-13 06:52:18,885 - INFO - Model saved to models/hetero_gnn_edge_regressor.pth
Epoch 0, Loss: 1.6170, Regularisation: 1.3614922761917114, MSE: 0.2555
Epoch 10, Loss: 1.4348, Regularisation: 0.9348061084747314, MSE: 0.5000
Epoch 20, Loss: 1.4246, Regularisation: 0.9245648384094238, MSE: 0.5000
Epoch 30, Loss: 1.4161, Regularisation: 0.9160680770874023, MSE: 0.5000
Epoch 40, Loss: 1.4002, Regularisation: 0.9001876711845398, MSE: 0.5000
Epoch 50, Loss: 1.3346, Regularisation: 0.8346251845359802, MSE: 0.5000
Epoch 60, Loss: 1.2296, Regularisation: 0.7295780777931213, MSE: 0.5000
Epoch 70, Loss: 1.2176, Regularisation: 0.717596709728241, MSE: 0.5000
Epoch 80, Loss: 1.2143, Regularisation: 0.71429443359375, MSE: 0.5000
Epoch 90, Loss: 1.2120, Regularisation: 0.7120243906974792, MSE: 0.5000
Epoch 100, Loss: 1.2107, Regularisation: 0.7107170820236206, MSE: 0.5000
Epoch 110, Loss: 1.2100, Regularisation: 0.7100268602371216, MSE: 0.5000
Epoch 120, Loss: 1.2096, Regularisation: 0.7096193432807922, MSE: 0.5000
Epoch 130, Loss: 1.2094, Regularisation: 0.7093501091003418, MSE: 0.5000
Epoch 140, Loss: 1.2091, Regularisation: 0.7091266512870789, MSE: 0.5000
Epoch 150, Loss: 1.2090, Regularisation: 0.7089800238609314, MSE: 0.5000
Epoch 160, Loss: 1.2090, Regularisation: 0.7089703679084778, MSE: 0.5000
Epoch 170, Loss: 1.2090, Regularisation: 0.7089701890945435, MSE: 0.5000
Epoch 180, Loss: 1.2090, Regularisation: 0.7089701890945435, MSE: 0.5000
Epoch 190, Loss: 1.2090, Regularisation: 0.7089701890945435, MSE: 0.5000
2025-06-13 06:53:28,987 - INFO - Model saved to models/hetero_gnn_model.pth
Epoch 0, Loss: 3.212912082672119, Accuracy: 16.25%
Epoch 10, Loss: 2.5847127437591553, Accuracy: 16.67%
Epoch 20, Loss: 2.4676642417907715, Accuracy: 22.08%
Epoch 30, Loss: 2.460908889770508, Accuracy: 22.50%
Epoch 40, Loss: 2.4607815742492676, Accuracy: 22.50%
Epoch 50, Loss: 2.460759162902832, Accuracy: 22.50%
Epoch 60, Loss: 2.460735321044922, Accuracy: 22.50%
Epoch 70, Loss: 2.460709810256958, Accuracy: 22.50%
Epoch 80, Loss: 2.4606828689575195, Accuracy: 22.50%
Epoch 90, Loss: 2.4606552124023438, Accuracy: 22.50%
Epoch 100, Loss: 2.4606266021728516, Accuracy: 22.50%
Epoch 110, Loss: 2.4605979919433594, Accuracy: 22.50%
Epoch 120, Loss: 2.460568428039551, Accuracy: 22.50%
Epoch 130, Loss: 2.460538148880005, Accuracy: 22.50%
Epoch 140, Loss: 2.460507392883301, Accuracy: 22.50%
2025-06-13 06:55:43,173 - INFO - Model saved to models/hetero_gnn_edge_regressor.pth
Epoch 0, Loss: 1.6372, Regularisation: 1.2551379203796387, MSE: 0.3820
Epoch 10, Loss: 1.4528, Regularisation: 0.9527695775032043, MSE: 0.5000
Epoch 20, Loss: 1.4342, Regularisation: 0.9342322945594788, MSE: 0.5000
Epoch 30, Loss: 1.4274, Regularisation: 0.9273701310157776, MSE: 0.5000
Epoch 40, Loss: 1.4201, Regularisation: 0.9201008081436157, MSE: 0.5000
Epoch 50, Loss: 1.4064, Regularisation: 0.9063525199890137, MSE: 0.5000
Epoch 60, Loss: 1.3616, Regularisation: 0.8615598082542419, MSE: 0.5000
Epoch 70, Loss: 1.2261, Regularisation: 0.7260727882385254, MSE: 0.5000
Epoch 80, Loss: 1.2234, Regularisation: 0.7234272956848145, MSE: 0.5000
Epoch 90, Loss: 1.2190, Regularisation: 0.7189785242080688, MSE: 0.5000
Epoch 100, Loss: 1.2163, Regularisation: 0.7162612676620483, MSE: 0.5000
Epoch 110, Loss: 1.2147, Regularisation: 0.7147080302238464, MSE: 0.5000
Epoch 120, Loss: 1.2140, Regularisation: 0.7139685153961182, MSE: 0.5000
Epoch 130, Loss: 1.2135, Regularisation: 0.7135347127914429, MSE: 0.5000
Epoch 140, Loss: 1.2133, Regularisation: 0.7132687568664551, MSE: 0.5000
Epoch 150, Loss: 1.2131, Regularisation: 0.7130987644195557, MSE: 0.5000
Epoch 160, Loss: 1.2131, Regularisation: 0.7130875587463379, MSE: 0.5000
Epoch 170, Loss: 1.2131, Regularisation: 0.7130870819091797, MSE: 0.5000
Epoch 180, Loss: 1.2131, Regularisation: 0.7130870819091797, MSE: 0.5000
Epoch 190, Loss: 1.2131, Regularisation: 0.7130870819091797, MSE: 0.5000
2025-06-13 06:56:50,560 - INFO - Model saved to models/hetero_gnn_model.pth
Epoch 0, Loss: 10.484427452087402, Accuracy: 16.67%
Epoch 10, Loss: 2.7234015464782715, Accuracy: 16.67%
Epoch 20, Loss: 2.626504421234131, Accuracy: 16.25%
Epoch 30, Loss: 2.621337890625, Accuracy: 17.08%
Epoch 40, Loss: 2.621201992034912, Accuracy: 17.08%
Epoch 50, Loss: 2.621164083480835, Accuracy: 17.08%
Epoch 60, Loss: 2.6211233139038086, Accuracy: 17.08%
Epoch 70, Loss: 2.621080160140991, Accuracy: 17.08%
Epoch 80, Loss: 2.621035575866699, Accuracy: 17.08%
Epoch 90, Loss: 2.6209893226623535, Accuracy: 17.08%
Epoch 100, Loss: 2.6209418773651123, Accuracy: 17.08%
Epoch 110, Loss: 2.6208930015563965, Accuracy: 17.08%
Epoch 120, Loss: 2.620842933654785, Accuracy: 17.08%
Epoch 130, Loss: 2.6207921504974365, Accuracy: 17.08%
Epoch 140, Loss: 2.6207408905029297, Accuracy: 17.08%
2025-06-13 06:57:11,303 - INFO - Model saved to models/hetero_gnn_edge_regressor.pth
Epoch 0, Loss: 1.6429, Regularisation: 1.3654861450195312, MSE: 0.2774
Epoch 10, Loss: 1.4263, Regularisation: 0.9263410568237305, MSE: 0.5000
Epoch 20, Loss: 1.4115, Regularisation: 0.9115333557128906, MSE: 0.5000
Epoch 30, Loss: 1.3673, Regularisation: 0.8672839999198914, MSE: 0.5000
Epoch 40, Loss: 1.2384, Regularisation: 0.7383764386177063, MSE: 0.5000
Epoch 50, Loss: 1.2220, Regularisation: 0.7219696640968323, MSE: 0.5000
Epoch 60, Loss: 1.2093, Regularisation: 0.7093424201011658, MSE: 0.5000
Epoch 70, Loss: 1.2011, Regularisation: 0.7011176943778992, MSE: 0.5000
Epoch 80, Loss: 1.1927, Regularisation: 0.6926907300949097, MSE: 0.5000
Epoch 90, Loss: 1.1768, Regularisation: 0.6768425703048706, MSE: 0.5000
Epoch 100, Loss: 1.1275, Regularisation: 0.6274795532226562, MSE: 0.5000
Epoch 110, Loss: 1.0771, Regularisation: 0.5770588517189026, MSE: 0.5000
Epoch 120, Loss: 1.0613, Regularisation: 0.5612537860870361, MSE: 0.5000
Epoch 130, Loss: 1.0321, Regularisation: 0.5321363210678101, MSE: 0.5000
Epoch 140, Loss: 1.0101, Regularisation: 0.5101399421691895, MSE: 0.5000
Epoch 150, Loss: 0.9943, Regularisation: 0.494273841381073, MSE: 0.5000
Epoch 160, Loss: 0.9842, Regularisation: 0.4842195510864258, MSE: 0.5000
Epoch 170, Loss: 0.9789, Regularisation: 0.4789438843727112, MSE: 0.5000
Epoch 180, Loss: 0.9733, Regularisation: 0.4732670485973358, MSE: 0.5000
Epoch 190, Loss: 0.9707, Regularisation: 0.4706759452819824, MSE: 0.5000
2025-06-13 06:58:17,061 - INFO - Model saved to models/hetero_gnn_model.pth
Epoch 0, Loss: 5.178206920623779, Accuracy: 16.67%
Epoch 10, Loss: 2.307583808898926, Accuracy: 17.92%
Epoch 20, Loss: 2.2444193363189697, Accuracy: 21.25%
Epoch 30, Loss: 2.2057573795318604, Accuracy: 22.50%
Epoch 40, Loss: 2.121058464050293, Accuracy: 20.00%
Epoch 50, Loss: 2.116987705230713, Accuracy: 22.08%
Epoch 60, Loss: 2.113227367401123, Accuracy: 24.17%
Epoch 70, Loss: 2.1123971939086914, Accuracy: 24.17%
Epoch 80, Loss: 2.111771821975708, Accuracy: 24.17%
Epoch 90, Loss: 2.1112546920776367, Accuracy: 23.75%
Epoch 100, Loss: 2.110724687576294, Accuracy: 23.75%
Epoch 110, Loss: 2.11015248298645, Accuracy: 23.75%
Epoch 120, Loss: 2.109492540359497, Accuracy: 22.92%
Epoch 130, Loss: 2.108654022216797, Accuracy: 22.92%
Epoch 140, Loss: 2.107633113861084, Accuracy: 22.92%
2025-06-13 06:58:34,640 - INFO - Model saved to models/hetero_gnn_edge_regressor.pth
Epoch 0, Loss: 1.3539, Regularisation: 0.9857717156410217, MSE: 0.3681
Epoch 10, Loss: 1.4293, Regularisation: 0.9293437600135803, MSE: 0.5000
Epoch 20, Loss: 1.4241, Regularisation: 0.9240739941596985, MSE: 0.5000
Epoch 30, Loss: 1.4240, Regularisation: 0.9239835739135742, MSE: 0.5000
Epoch 40, Loss: 1.4240, Regularisation: 0.923980712890625, MSE: 0.5000
Epoch 50, Loss: 1.4240, Regularisation: 0.9239805936813354, MSE: 0.5000
Epoch 60, Loss: 1.4240, Regularisation: 0.9239803552627563, MSE: 0.5000
Epoch 70, Loss: 1.4240, Regularisation: 0.9239802360534668, MSE: 0.5000
Epoch 80, Loss: 1.4240, Regularisation: 0.9239800572395325, MSE: 0.5000
Epoch 90, Loss: 1.4240, Regularisation: 0.9239798784255981, MSE: 0.5000
Epoch 100, Loss: 1.4240, Regularisation: 0.9239797592163086, MSE: 0.5000
Epoch 110, Loss: 1.4240, Regularisation: 0.9239795804023743, MSE: 0.5000
Epoch 120, Loss: 1.4240, Regularisation: 0.9239793419837952, MSE: 0.5000
Epoch 130, Loss: 1.4240, Regularisation: 0.9239791631698608, MSE: 0.5000
Epoch 140, Loss: 1.4240, Regularisation: 0.9239789843559265, MSE: 0.5000
Epoch 150, Loss: 1.4240, Regularisation: 0.9239788055419922, MSE: 0.5000
Epoch 160, Loss: 1.4240, Regularisation: 0.9239785075187683, MSE: 0.5000
Epoch 170, Loss: 1.4240, Regularisation: 0.923978328704834, MSE: 0.5000
Epoch 180, Loss: 1.4240, Regularisation: 0.9239781498908997, MSE: 0.5000
Epoch 190, Loss: 1.4240, Regularisation: 0.9239779710769653, MSE: 0.5000
2025-06-13 07:00:07,000 - INFO - Model saved to models/hetero_gnn_model.pth
Epoch 0, Loss: 11.839788436889648, Accuracy: 16.67%
Epoch 10, Loss: 2.481955051422119, Accuracy: 16.67%
Epoch 20, Loss: 2.3815701007843018, Accuracy: 22.08%
Epoch 30, Loss: 2.252936601638794, Accuracy: 20.83%
Epoch 40, Loss: 2.2809767723083496, Accuracy: 21.25%
Epoch 50, Loss: 2.1829259395599365, Accuracy: 21.67%
Epoch 60, Loss: 2.138413667678833, Accuracy: 21.25%
Epoch 70, Loss: 2.1139028072357178, Accuracy: 27.08%
Epoch 80, Loss: 2.1065592765808105, Accuracy: 25.83%
Epoch 90, Loss: 2.106379508972168, Accuracy: 25.42%
Epoch 100, Loss: 2.106376886367798, Accuracy: 25.42%
Epoch 110, Loss: 2.1063742637634277, Accuracy: 25.42%
Epoch 120, Loss: 2.1063711643218994, Accuracy: 25.42%
Epoch 130, Loss: 2.106368064880371, Accuracy: 25.42%
Epoch 140, Loss: 2.1063647270202637, Accuracy: 25.42%
2025-06-13 07:00:27,143 - INFO - Model saved to models/hetero_gnn_edge_regressor.pth
Epoch 0, Loss: 1.9162, Regularisation: 1.418225884437561, MSE: 0.4980
Epoch 10, Loss: 1.3809, Regularisation: 0.8808751702308655, MSE: 0.5000
Epoch 20, Loss: 1.2166, Regularisation: 0.7165766358375549, MSE: 0.5000
Epoch 30, Loss: 1.2200, Regularisation: 0.7199795246124268, MSE: 0.5000
Epoch 40, Loss: 1.2177, Regularisation: 0.7177154421806335, MSE: 0.5000
Epoch 50, Loss: 1.2177, Regularisation: 0.717671275138855, MSE: 0.5000
Epoch 60, Loss: 1.2177, Regularisation: 0.7176691889762878, MSE: 0.5000
Epoch 70, Loss: 1.2177, Regularisation: 0.7176691293716431, MSE: 0.5000
Epoch 80, Loss: 1.2177, Regularisation: 0.7176691293716431, MSE: 0.5000
Epoch 90, Loss: 1.2177, Regularisation: 0.7176690101623535, MSE: 0.5000
Epoch 100, Loss: 1.2177, Regularisation: 0.7176690101623535, MSE: 0.5000
Epoch 110, Loss: 1.2177, Regularisation: 0.717668890953064, MSE: 0.5000
Epoch 120, Loss: 1.2177, Regularisation: 0.7176688313484192, MSE: 0.5000
Epoch 130, Loss: 1.2177, Regularisation: 0.7176687717437744, MSE: 0.5000
Epoch 140, Loss: 1.2177, Regularisation: 0.7176687121391296, MSE: 0.5000
Epoch 150, Loss: 1.2177, Regularisation: 0.7176686525344849, MSE: 0.5000
Epoch 160, Loss: 1.2177, Regularisation: 0.7176685333251953, MSE: 0.5000
Epoch 170, Loss: 1.2177, Regularisation: 0.7176684737205505, MSE: 0.5000
Epoch 180, Loss: 1.2177, Regularisation: 0.717668354511261, MSE: 0.5000
Epoch 190, Loss: 1.2177, Regularisation: 0.7176682949066162, MSE: 0.5000
2025-06-13 07:01:49,098 - INFO - Model saved to models/hetero_gnn_model.pth
Epoch 0, Loss: 4.702785491943359, Accuracy: 16.67%
Epoch 10, Loss: 2.601341485977173, Accuracy: 16.25%
Epoch 20, Loss: 2.407284736633301, Accuracy: 19.58%
Epoch 30, Loss: 2.3448431491851807, Accuracy: 18.75%
Epoch 40, Loss: 2.3338844776153564, Accuracy: 18.75%
Epoch 50, Loss: 2.3323402404785156, Accuracy: 18.75%
Epoch 60, Loss: 2.3322572708129883, Accuracy: 18.75%
Epoch 70, Loss: 2.3321661949157715, Accuracy: 18.75%
Epoch 80, Loss: 2.332070827484131, Accuracy: 18.75%
Epoch 90, Loss: 2.3319716453552246, Accuracy: 18.75%
Epoch 100, Loss: 2.3318710327148438, Accuracy: 18.75%
Epoch 110, Loss: 2.331768035888672, Accuracy: 18.75%
Epoch 120, Loss: 2.3316640853881836, Accuracy: 18.75%
Epoch 130, Loss: 2.331557273864746, Accuracy: 18.75%
Epoch 140, Loss: 2.3314507007598877, Accuracy: 18.75%
2025-06-13 07:06:45,997 - INFO - Model saved to models/hetero_gnn_edge_regressor.pth
Epoch 0, Loss: 1.6054, Regularisation: 1.3187092542648315, MSE: 0.2867
Epoch 10, Loss: 1.4564, Regularisation: 0.9563824534416199, MSE: 0.5000
Epoch 20, Loss: 1.4321, Regularisation: 0.9320566654205322, MSE: 0.5000
Epoch 30, Loss: 1.4256, Regularisation: 0.9256046414375305, MSE: 0.5000
Epoch 40, Loss: 1.4175, Regularisation: 0.9175447225570679, MSE: 0.5000
Epoch 50, Loss: 1.4069, Regularisation: 0.9069012999534607, MSE: 0.5000
Epoch 60, Loss: 1.3820, Regularisation: 0.881962776184082, MSE: 0.5000
Epoch 70, Loss: 1.2931, Regularisation: 0.7931344509124756, MSE: 0.5000
Epoch 80, Loss: 1.2315, Regularisation: 0.7315356731414795, MSE: 0.5000
Epoch 90, Loss: 1.2207, Regularisation: 0.7206832766532898, MSE: 0.5000
Epoch 100, Loss: 1.2203, Regularisation: 0.7203336358070374, MSE: 0.5000
Epoch 110, Loss: 1.2203, Regularisation: 0.720321536064148, MSE: 0.5000
Epoch 120, Loss: 1.2203, Regularisation: 0.7203212976455688, MSE: 0.5000
Epoch 130, Loss: 1.2203, Regularisation: 0.7203211784362793, MSE: 0.5000
Epoch 140, Loss: 1.2203, Regularisation: 0.7203211188316345, MSE: 0.5000
Epoch 150, Loss: 1.2203, Regularisation: 0.7203210592269897, MSE: 0.5000
Epoch 160, Loss: 1.2203, Regularisation: 0.720320999622345, MSE: 0.5000
Epoch 170, Loss: 1.2203, Regularisation: 0.7203209400177002, MSE: 0.5000
Epoch 180, Loss: 1.2203, Regularisation: 0.7203208804130554, MSE: 0.5000
Epoch 190, Loss: 1.2203, Regularisation: 0.7203208208084106, MSE: 0.5000
2025-06-13 07:08:03,117 - INFO - Model saved to models/hetero_gnn_model.pth
Epoch 0, Loss: 2.9398720264434814, Accuracy: 19.17%
Epoch 10, Loss: 2.67976713180542, Accuracy: 16.67%
Epoch 20, Loss: 2.5859174728393555, Accuracy: 17.08%
Epoch 30, Loss: 2.585059404373169, Accuracy: 17.08%
Epoch 40, Loss: 2.585024356842041, Accuracy: 17.08%
Epoch 50, Loss: 2.585003137588501, Accuracy: 17.08%
Epoch 60, Loss: 2.5849804878234863, Accuracy: 17.08%
Epoch 70, Loss: 2.584955930709839, Accuracy: 17.08%
Epoch 80, Loss: 2.584930658340454, Accuracy: 17.08%
Epoch 90, Loss: 2.584904670715332, Accuracy: 17.08%
Epoch 100, Loss: 2.584878444671631, Accuracy: 17.08%
Epoch 110, Loss: 2.584850788116455, Accuracy: 17.08%
Epoch 120, Loss: 2.5848228931427, Accuracy: 17.08%
Epoch 130, Loss: 2.584794044494629, Accuracy: 17.08%
Epoch 140, Loss: 2.5847649574279785, Accuracy: 17.08%
2025-06-13 07:10:27,939 - INFO - Model saved to models/hetero_gnn_edge_regressor.pth
Epoch 0, Loss: 1.7296, Regularisation: 1.262459635734558, MSE: 0.4672
Epoch 10, Loss: 1.4387, Regularisation: 0.9386537075042725, MSE: 0.5000
Epoch 20, Loss: 1.4279, Regularisation: 0.9278963804244995, MSE: 0.5000
Epoch 30, Loss: 1.4199, Regularisation: 0.9198638796806335, MSE: 0.5000
Epoch 40, Loss: 1.4029, Regularisation: 0.902901291847229, MSE: 0.5000
Epoch 50, Loss: 1.3180, Regularisation: 0.8179884552955627, MSE: 0.5000
Epoch 60, Loss: 1.2300, Regularisation: 0.7300260663032532, MSE: 0.5000
Epoch 70, Loss: 1.2141, Regularisation: 0.7141319513320923, MSE: 0.5000
Epoch 80, Loss: 1.2086, Regularisation: 0.7086071968078613, MSE: 0.5000
Epoch 90, Loss: 1.2040, Regularisation: 0.7040083408355713, MSE: 0.5000
Epoch 100, Loss: 1.1995, Regularisation: 0.6994720697402954, MSE: 0.5000
Epoch 110, Loss: 1.1935, Regularisation: 0.6934536695480347, MSE: 0.5000
Epoch 120, Loss: 1.1831, Regularisation: 0.6830986738204956, MSE: 0.5000
Epoch 130, Loss: 1.1623, Regularisation: 0.6622914671897888, MSE: 0.5000
Epoch 140, Loss: 1.1027, Regularisation: 0.6027073860168457, MSE: 0.5000
Epoch 150, Loss: 1.0820, Regularisation: 0.5819997787475586, MSE: 0.5000
Epoch 160, Loss: 1.0658, Regularisation: 0.5657755136489868, MSE: 0.5000
Epoch 170, Loss: 1.0583, Regularisation: 0.5583337545394897, MSE: 0.5000
Epoch 180, Loss: 1.0519, Regularisation: 0.5519130229949951, MSE: 0.5000
Epoch 190, Loss: 1.0508, Regularisation: 0.5507656335830688, MSE: 0.5000
2025-06-13 07:11:43,416 - INFO - Model saved to models/hetero_gnn_model.pth
Epoch 0, Loss: 4.624083042144775, Accuracy: 17.08%
Epoch 10, Loss: 2.3849995136260986, Accuracy: 17.08%
Epoch 20, Loss: 2.241408109664917, Accuracy: 19.58%
Epoch 30, Loss: 2.2933108806610107, Accuracy: 18.75%
Epoch 40, Loss: 2.266162157058716, Accuracy: 20.83%
Epoch 50, Loss: 2.261611223220825, Accuracy: 20.00%
Epoch 60, Loss: 2.2615315914154053, Accuracy: 20.00%
Epoch 70, Loss: 2.2615203857421875, Accuracy: 20.00%
Epoch 80, Loss: 2.261507987976074, Accuracy: 20.00%
Epoch 90, Loss: 2.2614946365356445, Accuracy: 20.00%
Epoch 100, Loss: 2.2614805698394775, Accuracy: 20.00%
Epoch 110, Loss: 2.2614660263061523, Accuracy: 20.00%
Epoch 120, Loss: 2.261451482772827, Accuracy: 20.00%
Epoch 130, Loss: 2.2614362239837646, Accuracy: 20.00%
Epoch 140, Loss: 2.261420488357544, Accuracy: 20.00%
2025-06-13 07:12:08,461 - INFO - Model saved to models/hetero_gnn_edge_regressor.pth
Epoch 0, Loss: 1.6237, Regularisation: 1.2022264003753662, MSE: 0.4215
Epoch 10, Loss: 1.4348, Regularisation: 0.9347575902938843, MSE: 0.5000
Epoch 20, Loss: 1.4175, Regularisation: 0.9175216555595398, MSE: 0.5000
Epoch 30, Loss: 1.3847, Regularisation: 0.8846628069877625, MSE: 0.5000
Epoch 40, Loss: 1.2529, Regularisation: 0.7529362440109253, MSE: 0.5000
Epoch 50, Loss: 1.2281, Regularisation: 0.7280757427215576, MSE: 0.5000
Epoch 60, Loss: 1.2228, Regularisation: 0.7227909564971924, MSE: 0.5000
Epoch 70, Loss: 1.2202, Regularisation: 0.7202165126800537, MSE: 0.5000
Epoch 80, Loss: 1.2188, Regularisation: 0.7188065648078918, MSE: 0.5000
Epoch 90, Loss: 1.2177, Regularisation: 0.7177349328994751, MSE: 0.5000
Epoch 100, Loss: 1.2169, Regularisation: 0.7168840169906616, MSE: 0.5000
Epoch 110, Loss: 1.2160, Regularisation: 0.7160186767578125, MSE: 0.5000
Epoch 120, Loss: 1.2151, Regularisation: 0.7150803208351135, MSE: 0.5000
Epoch 130, Loss: 1.2143, Regularisation: 0.7142787575721741, MSE: 0.5000
Epoch 140, Loss: 1.2137, Regularisation: 0.7136503458023071, MSE: 0.5000
Epoch 150, Loss: 1.2130, Regularisation: 0.7130321264266968, MSE: 0.5000
Epoch 160, Loss: 1.2125, Regularisation: 0.7125430703163147, MSE: 0.5000
Epoch 170, Loss: 1.2121, Regularisation: 0.712059736251831, MSE: 0.5000
Epoch 180, Loss: 1.2116, Regularisation: 0.7115706205368042, MSE: 0.5000
Epoch 190, Loss: 1.2111, Regularisation: 0.7110622525215149, MSE: 0.5000
2025-06-13 07:13:22,020 - INFO - Model saved to models/hetero_gnn_model.pth
Epoch 0, Loss: 10.753334999084473, Accuracy: 16.67%
Epoch 10, Loss: 2.817206859588623, Accuracy: 15.83%
Epoch 20, Loss: 2.737156629562378, Accuracy: 14.58%
Epoch 30, Loss: 2.7326347827911377, Accuracy: 14.58%
Epoch 40, Loss: 2.732510566711426, Accuracy: 14.58%
Epoch 50, Loss: 2.732478141784668, Accuracy: 14.58%
Epoch 60, Loss: 2.732443332672119, Accuracy: 14.58%
Epoch 70, Loss: 2.7324070930480957, Accuracy: 14.58%
Epoch 80, Loss: 2.7323696613311768, Accuracy: 14.58%
Epoch 90, Loss: 2.7323310375213623, Accuracy: 14.58%
Epoch 100, Loss: 2.732290267944336, Accuracy: 14.58%
Epoch 110, Loss: 2.732247829437256, Accuracy: 14.58%
Epoch 120, Loss: 2.7322041988372803, Accuracy: 14.58%
Epoch 130, Loss: 2.7321596145629883, Accuracy: 14.58%
Epoch 140, Loss: 2.732113838195801, Accuracy: 14.58%
2025-06-13 07:13:42,306 - INFO - Model saved to models/hetero_gnn_edge_regressor.pth
Epoch 0, Loss: 1.5972, Regularisation: 1.1180927753448486, MSE: 0.4791
Epoch 10, Loss: 1.3652, Regularisation: 0.8652076125144958, MSE: 0.5000
Epoch 20, Loss: 1.1920, Regularisation: 0.6920416355133057, MSE: 0.5000
Epoch 30, Loss: 1.1724, Regularisation: 0.6724390387535095, MSE: 0.5000
Epoch 40, Loss: 1.1692, Regularisation: 0.6692332029342651, MSE: 0.5000
Epoch 50, Loss: 1.1690, Regularisation: 0.6689642667770386, MSE: 0.5000
Epoch 60, Loss: 1.1690, Regularisation: 0.6689584255218506, MSE: 0.5000
Epoch 70, Loss: 1.1690, Regularisation: 0.668958306312561, MSE: 0.5000
Epoch 80, Loss: 1.1690, Regularisation: 0.6689581871032715, MSE: 0.5000
Epoch 90, Loss: 1.1690, Regularisation: 0.6689580678939819, MSE: 0.5000
Epoch 100, Loss: 1.1690, Regularisation: 0.6689579486846924, MSE: 0.5000
Epoch 110, Loss: 1.1690, Regularisation: 0.6689578294754028, MSE: 0.5000
Epoch 120, Loss: 1.1690, Regularisation: 0.6689577698707581, MSE: 0.5000
Epoch 130, Loss: 1.1690, Regularisation: 0.6689575910568237, MSE: 0.5000
Epoch 140, Loss: 1.1690, Regularisation: 0.6689574122428894, MSE: 0.5000
Epoch 150, Loss: 1.1690, Regularisation: 0.6689573526382446, MSE: 0.5000
Epoch 160, Loss: 1.1690, Regularisation: 0.6689572334289551, MSE: 0.5000
Epoch 170, Loss: 1.1690, Regularisation: 0.6689570546150208, MSE: 0.5000
Epoch 180, Loss: 1.1690, Regularisation: 0.6689569354057312, MSE: 0.5000
Epoch 190, Loss: 1.1690, Regularisation: 0.6689567565917969, MSE: 0.5000
2025-06-13 07:15:22,094 - INFO - Model saved to models/hetero_gnn_model.pth
Epoch 0, Loss: 8.443400382995605, Accuracy: 16.25%
Epoch 10, Loss: 2.5969252586364746, Accuracy: 17.08%
Epoch 20, Loss: 2.3740780353546143, Accuracy: 15.42%
Epoch 30, Loss: 2.3476107120513916, Accuracy: 17.08%
Epoch 40, Loss: 2.3468167781829834, Accuracy: 17.08%
Epoch 50, Loss: 2.3467977046966553, Accuracy: 17.08%
Epoch 60, Loss: 2.3467934131622314, Accuracy: 17.08%
Epoch 70, Loss: 2.3467888832092285, Accuracy: 17.08%
Epoch 80, Loss: 2.3467845916748047, Accuracy: 17.08%
Epoch 90, Loss: 2.3467798233032227, Accuracy: 17.08%
Epoch 100, Loss: 2.3467750549316406, Accuracy: 17.08%
Epoch 110, Loss: 2.3467702865600586, Accuracy: 17.08%
Epoch 120, Loss: 2.3467648029327393, Accuracy: 17.08%
Epoch 130, Loss: 2.3467600345611572, Accuracy: 17.08%
Epoch 140, Loss: 2.346755027770996, Accuracy: 17.08%
2025-06-13 07:15:40,116 - INFO - Model saved to models/hetero_gnn_edge_regressor.pth
Epoch 0, Loss: 1.6242, Regularisation: 1.129215121269226, MSE: 0.4950
Epoch 10, Loss: 1.2714, Regularisation: 0.7713527083396912, MSE: 0.5000
Epoch 20, Loss: 1.2187, Regularisation: 0.7187291383743286, MSE: 0.5000
Epoch 30, Loss: 1.2129, Regularisation: 0.7129268050193787, MSE: 0.5000
Epoch 40, Loss: 1.2116, Regularisation: 0.7115916013717651, MSE: 0.5000
Epoch 50, Loss: 1.2103, Regularisation: 0.7102535963058472, MSE: 0.5000
Epoch 60, Loss: 1.2090, Regularisation: 0.7089982628822327, MSE: 0.5000
Epoch 70, Loss: 1.2078, Regularisation: 0.7078086137771606, MSE: 0.5000
Epoch 80, Loss: 1.2067, Regularisation: 0.7066884636878967, MSE: 0.5000
Epoch 90, Loss: 1.2056, Regularisation: 0.7056461572647095, MSE: 0.5000
Epoch 100, Loss: 1.2047, Regularisation: 0.7046841979026794, MSE: 0.5000
Epoch 110, Loss: 1.2038, Regularisation: 0.7038109302520752, MSE: 0.5000
Epoch 120, Loss: 1.2030, Regularisation: 0.7030148506164551, MSE: 0.5000
Epoch 130, Loss: 1.2023, Regularisation: 0.7022894620895386, MSE: 0.5000
Epoch 140, Loss: 1.2016, Regularisation: 0.7016004920005798, MSE: 0.5000
Epoch 150, Loss: 1.2010, Regularisation: 0.700951099395752, MSE: 0.5000
Epoch 160, Loss: 1.2003, Regularisation: 0.7003469467163086, MSE: 0.5000
Epoch 170, Loss: 1.1998, Regularisation: 0.6997804641723633, MSE: 0.5000
Epoch 180, Loss: 1.1993, Regularisation: 0.6992568373680115, MSE: 0.5000
Epoch 190, Loss: 1.1988, Regularisation: 0.6987666487693787, MSE: 0.5000
