2025-05-23 16:53:45,638 - INFO - Model saved to models/hetero_gnn_model.pth
Epoch 0, Loss: 16.698213577270508, Accuracy: 10.42%
Epoch 10, Loss: 7.734829425811768, Accuracy: 11.25%
Epoch 20, Loss: 4.445155143737793, Accuracy: 12.92%
Epoch 30, Loss: 2.837287664413452, Accuracy: 22.92%
Epoch 40, Loss: 2.49360728263855, Accuracy: 30.83%
Epoch 50, Loss: 2.190040111541748, Accuracy: 43.33%
Epoch 60, Loss: 1.9693187475204468, Accuracy: 50.42%
Epoch 70, Loss: 1.7973276376724243, Accuracy: 56.67%
Epoch 80, Loss: 1.6354135274887085, Accuracy: 58.75%
Epoch 90, Loss: 1.507967233657837, Accuracy: 67.50%
2025-05-23 17:05:19,546 - INFO - Model saved to models/hetero_gnn_model.pth
Epoch 0, Loss: 21.908641815185547, Accuracy: 9.58%
Epoch 10, Loss: 8.968600273132324, Accuracy: 11.67%
Epoch 20, Loss: 4.23539400100708, Accuracy: 10.83%
Epoch 30, Loss: 3.387434959411621, Accuracy: 17.50%
Epoch 40, Loss: 2.6341302394866943, Accuracy: 22.50%
Epoch 50, Loss: 2.5474557876586914, Accuracy: 13.33%
Epoch 60, Loss: 2.5146336555480957, Accuracy: 13.75%
Epoch 70, Loss: 2.5124659538269043, Accuracy: 13.75%
Epoch 80, Loss: 2.512376070022583, Accuracy: 13.75%
Epoch 90, Loss: 2.5122766494750977, Accuracy: 13.75%
  File "/home/yannick/Documents/Acoustic_Linguistic_GNN/gnn_heto_link_pred_model.py", line 44
    return predicted_probs
    ^^^^^^^^^^^^^^^^^^^^^^
SyntaxError: 'return' outside function
2025-05-23 17:05:42,385 - INFO - Model saved to models/hetero_gnn_model.pth
Epoch 0, Loss: 9.322428703308105, Accuracy: 9.58%
Epoch 10, Loss: 5.49003267288208, Accuracy: 10.42%
Epoch 20, Loss: 4.672966480255127, Accuracy: 11.67%
Epoch 30, Loss: 4.596768379211426, Accuracy: 12.08%
Epoch 40, Loss: 4.592925071716309, Accuracy: 12.08%
Epoch 50, Loss: 4.5927629470825195, Accuracy: 12.08%
Epoch 60, Loss: 4.592588424682617, Accuracy: 12.08%
Epoch 70, Loss: 4.592405319213867, Accuracy: 12.08%
Epoch 80, Loss: 4.592214584350586, Accuracy: 12.08%
Epoch 90, Loss: 4.592015743255615, Accuracy: 12.08%
  File "/home/yannick/Documents/Acoustic_Linguistic_GNN/gnn_heto_link_pred_model.py", line 44
    return predicted_probs
    ^^^^^^^^^^^^^^^^^^^^^^
SyntaxError: 'return' outside function
Epoch 0, Loss: 7.881669044494629, Accuracy: 8.33%
Epoch 10, Loss: 14.750093460083008, Accuracy: 10.83%
Epoch 20, Loss: 11.391555786132812, Accuracy: 10.83%
Epoch 30, Loss: 11.284375190734863, Accuracy: 10.83%
Epoch 40, Loss: 11.280106544494629, Accuracy: 10.83%
Epoch 50, Loss: 11.27774715423584, Accuracy: 10.83%
Epoch 60, Loss: 11.275333404541016, Accuracy: 10.83%
Epoch 70, Loss: 11.272884368896484, Accuracy: 10.83%
Epoch 80, Loss: 11.270415306091309, Accuracy: 10.83%
Epoch 90, Loss: 11.267931938171387, Accuracy: 10.83%
Traceback (most recent call last):
  File "/home/yannick/Documents/Acoustic_Linguistic_GNN/gnn_heto_model.py", line 126, in <module>
    main(args.input_folder, args.graph_file, int(args.epochs), float(args.lamb))
  File "/home/yannick/Documents/Acoustic_Linguistic_GNN/gnn_heto_model.py", line 107, in main
    model = train_with_topological_loss_cross_loss(
  File "/home/yannick/Documents/Acoustic_Linguistic_GNN/gnn_heto_model.py", line 60, in train_with_topological_loss_cross_loss
    logits, embeddings = model(g, features)
  File "/home/yannick/.local/lib/python3.10/site-packages/torch/nn/modules/module.py", line 1511, in _wrapped_call_impl
    return self._call_impl(*args, **kwargs)
  File "/home/yannick/.local/lib/python3.10/site-packages/torch/nn/modules/module.py", line 1520, in _call_impl
    return forward_call(*args, **kwargs)
  File "/home/yannick/Documents/Acoustic_Linguistic_GNN/gnn_heto_model.py", line 37, in forward
    h = self.conv1(g, inputs, mod_kwargs={k: {'edge_weight': v} for k, v in edge_weights.items()})
  File "/home/yannick/.local/lib/python3.10/site-packages/torch/nn/modules/module.py", line 1511, in _wrapped_call_impl
    return self._call_impl(*args, **kwargs)
  File "/home/yannick/.local/lib/python3.10/site-packages/torch/nn/modules/module.py", line 1520, in _call_impl
    return forward_call(*args, **kwargs)
  File "/home/yannick/.local/lib/python3.10/site-packages/dgl/nn/pytorch/hetero.py", line 210, in forward
    dstdata = self._get_module((stype, etype, dtype))(
  File "/home/yannick/.local/lib/python3.10/site-packages/torch/nn/modules/module.py", line 1511, in _wrapped_call_impl
    return self._call_impl(*args, **kwargs)
  File "/home/yannick/.local/lib/python3.10/site-packages/torch/nn/modules/module.py", line 1520, in _call_impl
    return forward_call(*args, **kwargs)
  File "/home/yannick/.local/lib/python3.10/site-packages/dgl/nn/pytorch/conv/sageconv.py", line 237, in forward
    graph.update_all(msg_fn, fn.mean("m", "neigh"))
  File "/home/yannick/.local/lib/python3.10/site-packages/dgl/heterograph.py", line 5110, in update_all
    ndata = core.message_passing(
  File "/home/yannick/.local/lib/python3.10/site-packages/dgl/core.py", line 398, in message_passing
    ndata = invoke_gspmm(g, mfunc, rfunc)
  File "/home/yannick/.local/lib/python3.10/site-packages/dgl/core.py", line 359, in invoke_gspmm
    z = op(graph, x, y)
  File "/home/yannick/.local/lib/python3.10/site-packages/dgl/ops/spmm.py", line 173, in func
    return gspmm(g, binary_op, reduce_op, x, y)
  File "/home/yannick/.local/lib/python3.10/site-packages/dgl/ops/spmm.py", line 79, in gspmm
    ret = gspmm_internal(
  File "/home/yannick/.local/lib/python3.10/site-packages/dgl/backend/pytorch/sparse.py", line 1032, in gspmm
    return GSpMM.apply(*args)
  File "/home/yannick/.local/lib/python3.10/site-packages/torch/autograd/function.py", line 553, in apply
    return super().apply(*args, **kwargs)  # type: ignore[misc]
  File "/home/yannick/.local/lib/python3.10/site-packages/dgl/backend/pytorch/sparse.py", line 165, in forward
    out, (argX, argY) = _gspmm(gidx, op, reduce_op, X, Y)
  File "/home/yannick/.local/lib/python3.10/site-packages/dgl/_sparse_ops.py", line 239, in _gspmm
    _CAPI_DGLKernelSpMM(
KeyboardInterrupt
2025-05-23 17:10:06,174 - INFO - Model saved to models/hetero_gnn_model.pth
Epoch 0, Loss: 8.378649711608887, Accuracy: 12.08%
Epoch 10, Loss: 5.773963928222656, Accuracy: 12.08%
Epoch 20, Loss: 2.9173216819763184, Accuracy: 10.42%
Epoch 30, Loss: 2.746962785720825, Accuracy: 13.75%
Epoch 40, Loss: 2.678119659423828, Accuracy: 13.75%
Epoch 50, Loss: 2.6257879734039307, Accuracy: 13.75%
Epoch 60, Loss: 2.5878360271453857, Accuracy: 17.92%
Epoch 70, Loss: 2.5613644123077393, Accuracy: 18.33%
Epoch 80, Loss: 2.5347752571105957, Accuracy: 22.08%
Epoch 90, Loss: 2.5092506408691406, Accuracy: 21.67%
  File "/home/yannick/Documents/Acoustic_Linguistic_GNN/gnn_heto_link_pred_model.py", line 44
    return predicted_probs
    ^^^^^^^^^^^^^^^^^^^^^^
SyntaxError: 'return' outside function
2025-05-23 17:10:27,733 - INFO - Model saved to models/hetero_gnn_model.pth
Epoch 0, Loss: 26.506114959716797, Accuracy: 7.92%
Epoch 10, Loss: 7.597209930419922, Accuracy: 9.58%
Epoch 20, Loss: 3.8182785511016846, Accuracy: 19.58%
Epoch 30, Loss: 2.8674325942993164, Accuracy: 19.17%
Epoch 40, Loss: 2.543365716934204, Accuracy: 27.08%
Epoch 50, Loss: 2.3074052333831787, Accuracy: 42.08%
Epoch 60, Loss: 2.1470704078674316, Accuracy: 47.50%
Epoch 70, Loss: 1.9702763557434082, Accuracy: 55.00%
Epoch 80, Loss: 1.7911747694015503, Accuracy: 58.75%
Epoch 90, Loss: 1.6627247333526611, Accuracy: 65.00%
  File "/home/yannick/Documents/Acoustic_Linguistic_GNN/gnn_heto_link_pred_model.py", line 44
    return predicted_probs
    ^^^^^^^^^^^^^^^^^^^^^^
SyntaxError: 'return' outside function
2025-05-23 17:13:05,100 - INFO - Model saved to models/hetero_gnn_model.pth
Epoch 0, Loss: 24.122055053710938, Accuracy: 9.58%
Epoch 10, Loss: 8.32974624633789, Accuracy: 10.42%
Epoch 20, Loss: 3.0563931465148926, Accuracy: 15.00%
Epoch 30, Loss: 2.573624849319458, Accuracy: 12.50%
Epoch 40, Loss: 2.386716365814209, Accuracy: 28.75%
Epoch 50, Loss: 2.3071298599243164, Accuracy: 38.75%
Epoch 60, Loss: 2.130558490753174, Accuracy: 46.25%
Epoch 70, Loss: 2.0209951400756836, Accuracy: 52.08%
Epoch 80, Loss: 1.918844223022461, Accuracy: 57.50%
Epoch 90, Loss: 1.8178174495697021, Accuracy: 62.92%
Traceback (most recent call last):
  File "/home/yannick/Documents/Acoustic_Linguistic_GNN/gnn_heto_link_pred_model.py", line 150, in <module>
    parser = argparse.ArgumentParser()
NameError: name 'argparse' is not defined
2025-05-23 17:16:39,894 - INFO - Model saved to models/hetero_gnn_model.pth
Epoch 0, Loss: 10.8121976852417, Accuracy: 9.58%
Epoch 10, Loss: 3.776841163635254, Accuracy: 10.00%
Epoch 20, Loss: 2.8096818923950195, Accuracy: 11.25%
Epoch 30, Loss: 2.70015811920166, Accuracy: 14.58%
Epoch 40, Loss: 2.6820931434631348, Accuracy: 11.25%
Epoch 50, Loss: 2.6793341636657715, Accuracy: 11.67%
Epoch 60, Loss: 2.6792852878570557, Accuracy: 11.67%
Epoch 70, Loss: 2.6792750358581543, Accuracy: 11.67%
Epoch 80, Loss: 2.6792664527893066, Accuracy: 11.67%
Epoch 90, Loss: 2.67925763130188, Accuracy: 11.67%
Traceback (most recent call last):
  File "/home/yannick/Documents/Acoustic_Linguistic_GNN/gnn_heto_link_pred_model.py", line 167, in <module>
    main(args.input_folder, args.graph_file, int(args.epochs), float(args.lamb))
  File "/home/yannick/Documents/Acoustic_Linguistic_GNN/gnn_heto_link_pred_model.py", line 118, in main
    src_neg, dst_neg = generate_negative_edges(hetero_graph, num_samples=len(src_pos))
NameError: name 'generate_negative_edges' is not defined
2025-05-23 17:22:31,246 - INFO - Model saved to models/hetero_gnn_model.pth
Epoch 0, Loss: 15.380660057067871, Accuracy: 10.00%
Epoch 10, Loss: 6.462244033813477, Accuracy: 10.83%
Epoch 20, Loss: 3.4898147583007812, Accuracy: 11.67%
Epoch 30, Loss: 2.7274954319000244, Accuracy: 15.00%
Epoch 40, Loss: 2.6192948818206787, Accuracy: 28.33%
Epoch 50, Loss: 2.5306317806243896, Accuracy: 26.67%
Epoch 60, Loss: 2.5021262168884277, Accuracy: 30.00%
Epoch 70, Loss: 2.4795520305633545, Accuracy: 30.00%
Epoch 80, Loss: 2.4587016105651855, Accuracy: 31.67%
Epoch 90, Loss: 2.441739082336426, Accuracy: 35.00%
Traceback (most recent call last):
  File "/home/yannick/Documents/Acoustic_Linguistic_GNN/gnn_heto_link_pred_model.py", line 167, in <module>
    main(args.input_folder, args.graph_file, int(args.epochs), float(args.lamb))
  File "/home/yannick/Documents/Acoustic_Linguistic_GNN/gnn_heto_link_pred_model.py", line 118, in main
    src_neg, dst_neg = generate_negative_edges(hetero_graph, num_samples=len(src_pos))
NameError: name 'generate_negative_edges' is not defined
2025-05-23 17:23:01,190 - INFO - Model saved to models/hetero_gnn_model.pth
Epoch 0, Loss: 26.186237335205078, Accuracy: 10.42%
Epoch 10, Loss: 10.0808687210083, Accuracy: 10.00%
Epoch 20, Loss: 3.576738119125366, Accuracy: 11.25%
Epoch 30, Loss: 2.903636932373047, Accuracy: 17.92%
Epoch 40, Loss: 2.53456449508667, Accuracy: 20.00%
Epoch 50, Loss: 2.379129648208618, Accuracy: 24.58%
Epoch 60, Loss: 2.257807731628418, Accuracy: 34.17%
Epoch 70, Loss: 2.166128158569336, Accuracy: 37.92%
Epoch 80, Loss: 2.058337450027466, Accuracy: 46.25%
Epoch 90, Loss: 1.967994213104248, Accuracy: 48.75%
Traceback (most recent call last):
  File "/home/yannick/Documents/Acoustic_Linguistic_GNN/gnn_heto_link_pred_model.py", line 167, in <module>
    main(args.input_folder, args.graph_file, int(args.epochs), float(args.lamb))
  File "/home/yannick/Documents/Acoustic_Linguistic_GNN/gnn_heto_link_pred_model.py", line 118, in main
    src_neg, dst_neg = generate_negative_edges(hetero_graph, num_samples=len(src_pos))
NameError: name 'generate_negative_edges' is not defined
2025-05-23 17:29:09,907 - INFO - Model saved to models/hetero_gnn_model.pth
Epoch 0, Loss: 9.922261238098145, Accuracy: 10.00%
Epoch 10, Loss: 2.8501734733581543, Accuracy: 12.92%
Epoch 20, Loss: 2.7128729820251465, Accuracy: 10.83%
Epoch 30, Loss: 2.687342405319214, Accuracy: 6.67%
Epoch 40, Loss: 2.6859078407287598, Accuracy: 5.42%
Epoch 50, Loss: 2.685906410217285, Accuracy: 5.42%
Epoch 60, Loss: 2.685906171798706, Accuracy: 5.42%
Epoch 70, Loss: 2.685906171798706, Accuracy: 5.42%
Epoch 80, Loss: 2.685905933380127, Accuracy: 5.42%
Epoch 90, Loss: 2.6859054565429688, Accuracy: 5.42%
Traceback (most recent call last):
  File "/home/yannick/Documents/Acoustic_Linguistic_GNN/gnn_heto_link_pred_model.py", line 183, in <module>
    main(args.input_folder, args.graph_file, int(args.epochs), float(args.lamb))
  File "/home/yannick/Documents/Acoustic_Linguistic_GNN/gnn_heto_link_pred_model.py", line 163, in main
    model = train_edge_regression(
NameError: name 'train_edge_regression' is not defined
2025-05-23 17:29:42,768 - INFO - Model saved to models/hetero_gnn_model.pth
Epoch 0, Loss: 19.646038055419922, Accuracy: 9.58%
Epoch 10, Loss: 7.893710613250732, Accuracy: 8.75%
Epoch 20, Loss: 4.1429877281188965, Accuracy: 10.42%
Epoch 30, Loss: 2.6818599700927734, Accuracy: 20.83%
Epoch 40, Loss: 2.429828405380249, Accuracy: 30.00%
Epoch 50, Loss: 2.285550117492676, Accuracy: 40.00%
Epoch 60, Loss: 2.1760201454162598, Accuracy: 45.00%
Epoch 70, Loss: 2.0496442317962646, Accuracy: 50.83%
Epoch 80, Loss: 1.9370858669281006, Accuracy: 53.75%
Epoch 90, Loss: 1.8238050937652588, Accuracy: 59.58%
Traceback (most recent call last):
  File "/home/yannick/Documents/Acoustic_Linguistic_GNN/gnn_heto_link_pred_model.py", line 183, in <module>
    main(args.input_folder, args.graph_file, int(args.epochs), float(args.lamb))
  File "/home/yannick/Documents/Acoustic_Linguistic_GNN/gnn_heto_link_pred_model.py", line 163, in main
    model = train_edge_regression(
NameError: name 'train_edge_regression' is not defined
2025-05-23 17:30:33,893 - INFO - Model saved to models/hetero_gnn_model.pth
Epoch 0, Loss: 12.569658279418945, Accuracy: 10.42%
Epoch 10, Loss: 7.995609760284424, Accuracy: 10.42%
Epoch 20, Loss: 2.800715923309326, Accuracy: 11.25%
Epoch 30, Loss: 2.648284912109375, Accuracy: 8.75%
Epoch 40, Loss: 2.64638614654541, Accuracy: 7.92%
Epoch 50, Loss: 2.6400957107543945, Accuracy: 8.75%
Epoch 60, Loss: 2.639955759048462, Accuracy: 8.75%
Epoch 70, Loss: 2.639925956726074, Accuracy: 8.75%
Epoch 80, Loss: 2.6398932933807373, Accuracy: 8.75%
Epoch 90, Loss: 2.6398580074310303, Accuracy: 8.75%
Traceback (most recent call last):
  File "/home/yannick/Documents/Acoustic_Linguistic_GNN/gnn_heto_link_pred_model.py", line 183, in <module>
    main(args.input_folder, args.graph_file, int(args.epochs), float(args.lamb))
  File "/home/yannick/Documents/Acoustic_Linguistic_GNN/gnn_heto_link_pred_model.py", line 163, in main
    model = train_edge_regression(
NameError: name 'train_edge_regression' is not defined
2025-05-23 17:31:14,939 - INFO - Model saved to models/hetero_gnn_model.pth
Epoch 0, Loss: 18.474353790283203, Accuracy: 9.58%
Epoch 10, Loss: 9.16242504119873, Accuracy: 10.42%
Epoch 20, Loss: 4.1540093421936035, Accuracy: 11.25%
Epoch 30, Loss: 3.3522419929504395, Accuracy: 14.58%
Epoch 40, Loss: 2.7474522590637207, Accuracy: 15.83%
Epoch 50, Loss: 2.4685633182525635, Accuracy: 22.08%
Epoch 60, Loss: 2.3969345092773438, Accuracy: 26.25%
Epoch 70, Loss: 2.31715989112854, Accuracy: 31.25%
Epoch 80, Loss: 2.247424364089966, Accuracy: 38.33%
Epoch 90, Loss: 2.175849199295044, Accuracy: 44.58%
Traceback (most recent call last):
  File "/home/yannick/Documents/Acoustic_Linguistic_GNN/gnn_heto_link_pred_model.py", line 183, in <module>
    main(args.input_folder, args.graph_file, int(args.epochs), float(args.lamb))
  File "/home/yannick/Documents/Acoustic_Linguistic_GNN/gnn_heto_link_pred_model.py", line 163, in main
    model = train_edge_regression(
NameError: name 'train_edge_regression' is not defined
2025-05-23 17:32:36,263 - INFO - Model saved to models/hetero_gnn_model.pth
Epoch 0, Loss: 9.409297943115234, Accuracy: 10.42%
Epoch 10, Loss: 6.497854232788086, Accuracy: 9.17%
Epoch 20, Loss: 3.2197000980377197, Accuracy: 11.25%
Epoch 30, Loss: 2.720231056213379, Accuracy: 17.92%
Epoch 40, Loss: 2.471491813659668, Accuracy: 25.83%
Epoch 50, Loss: 2.239118814468384, Accuracy: 30.42%
Epoch 60, Loss: 2.092885971069336, Accuracy: 46.25%
Epoch 70, Loss: 1.9495289325714111, Accuracy: 59.17%
Epoch 80, Loss: 1.8254562616348267, Accuracy: 63.75%
Epoch 90, Loss: 1.708817720413208, Accuracy: 66.25%
Traceback (most recent call last):
  File "/home/yannick/Documents/Acoustic_Linguistic_GNN/gnn_heto_link_pred_model.py", line 183, in <module>
    main(args.input_folder, args.graph_file, int(args.epochs), float(args.lamb))
  File "/home/yannick/Documents/Acoustic_Linguistic_GNN/gnn_heto_link_pred_model.py", line 163, in main
    model = train_edge_regression(
NameError: name 'train_edge_regression' is not defined
2025-05-23 17:33:08,389 - INFO - Model saved to models/hetero_gnn_model.pth
Epoch 0, Loss: 15.184768676757812, Accuracy: 9.58%
Epoch 10, Loss: 3.1281075477600098, Accuracy: 9.58%
Epoch 20, Loss: 2.8504340648651123, Accuracy: 9.17%
Epoch 30, Loss: 2.8497977256774902, Accuracy: 9.17%
Epoch 40, Loss: 2.849766492843628, Accuracy: 9.17%
Epoch 50, Loss: 2.849766731262207, Accuracy: 9.17%
Epoch 60, Loss: 2.849766492843628, Accuracy: 9.17%
Epoch 70, Loss: 2.849766254425049, Accuracy: 9.17%
Epoch 80, Loss: 2.849766254425049, Accuracy: 9.17%
Epoch 90, Loss: 2.849766254425049, Accuracy: 9.17%
Traceback (most recent call last):
  File "/home/yannick/Documents/Acoustic_Linguistic_GNN/gnn_heto_link_pred_model.py", line 183, in <module>
    main(args.input_folder, args.graph_file, int(args.epochs), float(args.lamb))
  File "/home/yannick/Documents/Acoustic_Linguistic_GNN/gnn_heto_link_pred_model.py", line 163, in main
    model = train_edge_regression(
NameError: name 'train_edge_regression' is not defined
2025-05-23 17:33:44,528 - INFO - Model saved to models/hetero_gnn_model.pth
Epoch 0, Loss: 18.116037368774414, Accuracy: 10.00%
Epoch 10, Loss: 8.649505615234375, Accuracy: 10.42%
Epoch 20, Loss: 7.114169597625732, Accuracy: 12.92%
Epoch 30, Loss: 6.987414360046387, Accuracy: 13.75%
Epoch 40, Loss: 6.984391212463379, Accuracy: 13.75%
Epoch 50, Loss: 6.9836530685424805, Accuracy: 13.75%
Epoch 60, Loss: 6.982879638671875, Accuracy: 13.75%
Epoch 70, Loss: 6.982076644897461, Accuracy: 13.75%
Epoch 80, Loss: 6.981250286102295, Accuracy: 13.75%
Epoch 90, Loss: 6.980411529541016, Accuracy: 13.75%
Traceback (most recent call last):
  File "/home/yannick/Documents/Acoustic_Linguistic_GNN/gnn_heto_link_pred_model.py", line 183, in <module>
    main(args.input_folder, args.graph_file, int(args.epochs), float(args.lamb))
  File "/home/yannick/Documents/Acoustic_Linguistic_GNN/gnn_heto_link_pred_model.py", line 163, in main
    model = train_edge_regression(
NameError: name 'train_edge_regression' is not defined
2025-05-23 17:34:17,691 - INFO - Model saved to models/hetero_gnn_model.pth
Epoch 0, Loss: 27.48187255859375, Accuracy: 10.00%
Epoch 10, Loss: 6.184979438781738, Accuracy: 10.00%
Epoch 20, Loss: 3.095911741256714, Accuracy: 13.33%
Epoch 30, Loss: 2.6760973930358887, Accuracy: 20.42%
Epoch 40, Loss: 2.5843985080718994, Accuracy: 17.50%
Epoch 50, Loss: 2.5014562606811523, Accuracy: 23.33%
Epoch 60, Loss: 2.4633569717407227, Accuracy: 27.08%
Epoch 70, Loss: 2.4397404193878174, Accuracy: 28.33%
Epoch 80, Loss: 2.410399913787842, Accuracy: 22.08%
Epoch 90, Loss: 2.3954918384552, Accuracy: 24.58%
Traceback (most recent call last):
  File "/home/yannick/Documents/Acoustic_Linguistic_GNN/gnn_heto_link_pred_model.py", line 183, in <module>
    main(args.input_folder, args.graph_file, int(args.epochs), float(args.lamb))
  File "/home/yannick/Documents/Acoustic_Linguistic_GNN/gnn_heto_link_pred_model.py", line 163, in main
    model = train_edge_regression(
NameError: name 'train_edge_regression' is not defined
2025-05-23 17:35:31,207 - INFO - Model saved to models/hetero_gnn_model.pth
Epoch 0, Loss: 22.126773834228516, Accuracy: 10.00%
Epoch 10, Loss: 2.9315552711486816, Accuracy: 8.75%
Epoch 20, Loss: 2.899116277694702, Accuracy: 10.00%
Epoch 30, Loss: 2.8989601135253906, Accuracy: 10.00%
Epoch 40, Loss: 2.8989510536193848, Accuracy: 10.00%
Epoch 50, Loss: 2.8989510536193848, Accuracy: 10.00%
Epoch 60, Loss: 2.8989508152008057, Accuracy: 10.00%
Epoch 70, Loss: 2.8989505767822266, Accuracy: 10.00%
Epoch 80, Loss: 2.8989508152008057, Accuracy: 10.00%
Epoch 90, Loss: 2.8989505767822266, Accuracy: 10.00%
Traceback (most recent call last):
  File "/home/yannick/Documents/Acoustic_Linguistic_GNN/gnn_heto_link_pred_model.py", line 183, in <module>
    main(args.input_folder, args.graph_file, int(args.epochs), float(args.lamb))
  File "/home/yannick/Documents/Acoustic_Linguistic_GNN/gnn_heto_link_pred_model.py", line 163, in main
    model = train_edge_regression(
NameError: name 'train_edge_regression' is not defined
2025-05-23 17:40:55,154 - INFO - Model saved to models/hetero_gnn_model.pth
Epoch 0, Loss: 37.52342987060547, Accuracy: 9.58%
Epoch 10, Loss: 10.07943058013916, Accuracy: 9.58%
Epoch 20, Loss: 4.363498687744141, Accuracy: 11.25%
Epoch 30, Loss: 3.249763011932373, Accuracy: 12.92%
Epoch 40, Loss: 2.597597360610962, Accuracy: 17.50%
Epoch 50, Loss: 2.3200483322143555, Accuracy: 35.00%
Epoch 60, Loss: 2.1795008182525635, Accuracy: 43.33%
Epoch 70, Loss: 2.0664288997650146, Accuracy: 46.25%
Epoch 80, Loss: 1.9471944570541382, Accuracy: 52.50%
Epoch 90, Loss: 1.8375391960144043, Accuracy: 56.67%
Traceback (most recent call last):
  File "/home/yannick/Documents/Acoustic_Linguistic_GNN/gnn_heto_link_pred_model.py", line 183, in <module>
    main(args.input_folder, args.graph_file, int(args.epochs), float(args.lamb))
  File "/home/yannick/Documents/Acoustic_Linguistic_GNN/gnn_heto_link_pred_model.py", line 163, in main
    model = train_link_prediction(
  File "/home/yannick/Documents/Acoustic_Linguistic_GNN/gnn_heto_link_pred_model.py", line 65, in train_link_prediction
    pred_probs = predict_edge_probabilities(model, embeddings['acoustic'], embeddings['word'], src, dst)
NameError: name 'predict_edge_probabilities' is not defined
2025-05-23 17:41:27,606 - INFO - Model saved to models/hetero_gnn_model.pth
Epoch 0, Loss: 9.652613639831543, Accuracy: 10.00%
Epoch 10, Loss: 10.723090171813965, Accuracy: 9.58%
Epoch 20, Loss: 6.481658458709717, Accuracy: 10.42%
Epoch 30, Loss: 4.929000377655029, Accuracy: 15.00%
Epoch 40, Loss: 3.888056755065918, Accuracy: 11.25%
Epoch 50, Loss: 3.346870183944702, Accuracy: 15.42%
Epoch 60, Loss: 2.937377452850342, Accuracy: 17.92%
Epoch 70, Loss: 2.641928195953369, Accuracy: 19.17%
Epoch 80, Loss: 2.539846420288086, Accuracy: 26.25%
Epoch 90, Loss: 2.4749526977539062, Accuracy: 22.50%
Traceback (most recent call last):
  File "/home/yannick/Documents/Acoustic_Linguistic_GNN/gnn_heto_link_pred_model.py", line 183, in <module>
    main(args.input_folder, args.graph_file, int(args.epochs), float(args.lamb))
  File "/home/yannick/Documents/Acoustic_Linguistic_GNN/gnn_heto_link_pred_model.py", line 163, in main
    model = train_link_prediction(
  File "/home/yannick/Documents/Acoustic_Linguistic_GNN/gnn_heto_link_pred_model.py", line 65, in train_link_prediction
    pred_probs = predict_edge_probabilities(model, embeddings['acoustic'], embeddings['word'], src, dst)
NameError: name 'predict_edge_probabilities' is not defined
2025-05-23 17:42:05,461 - INFO - Model saved to models/hetero_gnn_model.pth
Epoch 0, Loss: 13.131617546081543, Accuracy: 9.58%
Epoch 10, Loss: 5.3621625900268555, Accuracy: 12.08%
Epoch 20, Loss: 3.203714609146118, Accuracy: 13.75%
Epoch 30, Loss: 2.658813714981079, Accuracy: 18.33%
Epoch 40, Loss: 2.49857234954834, Accuracy: 30.00%
Epoch 50, Loss: 2.3395845890045166, Accuracy: 35.83%
Epoch 60, Loss: 2.226330280303955, Accuracy: 44.58%
Epoch 70, Loss: 2.1161656379699707, Accuracy: 47.08%
Epoch 80, Loss: 1.9973154067993164, Accuracy: 52.50%
Epoch 90, Loss: 1.8633545637130737, Accuracy: 57.92%
Traceback (most recent call last):
  File "/home/yannick/Documents/Acoustic_Linguistic_GNN/gnn_heto_link_pred_model.py", line 183, in <module>
    main(args.input_folder, args.graph_file, int(args.epochs), float(args.lamb))
  File "/home/yannick/Documents/Acoustic_Linguistic_GNN/gnn_heto_link_pred_model.py", line 163, in main
    model = train_link_prediction(
  File "/home/yannick/Documents/Acoustic_Linguistic_GNN/gnn_heto_link_pred_model.py", line 65, in train_link_prediction
    pred_probs = predict_edge_probabilities(model, embeddings['acoustic'], embeddings['word'], src, dst)
NameError: name 'predict_edge_probabilities' is not defined
2025-05-23 17:42:39,454 - INFO - Model saved to models/hetero_gnn_model.pth
Epoch 0, Loss: 11.100674629211426, Accuracy: 11.67%
Epoch 10, Loss: 4.894528865814209, Accuracy: 11.25%
Epoch 20, Loss: 3.5326087474823, Accuracy: 11.25%
Epoch 30, Loss: 2.9237687587738037, Accuracy: 11.67%
Epoch 40, Loss: 2.576334238052368, Accuracy: 17.08%
Epoch 50, Loss: 2.373272657394409, Accuracy: 28.75%
Epoch 60, Loss: 2.3138504028320312, Accuracy: 34.17%
Epoch 70, Loss: 2.208200216293335, Accuracy: 37.50%
Epoch 80, Loss: 2.1191861629486084, Accuracy: 40.42%
Epoch 90, Loss: 2.030999183654785, Accuracy: 45.00%
2025-05-23 17:43:08,015 - INFO - Model saved to models/hetero_gnn_edge_regressor.pth
Epoch 0, Loss: 40.0281, BCE Loss: 39.5456
Epoch 10, Loss: 50.4945, BCE Loss: 50.0000
Epoch 20, Loss: 50.4945, BCE Loss: 50.0000
Epoch 30, Loss: 50.4945, BCE Loss: 50.0000
Epoch 40, Loss: 50.4945, BCE Loss: 50.0000
Epoch 50, Loss: 50.4945, BCE Loss: 50.0000
Epoch 60, Loss: 50.4945, BCE Loss: 50.0000
Epoch 70, Loss: 50.4945, BCE Loss: 50.0000
Epoch 80, Loss: 50.4945, BCE Loss: 50.0000
Epoch 90, Loss: 50.4945, BCE Loss: 50.0000
2025-05-23 17:44:55,399 - INFO - Model saved to models/hetero_gnn_model.pth
Epoch 0, Loss: 45.25620651245117, Accuracy: 9.58%
Epoch 10, Loss: 6.634932994842529, Accuracy: 9.58%
Epoch 20, Loss: 3.384148120880127, Accuracy: 12.08%
Epoch 30, Loss: 2.6938607692718506, Accuracy: 14.58%
Epoch 40, Loss: 2.6173832416534424, Accuracy: 10.42%
Epoch 50, Loss: 2.614706516265869, Accuracy: 11.67%
Epoch 60, Loss: 2.6139724254608154, Accuracy: 11.25%
Epoch 70, Loss: 2.6139402389526367, Accuracy: 11.25%
Epoch 80, Loss: 2.6139302253723145, Accuracy: 11.25%
Epoch 90, Loss: 2.613919496536255, Accuracy: 11.25%
2025-05-23 17:45:22,501 - INFO - Model saved to models/hetero_gnn_edge_regressor.pth
Epoch 0, Loss: 50.4832, BCE Loss: 50.0000
Epoch 10, Loss: 50.4865, BCE Loss: 50.0000
Epoch 20, Loss: 50.4871, BCE Loss: 50.0000
Epoch 30, Loss: 50.4871, BCE Loss: 50.0000
Epoch 40, Loss: 50.4871, BCE Loss: 50.0000
Epoch 50, Loss: 50.4871, BCE Loss: 50.0000
Epoch 60, Loss: 50.4871, BCE Loss: 50.0000
Epoch 70, Loss: 50.4871, BCE Loss: 50.0000
Epoch 80, Loss: 50.4871, BCE Loss: 50.0000
Epoch 90, Loss: 50.4871, BCE Loss: 50.0000
2025-05-23 17:45:51,515 - INFO - Model saved to models/hetero_gnn_model.pth
Epoch 0, Loss: 11.345816612243652, Accuracy: 11.25%
Epoch 10, Loss: 6.59075927734375, Accuracy: 12.08%
Epoch 20, Loss: 3.619685173034668, Accuracy: 12.92%
Epoch 30, Loss: 2.5874316692352295, Accuracy: 18.33%
Epoch 40, Loss: 2.3562521934509277, Accuracy: 26.67%
Epoch 50, Loss: 2.2123162746429443, Accuracy: 36.67%
Epoch 60, Loss: 2.0400233268737793, Accuracy: 42.50%
Epoch 70, Loss: 1.9020698070526123, Accuracy: 57.92%
Epoch 80, Loss: 1.7767022848129272, Accuracy: 64.58%
Epoch 90, Loss: 1.6529035568237305, Accuracy: 70.42%
2025-05-23 17:46:21,626 - INFO - Model saved to models/hetero_gnn_edge_regressor.pth
Epoch 0, Loss: 50.4777, BCE Loss: 50.0000
Epoch 10, Loss: 50.4851, BCE Loss: 50.0000
Epoch 20, Loss: 50.4879, BCE Loss: 50.0000
Epoch 30, Loss: 50.4879, BCE Loss: 50.0000
Epoch 40, Loss: 50.4879, BCE Loss: 50.0000
Epoch 50, Loss: 50.4879, BCE Loss: 50.0000
Epoch 60, Loss: 50.4879, BCE Loss: 50.0000
Epoch 70, Loss: 50.4879, BCE Loss: 50.0000
Epoch 80, Loss: 50.4879, BCE Loss: 50.0000
Epoch 90, Loss: 50.4879, BCE Loss: 50.0000
2025-05-23 17:46:55,309 - INFO - Model saved to models/hetero_gnn_model.pth
Epoch 0, Loss: 18.344213485717773, Accuracy: 8.75%
Epoch 10, Loss: 2.7828948497772217, Accuracy: 9.58%
Epoch 20, Loss: 2.7975475788116455, Accuracy: 9.17%
Epoch 30, Loss: 2.7956433296203613, Accuracy: 9.17%
Epoch 40, Loss: 2.7947287559509277, Accuracy: 9.17%
Epoch 50, Loss: 2.7947030067443848, Accuracy: 9.17%
Epoch 60, Loss: 2.79469895362854, Accuracy: 9.17%
Epoch 70, Loss: 2.794694185256958, Accuracy: 9.17%
Epoch 80, Loss: 2.794689178466797, Accuracy: 9.17%
Epoch 90, Loss: 2.7946832180023193, Accuracy: 9.17%
2025-05-23 17:47:25,076 - INFO - Model saved to models/hetero_gnn_edge_regressor.pth
Epoch 0, Loss: 50.4826, BCE Loss: 50.0000
Epoch 10, Loss: 50.4891, BCE Loss: 50.0000
Epoch 20, Loss: 50.4894, BCE Loss: 50.0000
Epoch 30, Loss: 50.4894, BCE Loss: 50.0000
Epoch 40, Loss: 50.4894, BCE Loss: 50.0000
Epoch 50, Loss: 50.4894, BCE Loss: 50.0000
Epoch 60, Loss: 50.4894, BCE Loss: 50.0000
Epoch 70, Loss: 50.4894, BCE Loss: 50.0000
Epoch 80, Loss: 50.4894, BCE Loss: 50.0000
Epoch 90, Loss: 50.4894, BCE Loss: 50.0000
2025-05-23 17:47:55,034 - INFO - Model saved to models/hetero_gnn_model.pth
Epoch 0, Loss: 20.344179153442383, Accuracy: 10.00%
Epoch 10, Loss: 6.532527446746826, Accuracy: 10.00%
Epoch 20, Loss: 3.3241493701934814, Accuracy: 14.17%
Epoch 30, Loss: 2.7908599376678467, Accuracy: 10.83%
Epoch 40, Loss: 2.701240301132202, Accuracy: 13.75%
Epoch 50, Loss: 2.6994361877441406, Accuracy: 14.17%
Epoch 60, Loss: 2.698192834854126, Accuracy: 14.17%
Epoch 70, Loss: 2.6981658935546875, Accuracy: 14.17%
Epoch 80, Loss: 2.698162317276001, Accuracy: 14.17%
Epoch 90, Loss: 2.698158025741577, Accuracy: 14.17%
2025-05-23 17:48:22,787 - INFO - Model saved to models/hetero_gnn_edge_regressor.pth
Epoch 0, Loss: 38.9908, BCE Loss: 38.5076
Epoch 10, Loss: 50.4929, BCE Loss: 50.0000
Epoch 20, Loss: 50.4929, BCE Loss: 50.0000
Epoch 30, Loss: 50.4929, BCE Loss: 50.0000
Epoch 40, Loss: 50.4929, BCE Loss: 50.0000
Epoch 50, Loss: 50.4929, BCE Loss: 50.0000
Epoch 60, Loss: 50.4929, BCE Loss: 50.0000
Epoch 70, Loss: 50.4929, BCE Loss: 50.0000
Epoch 80, Loss: 50.4929, BCE Loss: 50.0000
Epoch 90, Loss: 50.4929, BCE Loss: 50.0000
