2025-06-10 12:13:17,170 - INFO - Model saved to models/hetero_gnn_model.pth
Epoch 0, Loss: 2.81973934173584, Accuracy: 12.50%
Epoch 10, Loss: 2.689558506011963, Accuracy: 26.25%
Epoch 20, Loss: 2.457449197769165, Accuracy: 25.00%
Epoch 30, Loss: 2.396320343017578, Accuracy: 26.25%
Epoch 40, Loss: 2.376356840133667, Accuracy: 25.00%
Epoch 50, Loss: 2.372527837753296, Accuracy: 26.25%
Epoch 60, Loss: 2.3718907833099365, Accuracy: 26.25%
Epoch 70, Loss: 2.3718771934509277, Accuracy: 26.25%
Epoch 80, Loss: 2.3718743324279785, Accuracy: 26.25%
Epoch 90, Loss: 2.371870994567871, Accuracy: 26.25%
Epoch 100, Loss: 2.3718676567077637, Accuracy: 26.25%
Epoch 110, Loss: 2.3718643188476562, Accuracy: 26.25%
Epoch 120, Loss: 2.3718607425689697, Accuracy: 26.25%
Epoch 130, Loss: 2.371857166290283, Accuracy: 26.25%
Epoch 140, Loss: 2.3718533515930176, Accuracy: 26.25%
Traceback (most recent call last):
  File "/home/yannick/Documents/Acoustic_Linguistic_GNN/gnn_heto_link_pred_model.py", line 244, in <module>
    main(args.input_folder, args.graph_file, int(args.epochs), float(args.lamb), args.dataset)
  File "/home/yannick/Documents/Acoustic_Linguistic_GNN/gnn_heto_link_pred_model.py", line 179, in main
    with open(f'phon_idx_{dataset}.pkl', 'rb') as f:
FileNotFoundError: [Errno 2] No such file or directory: 'phon_idx_mini_google_commands.pkl'
Traceback (most recent call last):
  File "/home/yannick/Documents/Acoustic_Linguistic_GNN/gnn_heto_model.py", line 165, in <module>
    main(args.input_folder, args.graph_file, int(args.epochs), float(args.lamb))
  File "/home/yannick/Documents/Acoustic_Linguistic_GNN/gnn_heto_model.py", line 113, in main
    glist, _ = dgl.load_graphs(os.path.join(input_folder, graph_file))
  File "/home/yannick/.local/lib/python3.10/site-packages/dgl/data/graph_serialize.py", line 186, in load_graphs
    check_local_file_exists(filename)
  File "/home/yannick/.local/lib/python3.10/site-packages/dgl/data/graph_serialize.py", line 40, in check_local_file_exists
    raise DGLError("File {} does not exist.".format(filename))
dgl._ffi.base.DGLError: File saved_graphs/mini_google_commands/clique/filter/fixed/phon_art/hetero_graph_-100_1_-100_100.dgl does not exist.
Traceback (most recent call last):
  File "/home/yannick/Documents/Acoustic_Linguistic_GNN/gnn_heto_link_pred_model.py", line 1, in <module>
    import dgl
  File "/home/yannick/.local/lib/python3.10/site-packages/dgl/__init__.py", line 14, in <module>
    from .backend import backend_name, load_backend  # usort: skip
  File "/home/yannick/.local/lib/python3.10/site-packages/dgl/backend/__init__.py", line 122, in <module>
    load_backend(get_preferred_backend())
  File "/home/yannick/.local/lib/python3.10/site-packages/dgl/backend/__init__.py", line 37, in load_backend
    import torch
  File "/home/yannick/.local/lib/python3.10/site-packages/torch/__init__.py", line 1829, in <module>
    from torch import export as export
  File "/home/yannick/.local/lib/python3.10/site-packages/torch/export/__init__.py", line 29, in <module>
    from torch.fx.passes.infra.pass_base import PassResult
  File "/home/yannick/.local/lib/python3.10/site-packages/torch/fx/passes/__init__.py", line 6, in <module>
    from . import reinplace
  File "/home/yannick/.local/lib/python3.10/site-packages/torch/fx/passes/reinplace.py", line 4, in <module>
    from torch._subclasses.fake_tensor import FakeTensorMode, FakeTensor
  File "/home/yannick/.local/lib/python3.10/site-packages/torch/_subclasses/__init__.py", line 3, in <module>
    from torch._subclasses.fake_tensor import (
  File "/home/yannick/.local/lib/python3.10/site-packages/torch/_subclasses/fake_tensor.py", line 43, in <module>
    log = logging.getLogger(__name__)
  File "/usr/lib/python3.10/logging/__init__.py", line 2079, in getLogger
    return Logger.manager.getLogger(name)
  File "/usr/lib/python3.10/logging/__init__.py", line 1344, in getLogger
    self._fixupParents(rv)
  File "/usr/lib/python3.10/logging/__init__.py", line 1372, in _fixupParents
    i = name.rfind(".")
KeyboardInterrupt
2025-06-10 12:19:05,368 - INFO - Model saved to models/hetero_gnn_model.pth
Epoch 0, Loss: 2.8164076805114746, Accuracy: 16.25%
Epoch 10, Loss: 2.754321575164795, Accuracy: 20.00%
Epoch 20, Loss: 2.59108304977417, Accuracy: 23.75%
Epoch 30, Loss: 2.5827581882476807, Accuracy: 23.75%
Epoch 40, Loss: 2.582490921020508, Accuracy: 23.75%
Epoch 50, Loss: 2.58248233795166, Accuracy: 23.75%
Epoch 60, Loss: 2.5824739933013916, Accuracy: 23.75%
Epoch 70, Loss: 2.582465171813965, Accuracy: 23.75%
Epoch 80, Loss: 2.58245587348938, Accuracy: 23.75%
Epoch 90, Loss: 2.5824460983276367, Accuracy: 23.75%
Epoch 100, Loss: 2.5824368000030518, Accuracy: 23.75%
Epoch 110, Loss: 2.5824270248413086, Accuracy: 23.75%
Epoch 120, Loss: 2.5824177265167236, Accuracy: 23.75%
Epoch 130, Loss: 2.5824077129364014, Accuracy: 23.75%
Epoch 140, Loss: 2.582397937774658, Accuracy: 23.75%
Traceback (most recent call last):
  File "/home/yannick/Documents/Acoustic_Linguistic_GNN/gnn_heto_link_pred_model.py", line 244, in <module>
    main(args.input_folder, args.graph_file, int(args.epochs), float(args.lamb), args.dataset)
  File "/home/yannick/Documents/Acoustic_Linguistic_GNN/gnn_heto_link_pred_model.py", line 179, in main
    with open(f'phon_idx_{dataset}.pkl', 'rb') as f:
FileNotFoundError: [Errno 2] No such file or directory: 'phon_idx_mini_google_commands.pkl'
2025-06-10 12:24:43,776 - INFO - Model saved to models/hetero_gnn_model.pth
Epoch 0, Loss: 2.8232131004333496, Accuracy: 7.50%
Epoch 10, Loss: 2.733325958251953, Accuracy: 16.25%
Epoch 20, Loss: 2.433220386505127, Accuracy: 31.25%
Epoch 30, Loss: 2.343752145767212, Accuracy: 46.25%
Epoch 40, Loss: 2.316851854324341, Accuracy: 45.00%
Epoch 50, Loss: 2.3137660026550293, Accuracy: 45.00%
Epoch 60, Loss: 2.313523530960083, Accuracy: 45.00%
Epoch 70, Loss: 2.313262701034546, Accuracy: 45.00%
Epoch 80, Loss: 2.3130128383636475, Accuracy: 45.00%
Epoch 90, Loss: 2.31278395652771, Accuracy: 45.00%
Epoch 100, Loss: 2.312574625015259, Accuracy: 45.00%
Epoch 110, Loss: 2.3123860359191895, Accuracy: 45.00%
Epoch 120, Loss: 2.312215566635132, Accuracy: 45.00%
Epoch 130, Loss: 2.312060832977295, Accuracy: 45.00%
Epoch 140, Loss: 2.311918020248413, Accuracy: 45.00%
2025-06-10 12:25:00,638 - INFO - Model saved to models/hetero_gnn_edge_regressor.pth
Epoch 0, Loss: 1.4533, Regularisation: 1.2017041444778442, MSE: 0.2516
Epoch 10, Loss: 0.9450, Regularisation: 0.6933850049972534, MSE: 0.2516
Epoch 20, Loss: 0.7402, Regularisation: 0.48828721046447754, MSE: 0.2519
Epoch 30, Loss: 0.6907, Regularisation: 0.4388428330421448, MSE: 0.2519
Epoch 40, Loss: 0.6642, Regularisation: 0.41236454248428345, MSE: 0.2518
Epoch 50, Loss: 0.6469, Regularisation: 0.39513492584228516, MSE: 0.2518
Epoch 60, Loss: 0.6352, Regularisation: 0.3834395408630371, MSE: 0.2517
Epoch 70, Loss: 0.6267, Regularisation: 0.3749491572380066, MSE: 0.2517
Epoch 80, Loss: 0.6200, Regularisation: 0.3682892322540283, MSE: 0.2517
Epoch 90, Loss: 0.6142, Regularisation: 0.36254024505615234, MSE: 0.2517
Epoch 100, Loss: 0.6091, Regularisation: 0.3574322760105133, MSE: 0.2517
Epoch 110, Loss: 0.6045, Regularisation: 0.35284802317619324, MSE: 0.2516
Epoch 120, Loss: 0.6004, Regularisation: 0.3487515449523926, MSE: 0.2516
Epoch 130, Loss: 0.5967, Regularisation: 0.3451145589351654, MSE: 0.2516
Epoch 140, Loss: 0.5935, Regularisation: 0.3418941795825958, MSE: 0.2516
Epoch 150, Loss: 0.5906, Regularisation: 0.33902859687805176, MSE: 0.2516
Epoch 160, Loss: 0.5880, Regularisation: 0.3364505469799042, MSE: 0.2516
Epoch 170, Loss: 0.5857, Regularisation: 0.3341015875339508, MSE: 0.2516
Epoch 180, Loss: 0.5858, Regularisation: 0.33422261476516724, MSE: 0.2516
Epoch 190, Loss: 0.5826, Regularisation: 0.33096760511398315, MSE: 0.2516
2025-06-10 12:30:21,601 - INFO - Model saved to models/hetero_gnn_model.pth
Epoch 0, Loss: 2.831982374191284, Accuracy: 16.25%
Epoch 10, Loss: 2.7355356216430664, Accuracy: 16.25%
Epoch 20, Loss: 2.46307635307312, Accuracy: 23.75%
Epoch 30, Loss: 2.3953628540039062, Accuracy: 22.50%
Epoch 40, Loss: 2.340479850769043, Accuracy: 25.00%
Epoch 50, Loss: 2.3002657890319824, Accuracy: 27.50%
Epoch 60, Loss: 2.268653631210327, Accuracy: 30.00%
Epoch 70, Loss: 2.2663064002990723, Accuracy: 28.75%
Epoch 80, Loss: 2.266267776489258, Accuracy: 28.75%
Epoch 90, Loss: 2.266265630722046, Accuracy: 28.75%
Epoch 100, Loss: 2.2662651538848877, Accuracy: 28.75%
Epoch 110, Loss: 2.266263961791992, Accuracy: 28.75%
Epoch 120, Loss: 2.266263723373413, Accuracy: 28.75%
Epoch 130, Loss: 2.2662627696990967, Accuracy: 28.75%
Epoch 140, Loss: 2.2662620544433594, Accuracy: 28.75%
2025-06-10 12:30:36,467 - INFO - Model saved to models/hetero_gnn_edge_regressor.pth
Epoch 0, Loss: 1.5393, Regularisation: 1.2890043258666992, MSE: 0.2503
Epoch 10, Loss: 0.9023, Regularisation: 0.6522301435470581, MSE: 0.2501
Epoch 20, Loss: 0.7319, Regularisation: 0.4816346764564514, MSE: 0.2503
Epoch 30, Loss: 0.6828, Regularisation: 0.43259257078170776, MSE: 0.2502
Epoch 40, Loss: 0.6581, Regularisation: 0.4078407883644104, MSE: 0.2502
Epoch 50, Loss: 0.6418, Regularisation: 0.3914814591407776, MSE: 0.2503
Epoch 60, Loss: 0.6312, Regularisation: 0.3809278607368469, MSE: 0.2503
Epoch 70, Loss: 0.6235, Regularisation: 0.3731452226638794, MSE: 0.2504
Epoch 80, Loss: 0.6171, Regularisation: 0.36676761507987976, MSE: 0.2504
Epoch 90, Loss: 0.6115, Regularisation: 0.36119306087493896, MSE: 0.2504
Epoch 100, Loss: 0.6066, Regularisation: 0.35621243715286255, MSE: 0.2503
Epoch 110, Loss: 0.6021, Regularisation: 0.35175764560699463, MSE: 0.2503
Epoch 120, Loss: 0.5981, Regularisation: 0.3477886915206909, MSE: 0.2503
Epoch 130, Loss: 0.5946, Regularisation: 0.34426844120025635, MSE: 0.2504
Epoch 140, Loss: 0.5915, Regularisation: 0.3411474823951721, MSE: 0.2504
Epoch 150, Loss: 0.5888, Regularisation: 0.33840495347976685, MSE: 0.2504
Epoch 160, Loss: 0.5877, Regularisation: 0.3373522162437439, MSE: 0.2504
Epoch 170, Loss: 0.5844, Regularisation: 0.3340910077095032, MSE: 0.2504
Epoch 180, Loss: 0.5824, Regularisation: 0.33205360174179077, MSE: 0.2504
Epoch 190, Loss: 0.5804, Regularisation: 0.3300468921661377, MSE: 0.2503
2025-06-10 12:35:30,163 - INFO - Model saved to models/hetero_gnn_model.pth
Epoch 0, Loss: 2.8247461318969727, Accuracy: 1.25%
Epoch 10, Loss: 2.5204172134399414, Accuracy: 12.50%
Epoch 20, Loss: 2.421400308609009, Accuracy: 25.00%
Epoch 30, Loss: 2.3718461990356445, Accuracy: 15.00%
Epoch 40, Loss: 2.3504116535186768, Accuracy: 36.25%
Epoch 50, Loss: 2.331524610519409, Accuracy: 43.75%
Epoch 60, Loss: 2.313933849334717, Accuracy: 42.50%
Epoch 70, Loss: 2.3002586364746094, Accuracy: 43.75%
Epoch 80, Loss: 2.2841808795928955, Accuracy: 47.50%
Epoch 90, Loss: 2.2651429176330566, Accuracy: 48.75%
Epoch 100, Loss: 2.2440052032470703, Accuracy: 50.00%
Epoch 110, Loss: 2.217198371887207, Accuracy: 50.00%
Epoch 120, Loss: 2.1811869144439697, Accuracy: 51.25%
Epoch 130, Loss: 2.168922185897827, Accuracy: 47.50%
Epoch 140, Loss: 2.1686553955078125, Accuracy: 47.50%
2025-06-10 12:35:45,660 - INFO - Model saved to models/hetero_gnn_edge_regressor.pth
Epoch 0, Loss: 1.5072, Regularisation: 1.25563645362854, MSE: 0.2516
Epoch 10, Loss: 0.9169, Regularisation: 0.6660228967666626, MSE: 0.2509
Epoch 20, Loss: 0.7351, Regularisation: 0.48382461071014404, MSE: 0.2513
Epoch 30, Loss: 0.6858, Regularisation: 0.43473461270332336, MSE: 0.2511
Epoch 40, Loss: 0.6608, Regularisation: 0.4097711741924286, MSE: 0.2510
Epoch 50, Loss: 0.6444, Regularisation: 0.3933563530445099, MSE: 0.2511
Epoch 60, Loss: 0.6336, Regularisation: 0.382496178150177, MSE: 0.2511
Epoch 70, Loss: 0.6256, Regularisation: 0.3745335042476654, MSE: 0.2511
Epoch 80, Loss: 0.6191, Regularisation: 0.3679632246494293, MSE: 0.2511
Epoch 90, Loss: 0.6134, Regularisation: 0.362280011177063, MSE: 0.2511
Epoch 100, Loss: 0.6083, Regularisation: 0.3571736812591553, MSE: 0.2511
Epoch 110, Loss: 0.6037, Regularisation: 0.352588951587677, MSE: 0.2512
Epoch 120, Loss: 0.5997, Regularisation: 0.34848466515541077, MSE: 0.2512
Epoch 130, Loss: 0.5960, Regularisation: 0.3448377251625061, MSE: 0.2512
Epoch 140, Loss: 0.5928, Regularisation: 0.34161072969436646, MSE: 0.2512
Epoch 150, Loss: 0.5899, Regularisation: 0.3387422561645508, MSE: 0.2512
Epoch 160, Loss: 0.5874, Regularisation: 0.33616581559181213, MSE: 0.2512
Epoch 170, Loss: 0.5850, Regularisation: 0.33382582664489746, MSE: 0.2512
Epoch 180, Loss: 0.5834, Regularisation: 0.3321666717529297, MSE: 0.2512
Epoch 190, Loss: 0.5828, Regularisation: 0.3316020965576172, MSE: 0.2512
2025-06-10 12:39:33,832 - INFO - Model saved to models/hetero_gnn_model.pth
Epoch 0, Loss: 2.8181400299072266, Accuracy: 12.50%
Epoch 10, Loss: 2.6917953491210938, Accuracy: 46.25%
Epoch 20, Loss: 2.4480397701263428, Accuracy: 42.50%
Epoch 30, Loss: 2.347797155380249, Accuracy: 51.25%
Epoch 40, Loss: 2.246428966522217, Accuracy: 47.50%
Epoch 50, Loss: 2.1641011238098145, Accuracy: 43.75%
Epoch 60, Loss: 2.086068630218506, Accuracy: 43.75%
Epoch 70, Loss: 2.0812911987304688, Accuracy: 43.75%
Epoch 80, Loss: 2.081209897994995, Accuracy: 43.75%
Epoch 90, Loss: 2.081206798553467, Accuracy: 43.75%
Epoch 100, Loss: 2.081205368041992, Accuracy: 43.75%
Epoch 110, Loss: 2.0812036991119385, Accuracy: 43.75%
Epoch 120, Loss: 2.0812017917633057, Accuracy: 43.75%
Epoch 130, Loss: 2.081200361251831, Accuracy: 43.75%
Epoch 140, Loss: 2.0811986923217773, Accuracy: 43.75%
2025-06-10 12:39:51,702 - INFO - Model saved to models/hetero_gnn_edge_regressor.pth
Epoch 0, Loss: 1.5033, Regularisation: 1.2529945373535156, MSE: 0.2503
Epoch 10, Loss: 0.9347, Regularisation: 0.6854835748672485, MSE: 0.2492
Epoch 20, Loss: 0.7276, Regularisation: 0.4861450493335724, MSE: 0.2414
Epoch 30, Loss: 0.6707, Regularisation: 0.4382934868335724, MSE: 0.2324
Epoch 40, Loss: 0.6349, Regularisation: 0.4113919138908386, MSE: 0.2235
Epoch 50, Loss: 0.6130, Regularisation: 0.3954240083694458, MSE: 0.2176
Epoch 60, Loss: 0.5956, Regularisation: 0.38530901074409485, MSE: 0.2102
Epoch 70, Loss: 0.5799, Regularisation: 0.37770432233810425, MSE: 0.2021
Epoch 80, Loss: 0.5681, Regularisation: 0.37167805433273315, MSE: 0.1964
Epoch 90, Loss: 0.5569, Regularisation: 0.36705636978149414, MSE: 0.1898
Epoch 100, Loss: 0.5434, Regularisation: 0.36269742250442505, MSE: 0.1807
Epoch 110, Loss: 0.5793, Regularisation: 0.3706884980201721, MSE: 0.2086
Epoch 120, Loss: 0.5448, Regularisation: 0.36246660351753235, MSE: 0.1823
Epoch 130, Loss: 0.5374, Regularisation: 0.3611307740211487, MSE: 0.1763
Epoch 140, Loss: 0.5373, Regularisation: 0.36109787225723267, MSE: 0.1762
Epoch 150, Loss: 0.5373, Regularisation: 0.36109626293182373, MSE: 0.1762
Epoch 160, Loss: 0.5373, Regularisation: 0.361095666885376, MSE: 0.1762
Epoch 170, Loss: 0.5373, Regularisation: 0.3610951006412506, MSE: 0.1762
Epoch 180, Loss: 0.5373, Regularisation: 0.36109453439712524, MSE: 0.1762
Epoch 190, Loss: 0.5373, Regularisation: 0.3610939383506775, MSE: 0.1762
Traceback (most recent call last):
  File "/home/yannick/Documents/Acoustic_Linguistic_GNN/gnn_heto_model.py", line 165, in <module>
    main(args.input_folder, args.graph_file, int(args.epochs), float(args.lamb))
  File "/home/yannick/Documents/Acoustic_Linguistic_GNN/gnn_heto_model.py", line 113, in main
    glist, _ = dgl.load_graphs(os.path.join(input_folder, graph_file))
  File "/home/yannick/.local/lib/python3.10/site-packages/dgl/data/graph_serialize.py", line 186, in load_graphs
    check_local_file_exists(filename)
  File "/home/yannick/.local/lib/python3.10/site-packages/dgl/data/graph_serialize.py", line 40, in check_local_file_exists
    raise DGLError("File {} does not exist.".format(filename))
dgl._ffi.base.DGLError: File saved_graphs/mini_google_commands/clique/filter/fixed/phon_art/hetero_graph_-100_1_-100_100.dgl does not exist.
Traceback (most recent call last):
  File "/home/yannick/Documents/Acoustic_Linguistic_GNN/gnn_heto_link_pred_model.py", line 244, in <module>
    main(args.input_folder, args.graph_file, int(args.epochs), float(args.lamb), args.dataset)
  File "/home/yannick/Documents/Acoustic_Linguistic_GNN/gnn_heto_link_pred_model.py", line 172, in main
    glist, _ = dgl.load_graphs(os.path.join(input_folder, graph_file))
  File "/home/yannick/.local/lib/python3.10/site-packages/dgl/data/graph_serialize.py", line 186, in load_graphs
    check_local_file_exists(filename)
  File "/home/yannick/.local/lib/python3.10/site-packages/dgl/data/graph_serialize.py", line 40, in check_local_file_exists
    raise DGLError("File {} does not exist.".format(filename))
dgl._ffi.base.DGLError: File saved_graphs/mini_google_commands/clique/filter/fixed/phon_art/hetero_graph_-100_1_-100_100.dgl does not exist.
