2025-05-30 14:19:42,830 - INFO - Model saved to models/hetero_gnn_model.pth
Epoch 0, Loss: 0.6178682446479797, Accuracy: 11.83%
Epoch 10, Loss: 0.5280348062515259, Accuracy: 20.92%
Epoch 20, Loss: 0.5027556419372559, Accuracy: 23.42%
Epoch 30, Loss: 0.48637643456459045, Accuracy: 28.92%
Epoch 40, Loss: 0.476230263710022, Accuracy: 31.25%
Epoch 50, Loss: 0.4673648476600647, Accuracy: 35.42%
Epoch 60, Loss: 0.45886731147766113, Accuracy: 37.33%
Epoch 70, Loss: 0.45077672600746155, Accuracy: 40.25%
Epoch 80, Loss: 0.44237563014030457, Accuracy: 43.25%
Epoch 90, Loss: 0.43385764956474304, Accuracy: 47.83%
Epoch 100, Loss: 0.4267173707485199, Accuracy: 51.17%
Epoch 110, Loss: 0.4202265441417694, Accuracy: 53.75%
Epoch 120, Loss: 0.4139411151409149, Accuracy: 56.17%
Epoch 130, Loss: 0.40802502632141113, Accuracy: 57.83%
Epoch 140, Loss: 0.4032498002052307, Accuracy: 59.33%
2025-05-30 14:45:09,012 - INFO - Model saved to models/hetero_gnn_edge_regressor.pth
Epoch 0, Loss: 0.3915, Regularisation: 0.385975182056427, MSE: 0.3529
Epoch 10, Loss: 0.5403, Regularisation: 0.4032655358314514, MSE: 0.5000
Epoch 20, Loss: 0.5403, Regularisation: 0.4030555486679077, MSE: 0.5000
Epoch 30, Loss: 0.5403, Regularisation: 0.4030413329601288, MSE: 0.5000
Epoch 40, Loss: 0.5403, Regularisation: 0.4030407965183258, MSE: 0.5000
Epoch 50, Loss: 0.5403, Regularisation: 0.4030405282974243, MSE: 0.5000
Epoch 60, Loss: 0.5403, Regularisation: 0.4030402898788452, MSE: 0.5000
Epoch 70, Loss: 0.5403, Regularisation: 0.40303993225097656, MSE: 0.5000
Epoch 80, Loss: 0.5403, Regularisation: 0.4030395746231079, MSE: 0.5000
Epoch 90, Loss: 0.5403, Regularisation: 0.40303924679756165, MSE: 0.5000
Epoch 100, Loss: 0.5403, Regularisation: 0.40303879976272583, MSE: 0.5000
Epoch 110, Loss: 0.5403, Regularisation: 0.4030383825302124, MSE: 0.5000
Epoch 120, Loss: 0.5403, Regularisation: 0.4030379354953766, MSE: 0.5000
Epoch 130, Loss: 0.5403, Regularisation: 0.4030374586582184, MSE: 0.5000
Epoch 140, Loss: 0.5403, Regularisation: 0.4030369818210602, MSE: 0.5000
2025-05-30 14:48:17,574 - INFO - Model saved to models/hetero_gnn_model.pth
Epoch 0, Loss: 0.6871400475502014, Accuracy: 12.67%
Epoch 10, Loss: 0.5768370032310486, Accuracy: 18.83%
Epoch 20, Loss: 0.5247907638549805, Accuracy: 21.83%
Epoch 30, Loss: 0.5076428651809692, Accuracy: 29.08%
Epoch 40, Loss: 0.49216222763061523, Accuracy: 31.33%
Epoch 50, Loss: 0.48128604888916016, Accuracy: 33.25%
Epoch 60, Loss: 0.47015225887298584, Accuracy: 36.42%
Epoch 70, Loss: 0.4587515592575073, Accuracy: 43.08%
Epoch 80, Loss: 0.44728884100914, Accuracy: 48.42%
Epoch 90, Loss: 0.43817099928855896, Accuracy: 50.83%
Epoch 100, Loss: 0.42905673384666443, Accuracy: 53.33%
Epoch 110, Loss: 0.42064374685287476, Accuracy: 56.67%
Epoch 120, Loss: 0.41262367367744446, Accuracy: 59.75%
Epoch 130, Loss: 0.404955118894577, Accuracy: 62.00%
Epoch 140, Loss: 0.3979305326938629, Accuracy: 65.42%
2025-05-30 15:13:29,616 - INFO - Model saved to models/hetero_gnn_edge_regressor.pth
Epoch 0, Loss: 0.4641, Regularisation: 0.37993645668029785, MSE: 0.4261
Epoch 10, Loss: 0.5397, Regularisation: 0.39879006147384644, MSE: 0.4998
Epoch 20, Loss: 0.5397, Regularisation: 0.3984409272670746, MSE: 0.4998
Epoch 30, Loss: 0.5397, Regularisation: 0.39842140674591064, MSE: 0.4998
Epoch 40, Loss: 0.5397, Regularisation: 0.39842069149017334, MSE: 0.4998
Epoch 50, Loss: 0.5397, Regularisation: 0.3984203040599823, MSE: 0.4998
Epoch 60, Loss: 0.5397, Regularisation: 0.39841988682746887, MSE: 0.4998
Epoch 70, Loss: 0.5397, Regularisation: 0.39841943979263306, MSE: 0.4998
Epoch 80, Loss: 0.5397, Regularisation: 0.39841893315315247, MSE: 0.4998
Epoch 90, Loss: 0.5397, Regularisation: 0.3984183967113495, MSE: 0.4998
Epoch 100, Loss: 0.5397, Regularisation: 0.39841780066490173, MSE: 0.4998
Epoch 110, Loss: 0.5397, Regularisation: 0.3984171748161316, MSE: 0.4998
Epoch 120, Loss: 0.5397, Regularisation: 0.39841657876968384, MSE: 0.4998
Epoch 130, Loss: 0.5397, Regularisation: 0.3984158933162689, MSE: 0.4998
Epoch 140, Loss: 0.5397, Regularisation: 0.3984152376651764, MSE: 0.4998
2025-05-30 15:25:06,488 - INFO - Model saved to models/hetero_gnn_model.pth
Epoch 0, Loss: 0.8252568244934082, Accuracy: 14.25%
Epoch 10, Loss: 0.7416566610336304, Accuracy: 18.42%
Epoch 20, Loss: 0.7077152729034424, Accuracy: 26.33%
Epoch 30, Loss: 0.6607785820960999, Accuracy: 34.75%
Epoch 40, Loss: 0.6226227879524231, Accuracy: 40.42%
Epoch 50, Loss: 0.5932849645614624, Accuracy: 46.58%
Epoch 60, Loss: 0.5670562386512756, Accuracy: 52.83%
Epoch 70, Loss: 0.5466748476028442, Accuracy: 55.17%
Epoch 80, Loss: 0.5315459370613098, Accuracy: 57.42%
Epoch 90, Loss: 0.5192387104034424, Accuracy: 58.67%
Epoch 100, Loss: 0.5079061985015869, Accuracy: 60.00%
Epoch 110, Loss: 0.4986972212791443, Accuracy: 60.67%
Epoch 120, Loss: 0.4877697229385376, Accuracy: 62.83%
Epoch 130, Loss: 0.47891613841056824, Accuracy: 66.42%
Epoch 140, Loss: 0.46842771768569946, Accuracy: 67.67%
2025-05-30 15:51:23,361 - INFO - Model saved to models/hetero_gnn_edge_regressor.pth
Epoch 0, Loss: 0.4417, Regularisation: 0.38388004899024963, MSE: 0.3649
Epoch 10, Loss: 0.5791, Regularisation: 0.39572516083717346, MSE: 0.5000
Epoch 20, Loss: 0.5789, Regularisation: 0.3948557376861572, MSE: 0.5000
Epoch 30, Loss: 0.5789, Regularisation: 0.39482635259628296, MSE: 0.5000
Epoch 40, Loss: 0.5789, Regularisation: 0.3948252499103546, MSE: 0.5000
Epoch 50, Loss: 0.5789, Regularisation: 0.39482465386390686, MSE: 0.5000
Epoch 60, Loss: 0.5789, Regularisation: 0.3948240578174591, MSE: 0.5000
Epoch 70, Loss: 0.5789, Regularisation: 0.3948233425617218, MSE: 0.5000
Epoch 80, Loss: 0.5789, Regularisation: 0.3948225677013397, MSE: 0.5000
Epoch 90, Loss: 0.5789, Regularisation: 0.39482173323631287, MSE: 0.5000
Epoch 100, Loss: 0.5789, Regularisation: 0.3948209285736084, MSE: 0.5000
Epoch 110, Loss: 0.5789, Regularisation: 0.3948200047016144, MSE: 0.5000
Epoch 120, Loss: 0.5789, Regularisation: 0.394819051027298, MSE: 0.5000
Epoch 130, Loss: 0.5789, Regularisation: 0.39481809735298157, MSE: 0.5000
Epoch 140, Loss: 0.5789, Regularisation: 0.3948171138763428, MSE: 0.5000
2025-05-30 15:53:28,426 - INFO - Model saved to models/hetero_gnn_model.pth
Epoch 0, Loss: 0.788507342338562, Accuracy: 15.92%
Epoch 10, Loss: 0.7204445600509644, Accuracy: 24.50%
Epoch 20, Loss: 0.663925051689148, Accuracy: 36.25%
Epoch 30, Loss: 0.6317899823188782, Accuracy: 44.25%
Epoch 40, Loss: 0.5992228984832764, Accuracy: 45.92%
Epoch 50, Loss: 0.5742522478103638, Accuracy: 52.08%
Epoch 60, Loss: 0.5541350245475769, Accuracy: 55.00%
Epoch 70, Loss: 0.5364387631416321, Accuracy: 57.75%
Epoch 80, Loss: 0.5194618701934814, Accuracy: 60.58%
Epoch 90, Loss: 0.5022108554840088, Accuracy: 62.58%
Epoch 100, Loss: 0.4888882040977478, Accuracy: 64.50%
Epoch 110, Loss: 0.4694744646549225, Accuracy: 70.75%
Epoch 120, Loss: 0.456449031829834, Accuracy: 72.42%
Epoch 130, Loss: 0.44084760546684265, Accuracy: 76.08%
Epoch 140, Loss: 0.4265357255935669, Accuracy: 80.08%
2025-05-30 16:18:45,758 - INFO - Model saved to models/hetero_gnn_edge_regressor.pth
Epoch 0, Loss: 0.3988, Regularisation: 0.3876805603504181, MSE: 0.3213
Epoch 10, Loss: 0.5814, Regularisation: 0.40690672397613525, MSE: 0.5000
Epoch 20, Loss: 0.5813, Regularisation: 0.40639734268188477, MSE: 0.5000
Epoch 30, Loss: 0.5813, Regularisation: 0.4063762128353119, MSE: 0.5000
Epoch 40, Loss: 0.5813, Regularisation: 0.40637537837028503, MSE: 0.5000
Epoch 50, Loss: 0.5813, Regularisation: 0.406374990940094, MSE: 0.5000
Epoch 60, Loss: 0.5813, Regularisation: 0.40637457370758057, MSE: 0.5000
Epoch 70, Loss: 0.5813, Regularisation: 0.4063740372657776, MSE: 0.5000
Epoch 80, Loss: 0.5813, Regularisation: 0.4063734710216522, MSE: 0.5000
Epoch 90, Loss: 0.5813, Regularisation: 0.40637290477752686, MSE: 0.5000
Epoch 100, Loss: 0.5813, Regularisation: 0.4063723087310791, MSE: 0.5000
Epoch 110, Loss: 0.5813, Regularisation: 0.4063716530799866, MSE: 0.5000
Epoch 120, Loss: 0.5813, Regularisation: 0.40637099742889404, MSE: 0.5000
Epoch 130, Loss: 0.5813, Regularisation: 0.4063703417778015, MSE: 0.5000
Epoch 140, Loss: 0.5813, Regularisation: 0.4063696265220642, MSE: 0.5000
2025-05-30 16:30:19,686 - INFO - Model saved to models/hetero_gnn_model.pth
Epoch 0, Loss: 1.1500422954559326, Accuracy: 12.58%
Epoch 10, Loss: 0.8820064067840576, Accuracy: 27.25%
Epoch 20, Loss: 0.8119515180587769, Accuracy: 37.58%
Epoch 30, Loss: 0.7519441843032837, Accuracy: 44.33%
Epoch 40, Loss: 0.7065744400024414, Accuracy: 50.75%
Epoch 50, Loss: 0.6767117977142334, Accuracy: 53.58%
Epoch 60, Loss: 0.6548264622688293, Accuracy: 55.92%
Epoch 70, Loss: 0.636849045753479, Accuracy: 57.00%
Epoch 80, Loss: 0.619737446308136, Accuracy: 59.42%
Epoch 90, Loss: 0.608686089515686, Accuracy: 61.50%
Epoch 100, Loss: 0.5922678709030151, Accuracy: 63.92%
Epoch 110, Loss: 0.5743635892868042, Accuracy: 66.00%
Epoch 120, Loss: 0.5657534599304199, Accuracy: 66.00%
Epoch 130, Loss: 0.548313319683075, Accuracy: 69.50%
Epoch 140, Loss: 0.5326002240180969, Accuracy: 71.42%
2025-05-30 16:55:50,403 - INFO - Model saved to models/hetero_gnn_edge_regressor.pth
Epoch 0, Loss: 0.4622, Regularisation: 0.3861933946609497, MSE: 0.3463
Epoch 10, Loss: 0.6148, Regularisation: 0.3849489688873291, MSE: 0.4993
Epoch 20, Loss: 0.6142, Regularisation: 0.382912814617157, MSE: 0.4993
Epoch 30, Loss: 0.6142, Regularisation: 0.3828597366809845, MSE: 0.4993
Epoch 40, Loss: 0.6142, Regularisation: 0.38285768032073975, MSE: 0.4993
Epoch 50, Loss: 0.6142, Regularisation: 0.3828565180301666, MSE: 0.4993
Epoch 60, Loss: 0.6142, Regularisation: 0.38285529613494873, MSE: 0.4993
Epoch 70, Loss: 0.6142, Regularisation: 0.3828539550304413, MSE: 0.4993
Epoch 80, Loss: 0.6142, Regularisation: 0.38285255432128906, MSE: 0.4993
Epoch 90, Loss: 0.6142, Regularisation: 0.38285109400749207, MSE: 0.4993
Epoch 100, Loss: 0.6142, Regularisation: 0.3828495144844055, MSE: 0.4993
Epoch 110, Loss: 0.6142, Regularisation: 0.38284796476364136, MSE: 0.4993
Epoch 120, Loss: 0.6142, Regularisation: 0.38284632563591003, MSE: 0.4993
Epoch 130, Loss: 0.6142, Regularisation: 0.38284462690353394, MSE: 0.4993
Epoch 140, Loss: 0.6142, Regularisation: 0.38284292817115784, MSE: 0.4993
2025-05-30 16:57:56,107 - INFO - Model saved to models/hetero_gnn_model.pth
Epoch 0, Loss: 1.1039724349975586, Accuracy: 13.17%
Epoch 10, Loss: 0.9389476776123047, Accuracy: 24.58%
Epoch 20, Loss: 0.8797411918640137, Accuracy: 26.33%
Epoch 30, Loss: 0.830891489982605, Accuracy: 40.00%
Epoch 40, Loss: 0.7890868186950684, Accuracy: 45.42%
Epoch 50, Loss: 0.7324343919754028, Accuracy: 52.58%
Epoch 60, Loss: 0.6775990724563599, Accuracy: 55.50%
Epoch 70, Loss: 0.6489051580429077, Accuracy: 58.00%
Epoch 80, Loss: 0.6230524778366089, Accuracy: 59.17%
Epoch 90, Loss: 0.5964543223381042, Accuracy: 63.00%
Epoch 100, Loss: 0.5809593200683594, Accuracy: 63.92%
Epoch 110, Loss: 0.5574434995651245, Accuracy: 68.67%
Epoch 120, Loss: 0.5250064730644226, Accuracy: 74.00%
Epoch 130, Loss: 0.5209250450134277, Accuracy: 72.00%
Epoch 140, Loss: 0.4868382513523102, Accuracy: 79.83%
2025-05-30 17:23:15,374 - INFO - Model saved to models/hetero_gnn_edge_regressor.pth
Epoch 0, Loss: 0.4875, Regularisation: 0.3892127573490143, MSE: 0.3707
Epoch 10, Loss: 0.6190, Regularisation: 0.39686188101768494, MSE: 0.4999
Epoch 20, Loss: 0.6186, Regularisation: 0.3955673575401306, MSE: 0.4999
Epoch 30, Loss: 0.6186, Regularisation: 0.3955300450325012, MSE: 0.4999
Epoch 40, Loss: 0.6186, Regularisation: 0.3955286145210266, MSE: 0.4999
Epoch 50, Loss: 0.6186, Regularisation: 0.39552780985832214, MSE: 0.4999
Epoch 60, Loss: 0.6186, Regularisation: 0.3955270051956177, MSE: 0.4999
Epoch 70, Loss: 0.6186, Regularisation: 0.39552608132362366, MSE: 0.4999
Epoch 80, Loss: 0.6186, Regularisation: 0.39552512764930725, MSE: 0.4999
Epoch 90, Loss: 0.6186, Regularisation: 0.3955240547657013, MSE: 0.4999
Epoch 100, Loss: 0.6186, Regularisation: 0.39552295207977295, MSE: 0.4999
Epoch 110, Loss: 0.6186, Regularisation: 0.39552178978919983, MSE: 0.4999
Epoch 120, Loss: 0.6186, Regularisation: 0.3955206573009491, MSE: 0.4999
Epoch 130, Loss: 0.6186, Regularisation: 0.395519495010376, MSE: 0.4999
Epoch 140, Loss: 0.6186, Regularisation: 0.3955182433128357, MSE: 0.4999
2025-05-30 17:34:44,946 - INFO - Model saved to models/hetero_gnn_model.pth
Epoch 0, Loss: 1.2237813472747803, Accuracy: 17.50%
Epoch 10, Loss: 1.1438648700714111, Accuracy: 19.33%
Epoch 20, Loss: 1.0914061069488525, Accuracy: 25.75%
Epoch 30, Loss: 1.0369229316711426, Accuracy: 31.33%
Epoch 40, Loss: 0.9833880066871643, Accuracy: 39.25%
Epoch 50, Loss: 0.9206368327140808, Accuracy: 47.83%
Epoch 60, Loss: 0.8639266490936279, Accuracy: 51.17%
Epoch 70, Loss: 0.8231353759765625, Accuracy: 53.25%
Epoch 80, Loss: 0.7967077493667603, Accuracy: 55.00%
Epoch 90, Loss: 0.7770662903785706, Accuracy: 56.75%
Epoch 100, Loss: 0.7602201700210571, Accuracy: 57.42%
Epoch 110, Loss: 0.7438771724700928, Accuracy: 58.50%
Epoch 120, Loss: 0.7301419973373413, Accuracy: 59.92%
Epoch 130, Loss: 0.7142300605773926, Accuracy: 61.50%
Epoch 140, Loss: 0.6948966383934021, Accuracy: 63.50%
2025-05-30 18:00:11,987 - INFO - Model saved to models/hetero_gnn_edge_regressor.pth
Epoch 0, Loss: 0.4290, Regularisation: 0.38626471161842346, MSE: 0.2745
Epoch 10, Loss: 0.6459, Regularisation: 0.3648887872695923, MSE: 0.5000
Epoch 20, Loss: 0.6446, Regularisation: 0.36146900057792664, MSE: 0.5000
Epoch 30, Loss: 0.6445, Regularisation: 0.3613927960395813, MSE: 0.5000
Epoch 40, Loss: 0.6445, Regularisation: 0.3613898456096649, MSE: 0.5000
Epoch 50, Loss: 0.6445, Regularisation: 0.361388236284256, MSE: 0.5000
Epoch 60, Loss: 0.6445, Regularisation: 0.36138641834259033, MSE: 0.5000
Epoch 70, Loss: 0.6445, Regularisation: 0.3613845407962799, MSE: 0.5000
Epoch 80, Loss: 0.6445, Regularisation: 0.3613826334476471, MSE: 0.5000
Epoch 90, Loss: 0.6445, Regularisation: 0.3613806366920471, MSE: 0.5000
Epoch 100, Loss: 0.6445, Regularisation: 0.36137861013412476, MSE: 0.5000
Epoch 110, Loss: 0.6445, Regularisation: 0.3613765239715576, MSE: 0.5000
Epoch 120, Loss: 0.6445, Regularisation: 0.3613743782043457, MSE: 0.5000
Epoch 130, Loss: 0.6445, Regularisation: 0.3613722622394562, MSE: 0.5000
Epoch 140, Loss: 0.6445, Regularisation: 0.3613700866699219, MSE: 0.5000
2025-05-30 18:02:16,727 - INFO - Model saved to models/hetero_gnn_model.pth
Epoch 0, Loss: 1.4543788433074951, Accuracy: 12.50%
Epoch 10, Loss: 1.1532834768295288, Accuracy: 19.33%
Epoch 20, Loss: 1.079214334487915, Accuracy: 22.08%
Epoch 30, Loss: 1.0280373096466064, Accuracy: 29.58%
Epoch 40, Loss: 0.9805840253829956, Accuracy: 35.75%
Epoch 50, Loss: 0.9317229986190796, Accuracy: 40.08%
Epoch 60, Loss: 0.8874476552009583, Accuracy: 44.67%
Epoch 70, Loss: 0.8457196950912476, Accuracy: 50.00%
Epoch 80, Loss: 0.8114824891090393, Accuracy: 54.50%
Epoch 90, Loss: 0.7833593487739563, Accuracy: 56.17%
Epoch 100, Loss: 0.7586376667022705, Accuracy: 57.50%
Epoch 110, Loss: 0.7344039082527161, Accuracy: 60.25%
Epoch 120, Loss: 0.7124474048614502, Accuracy: 62.42%
Epoch 130, Loss: 0.6868244409561157, Accuracy: 66.42%
Epoch 140, Loss: 0.6588698029518127, Accuracy: 68.83%
2025-05-30 18:27:34,250 - INFO - Model saved to models/hetero_gnn_edge_regressor.pth
Epoch 0, Loss: 0.4813, Regularisation: 0.37682968378067017, MSE: 0.3306
Epoch 10, Loss: 0.6542, Regularisation: 0.38573047518730164, MSE: 0.4999
Epoch 20, Loss: 0.6534, Regularisation: 0.3838219940662384, MSE: 0.4999
Epoch 30, Loss: 0.6534, Regularisation: 0.38377144932746887, MSE: 0.4999
Epoch 40, Loss: 0.6534, Regularisation: 0.38376954197883606, MSE: 0.4999
Epoch 50, Loss: 0.6534, Regularisation: 0.3837684094905853, MSE: 0.4999
Epoch 60, Loss: 0.6534, Regularisation: 0.3837672173976898, MSE: 0.4999
Epoch 70, Loss: 0.6534, Regularisation: 0.38376596570014954, MSE: 0.4999
Epoch 80, Loss: 0.6534, Regularisation: 0.38376468420028687, MSE: 0.4999
Epoch 90, Loss: 0.6534, Regularisation: 0.38376328349113464, MSE: 0.4999
Epoch 100, Loss: 0.6534, Regularisation: 0.38376185297966003, MSE: 0.4999
Epoch 110, Loss: 0.6534, Regularisation: 0.38376036286354065, MSE: 0.4999
Epoch 120, Loss: 0.6534, Regularisation: 0.3837588429450989, MSE: 0.4999
Epoch 130, Loss: 0.6534, Regularisation: 0.3837572932243347, MSE: 0.4999
Epoch 140, Loss: 0.6534, Regularisation: 0.3837556540966034, MSE: 0.4999
2025-05-30 18:39:12,129 - INFO - Model saved to models/hetero_gnn_model.pth
Epoch 0, Loss: 1.506227731704712, Accuracy: 13.33%
Epoch 10, Loss: 1.3318549394607544, Accuracy: 21.33%
Epoch 20, Loss: 1.2553235292434692, Accuracy: 30.08%
Epoch 30, Loss: 1.2080864906311035, Accuracy: 35.67%
Epoch 40, Loss: 1.1432809829711914, Accuracy: 37.25%
Epoch 50, Loss: 1.0494924783706665, Accuracy: 49.75%
Epoch 60, Loss: 0.960041880607605, Accuracy: 52.08%
Epoch 70, Loss: 0.9168334007263184, Accuracy: 54.42%
Epoch 80, Loss: 0.888954222202301, Accuracy: 55.42%
Epoch 90, Loss: 0.8650388717651367, Accuracy: 56.25%
Epoch 100, Loss: 0.8420001268386841, Accuracy: 57.92%
Epoch 110, Loss: 0.8227941989898682, Accuracy: 58.42%
Epoch 120, Loss: 0.8152598142623901, Accuracy: 60.25%
Epoch 130, Loss: 0.7784265279769897, Accuracy: 63.50%
Epoch 140, Loss: 0.7600990533828735, Accuracy: 64.83%
2025-05-30 19:04:38,063 - INFO - Model saved to models/hetero_gnn_edge_regressor.pth
Epoch 0, Loss: 0.4884, Regularisation: 0.37863168120384216, MSE: 0.2991
Epoch 10, Loss: 0.6643, Regularisation: 0.3293507695198059, MSE: 0.4996
Epoch 20, Loss: 0.6619, Regularisation: 0.3247324228286743, MSE: 0.4995
Epoch 30, Loss: 0.6618, Regularisation: 0.32464414834976196, MSE: 0.4995
Epoch 40, Loss: 0.6618, Regularisation: 0.32464078068733215, MSE: 0.4995
Epoch 50, Loss: 0.6618, Regularisation: 0.32463890314102173, MSE: 0.4995
Epoch 60, Loss: 0.6618, Regularisation: 0.32463690638542175, MSE: 0.4995
Epoch 70, Loss: 0.6618, Regularisation: 0.3246347904205322, MSE: 0.4995
Epoch 80, Loss: 0.6618, Regularisation: 0.3246327042579651, MSE: 0.4995
Epoch 90, Loss: 0.6618, Regularisation: 0.3246304988861084, MSE: 0.4995
Epoch 100, Loss: 0.6618, Regularisation: 0.3246282935142517, MSE: 0.4995
Epoch 110, Loss: 0.6618, Regularisation: 0.32462602853775024, MSE: 0.4995
Epoch 120, Loss: 0.6618, Regularisation: 0.3246237635612488, MSE: 0.4995
Epoch 130, Loss: 0.6618, Regularisation: 0.32462143898010254, MSE: 0.4995
Epoch 140, Loss: 0.6618, Regularisation: 0.3246191143989563, MSE: 0.4995
2025-05-30 19:06:43,387 - INFO - Model saved to models/hetero_gnn_model.pth
Epoch 0, Loss: 1.4895222187042236, Accuracy: 11.67%
Epoch 10, Loss: 1.276017665863037, Accuracy: 28.17%
Epoch 20, Loss: 1.1837106943130493, Accuracy: 33.25%
Epoch 30, Loss: 1.0816879272460938, Accuracy: 44.08%
Epoch 40, Loss: 0.99607253074646, Accuracy: 51.08%
Epoch 50, Loss: 0.9339529275894165, Accuracy: 56.33%
Epoch 60, Loss: 0.8900471925735474, Accuracy: 59.17%
Epoch 70, Loss: 0.8562614321708679, Accuracy: 60.58%
Epoch 80, Loss: 0.8148490190505981, Accuracy: 64.33%
Epoch 90, Loss: 0.7822156548500061, Accuracy: 66.17%
Epoch 100, Loss: 0.7511076927185059, Accuracy: 70.25%
Epoch 110, Loss: 0.7361302375793457, Accuracy: 72.00%
Epoch 120, Loss: 0.723993718624115, Accuracy: 72.50%
Epoch 130, Loss: 0.7215169668197632, Accuracy: 72.42%
Epoch 140, Loss: 0.7190526723861694, Accuracy: 73.67%
2025-05-30 19:31:58,631 - INFO - Model saved to models/hetero_gnn_edge_regressor.pth
Epoch 0, Loss: 0.5536, Regularisation: 0.38317590951919556, MSE: 0.3620
Epoch 10, Loss: 0.4669, Regularisation: 0.34328755736351013, MSE: 0.2953
Epoch 20, Loss: 0.4278, Regularisation: 0.30694812536239624, MSE: 0.2744
Epoch 30, Loss: 0.4085, Regularisation: 0.30520761013031006, MSE: 0.2559
Epoch 40, Loss: 0.3954, Regularisation: 0.30217212438583374, MSE: 0.2443
Epoch 50, Loss: 0.3925, Regularisation: 0.2990419566631317, MSE: 0.2429
Epoch 60, Loss: 0.3886, Regularisation: 0.2966877520084381, MSE: 0.2402
Epoch 70, Loss: 0.3858, Regularisation: 0.29465198516845703, MSE: 0.2385
Epoch 80, Loss: 0.3829, Regularisation: 0.2928166091442108, MSE: 0.2365
Epoch 90, Loss: 0.3797, Regularisation: 0.29116982221603394, MSE: 0.2341
Epoch 100, Loss: 0.3763, Regularisation: 0.2896566092967987, MSE: 0.2315
Epoch 110, Loss: 0.3730, Regularisation: 0.288217693567276, MSE: 0.2289
Epoch 120, Loss: 0.3694, Regularisation: 0.2869214713573456, MSE: 0.2260
Epoch 130, Loss: 0.3673, Regularisation: 0.28577721118927, MSE: 0.2244
Epoch 140, Loss: 0.3620, Regularisation: 0.28482505679130554, MSE: 0.2196
2025-05-30 19:43:32,291 - INFO - Model saved to models/hetero_gnn_model.pth
Epoch 0, Loss: 1.7146313190460205, Accuracy: 12.25%
Epoch 10, Loss: 1.5674235820770264, Accuracy: 23.33%
Epoch 20, Loss: 1.457162618637085, Accuracy: 28.83%
Epoch 30, Loss: 1.3349740505218506, Accuracy: 36.92%
Epoch 40, Loss: 1.2147512435913086, Accuracy: 45.42%
Epoch 50, Loss: 1.1238632202148438, Accuracy: 51.08%
Epoch 60, Loss: 1.0685710906982422, Accuracy: 54.58%
Epoch 70, Loss: 1.0302164554595947, Accuracy: 54.92%
Epoch 80, Loss: 0.9994953870773315, Accuracy: 56.58%
Epoch 90, Loss: 0.9718263149261475, Accuracy: 57.75%
Epoch 100, Loss: 0.9449106454849243, Accuracy: 59.50%
Epoch 110, Loss: 0.9216904044151306, Accuracy: 62.33%
Epoch 120, Loss: 0.8938270807266235, Accuracy: 63.25%
Epoch 130, Loss: 0.861802875995636, Accuracy: 65.33%
Epoch 140, Loss: 0.8687995672225952, Accuracy: 62.33%
2025-05-30 20:08:59,588 - INFO - Model saved to models/hetero_gnn_edge_regressor.pth
Epoch 0, Loss: 0.6037, Regularisation: 0.38279566168785095, MSE: 0.3740
Epoch 10, Loss: 0.7041, Regularisation: 0.34502366185188293, MSE: 0.4971
Epoch 20, Loss: 0.7004, Regularisation: 0.3404884934425354, MSE: 0.4961
Epoch 30, Loss: 0.7003, Regularisation: 0.3403915762901306, MSE: 0.4961
Epoch 40, Loss: 0.7003, Regularisation: 0.34038785099983215, MSE: 0.4961
Epoch 50, Loss: 0.7003, Regularisation: 0.3403857350349426, MSE: 0.4961
Epoch 60, Loss: 0.7003, Regularisation: 0.34038349986076355, MSE: 0.4961
Epoch 70, Loss: 0.7003, Regularisation: 0.3403812348842621, MSE: 0.4961
Epoch 80, Loss: 0.7003, Regularisation: 0.34037885069847107, MSE: 0.4961
Epoch 90, Loss: 0.7003, Regularisation: 0.34037643671035767, MSE: 0.4961
Epoch 100, Loss: 0.7003, Regularisation: 0.3403739929199219, MSE: 0.4961
Epoch 110, Loss: 0.7003, Regularisation: 0.3403714895248413, MSE: 0.4961
Epoch 120, Loss: 0.7003, Regularisation: 0.34036895632743835, MSE: 0.4961
Epoch 130, Loss: 0.7003, Regularisation: 0.3403663635253906, MSE: 0.4961
Epoch 140, Loss: 0.7003, Regularisation: 0.3403637707233429, MSE: 0.4961
2025-05-30 20:11:04,649 - INFO - Model saved to models/hetero_gnn_model.pth
Epoch 0, Loss: 1.7558022737503052, Accuracy: 11.25%
Epoch 10, Loss: 1.4711878299713135, Accuracy: 25.75%
Epoch 20, Loss: 1.3659274578094482, Accuracy: 28.42%
Epoch 30, Loss: 1.234907865524292, Accuracy: 42.25%
Epoch 40, Loss: 1.106289267539978, Accuracy: 52.00%
Epoch 50, Loss: 1.025184154510498, Accuracy: 56.25%
Epoch 60, Loss: 0.9718629717826843, Accuracy: 59.83%
Epoch 70, Loss: 0.9288029670715332, Accuracy: 61.75%
Epoch 80, Loss: 0.8779525756835938, Accuracy: 65.58%
Epoch 90, Loss: 0.8460408449172974, Accuracy: 66.67%
Epoch 100, Loss: 0.8007230758666992, Accuracy: 70.92%
Epoch 110, Loss: 0.7589888572692871, Accuracy: 74.33%
Epoch 120, Loss: 0.7084461450576782, Accuracy: 78.33%
Epoch 130, Loss: 0.6656944751739502, Accuracy: 82.08%
Epoch 140, Loss: 0.6251496076583862, Accuracy: 84.17%
2025-05-30 20:36:21,759 - INFO - Model saved to models/hetero_gnn_edge_regressor.pth
Epoch 0, Loss: 0.4878, Regularisation: 0.37735041975975037, MSE: 0.2614
Epoch 10, Loss: 0.6859, Regularisation: 0.31566935777664185, MSE: 0.4965
Epoch 20, Loss: 0.6819, Regularisation: 0.31230419874191284, MSE: 0.4945
Epoch 30, Loss: 0.6818, Regularisation: 0.3122480511665344, MSE: 0.4945
Epoch 40, Loss: 0.6818, Regularisation: 0.3122459352016449, MSE: 0.4945
Epoch 50, Loss: 0.6818, Regularisation: 0.3122447431087494, MSE: 0.4945
Epoch 60, Loss: 0.6818, Regularisation: 0.3122435212135315, MSE: 0.4945
Epoch 70, Loss: 0.6818, Regularisation: 0.3122422397136688, MSE: 0.4945
Epoch 80, Loss: 0.6818, Regularisation: 0.31224095821380615, MSE: 0.4945
Epoch 90, Loss: 0.6818, Regularisation: 0.3122396171092987, MSE: 0.4945
Epoch 100, Loss: 0.6818, Regularisation: 0.31223830580711365, MSE: 0.4945
Epoch 110, Loss: 0.6818, Regularisation: 0.3122369349002838, MSE: 0.4945
Epoch 120, Loss: 0.6818, Regularisation: 0.31223559379577637, MSE: 0.4945
Epoch 130, Loss: 0.6818, Regularisation: 0.31223419308662415, MSE: 0.4945
Epoch 140, Loss: 0.6818, Regularisation: 0.3122328221797943, MSE: 0.4945
2025-05-30 20:47:56,079 - INFO - Model saved to models/hetero_gnn_model.pth
Epoch 0, Loss: 1.8570740222930908, Accuracy: 9.75%
Epoch 10, Loss: 1.7564173936843872, Accuracy: 29.00%
Epoch 20, Loss: 1.630634069442749, Accuracy: 29.25%
Epoch 30, Loss: 1.5519986152648926, Accuracy: 32.50%
Epoch 40, Loss: 1.4876430034637451, Accuracy: 35.67%
Epoch 50, Loss: 1.4181967973709106, Accuracy: 42.33%
Epoch 60, Loss: 1.282405138015747, Accuracy: 46.75%
Epoch 70, Loss: 1.1821084022521973, Accuracy: 52.25%
Epoch 80, Loss: 1.1217350959777832, Accuracy: 54.42%
Epoch 90, Loss: 1.082512617111206, Accuracy: 56.00%
Epoch 100, Loss: 1.048334002494812, Accuracy: 58.83%
Epoch 110, Loss: 1.011505126953125, Accuracy: 60.83%
Epoch 120, Loss: 0.9761804938316345, Accuracy: 64.00%
Epoch 130, Loss: 0.9605833888053894, Accuracy: 63.58%
Epoch 140, Loss: 0.91936194896698, Accuracy: 66.33%
2025-05-30 21:13:23,953 - INFO - Model saved to models/hetero_gnn_edge_regressor.pth
Epoch 0, Loss: 0.7224, Regularisation: 0.37960299849510193, MSE: 0.4567
Epoch 10, Loss: 0.4716, Regularisation: 0.31628119945526123, MSE: 0.2503
Epoch 20, Loss: 0.4664, Regularisation: 0.30892789363861084, MSE: 0.2502
Epoch 30, Loss: 0.4627, Regularisation: 0.30434349179267883, MSE: 0.2497
Epoch 40, Loss: 0.4589, Regularisation: 0.29931390285491943, MSE: 0.2494
Epoch 50, Loss: 0.4553, Regularisation: 0.2948424816131592, MSE: 0.2489
Epoch 60, Loss: 0.4518, Regularisation: 0.2907145917415619, MSE: 0.2483
Epoch 70, Loss: 0.4479, Regularisation: 0.2864627242088318, MSE: 0.2474
Epoch 80, Loss: 0.4441, Regularisation: 0.28257882595062256, MSE: 0.2463
Epoch 90, Loss: 0.4407, Regularisation: 0.2797534763813019, MSE: 0.2449
Epoch 100, Loss: 0.4382, Regularisation: 0.27800559997558594, MSE: 0.2436
Epoch 110, Loss: 0.4360, Regularisation: 0.2769145667552948, MSE: 0.2421
Epoch 120, Loss: 0.4341, Regularisation: 0.27612972259521484, MSE: 0.2408
Epoch 130, Loss: 0.4351, Regularisation: 0.2755369246006012, MSE: 0.2422
Epoch 140, Loss: 0.4322, Regularisation: 0.275272011756897, MSE: 0.2395
2025-05-30 21:15:26,290 - INFO - Model saved to models/hetero_gnn_model.pth
Epoch 0, Loss: 2.081538438796997, Accuracy: 12.08%
Epoch 10, Loss: 1.7065916061401367, Accuracy: 24.00%
Epoch 20, Loss: 1.5240713357925415, Accuracy: 37.92%
Epoch 30, Loss: 1.3356146812438965, Accuracy: 47.67%
Epoch 40, Loss: 1.2242690324783325, Accuracy: 54.33%
Epoch 50, Loss: 1.1598701477050781, Accuracy: 57.08%
Epoch 60, Loss: 1.1085036993026733, Accuracy: 59.75%
Epoch 70, Loss: 1.0577194690704346, Accuracy: 64.17%
Epoch 80, Loss: 1.0206493139266968, Accuracy: 64.58%
Epoch 90, Loss: 0.9838248491287231, Accuracy: 65.92%
Epoch 100, Loss: 0.9236963987350464, Accuracy: 71.83%
Epoch 110, Loss: 0.9362123012542725, Accuracy: 67.25%
Epoch 120, Loss: 0.8439804315567017, Accuracy: 77.83%
Epoch 130, Loss: 0.8370017409324646, Accuracy: 78.50%
Epoch 140, Loss: 0.8292242884635925, Accuracy: 79.00%
2025-05-30 21:40:44,094 - INFO - Model saved to models/hetero_gnn_edge_regressor.pth
Epoch 0, Loss: 0.6119, Regularisation: 0.37959322333335876, MSE: 0.3462
Epoch 10, Loss: 0.7481, Regularisation: 0.3546857237815857, MSE: 0.4998
Epoch 20, Loss: 0.7449, Regularisation: 0.3501749038696289, MSE: 0.4998
Epoch 30, Loss: 0.7448, Regularisation: 0.3500794470310211, MSE: 0.4998
Epoch 40, Loss: 0.7448, Regularisation: 0.35007578134536743, MSE: 0.4998
Epoch 50, Loss: 0.7448, Regularisation: 0.3500736653804779, MSE: 0.4998
Epoch 60, Loss: 0.7448, Regularisation: 0.3500714898109436, MSE: 0.4998
Epoch 70, Loss: 0.7448, Regularisation: 0.35006922483444214, MSE: 0.4998
Epoch 80, Loss: 0.7448, Regularisation: 0.3500668704509735, MSE: 0.4998
Epoch 90, Loss: 0.7448, Regularisation: 0.3500644862651825, MSE: 0.4998
Epoch 100, Loss: 0.7448, Regularisation: 0.3500621020793915, MSE: 0.4998
Epoch 110, Loss: 0.7448, Regularisation: 0.3500595986843109, MSE: 0.4998
Epoch 120, Loss: 0.7448, Regularisation: 0.35005712509155273, MSE: 0.4998
Epoch 130, Loss: 0.7448, Regularisation: 0.3500545918941498, MSE: 0.4998
Epoch 140, Loss: 0.7448, Regularisation: 0.35005202889442444, MSE: 0.4998
2025-05-30 21:52:16,065 - INFO - Model saved to models/hetero_gnn_model.pth
Epoch 0, Loss: 2.3997750282287598, Accuracy: 12.50%
Epoch 10, Loss: 1.7785459756851196, Accuracy: 30.75%
Epoch 20, Loss: 1.536786437034607, Accuracy: 43.50%
Epoch 30, Loss: 1.3937265872955322, Accuracy: 49.58%
Epoch 40, Loss: 1.30965256690979, Accuracy: 54.75%
Epoch 50, Loss: 1.25639009475708, Accuracy: 54.92%
Epoch 60, Loss: 1.224784016609192, Accuracy: 56.42%
Epoch 70, Loss: 1.1928226947784424, Accuracy: 57.67%
Epoch 80, Loss: 1.1660500764846802, Accuracy: 58.92%
Epoch 90, Loss: 1.1346123218536377, Accuracy: 60.50%
Epoch 100, Loss: 1.1056901216506958, Accuracy: 62.75%
Epoch 110, Loss: 1.085036277770996, Accuracy: 64.33%
Epoch 120, Loss: 1.0359402894973755, Accuracy: 65.50%
Epoch 130, Loss: 1.004541039466858, Accuracy: 68.00%
Epoch 140, Loss: 0.9940859079360962, Accuracy: 69.50%
2025-05-30 22:17:46,520 - INFO - Model saved to models/hetero_gnn_edge_regressor.pth
Epoch 0, Loss: 0.5932, Regularisation: 0.3813953995704651, MSE: 0.2881
Epoch 10, Loss: 0.7655, Regularisation: 0.3319303095340729, MSE: 0.5000
Epoch 20, Loss: 0.7613, Regularisation: 0.3266497254371643, MSE: 0.5000
Epoch 30, Loss: 0.7612, Regularisation: 0.32654908299446106, MSE: 0.5000
Epoch 40, Loss: 0.7612, Regularisation: 0.32654523849487305, MSE: 0.5000
Epoch 50, Loss: 0.7612, Regularisation: 0.32654306292533875, MSE: 0.5000
Epoch 60, Loss: 0.7612, Regularisation: 0.3265407979488373, MSE: 0.5000
Epoch 70, Loss: 0.7612, Regularisation: 0.32653844356536865, MSE: 0.5000
Epoch 80, Loss: 0.7612, Regularisation: 0.32653605937957764, MSE: 0.5000
Epoch 90, Loss: 0.7612, Regularisation: 0.32653364539146423, MSE: 0.5000
Epoch 100, Loss: 0.7612, Regularisation: 0.3265311121940613, MSE: 0.5000
Epoch 110, Loss: 0.7612, Regularisation: 0.3265286386013031, MSE: 0.5000
Epoch 120, Loss: 0.7612, Regularisation: 0.32652610540390015, MSE: 0.5000
Epoch 130, Loss: 0.7612, Regularisation: 0.3265235126018524, MSE: 0.5000
Epoch 140, Loss: 0.7612, Regularisation: 0.3265209496021271, MSE: 0.5000
2025-05-30 22:19:52,175 - INFO - Model saved to models/hetero_gnn_model.pth
Epoch 0, Loss: 2.555891513824463, Accuracy: 12.50%
Epoch 10, Loss: 1.785292387008667, Accuracy: 34.25%
Epoch 20, Loss: 1.5447207689285278, Accuracy: 43.17%
Epoch 30, Loss: 1.3873510360717773, Accuracy: 52.58%
Epoch 40, Loss: 1.3035188913345337, Accuracy: 55.83%
Epoch 50, Loss: 1.2429275512695312, Accuracy: 59.17%
Epoch 60, Loss: 1.2173254489898682, Accuracy: 59.75%
Epoch 70, Loss: 1.1674790382385254, Accuracy: 63.17%
Epoch 80, Loss: 1.1185619831085205, Accuracy: 65.50%
Epoch 90, Loss: 1.06813383102417, Accuracy: 69.33%
Epoch 100, Loss: 1.0243680477142334, Accuracy: 69.50%
Epoch 110, Loss: 0.9671709537506104, Accuracy: 73.17%
Epoch 120, Loss: 0.9398374557495117, Accuracy: 75.42%
Epoch 130, Loss: 0.8639726638793945, Accuracy: 79.17%
Epoch 140, Loss: 0.9561362862586975, Accuracy: 67.17%
2025-05-30 22:45:11,167 - INFO - Model saved to models/hetero_gnn_edge_regressor.pth
Epoch 0, Loss: 0.6128, Regularisation: 0.3807474970817566, MSE: 0.3082
Epoch 10, Loss: 0.7769, Regularisation: 0.34626224637031555, MSE: 0.4999
Epoch 20, Loss: 0.7734, Regularisation: 0.3418821394443512, MSE: 0.4999
Epoch 30, Loss: 0.7733, Regularisation: 0.3417879343032837, MSE: 0.4999
Epoch 40, Loss: 0.7733, Regularisation: 0.3417842984199524, MSE: 0.4999
Epoch 50, Loss: 0.7733, Regularisation: 0.34178224205970764, MSE: 0.4999
Epoch 60, Loss: 0.7733, Regularisation: 0.34178006649017334, MSE: 0.4999
Epoch 70, Loss: 0.7733, Regularisation: 0.3417777717113495, MSE: 0.4999
Epoch 80, Loss: 0.7733, Regularisation: 0.34177544713020325, MSE: 0.4999
Epoch 90, Loss: 0.7733, Regularisation: 0.34177300333976746, MSE: 0.4999
Epoch 100, Loss: 0.7733, Regularisation: 0.34177055954933167, MSE: 0.4999
Epoch 110, Loss: 0.7733, Regularisation: 0.3417680561542511, MSE: 0.4999
Epoch 120, Loss: 0.7733, Regularisation: 0.34176549315452576, MSE: 0.4999
Epoch 130, Loss: 0.7733, Regularisation: 0.341762900352478, MSE: 0.4999
Epoch 140, Loss: 0.7733, Regularisation: 0.3417602777481079, MSE: 0.4999
2025-05-30 22:56:46,660 - INFO - Model saved to models/hetero_gnn_model.pth
Epoch 0, Loss: 2.3690218925476074, Accuracy: 12.58%
Epoch 10, Loss: 2.0158114433288574, Accuracy: 29.92%
Epoch 20, Loss: 1.7449811697006226, Accuracy: 41.75%
Epoch 30, Loss: 1.5741175413131714, Accuracy: 46.17%
Epoch 40, Loss: 1.4739443063735962, Accuracy: 51.33%
Epoch 50, Loss: 1.409433364868164, Accuracy: 54.33%
Epoch 60, Loss: 1.360468864440918, Accuracy: 56.00%
Epoch 70, Loss: 1.3190147876739502, Accuracy: 56.83%
Epoch 80, Loss: 1.274906873703003, Accuracy: 58.92%
Epoch 90, Loss: 1.240614891052246, Accuracy: 60.67%
Epoch 100, Loss: 1.1884829998016357, Accuracy: 62.33%
Epoch 110, Loss: 1.1580617427825928, Accuracy: 64.50%
Epoch 120, Loss: 1.097619652748108, Accuracy: 66.75%
Epoch 130, Loss: 1.0696136951446533, Accuracy: 67.83%
Epoch 140, Loss: 1.0368192195892334, Accuracy: 71.08%
2025-05-30 23:22:13,976 - INFO - Model saved to models/hetero_gnn_edge_regressor.pth
Epoch 0, Loss: 0.6176, Regularisation: 0.38920485973358154, MSE: 0.2673
Epoch 10, Loss: 0.7803, Regularisation: 0.3126160204410553, MSE: 0.4990
Epoch 20, Loss: 0.7789, Regularisation: 0.31171372532844543, MSE: 0.4984
Epoch 30, Loss: 0.7789, Regularisation: 0.311698853969574, MSE: 0.4984
Epoch 40, Loss: 0.7789, Regularisation: 0.3116982877254486, MSE: 0.4984
Epoch 50, Loss: 0.7789, Regularisation: 0.31169795989990234, MSE: 0.4984
Epoch 60, Loss: 0.7789, Regularisation: 0.3116976022720337, MSE: 0.4984
Epoch 70, Loss: 0.7789, Regularisation: 0.3116972744464874, MSE: 0.4984
Epoch 80, Loss: 0.7789, Regularisation: 0.3116968870162964, MSE: 0.4983
Epoch 90, Loss: 0.7789, Regularisation: 0.31169649958610535, MSE: 0.4983
Epoch 100, Loss: 0.7789, Regularisation: 0.3116961121559143, MSE: 0.4983
Epoch 110, Loss: 0.7789, Regularisation: 0.3116956949234009, MSE: 0.4983
Epoch 120, Loss: 0.7789, Regularisation: 0.31169530749320984, MSE: 0.4983
Epoch 130, Loss: 0.7789, Regularisation: 0.31169483065605164, MSE: 0.4983
Epoch 140, Loss: 0.7789, Regularisation: 0.3116944432258606, MSE: 0.4983
2025-05-30 23:24:19,410 - INFO - Model saved to models/hetero_gnn_model.pth
Epoch 0, Loss: 2.3786354064941406, Accuracy: 10.67%
Epoch 10, Loss: 2.0380795001983643, Accuracy: 21.75%
Epoch 20, Loss: 1.902820348739624, Accuracy: 31.50%
Epoch 30, Loss: 1.798384189605713, Accuracy: 41.00%
Epoch 40, Loss: 1.673584222793579, Accuracy: 44.58%
Epoch 50, Loss: 1.488752841949463, Accuracy: 58.33%
Epoch 60, Loss: 1.3687615394592285, Accuracy: 57.17%
Epoch 70, Loss: 1.2866953611373901, Accuracy: 62.83%
Epoch 80, Loss: 1.2118853330612183, Accuracy: 64.58%
Epoch 90, Loss: 1.1518158912658691, Accuracy: 67.92%
Epoch 100, Loss: 1.1281424760818481, Accuracy: 68.00%
Epoch 110, Loss: 1.0661449432373047, Accuracy: 70.58%
Epoch 120, Loss: 1.0115760564804077, Accuracy: 72.25%
Epoch 130, Loss: 0.9577995538711548, Accuracy: 74.83%
Epoch 140, Loss: 0.918264627456665, Accuracy: 76.08%
Traceback (most recent call last):
  File "/home/yannick/Documents/Acoustic_Linguistic_GNN/gnn_heto_link_pred_model.py", line 232, in <module>
    main(args.input_folder, args.graph_file, int(args.epochs), float(args.lamb), args.dataset)
  File "/home/yannick/Documents/Acoustic_Linguistic_GNN/gnn_heto_link_pred_model.py", line 211, in main
    model = train_edge_regression(
  File "/home/yannick/Documents/Acoustic_Linguistic_GNN/gnn_heto_link_pred_model.py", line 99, in train_edge_regression
    loss.backward()
  File "/home/yannick/.local/lib/python3.10/site-packages/torch/_tensor.py", line 522, in backward
    torch.autograd.backward(
  File "/home/yannick/.local/lib/python3.10/site-packages/torch/autograd/__init__.py", line 266, in backward
    Variable._execution_engine.run_backward(  # Calls into the C++ engine to run the backward pass
KeyboardInterrupt
2025-06-01 01:22:05,017 - INFO - Model saved to models/hetero_gnn_model.pth
Epoch 0, Loss: 3.0629160404205322, Accuracy: 12.58%
Epoch 10, Loss: 2.3625550270080566, Accuracy: 13.08%
Epoch 20, Loss: 2.2295045852661133, Accuracy: 22.75%
Epoch 30, Loss: 2.109644889831543, Accuracy: 27.08%
Epoch 40, Loss: 2.0338494777679443, Accuracy: 28.17%
Epoch 50, Loss: 2.0243239402770996, Accuracy: 31.08%
Epoch 60, Loss: 1.9958701133728027, Accuracy: 30.67%
Epoch 70, Loss: 1.9817109107971191, Accuracy: 29.58%
Epoch 80, Loss: 1.9688359498977661, Accuracy: 30.83%
Epoch 90, Loss: 1.9584953784942627, Accuracy: 30.75%
Epoch 100, Loss: 1.948530912399292, Accuracy: 31.33%
Epoch 110, Loss: 1.9388231039047241, Accuracy: 31.00%
Epoch 120, Loss: 1.9295003414154053, Accuracy: 31.42%
Epoch 130, Loss: 1.9208945035934448, Accuracy: 32.00%
Epoch 140, Loss: 1.9131343364715576, Accuracy: 32.17%
2025-06-01 01:45:50,457 - INFO - Model saved to models/hetero_gnn_edge_regressor.pth
Epoch 0, Loss: 1.0500, Regularisation: 0.7878949642181396, MSE: 0.2621
Epoch 10, Loss: 0.4535, Regularisation: 0.19770149886608124, MSE: 0.2558
Epoch 20, Loss: 0.4135, Regularisation: 0.16286733746528625, MSE: 0.2506
Epoch 30, Loss: 0.3953, Regularisation: 0.14618998765945435, MSE: 0.2491
Epoch 40, Loss: 0.3788, Regularisation: 0.13086459040641785, MSE: 0.2479
Epoch 50, Loss: 0.3624, Regularisation: 0.1154034286737442, MSE: 0.2470
Epoch 60, Loss: 0.3464, Regularisation: 0.10032705217599869, MSE: 0.2461
Epoch 70, Loss: 0.3335, Regularisation: 0.08843198418617249, MSE: 0.2450
Epoch 80, Loss: 0.3241, Regularisation: 0.08020946383476257, MSE: 0.2439
Epoch 90, Loss: 0.3165, Regularisation: 0.07391621172428131, MSE: 0.2426
Epoch 100, Loss: 0.3099, Regularisation: 0.06869097054004669, MSE: 0.2412
Epoch 110, Loss: 0.3042, Regularisation: 0.06437468528747559, MSE: 0.2398
Epoch 120, Loss: 0.2991, Regularisation: 0.060779958963394165, MSE: 0.2384
Epoch 130, Loss: 0.2977, Regularisation: 0.05783762037754059, MSE: 0.2399
Epoch 140, Loss: 0.2921, Regularisation: 0.05521031469106674, MSE: 0.2369
2025-06-01 01:51:14,511 - INFO - Model saved to models/hetero_gnn_model.pth
Epoch 0, Loss: 3.3990604877471924, Accuracy: 12.67%
Epoch 10, Loss: 2.599478006362915, Accuracy: 13.92%
Epoch 20, Loss: 2.414065361022949, Accuracy: 14.08%
Epoch 30, Loss: 2.2872633934020996, Accuracy: 18.50%
Epoch 40, Loss: 2.214172601699829, Accuracy: 20.00%
Epoch 50, Loss: 2.175001859664917, Accuracy: 22.50%
Epoch 60, Loss: 2.139939069747925, Accuracy: 26.58%
Epoch 70, Loss: 2.0992767810821533, Accuracy: 30.75%
Epoch 80, Loss: 2.0378952026367188, Accuracy: 31.25%
Epoch 90, Loss: 2.0906379222869873, Accuracy: 32.50%
Epoch 100, Loss: 2.0753111839294434, Accuracy: 33.33%
Epoch 110, Loss: 2.0744659900665283, Accuracy: 33.42%
Epoch 120, Loss: 2.0744283199310303, Accuracy: 33.42%
Epoch 130, Loss: 2.074406147003174, Accuracy: 33.42%
Epoch 140, Loss: 2.074383020401001, Accuracy: 33.42%
2025-06-01 02:20:12,688 - INFO - Model saved to models/hetero_gnn_edge_regressor.pth
Epoch 0, Loss: 1.0468, Regularisation: 0.781440258026123, MSE: 0.2654
Epoch 10, Loss: 0.4310, Regularisation: 0.1825013905763626, MSE: 0.2485
Epoch 20, Loss: 0.3995, Regularisation: 0.15507669746875763, MSE: 0.2444
Epoch 30, Loss: 0.3751, Regularisation: 0.1377900242805481, MSE: 0.2373
Epoch 40, Loss: 0.3542, Regularisation: 0.12286362797021866, MSE: 0.2313
Epoch 50, Loss: 0.3334, Regularisation: 0.10862938314676285, MSE: 0.2248
Epoch 60, Loss: 0.3131, Regularisation: 0.09522458910942078, MSE: 0.2179
Epoch 70, Loss: 0.2958, Regularisation: 0.08526261150836945, MSE: 0.2105
Epoch 80, Loss: 0.2871, Regularisation: 0.07878927886486053, MSE: 0.2083
Epoch 90, Loss: 0.2744, Regularisation: 0.07452501356601715, MSE: 0.1998
Epoch 100, Loss: 0.2623, Regularisation: 0.07120135426521301, MSE: 0.1911
Epoch 110, Loss: 0.2521, Regularisation: 0.06846525520086288, MSE: 0.1836
Epoch 120, Loss: 0.2449, Regularisation: 0.06613291800022125, MSE: 0.1787
Epoch 130, Loss: 0.2354, Regularisation: 0.06429004669189453, MSE: 0.1711
Epoch 140, Loss: 0.2278, Regularisation: 0.06283701211214066, MSE: 0.1649
2025-06-01 02:36:33,189 - INFO - Model saved to models/hetero_gnn_model.pth
Epoch 0, Loss: 3.2049496173858643, Accuracy: 12.50%
Epoch 10, Loss: 2.336531162261963, Accuracy: 12.58%
Epoch 20, Loss: 2.259300708770752, Accuracy: 15.50%
Epoch 30, Loss: 2.2209129333496094, Accuracy: 17.33%
Epoch 40, Loss: 2.1885225772857666, Accuracy: 20.50%
Epoch 50, Loss: 2.160890579223633, Accuracy: 21.92%
Epoch 60, Loss: 2.138888120651245, Accuracy: 24.50%
Epoch 70, Loss: 2.1105973720550537, Accuracy: 26.42%
Epoch 80, Loss: 2.0828070640563965, Accuracy: 29.92%
Epoch 90, Loss: 2.0245397090911865, Accuracy: 32.92%
Epoch 100, Loss: 1.9227948188781738, Accuracy: 34.08%
Epoch 110, Loss: 1.9040839672088623, Accuracy: 35.75%
Epoch 120, Loss: 1.8957690000534058, Accuracy: 34.75%
Epoch 130, Loss: 1.889387845993042, Accuracy: 34.50%
Epoch 140, Loss: 1.8840088844299316, Accuracy: 35.00%
2025-06-01 03:05:47,056 - INFO - Model saved to models/hetero_gnn_edge_regressor.pth
Epoch 0, Loss: 1.0613, Regularisation: 0.7886626720428467, MSE: 0.2726
Epoch 10, Loss: 0.4979, Regularisation: 0.22518828511238098, MSE: 0.2727
Epoch 20, Loss: 0.4345, Regularisation: 0.1811496466398239, MSE: 0.2533
Epoch 30, Loss: 0.4058, Regularisation: 0.1559956967830658, MSE: 0.2498
Epoch 40, Loss: 0.3887, Regularisation: 0.14016935229301453, MSE: 0.2485
Epoch 50, Loss: 0.3714, Regularisation: 0.12389856576919556, MSE: 0.2475
Epoch 60, Loss: 0.3532, Regularisation: 0.10681799054145813, MSE: 0.2464
Epoch 70, Loss: 0.3379, Regularisation: 0.09248720854520798, MSE: 0.2455
Epoch 80, Loss: 0.3275, Regularisation: 0.08302845060825348, MSE: 0.2445
Epoch 90, Loss: 0.3198, Regularisation: 0.07637497037649155, MSE: 0.2434
Epoch 100, Loss: 0.3131, Regularisation: 0.07096055895090103, MSE: 0.2422
Epoch 110, Loss: 0.3075, Regularisation: 0.0664920061826706, MSE: 0.2410
Epoch 120, Loss: 0.3023, Regularisation: 0.06275290995836258, MSE: 0.2396
Epoch 130, Loss: 0.2995, Regularisation: 0.05954546481370926, MSE: 0.2399
Epoch 140, Loss: 0.2960, Regularisation: 0.057051390409469604, MSE: 0.2389
2025-06-01 03:08:44,090 - INFO - Model saved to models/hetero_gnn_model.pth
Epoch 0, Loss: 3.032907724380493, Accuracy: 11.92%
Epoch 10, Loss: 2.4203765392303467, Accuracy: 13.75%
Epoch 20, Loss: 2.3006458282470703, Accuracy: 16.25%
Epoch 30, Loss: 2.2073681354522705, Accuracy: 19.42%
Epoch 40, Loss: 2.142946481704712, Accuracy: 27.42%
Epoch 50, Loss: 2.071566343307495, Accuracy: 33.92%
Epoch 60, Loss: 1.997556447982788, Accuracy: 36.42%
Epoch 70, Loss: 1.9456920623779297, Accuracy: 41.92%
Epoch 80, Loss: 1.8469356298446655, Accuracy: 41.83%
Epoch 90, Loss: 1.7618025541305542, Accuracy: 44.58%
Epoch 100, Loss: 1.6989295482635498, Accuracy: 49.92%
Epoch 110, Loss: 1.617550015449524, Accuracy: 51.08%
Epoch 120, Loss: 1.5916458368301392, Accuracy: 49.25%
Epoch 130, Loss: 1.5379860401153564, Accuracy: 54.00%
Epoch 140, Loss: 1.5171942710876465, Accuracy: 54.83%
2025-06-01 03:37:47,674 - INFO - Model saved to models/hetero_gnn_edge_regressor.pth
Epoch 0, Loss: 1.0709, Regularisation: 0.7882369756698608, MSE: 0.2827
Epoch 10, Loss: 0.6038, Regularisation: 0.20135638117790222, MSE: 0.4025
Epoch 20, Loss: 0.4560, Regularisation: 0.18460534512996674, MSE: 0.2714
Epoch 30, Loss: 0.4186, Regularisation: 0.16452018916606903, MSE: 0.2541
Epoch 40, Loss: 0.3969, Regularisation: 0.15132933855056763, MSE: 0.2456
Epoch 50, Loss: 0.3784, Regularisation: 0.13877210021018982, MSE: 0.2397
Epoch 60, Loss: 0.3623, Regularisation: 0.12651552259922028, MSE: 0.2358
Epoch 70, Loss: 0.3468, Regularisation: 0.11424363404512405, MSE: 0.2325
Epoch 80, Loss: 0.3320, Regularisation: 0.10278436541557312, MSE: 0.2292
Epoch 90, Loss: 0.3189, Regularisation: 0.09323782473802567, MSE: 0.2257
Epoch 100, Loss: 0.3076, Regularisation: 0.08590330928564072, MSE: 0.2217
Epoch 110, Loss: 0.2982, Regularisation: 0.08018238097429276, MSE: 0.2180
Epoch 120, Loss: 0.2966, Regularisation: 0.07599218934774399, MSE: 0.2206
Epoch 130, Loss: 0.2829, Regularisation: 0.07283976674079895, MSE: 0.2101
Epoch 140, Loss: 0.2732, Regularisation: 0.07014844566583633, MSE: 0.2031
