/home/yannick/.local/lib/python3.10/site-packages/torch/optim/lr_scheduler.py:28: UserWarning: The verbose parameter is deprecated. Please use get_last_lr() to access the learning rate.
  warnings.warn("The verbose parameter is deprecated. Please use get_last_lr() "
2025-05-22 14:37:28,144 - INFO - Model saved to models/hetero_gnn_model.pth
Epoch 0, Loss: 8.764520645141602, Accuracy: 11.00%
Epoch 10, Loss: 3.4138619899749756, Accuracy: 11.75%
Epoch 20, Loss: 2.3252787590026855, Accuracy: 22.75%
Epoch 30, Loss: 2.096045970916748, Accuracy: 33.00%
Epoch 40, Loss: 1.8938181400299072, Accuracy: 45.25%
Epoch 50, Loss: 1.6957241296768188, Accuracy: 50.75%
Epoch 60, Loss: 1.5232025384902954, Accuracy: 58.50%
Epoch 70, Loss: 1.3501002788543701, Accuracy: 68.25%
Epoch 80, Loss: 1.18112313747406, Accuracy: 76.50%
Epoch 90, Loss: 1.018539547920227, Accuracy: 81.50%
/home/yannick/.local/lib/python3.10/site-packages/torch/optim/lr_scheduler.py:28: UserWarning: The verbose parameter is deprecated. Please use get_last_lr() to access the learning rate.
  warnings.warn("The verbose parameter is deprecated. Please use get_last_lr() "
2025-05-22 14:38:46,433 - INFO - Model saved to models/hetero_gnn_edge_regressor.pth
Epoch 0, Loss: 231.9209, MSE: 231.7058
Epoch 10, Loss: 41.5712, MSE: 41.3472
Epoch 20, Loss: 3.9385, MSE: 3.7116
Epoch 30, Loss: 2.1158, MSE: 1.8888
Epoch 40, Loss: 1.0660, MSE: 0.8391
Epoch 50, Loss: 0.6782, MSE: 0.4513
Epoch 60, Loss: 0.6034, MSE: 0.3765
Epoch 70, Loss: 0.6032, MSE: 0.3763
Epoch 80, Loss: 0.6031, MSE: 0.3762
Epoch 90, Loss: 0.6031, MSE: 0.3762
/home/yannick/.local/lib/python3.10/site-packages/torch/optim/lr_scheduler.py:28: UserWarning: The verbose parameter is deprecated. Please use get_last_lr() to access the learning rate.
  warnings.warn("The verbose parameter is deprecated. Please use get_last_lr() "
2025-05-22 14:39:52,723 - INFO - Model saved to models/hetero_gnn_model.pth
Epoch 0, Loss: 9.190468788146973, Accuracy: 6.00%
Epoch 10, Loss: 2.572042465209961, Accuracy: 13.00%
Epoch 20, Loss: 2.2275569438934326, Accuracy: 28.75%
Epoch 30, Loss: 2.0061352252960205, Accuracy: 34.75%
Epoch 40, Loss: 1.776405692100525, Accuracy: 51.50%
Epoch 50, Loss: 1.540980577468872, Accuracy: 63.75%
Epoch 60, Loss: 1.2628201246261597, Accuracy: 76.50%
Epoch 70, Loss: 0.9890164732933044, Accuracy: 84.75%
Epoch 80, Loss: 0.7656030654907227, Accuracy: 90.25%
Epoch 90, Loss: 0.5726876258850098, Accuracy: 95.00%
/home/yannick/.local/lib/python3.10/site-packages/torch/optim/lr_scheduler.py:28: UserWarning: The verbose parameter is deprecated. Please use get_last_lr() to access the learning rate.
  warnings.warn("The verbose parameter is deprecated. Please use get_last_lr() "
2025-05-22 14:41:10,623 - INFO - Model saved to models/hetero_gnn_edge_regressor.pth
Epoch 0, Loss: 173.1701, MSE: 172.9600
Epoch 10, Loss: 120.7008, MSE: 120.4881
Epoch 20, Loss: 7.3120, MSE: 7.0931
Epoch 30, Loss: 4.8640, MSE: 4.6450
Epoch 40, Loss: 3.7093, MSE: 3.4902
Epoch 50, Loss: 2.6046, MSE: 2.3856
Epoch 60, Loss: 1.7481, MSE: 1.5290
Epoch 70, Loss: 1.2264, MSE: 1.0074
Epoch 80, Loss: 0.9706, MSE: 0.7515
Epoch 90, Loss: 0.8643, MSE: 0.6452
/home/yannick/.local/lib/python3.10/site-packages/torch/optim/lr_scheduler.py:28: UserWarning: The verbose parameter is deprecated. Please use get_last_lr() to access the learning rate.
  warnings.warn("The verbose parameter is deprecated. Please use get_last_lr() "
2025-05-22 14:44:19,164 - INFO - Model saved to models/hetero_gnn_model.pth
Epoch 0, Loss: 10.731210708618164, Accuracy: 6.50%
Epoch 10, Loss: 2.775747537612915, Accuracy: 19.25%
Epoch 20, Loss: 2.1721127033233643, Accuracy: 31.00%
Epoch 30, Loss: 1.7923845052719116, Accuracy: 49.25%
Epoch 40, Loss: 1.458813190460205, Accuracy: 65.50%
Epoch 50, Loss: 1.1964519023895264, Accuracy: 77.25%
Epoch 60, Loss: 1.039817214012146, Accuracy: 77.50%
Epoch 70, Loss: 0.8307178020477295, Accuracy: 87.75%
Epoch 80, Loss: 0.656894326210022, Accuracy: 92.00%
Epoch 90, Loss: 0.5546007752418518, Accuracy: 94.25%
/home/yannick/.local/lib/python3.10/site-packages/torch/optim/lr_scheduler.py:28: UserWarning: The verbose parameter is deprecated. Please use get_last_lr() to access the learning rate.
  warnings.warn("The verbose parameter is deprecated. Please use get_last_lr() "
2025-05-22 14:45:37,617 - INFO - Model saved to models/hetero_gnn_edge_regressor.pth
Epoch 0, Loss: 61.6813, MSE: 61.4311
Epoch 10, Loss: 51.7891, MSE: 51.5175
Epoch 20, Loss: 1.4745, MSE: 1.1965
Epoch 30, Loss: 1.4751, MSE: 1.1969
Epoch 40, Loss: 1.1601, MSE: 0.8820
Epoch 50, Loss: 1.1459, MSE: 0.8678
Epoch 60, Loss: 1.1451, MSE: 0.8670
Epoch 70, Loss: 1.1442, MSE: 0.8660
Epoch 80, Loss: 1.1431, MSE: 0.8650
Epoch 90, Loss: 1.1420, MSE: 0.8639
/home/yannick/.local/lib/python3.10/site-packages/torch/optim/lr_scheduler.py:28: UserWarning: The verbose parameter is deprecated. Please use get_last_lr() to access the learning rate.
  warnings.warn("The verbose parameter is deprecated. Please use get_last_lr() "
2025-05-22 14:46:19,502 - INFO - Model saved to models/hetero_gnn_model.pth
Epoch 0, Loss: 6.122303009033203, Accuracy: 7.50%
Epoch 10, Loss: 3.0563509464263916, Accuracy: 13.75%
Epoch 20, Loss: 2.341474771499634, Accuracy: 28.50%
Epoch 30, Loss: 2.026578664779663, Accuracy: 35.50%
Epoch 40, Loss: 1.782861590385437, Accuracy: 51.75%
Epoch 50, Loss: 1.531018853187561, Accuracy: 61.25%
Epoch 60, Loss: 1.2910958528518677, Accuracy: 73.00%
Epoch 70, Loss: 1.0991344451904297, Accuracy: 77.00%
Epoch 80, Loss: 0.8889247179031372, Accuracy: 86.00%
Epoch 90, Loss: 0.7387865781784058, Accuracy: 89.75%
/home/yannick/.local/lib/python3.10/site-packages/torch/optim/lr_scheduler.py:28: UserWarning: The verbose parameter is deprecated. Please use get_last_lr() to access the learning rate.
  warnings.warn("The verbose parameter is deprecated. Please use get_last_lr() "
2025-05-22 14:47:37,360 - INFO - Model saved to models/hetero_gnn_edge_regressor.pth
Epoch 0, Loss: 1404.3778, MSE: 1404.1277
Epoch 10, Loss: 69.1453, MSE: 68.8855
Epoch 20, Loss: 5.2241, MSE: 4.9608
Epoch 30, Loss: 1.5165, MSE: 1.2531
Epoch 40, Loss: 1.5089, MSE: 1.2456
Epoch 50, Loss: 1.5088, MSE: 1.2455
Epoch 60, Loss: 1.5088, MSE: 1.2455
Epoch 70, Loss: 1.5088, MSE: 1.2454
Epoch 80, Loss: 1.5088, MSE: 1.2454
Epoch 90, Loss: 1.5087, MSE: 1.2454
