2025-06-12 04:36:27,204 - INFO - Model saved to models/hetero_gnn_model.pth
Epoch 0, Loss: 2.5417227745056152, Accuracy: 15.48%
Epoch 10, Loss: 2.203094959259033, Accuracy: 32.26%
Epoch 20, Loss: 2.2427453994750977, Accuracy: 30.32%
Epoch 30, Loss: 2.2148823738098145, Accuracy: 37.42%
Epoch 40, Loss: 2.214488983154297, Accuracy: 37.42%
Epoch 50, Loss: 2.2144742012023926, Accuracy: 37.42%
Epoch 60, Loss: 2.2144663333892822, Accuracy: 37.42%
Epoch 70, Loss: 2.2144579887390137, Accuracy: 37.42%
Epoch 80, Loss: 2.214449405670166, Accuracy: 37.42%
Epoch 90, Loss: 2.2144408226013184, Accuracy: 37.42%
Epoch 100, Loss: 2.2144317626953125, Accuracy: 37.42%
Epoch 110, Loss: 2.2144229412078857, Accuracy: 37.42%
Epoch 120, Loss: 2.214413642883301, Accuracy: 37.42%
Epoch 130, Loss: 2.214404582977295, Accuracy: 37.42%
Epoch 140, Loss: 2.21439528465271, Accuracy: 37.42%
2025-06-12 04:37:43,382 - INFO - Model saved to models/hetero_gnn_edge_regressor.pth
Epoch 0, Loss: 1.6362, Regularisation: 1.3854938745498657, MSE: 0.2507
Epoch 10, Loss: 1.0237, Regularisation: 0.7739438414573669, MSE: 0.2497
Epoch 20, Loss: 0.7710, Regularisation: 0.5251427888870239, MSE: 0.2458
Epoch 30, Loss: 0.7067, Regularisation: 0.46647578477859497, MSE: 0.2402
Epoch 40, Loss: 0.6621, Regularisation: 0.42763543128967285, MSE: 0.2345
Epoch 50, Loss: 0.6358, Regularisation: 0.4070988893508911, MSE: 0.2287
Epoch 60, Loss: 0.6183, Regularisation: 0.39360517263412476, MSE: 0.2247
Epoch 70, Loss: 0.5950, Regularisation: 0.38236165046691895, MSE: 0.2126
Epoch 80, Loss: 0.5827, Regularisation: 0.3741270899772644, MSE: 0.2086
Epoch 90, Loss: 0.5706, Regularisation: 0.36728522181510925, MSE: 0.2034
Epoch 100, Loss: 0.5653, Regularisation: 0.36276429891586304, MSE: 0.2026
Epoch 110, Loss: 0.5496, Regularisation: 0.3575376868247986, MSE: 0.1920
Epoch 120, Loss: 0.5375, Regularisation: 0.3523459732532501, MSE: 0.1851
Epoch 130, Loss: 0.5365, Regularisation: 0.34946173429489136, MSE: 0.1870
Epoch 140, Loss: 0.5548, Regularisation: 0.35443437099456787, MSE: 0.2004
Epoch 150, Loss: 0.5247, Regularisation: 0.347774863243103, MSE: 0.1769
Epoch 160, Loss: 0.5185, Regularisation: 0.3451666235923767, MSE: 0.1734
Epoch 170, Loss: 0.5161, Regularisation: 0.344049334526062, MSE: 0.1721
Epoch 180, Loss: 0.5145, Regularisation: 0.3434288501739502, MSE: 0.1710
Epoch 190, Loss: 0.5130, Regularisation: 0.3429816961288452, MSE: 0.1700
2025-06-12 04:38:28,519 - INFO - Model saved to models/hetero_gnn_model.pth
Epoch 0, Loss: 2.535275936126709, Accuracy: 16.77%
Epoch 10, Loss: 2.2940685749053955, Accuracy: 38.06%
Epoch 20, Loss: 2.0715279579162598, Accuracy: 41.29%
Epoch 30, Loss: 2.0030112266540527, Accuracy: 41.29%
Epoch 40, Loss: 1.883420467376709, Accuracy: 57.42%
Epoch 50, Loss: 1.725026249885559, Accuracy: 57.42%
Epoch 60, Loss: 1.569209337234497, Accuracy: 65.16%
Epoch 70, Loss: 1.4338901042938232, Accuracy: 73.55%
Epoch 80, Loss: 1.4096920490264893, Accuracy: 76.77%
Epoch 90, Loss: 1.4090632200241089, Accuracy: 77.42%
Epoch 100, Loss: 1.4090532064437866, Accuracy: 77.42%
Epoch 110, Loss: 1.4090511798858643, Accuracy: 77.42%
Epoch 120, Loss: 1.409049153327942, Accuracy: 77.42%
Epoch 130, Loss: 1.4090471267700195, Accuracy: 77.42%
Epoch 140, Loss: 1.4090451002120972, Accuracy: 77.42%
2025-06-12 04:39:42,876 - INFO - Model saved to models/hetero_gnn_edge_regressor.pth
Epoch 0, Loss: 1.0071, Regularisation: 0.7566977143287659, MSE: 0.2504
Epoch 10, Loss: 0.7184, Regularisation: 0.47316062450408936, MSE: 0.2452
Epoch 20, Loss: 0.6542, Regularisation: 0.4102281928062439, MSE: 0.2439
Epoch 30, Loss: 0.6194, Regularisation: 0.3822404742240906, MSE: 0.2371
Epoch 40, Loss: 0.5818, Regularisation: 0.356794148683548, MSE: 0.2250
Epoch 50, Loss: 0.5342, Regularisation: 0.3311834931373596, MSE: 0.2030
Epoch 60, Loss: 0.4969, Regularisation: 0.3089343011379242, MSE: 0.1880
Epoch 70, Loss: 0.4697, Regularisation: 0.29149913787841797, MSE: 0.1782
Epoch 80, Loss: 0.4476, Regularisation: 0.27893710136413574, MSE: 0.1686
Epoch 90, Loss: 0.4302, Regularisation: 0.27061575651168823, MSE: 0.1596
Epoch 100, Loss: 0.4319, Regularisation: 0.26748141646385193, MSE: 0.1644
Epoch 110, Loss: 0.4056, Regularisation: 0.26309293508529663, MSE: 0.1425
Epoch 120, Loss: 0.3867, Regularisation: 0.2604563236236572, MSE: 0.1262
Epoch 130, Loss: 0.3661, Regularisation: 0.25689706206321716, MSE: 0.1092
Epoch 140, Loss: 0.3609, Regularisation: 0.25610265135765076, MSE: 0.1048
Epoch 150, Loss: 0.3467, Regularisation: 0.25431716442108154, MSE: 0.0924
Epoch 160, Loss: 0.3413, Regularisation: 0.2537189722061157, MSE: 0.0875
Epoch 170, Loss: 0.3386, Regularisation: 0.25320369005203247, MSE: 0.0854
Epoch 180, Loss: 0.3366, Regularisation: 0.2529083788394928, MSE: 0.0837
Epoch 190, Loss: 0.3349, Regularisation: 0.25266483426094055, MSE: 0.0822
2025-06-12 04:52:47,707 - INFO - Model saved to models/hetero_gnn_model.pth
Epoch 0, Loss: 2.540900230407715, Accuracy: 16.77%
Epoch 10, Loss: 2.243265151977539, Accuracy: 37.42%
Epoch 20, Loss: 2.185457468032837, Accuracy: 37.42%
Epoch 30, Loss: 2.157641649246216, Accuracy: 40.65%
Epoch 40, Loss: 2.131046772003174, Accuracy: 47.10%
Epoch 50, Loss: 2.096910238265991, Accuracy: 49.68%
Epoch 60, Loss: 2.045989513397217, Accuracy: 41.29%
Epoch 70, Loss: 2.024155378341675, Accuracy: 42.58%
Epoch 80, Loss: 1.996070384979248, Accuracy: 44.52%
Epoch 90, Loss: 1.9605122804641724, Accuracy: 49.68%
Epoch 100, Loss: 1.943232774734497, Accuracy: 54.19%
Epoch 110, Loss: 1.9385457038879395, Accuracy: 52.90%
Epoch 120, Loss: 1.933778166770935, Accuracy: 49.68%
Epoch 130, Loss: 1.928848385810852, Accuracy: 49.68%
Epoch 140, Loss: 1.9233182668685913, Accuracy: 49.68%
2025-06-12 04:54:04,035 - INFO - Model saved to models/hetero_gnn_edge_regressor.pth
Epoch 0, Loss: 1.5506, Regularisation: 1.3004670143127441, MSE: 0.2502
Epoch 10, Loss: 0.9884, Regularisation: 0.7378904819488525, MSE: 0.2505
Epoch 20, Loss: 0.7437, Regularisation: 0.4936996102333069, MSE: 0.2500
Epoch 30, Loss: 0.6941, Regularisation: 0.44538408517837524, MSE: 0.2487
Epoch 40, Loss: 0.6609, Regularisation: 0.4144693613052368, MSE: 0.2464
Epoch 50, Loss: 0.6368, Regularisation: 0.3947173058986664, MSE: 0.2421
Epoch 60, Loss: 0.6258, Regularisation: 0.38335129618644714, MSE: 0.2425
Epoch 70, Loss: 0.6098, Regularisation: 0.37463465332984924, MSE: 0.2352
Epoch 80, Loss: 0.5928, Regularisation: 0.3656752109527588, MSE: 0.2271
Epoch 90, Loss: 0.5780, Regularisation: 0.3591960370540619, MSE: 0.2188
Epoch 100, Loss: 0.5704, Regularisation: 0.3553476333618164, MSE: 0.2151
Epoch 110, Loss: 0.5605, Regularisation: 0.35102391242980957, MSE: 0.2094
Epoch 120, Loss: 0.5526, Regularisation: 0.34931862354278564, MSE: 0.2032
Epoch 130, Loss: 0.5432, Regularisation: 0.34765464067459106, MSE: 0.1956
Epoch 140, Loss: 0.5366, Regularisation: 0.3432506024837494, MSE: 0.1934
Epoch 150, Loss: 0.5342, Regularisation: 0.34220176935195923, MSE: 0.1920
Epoch 160, Loss: 0.5324, Regularisation: 0.34165918827056885, MSE: 0.1907
Epoch 170, Loss: 0.5308, Regularisation: 0.34126073122024536, MSE: 0.1895
Epoch 180, Loss: 0.5292, Regularisation: 0.34086501598358154, MSE: 0.1883
Epoch 190, Loss: 0.5277, Regularisation: 0.3404867649078369, MSE: 0.1872
2025-06-12 04:54:49,280 - INFO - Model saved to models/hetero_gnn_model.pth
Epoch 0, Loss: 2.5589919090270996, Accuracy: 10.32%
Epoch 10, Loss: 2.2932448387145996, Accuracy: 52.90%
Epoch 20, Loss: 2.0063462257385254, Accuracy: 37.42%
Epoch 30, Loss: 1.8011054992675781, Accuracy: 44.52%
Epoch 40, Loss: 1.5834858417510986, Accuracy: 57.42%
Epoch 50, Loss: 1.4277353286743164, Accuracy: 60.00%
Epoch 60, Loss: 1.4196958541870117, Accuracy: 60.65%
Epoch 70, Loss: 1.4195655584335327, Accuracy: 60.65%
Epoch 80, Loss: 1.4195607900619507, Accuracy: 60.65%
Epoch 90, Loss: 1.4195582866668701, Accuracy: 60.65%
Epoch 100, Loss: 1.419555902481079, Accuracy: 60.65%
Epoch 110, Loss: 1.419553279876709, Accuracy: 60.65%
Epoch 120, Loss: 1.419550895690918, Accuracy: 60.65%
Epoch 130, Loss: 1.4195480346679688, Accuracy: 60.65%
Epoch 140, Loss: 1.4195456504821777, Accuracy: 60.65%
2025-06-12 04:56:04,000 - INFO - Model saved to models/hetero_gnn_edge_regressor.pth
Epoch 0, Loss: 0.9885, Regularisation: 0.738032341003418, MSE: 0.2504
Epoch 10, Loss: 0.7086, Regularisation: 0.4592231214046478, MSE: 0.2494
Epoch 20, Loss: 0.6524, Regularisation: 0.40648525953292847, MSE: 0.2459
Epoch 30, Loss: 0.6177, Regularisation: 0.37622660398483276, MSE: 0.2415
Epoch 40, Loss: 0.5825, Regularisation: 0.3488115966320038, MSE: 0.2337
Epoch 50, Loss: 0.5409, Regularisation: 0.32189059257507324, MSE: 0.2190
Epoch 60, Loss: 0.5040, Regularisation: 0.30077776312828064, MSE: 0.2032
Epoch 70, Loss: 0.4710, Regularisation: 0.28635600209236145, MSE: 0.1846
Epoch 80, Loss: 0.4534, Regularisation: 0.2771396338939667, MSE: 0.1763
Epoch 90, Loss: 0.4335, Regularisation: 0.27094319462776184, MSE: 0.1626
Epoch 100, Loss: 0.4193, Regularisation: 0.2668112516403198, MSE: 0.1525
Epoch 110, Loss: 0.4019, Regularisation: 0.26290735602378845, MSE: 0.1390
Epoch 120, Loss: 0.3874, Regularisation: 0.259246289730072, MSE: 0.1282
Epoch 130, Loss: 0.3742, Regularisation: 0.2567267417907715, MSE: 0.1175
Epoch 140, Loss: 0.3793, Regularisation: 0.25797730684280396, MSE: 0.1214
Epoch 150, Loss: 0.3651, Regularisation: 0.2561587691307068, MSE: 0.1089
Epoch 160, Loss: 0.3561, Regularisation: 0.25389617681503296, MSE: 0.1022
Epoch 170, Loss: 0.3542, Regularisation: 0.25349825620651245, MSE: 0.1007
Epoch 180, Loss: 0.3515, Regularisation: 0.25266942381858826, MSE: 0.0988
Epoch 190, Loss: 0.3501, Regularisation: 0.2523309588432312, MSE: 0.0978
2025-06-12 06:28:30,935 - INFO - Model saved to models/hetero_gnn_model.pth
Epoch 0, Loss: 2.537034034729004, Accuracy: 15.48%
Epoch 10, Loss: 2.2796788215637207, Accuracy: 20.00%
Epoch 20, Loss: 2.2099721431732178, Accuracy: 32.90%
Epoch 30, Loss: 2.181361436843872, Accuracy: 27.74%
Epoch 40, Loss: 2.180532693862915, Accuracy: 28.39%
Epoch 50, Loss: 2.18050479888916, Accuracy: 28.39%
Epoch 60, Loss: 2.1805031299591064, Accuracy: 28.39%
Epoch 70, Loss: 2.1805012226104736, Accuracy: 28.39%
Epoch 80, Loss: 2.1804990768432617, Accuracy: 28.39%
Epoch 90, Loss: 2.18049693107605, Accuracy: 28.39%
Epoch 100, Loss: 2.180494546890259, Accuracy: 28.39%
Epoch 110, Loss: 2.180492401123047, Accuracy: 29.03%
Epoch 120, Loss: 2.1804895401000977, Accuracy: 29.03%
Epoch 130, Loss: 2.1804871559143066, Accuracy: 29.03%
Epoch 140, Loss: 2.1804845333099365, Accuracy: 29.03%
Epoch 0, Loss: 1.6345, Regularisation: 1.3837757110595703, MSE: 0.2507
Epoch 10, Loss: 1.0593, Regularisation: 0.8076003789901733, MSE: 0.2517
Epoch 20, Loss: 0.8275, Regularisation: 0.5767923593521118, MSE: 0.2507
Epoch 30, Loss: 0.8141, Regularisation: 0.563991129398346, MSE: 0.2501
Epoch 40, Loss: 0.8041, Regularisation: 0.554557204246521, MSE: 0.2495
Epoch 50, Loss: 0.7871, Regularisation: 0.5381734371185303, MSE: 0.2490
Traceback (most recent call last):
  File "/home/yannick/Documents/Acoustic_Linguistic_GNN/gnn_heto_link_pred_model.py", line 244, in <module>
    main(args.input_folder, args.graph_file, int(args.epochs), float(args.lamb), args.dataset)
  File "/home/yannick/Documents/Acoustic_Linguistic_GNN/gnn_heto_link_pred_model.py", line 223, in main
    model = train_edge_regression(
  File "/home/yannick/Documents/Acoustic_Linguistic_GNN/gnn_heto_link_pred_model.py", line 95, in train_edge_regression
    topo_loss = topological_loss(embeddings['acoustic'], embeddings['word'], adj_matrix_acoustic, adj_matrix_word, adj_matrix_acoustic_word)
  File "/home/yannick/Documents/Acoustic_Linguistic_GNN/gnn_heto_link_pred_model.py", line 115, in topological_loss
    cosine_sim_acoustic = F.cosine_similarity(
KeyboardInterrupt
